[ 2014-03-26T14:56:01+08:00 ] 127.0.0.100 /diguniu/
INFO: [ app_init ] --START--
INFO: Run Behavior\BuildLiteBehavior [ RunTime:0.000033s ]
INFO: [ app_init ] --END-- [ RunTime:0.001394s ]

[ 2014-03-26T14:56:01+08:00 ] 127.0.0.100 /diguniu/index.php?m=Admin&c=Index&a=main
INFO: [ app_init ] --START--
INFO: Run Behavior\BuildLiteBehavior [ RunTime:0.000038s ]
INFO: [ app_init ] --END-- [ RunTime:0.011545s ]

[ 2014-03-26T14:56:01+08:00 ] 127.0.0.100 /diguniu/index.php?m=Admin&c=Index&a=left
INFO: [ app_init ] --START--
INFO: Run Behavior\BuildLiteBehavior [ RunTime:0.000037s ]
INFO: [ app_init ] --END-- [ RunTime:0.001544s ]

[ 2014-03-26T14:56:02+08:00 ] 127.0.0.100 /diguniu/index.php?m=Admin&c=Index&a=top
INFO: [ app_init ] --START--
INFO: Run Behavior\BuildLiteBehavior [ RunTime:0.000032s ]
INFO: [ app_init ] --END-- [ RunTime:0.001202s ]

[ 2014-03-26T14:56:05+08:00 ] 127.0.0.100 /diguniu/index.php?m=Admin&c=Admin&a=edit
INFO: [ app_init ] --START--
INFO: Run Behavior\BuildLiteBehavior [ RunTime:0.000031s ]
INFO: [ app_init ] --END-- [ RunTime:0.001239s ]

[ 2014-03-26T14:56:07+08:00 ] 127.0.0.100 /diguniu/index.php?m=Admin&c=Admin&a=admin_list
INFO: [ app_init ] --START--
INFO: Run Behavior\BuildLiteBehavior [ RunTime:0.000031s ]
INFO: [ app_init ] --END-- [ RunTime:0.001244s ]

[ 2014-03-26T14:56:10+08:00 ] 127.0.0.100 /diguniu/index.php?m=Admin&c=Admin&a=edit&id=33
INFO: [ app_init ] --START--
INFO: Run Behavior\BuildLiteBehavior [ RunTime:0.000032s ]
INFO: [ app_init ] --END-- [ RunTime:0.001355s ]

[ 2014-03-26T14:56:15+08:00 ] 127.0.0.100 /diguniu/index.php?m=Admin&c=Admin&a=admin_list
INFO: [ app_init ] --START--
INFO: Run Behavior\BuildLiteBehavior [ RunTime:0.000033s ]
INFO: [ app_init ] --END-- [ RunTime:0.001225s ]

[ 2014-03-26T14:56:16+08:00 ] 127.0.0.100 /diguniu/index.php?m=Admin&c=Admin&a=edit
INFO: [ app_init ] --START--
INFO: Run Behavior\BuildLiteBehavior [ RunTime:0.000032s ]
INFO: [ app_init ] --END-- [ RunTime:0.001230s ]

[ 2014-03-26T14:56:20+08:00 ] 127.0.0.100 /diguniu/index.php?m=Admin&c=Category&a=category_list
INFO: [ app_init ] --START--
INFO: Run Behavior\BuildLiteBehavior [ RunTime:0.000032s ]
INFO: [ app_init ] --END-- [ RunTime:0.001203s ]

[ 2014-03-26T14:56:23+08:00 ] 127.0.0.100 /diguniu/index.php?m=Admin&c=Category&a=edit&id=2
INFO: [ app_init ] --START--
INFO: Run Behavior\BuildLiteBehavior [ RunTime:0.000032s ]
INFO: [ app_init ] --END-- [ RunTime:0.001246s ]

[ 2014-03-26T14:56:25+08:00 ] 127.0.0.100 /diguniu/index.php?m=Admin&c=Category&a=save
INFO: [ app_init ] --START--
INFO: Run Behavior\BuildLiteBehavior [ RunTime:0.000031s ]
INFO: [ app_init ] --END-- [ RunTime:0.001037s ]

[ 2014-03-26T14:56:25+08:00 ] 127.0.0.100 /diguniu/index.php?m=Admin&c=Category&a=save
INFO: [ app_init ] --START--
INFO: Run Behavior\BuildLiteBehavior [ RunTime:0.000031s ]
INFO: [ app_init ] --END-- [ RunTime:0.001227s ]

[ 2014-03-26T14:56:33+08:00 ] 127.0.0.100 /diguniu/index.php?m=Admin&c=Article&a=edit
INFO: [ app_init ] --START--
INFO: Run Behavior\BuildLiteBehavior [ RunTime:0.000032s ]
INFO: [ app_init ] --END-- [ RunTime:0.001311s ]

[ 2014-03-26T15:34:23+08:00 ] 127.0.0.100 /diguniu/
INFO: [ app_init ] --START--
INFO: Run Behavior\BuildLiteBehavior [ RunTime:0.000031s ]
INFO: [ app_init ] --END-- [ RunTime:0.001009s ]

[ 2014-03-26T15:34:23+08:00 ] 127.0.0.100 /diguniu/index.php?m=Admin&c=Index&a=left
INFO: [ app_init ] --START--
INFO: Run Behavior\BuildLiteBehavior [ RunTime:0.000034s ]
INFO: [ app_init ] --END-- [ RunTime:0.001435s ]

[ 2014-03-26T15:34:24+08:00 ] 127.0.0.100 /diguniu/index.php?m=Admin&c=Index&a=main
INFO: [ app_init ] --START--
INFO: Run Behavior\BuildLiteBehavior [ RunTime:0.000031s ]
INFO: [ app_init ] --END-- [ RunTime:0.001442s ]

[ 2014-03-26T15:34:24+08:00 ] 127.0.0.100 /diguniu/index.php?m=Admin&c=Index&a=top
INFO: [ app_init ] --START--
INFO: Run Behavior\BuildLiteBehavior [ RunTime:0.000031s ]
INFO: [ app_init ] --END-- [ RunTime:0.001014s ]

[ 2014-03-26T15:34:25+08:00 ] 127.0.0.100 /diguniu/index.php?m=Admin&c=Article&a=edit
INFO: [ app_init ] --START--
INFO: Run Behavior\BuildLiteBehavior [ RunTime:0.000033s ]
INFO: [ app_init ] --END-- [ RunTime:0.001259s ]

[ 2014-03-26T15:36:43+08:00 ] 127.0.0.100 /diguniu/index.php?m=Admin&c=Article&a=save
INFO: [ app_init ] --START--
INFO: Run Behavior\BuildLiteBehavior [ RunTime:0.000032s ]
INFO: [ app_init ] --END-- [ RunTime:0.001256s ]
ERR: 非法操作:save

[ 2014-03-26T15:36:50+08:00 ] 127.0.0.100 /diguniu/index.php?m=Admin&c=Article&a=edit
INFO: [ app_init ] --START--
INFO: Run Behavior\BuildLiteBehavior [ RunTime:0.000032s ]
INFO: [ app_init ] --END-- [ RunTime:0.001260s ]

[ 2014-03-26T15:36:56+08:00 ] 127.0.0.100 /diguniu/
INFO: [ app_init ] --START--
INFO: Run Behavior\BuildLiteBehavior [ RunTime:0.000033s ]
INFO: [ app_init ] --END-- [ RunTime:0.001313s ]

[ 2014-03-26T15:36:56+08:00 ] 127.0.0.100 /diguniu/index.php?m=Admin&c=Index&a=main
INFO: [ app_init ] --START--
INFO: Run Behavior\BuildLiteBehavior [ RunTime:0.000040s ]
INFO: [ app_init ] --END-- [ RunTime:0.001214s ]

[ 2014-03-26T15:36:56+08:00 ] 127.0.0.100 /diguniu/index.php?m=Admin&c=Index&a=left
INFO: [ app_init ] --START--
INFO: Run Behavior\BuildLiteBehavior [ RunTime:0.000035s ]
INFO: [ app_init ] --END-- [ RunTime:0.001588s ]

[ 2014-03-26T15:36:57+08:00 ] 127.0.0.100 /diguniu/index.php?m=Admin&c=Index&a=top
INFO: [ app_init ] --START--
INFO: Run Behavior\BuildLiteBehavior [ RunTime:0.000032s ]
INFO: [ app_init ] --END-- [ RunTime:0.001215s ]

[ 2014-03-26T15:36:59+08:00 ] 127.0.0.100 /diguniu/index.php?m=Admin&c=Article&a=edit
INFO: [ app_init ] --START--
INFO: Run Behavior\BuildLiteBehavior [ RunTime:0.000031s ]
INFO: [ app_init ] --END-- [ RunTime:0.001513s ]

[ 2014-03-26T15:41:20+08:00 ] 127.0.0.100 /diguniu/index.php?m=Admin&c=Article&a=edit
INFO: [ app_init ] --START--
INFO: Run Behavior\BuildLiteBehavior [ RunTime:0.000033s ]
INFO: [ app_init ] --END-- [ RunTime:0.001685s ]

[ 2014-03-26T15:42:02+08:00 ] 127.0.0.100 /diguniu/index.php?m=Admin&c=Article&a=edit
INFO: [ app_init ] --START--
INFO: Run Behavior\BuildLiteBehavior [ RunTime:0.000032s ]
INFO: [ app_init ] --END-- [ RunTime:0.001744s ]

[ 2014-03-26T15:44:34+08:00 ] 127.0.0.100 /diguniu/index.php?m=Admin&c=Article&a=save
INFO: [ app_init ] --START--
INFO: Run Behavior\BuildLiteBehavior [ RunTime:0.000034s ]
INFO: [ app_init ] --END-- [ RunTime:0.001225s ]

[ 2014-03-26T15:44:56+08:00 ] 127.0.0.100 /diguniu/index.php?m=Admin&c=Article&a=edit
INFO: [ app_init ] --START--
INFO: Run Behavior\BuildLiteBehavior [ RunTime:0.000032s ]
INFO: [ app_init ] --END-- [ RunTime:0.001107s ]

[ 2014-03-26T15:45:00+08:00 ] 127.0.0.100 /diguniu/index.php?m=Admin&c=Article&a=save
INFO: [ app_init ] --START--
INFO: Run Behavior\BuildLiteBehavior [ RunTime:0.000031s ]
INFO: [ app_init ] --END-- [ RunTime:0.001179s ]

[ 2014-03-26T15:46:39+08:00 ] 127.0.0.100 /diguniu/index.php?m=Admin&c=Article&a=edit
INFO: [ app_init ] --START--
INFO: Run Behavior\BuildLiteBehavior [ RunTime:0.000033s ]
INFO: [ app_init ] --END-- [ RunTime:0.001294s ]

[ 2014-03-26T15:56:28+08:00 ] 127.0.0.100 /diguniu/index.php?m=Admin&c=Article&a=save
INFO: [ app_init ] --START--
INFO: Run Behavior\BuildLiteBehavior [ RunTime:0.000031s ]
INFO: [ app_init ] --END-- [ RunTime:0.001101s ]

[ 2014-03-26T15:57:40+08:00 ] 127.0.0.100 /diguniu/index.php?m=Admin&c=Article&a=edit
INFO: [ app_init ] --START--
INFO: Run Behavior\BuildLiteBehavior [ RunTime:0.000031s ]
INFO: [ app_init ] --END-- [ RunTime:0.001082s ]

[ 2014-03-26T15:57:43+08:00 ] 127.0.0.100 /diguniu/index.php?m=Admin&c=Article&a=save
INFO: [ app_init ] --START--
INFO: Run Behavior\BuildLiteBehavior [ RunTime:0.000032s ]
INFO: [ app_init ] --END-- [ RunTime:0.001108s ]

[ 2014-03-26T15:57:45+08:00 ] 127.0.0.100 /diguniu/index.php?m=Admin&c=Article&a=edit
INFO: [ app_init ] --START--
INFO: Run Behavior\BuildLiteBehavior [ RunTime:0.000031s ]
INFO: [ app_init ] --END-- [ RunTime:0.001171s ]

[ 2014-03-26T15:58:22+08:00 ] 127.0.0.100 /diguniu/index.php?m=Admin&c=Article&a=save
INFO: [ app_init ] --START--
INFO: Run Behavior\BuildLiteBehavior [ RunTime:0.000032s ]
INFO: [ app_init ] --END-- [ RunTime:0.001142s ]

[ 2014-03-26T15:58:24+08:00 ] 127.0.0.100 /diguniu/index.php?m=Admin&c=Article&a=edit
INFO: [ app_init ] --START--
INFO: Run Behavior\BuildLiteBehavior [ RunTime:0.000033s ]
INFO: [ app_init ] --END-- [ RunTime:0.001149s ]

[ 2014-03-26T15:58:40+08:00 ] 127.0.0.100 /diguniu/index.php?m=Admin&c=Article&a=save
INFO: [ app_init ] --START--
INFO: Run Behavior\BuildLiteBehavior [ RunTime:0.000034s ]
INFO: [ app_init ] --END-- [ RunTime:0.001185s ]

[ 2014-03-26T15:58:42+08:00 ] 127.0.0.100 /diguniu/index.php?m=Admin&c=Article&a=edit
INFO: [ app_init ] --START--
INFO: Run Behavior\BuildLiteBehavior [ RunTime:0.000032s ]
INFO: [ app_init ] --END-- [ RunTime:0.001108s ]

[ 2014-03-26T16:00:31+08:00 ] 127.0.0.100 /diguniu/index.php?m=Admin&c=Article&a=save
INFO: [ app_init ] --START--
INFO: Run Behavior\BuildLiteBehavior [ RunTime:0.000031s ]
INFO: [ app_init ] --END-- [ RunTime:0.001137s ]

[ 2014-03-26T16:00:37+08:00 ] 127.0.0.100 /diguniu/index.php?m=Admin&c=Article&a=save
INFO: [ app_init ] --START--
INFO: Run Behavior\BuildLiteBehavior [ RunTime:0.000031s ]
INFO: [ app_init ] --END-- [ RunTime:0.001083s ]

[ 2014-03-26T16:00:46+08:00 ] 127.0.0.100 /diguniu/index.php?m=Admin&c=Article&a=save
INFO: [ app_init ] --START--
INFO: Run Behavior\BuildLiteBehavior [ RunTime:0.000031s ]
INFO: [ app_init ] --END-- [ RunTime:0.001104s ]

[ 2014-03-26T16:01:33+08:00 ] 127.0.0.100 /diguniu/index.php?m=Admin&c=Category&a=edit
INFO: [ app_init ] --START--
INFO: Run Behavior\BuildLiteBehavior [ RunTime:0.000031s ]
INFO: [ app_init ] --END-- [ RunTime:0.001173s ]

[ 2014-03-26T16:01:34+08:00 ] 127.0.0.100 /diguniu/index.php?m=Admin&c=Article&a=edit
INFO: [ app_init ] --START--
INFO: Run Behavior\BuildLiteBehavior [ RunTime:0.000033s ]
INFO: [ app_init ] --END-- [ RunTime:0.001150s ]

[ 2014-03-26T16:01:36+08:00 ] 127.0.0.100 /diguniu/index.php?m=Admin&c=Article&a=list
INFO: [ app_init ] --START--
INFO: Run Behavior\BuildLiteBehavior [ RunTime:0.000032s ]
INFO: [ app_init ] --END-- [ RunTime:0.001107s ]
ERR: 非法操作:list

[ 2014-03-26T16:09:04+08:00 ] 127.0.0.100 /diguniu/index.php?m=Admin&c=Article&a=edit
INFO: [ app_init ] --START--
INFO: Run Behavior\BuildLiteBehavior [ RunTime:0.000032s ]
INFO: [ app_init ] --END-- [ RunTime:0.001091s ]

[ 2014-03-26T16:09:13+08:00 ] 127.0.0.100 /diguniu/index.php?m=Admin&c=Article&a=save
INFO: [ app_init ] --START--
INFO: Run Behavior\BuildLiteBehavior [ RunTime:0.000034s ]
INFO: [ app_init ] --END-- [ RunTime:0.001889s ]

[ 2014-03-26T16:10:00+08:00 ] 127.0.0.100 /diguniu/index.php?m=Admin&c=Article&a=edit
INFO: [ app_init ] --START--
INFO: Run Behavior\BuildLiteBehavior [ RunTime:0.000032s ]
INFO: [ app_init ] --END-- [ RunTime:0.001064s ]

[ 2014-03-26T16:10:05+08:00 ] 127.0.0.100 /diguniu/index.php?m=Admin&c=Article&a=save
INFO: [ app_init ] --START--
INFO: Run Behavior\BuildLiteBehavior [ RunTime:0.000032s ]
INFO: [ app_init ] --END-- [ RunTime:0.001132s ]

[ 2014-03-26T16:10:15+08:00 ] 127.0.0.100 /diguniu/index.php?m=Admin&c=Article&a=save
INFO: [ app_init ] --START--
INFO: Run Behavior\BuildLiteBehavior [ RunTime:0.000032s ]
INFO: [ app_init ] --END-- [ RunTime:0.001203s ]

[ 2014-03-26T16:10:17+08:00 ] 127.0.0.100 /diguniu/index.php?m=Admin&c=Article&a=edit
INFO: [ app_init ] --START--
INFO: Run Behavior\BuildLiteBehavior [ RunTime:0.000033s ]
INFO: [ app_init ] --END-- [ RunTime:0.001477s ]

[ 2014-03-26T16:11:37+08:00 ] 127.0.0.100 /diguniu/index.php?m=Admin&c=Article&a=save
INFO: [ app_init ] --START--
INFO: Run Behavior\BuildLiteBehavior [ RunTime:0.000031s ]
INFO: [ app_init ] --END-- [ RunTime:0.001076s ]

[ 2014-03-26T16:11:39+08:00 ] 127.0.0.100 /diguniu/index.php?m=Admin&c=Article&a=edit
INFO: [ app_init ] --START--
INFO: Run Behavior\BuildLiteBehavior [ RunTime:0.000031s ]
INFO: [ app_init ] --END-- [ RunTime:0.001005s ]

[ 2014-03-26T16:12:01+08:00 ] 127.0.0.100 /diguniu/index.php?m=Admin&c=Article&a=save
INFO: [ app_init ] --START--
INFO: Run Behavior\BuildLiteBehavior [ RunTime:0.000032s ]
INFO: [ app_init ] --END-- [ RunTime:0.000890s ]

[ 2014-03-26T16:12:03+08:00 ] 127.0.0.100 /diguniu/index.php?m=Admin&c=Article&a=edit
INFO: [ app_init ] --START--
INFO: Run Behavior\BuildLiteBehavior [ RunTime:0.000047s ]
INFO: [ app_init ] --END-- [ RunTime:0.001567s ]

[ 2014-03-26T16:12:15+08:00 ] 127.0.0.100 /diguniu/index.php?m=Admin&c=Article&a=save
INFO: [ app_init ] --START--
INFO: Run Behavior\BuildLiteBehavior [ RunTime:0.000037s ]
INFO: [ app_init ] --END-- [ RunTime:0.001119s ]

[ 2014-03-26T16:13:05+08:00 ] 127.0.0.100 /diguniu/index.php?m=Admin&c=Article&a=edit
INFO: [ app_init ] --START--
INFO: Run Behavior\BuildLiteBehavior [ RunTime:0.000031s ]
INFO: [ app_init ] --END-- [ RunTime:0.001001s ]

[ 2014-03-26T16:13:09+08:00 ] 127.0.0.100 /diguniu/index.php?m=Admin&c=Article&a=save
INFO: [ app_init ] --START--
INFO: Run Behavior\BuildLiteBehavior [ RunTime:0.000031s ]
INFO: [ app_init ] --END-- [ RunTime:0.000861s ]

[ 2014-03-26T16:13:12+08:00 ] 127.0.0.100 /diguniu/index.php?m=Admin&c=Article&a=edit
INFO: [ app_init ] --START--
INFO: Run Behavior\BuildLiteBehavior [ RunTime:0.000036s ]
INFO: [ app_init ] --END-- [ RunTime:0.001402s ]

[ 2014-03-26T16:17:45+08:00 ] 127.0.0.100 /diguniu/
INFO: [ app_init ] --START--
INFO: Run Behavior\BuildLiteBehavior [ RunTime:0.000042s ]
INFO: [ app_init ] --END-- [ RunTime:0.001144s ]

[ 2014-03-26T16:17:45+08:00 ] 127.0.0.100 /diguniu/index.php?m=Admin&c=Index&a=top
INFO: [ app_init ] --START--
INFO: Run Behavior\BuildLiteBehavior [ RunTime:0.000033s ]
INFO: [ app_init ] --END-- [ RunTime:0.001415s ]

[ 2014-03-26T16:17:45+08:00 ] 127.0.0.100 /diguniu/index.php?m=Admin&c=Index&a=main
INFO: [ app_init ] --START--
INFO: Run Behavior\BuildLiteBehavior [ RunTime:0.000031s ]
INFO: [ app_init ] --END-- [ RunTime:0.001135s ]

[ 2014-03-26T16:17:46+08:00 ] 127.0.0.100 /diguniu/index.php?m=Admin&c=Index&a=left
INFO: [ app_init ] --START--
INFO: Run Behavior\BuildLiteBehavior [ RunTime:0.000033s ]
INFO: [ app_init ] --END-- [ RunTime:0.001333s ]

[ 2014-03-26T16:17:48+08:00 ] 127.0.0.100 /diguniu/index.php?m=Admin&c=Article&a=article_list
INFO: [ app_init ] --START--
INFO: Run Behavior\BuildLiteBehavior [ RunTime:0.000032s ]
INFO: [ app_init ] --END-- [ RunTime:0.001095s ]

[ 2014-03-26T16:17:52+08:00 ] 127.0.0.100 /diguniu/index.php?m=Admin&c=Article&a=article_list
INFO: [ app_init ] --START--
INFO: Run Behavior\BuildLiteBehavior [ RunTime:0.000031s ]
INFO: [ app_init ] --END-- [ RunTime:0.001061s ]

[ 2014-03-26T16:21:54+08:00 ] 127.0.0.100 /diguniu/index.php?m=Admin&c=Article&a=article_list
INFO: [ app_init ] --START--
INFO: Run Behavior\BuildLiteBehavior [ RunTime:0.000032s ]
INFO: [ app_init ] --END-- [ RunTime:0.001111s ]

[ 2014-03-26T16:21:58+08:00 ] 127.0.0.100 /diguniu/index.php?m=Admin&c=Article&a=edit&id=1
INFO: [ app_init ] --START--
INFO: Run Behavior\BuildLiteBehavior [ RunTime:0.000035s ]
INFO: [ app_init ] --END-- [ RunTime:0.001400s ]

[ 2014-03-26T16:22:05+08:00 ] 127.0.0.100 /diguniu/index.php?m=Admin&c=Article&a=edit&id=3
INFO: [ app_init ] --START--
INFO: Run Behavior\BuildLiteBehavior [ RunTime:0.000032s ]
INFO: [ app_init ] --END-- [ RunTime:0.001083s ]

[ 2014-03-26T16:22:10+08:00 ] 127.0.0.100 /diguniu/index.php?m=Admin&c=Article&a=edit&id=8
INFO: [ app_init ] --START--
INFO: Run Behavior\BuildLiteBehavior [ RunTime:0.000036s ]
INFO: [ app_init ] --END-- [ RunTime:0.001063s ]

[ 2014-03-26T16:22:15+08:00 ] 127.0.0.100 /diguniu/index.php?m=Admin&c=Article&a=edit&id=9
INFO: [ app_init ] --START--
INFO: Run Behavior\BuildLiteBehavior [ RunTime:0.000031s ]
INFO: [ app_init ] --END-- [ RunTime:0.000847s ]

[ 2014-03-26T16:23:27+08:00 ] 127.0.0.100 /diguniu/index.php?m=Admin&c=Article&a=edit&id=6
INFO: [ app_init ] --START--
INFO: Run Behavior\BuildLiteBehavior [ RunTime:0.000031s ]
INFO: [ app_init ] --END-- [ RunTime:0.000880s ]

[ 2014-03-26T16:23:30+08:00 ] 127.0.0.100 /diguniu/index.php?m=Admin&c=Category&a=edit
INFO: [ app_init ] --START--
INFO: Run Behavior\BuildLiteBehavior [ RunTime:0.000034s ]
INFO: [ app_init ] --END-- [ RunTime:0.001093s ]

[ 2014-03-26T16:23:35+08:00 ] 127.0.0.100 /diguniu/index.php?m=Admin&c=Article&a=edit
INFO: [ app_init ] --START--
INFO: Run Behavior\BuildLiteBehavior [ RunTime:0.000031s ]
INFO: [ app_init ] --END-- [ RunTime:0.000866s ]

[ 2014-03-26T16:23:46+08:00 ] 127.0.0.100 /diguniu/index.php?m=Admin&c=Article&a=save
INFO: [ app_init ] --START--
INFO: Run Behavior\BuildLiteBehavior [ RunTime:0.000030s ]
INFO: [ app_init ] --END-- [ RunTime:0.000882s ]

[ 2014-03-26T16:23:48+08:00 ] 127.0.0.100 /diguniu/index.php?m=Admin&c=Article&a=edit
INFO: [ app_init ] --START--
INFO: Run Behavior\BuildLiteBehavior [ RunTime:0.000031s ]
INFO: [ app_init ] --END-- [ RunTime:0.000955s ]

[ 2014-03-26T16:23:51+08:00 ] 127.0.0.100 /diguniu/index.php?m=Admin&c=Article&a=edit
INFO: [ app_init ] --START--
INFO: Run Behavior\BuildLiteBehavior [ RunTime:0.000031s ]
INFO: [ app_init ] --END-- [ RunTime:0.000888s ]

[ 2014-03-26T16:23:54+08:00 ] 127.0.0.100 /diguniu/index.php?m=Admin&c=Article&a=article_list
INFO: [ app_init ] --START--
INFO: Run Behavior\BuildLiteBehavior [ RunTime:0.000031s ]
INFO: [ app_init ] --END-- [ RunTime:0.000893s ]

[ 2014-03-26T16:23:59+08:00 ] 127.0.0.100 /diguniu/index.php?m=Admin&c=Article&a=edit&id=11
INFO: [ app_init ] --START--
INFO: Run Behavior\BuildLiteBehavior [ RunTime:0.000032s ]
INFO: [ app_init ] --END-- [ RunTime:0.000891s ]

[ 2014-03-26T16:24:37+08:00 ] 127.0.0.100 /diguniu/index.php?m=Admin&c=Article&a=save
INFO: [ app_init ] --START--
INFO: Run Behavior\BuildLiteBehavior [ RunTime:0.000031s ]
INFO: [ app_init ] --END-- [ RunTime:0.001068s ]

[ 2014-03-26T16:24:45+08:00 ] 127.0.0.100 /diguniu/index.php?m=Admin&c=Article&a=edit
INFO: [ app_init ] --START--
INFO: Run Behavior\BuildLiteBehavior [ RunTime:0.000031s ]
INFO: [ app_init ] --END-- [ RunTime:0.000868s ]

[ 2014-03-26T16:24:52+08:00 ] 127.0.0.100 /diguniu/index.php?m=Admin&c=Article&a=save
INFO: [ app_init ] --START--
INFO: Run Behavior\BuildLiteBehavior [ RunTime:0.000030s ]
INFO: [ app_init ] --END-- [ RunTime:0.000863s ]

[ 2014-03-26T16:24:54+08:00 ] 127.0.0.100 /diguniu/index.php?m=Admin&c=Article&a=edit
INFO: [ app_init ] --START--
INFO: Run Behavior\BuildLiteBehavior [ RunTime:0.000031s ]
INFO: [ app_init ] --END-- [ RunTime:0.000888s ]

[ 2014-03-26T16:24:58+08:00 ] 127.0.0.100 /diguniu/index.php?m=Admin&c=Article&a=article_list
INFO: [ app_init ] --START--
INFO: Run Behavior\BuildLiteBehavior [ RunTime:0.000031s ]
INFO: [ app_init ] --END-- [ RunTime:0.000961s ]

[ 2014-03-26T16:25:12+08:00 ] 127.0.0.100 /diguniu/index.php?m=Admin&c=Category&a=edit
INFO: [ app_init ] --START--
INFO: Run Behavior\BuildLiteBehavior [ RunTime:0.000033s ]
INFO: [ app_init ] --END-- [ RunTime:0.001080s ]

[ 2014-03-26T16:25:12+08:00 ] 127.0.0.100 /diguniu/index.php?m=Admin&c=Article&a=edit
INFO: [ app_init ] --START--
INFO: Run Behavior\BuildLiteBehavior [ RunTime:0.000031s ]
INFO: [ app_init ] --END-- [ RunTime:0.001125s ]

[ 2014-03-26T16:25:12+08:00 ] 127.0.0.100 /diguniu/index.php?m=Admin&c=Category&a=category_list
INFO: [ app_init ] --START--
INFO: Run Behavior\BuildLiteBehavior [ RunTime:0.000031s ]
INFO: [ app_init ] --END-- [ RunTime:0.000865s ]

[ 2014-03-26T16:25:20+08:00 ] 127.0.0.100 /diguniu/index.php?m=Admin&c=Article&a=save
INFO: [ app_init ] --START--
INFO: Run Behavior\BuildLiteBehavior [ RunTime:0.000031s ]
INFO: [ app_init ] --END-- [ RunTime:0.001056s ]

[ 2014-03-26T16:25:23+08:00 ] 127.0.0.100 /diguniu/index.php?m=Admin&c=Article&a=edit
INFO: [ app_init ] --START--
INFO: Run Behavior\BuildLiteBehavior [ RunTime:0.000034s ]
INFO: [ app_init ] --END-- [ RunTime:0.001481s ]

[ 2014-03-26T16:25:25+08:00 ] 127.0.0.100 /diguniu/index.php?m=Admin&c=Article&a=article_list
INFO: [ app_init ] --START--
INFO: Run Behavior\BuildLiteBehavior [ RunTime:0.000032s ]
INFO: [ app_init ] --END-- [ RunTime:0.001064s ]

[ 2014-03-26T16:25:28+08:00 ] 127.0.0.100 /diguniu/index.php?m=Admin&c=Article&a=edit&id=13
INFO: [ app_init ] --START--
INFO: Run Behavior\BuildLiteBehavior [ RunTime:0.000032s ]
INFO: [ app_init ] --END-- [ RunTime:0.001082s ]

[ 2014-03-26T16:25:44+08:00 ] 127.0.0.100 /diguniu/index.php?m=Admin&c=Article&a=save
INFO: [ app_init ] --START--
INFO: Run Behavior\BuildLiteBehavior [ RunTime:0.000033s ]
INFO: [ app_init ] --END-- [ RunTime:0.001068s ]

[ 2014-03-26T16:27:28+08:00 ] 127.0.0.100 /diguniu/index.php?m=Admin&c=Article&a=article_list
INFO: [ app_init ] --START--
INFO: Run Behavior\BuildLiteBehavior [ RunTime:0.000031s ]
INFO: [ app_init ] --END-- [ RunTime:0.001091s ]

[ 2014-03-26T16:27:31+08:00 ] 127.0.0.100 /diguniu/index.php?m=Admin&c=Article&a=edit&id=13
INFO: [ app_init ] --START--
INFO: Run Behavior\BuildLiteBehavior [ RunTime:0.000035s ]
INFO: [ app_init ] --END-- [ RunTime:0.001181s ]

[ 2014-03-26T16:27:37+08:00 ] 127.0.0.100 /diguniu/index.php?m=Admin&c=Article&a=save
INFO: [ app_init ] --START--
INFO: Run Behavior\BuildLiteBehavior [ RunTime:0.000031s ]
INFO: [ app_init ] --END-- [ RunTime:0.001050s ]

[ 2014-03-26T16:27:46+08:00 ] 127.0.0.100 /diguniu/index.php?m=Admin&c=Article&a=save
INFO: [ app_init ] --START--
INFO: Run Behavior\BuildLiteBehavior [ RunTime:0.000039s ]
INFO: [ app_init ] --END-- [ RunTime:0.001064s ]

[ 2014-03-26T16:28:35+08:00 ] 127.0.0.100 /diguniu/index.php?m=Admin&c=Article&a=save
INFO: [ app_init ] --START--
INFO: Run Behavior\BuildLiteBehavior [ RunTime:0.000032s ]
INFO: [ app_init ] --END-- [ RunTime:0.001065s ]

[ 2014-03-26T16:29:20+08:00 ] 127.0.0.100 /diguniu/index.php?m=Admin&c=Article&a=edit
INFO: [ app_init ] --START--
INFO: Run Behavior\BuildLiteBehavior [ RunTime:0.000032s ]
INFO: [ app_init ] --END-- [ RunTime:0.001215s ]

[ 2014-03-26T16:29:28+08:00 ] 127.0.0.100 /diguniu/index.php?m=Admin&c=Article&a=save
INFO: [ app_init ] --START--
INFO: Run Behavior\BuildLiteBehavior [ RunTime:0.000032s ]
INFO: [ app_init ] --END-- [ RunTime:0.001046s ]

[ 2014-03-26T16:29:30+08:00 ] 127.0.0.100 /diguniu/index.php?m=Admin&c=Article&a=edit
INFO: [ app_init ] --START--
INFO: Run Behavior\BuildLiteBehavior [ RunTime:0.000034s ]
INFO: [ app_init ] --END-- [ RunTime:0.001781s ]

[ 2014-03-26T16:30:01+08:00 ] 127.0.0.100 /diguniu/index.php?m=Admin&c=Category&a=edit
INFO: [ app_init ] --START--
INFO: Run Behavior\BuildLiteBehavior [ RunTime:0.000039s ]
INFO: [ app_init ] --END-- [ RunTime:0.001084s ]

[ 2014-03-26T16:30:02+08:00 ] 127.0.0.100 /diguniu/index.php?m=Admin&c=Article&a=article_list
INFO: [ app_init ] --START--
INFO: Run Behavior\BuildLiteBehavior [ RunTime:0.000038s ]
INFO: [ app_init ] --END-- [ RunTime:0.001302s ]

[ 2014-03-26T16:30:02+08:00 ] 127.0.0.100 /diguniu/index.php?m=Admin&c=Article&a=edit
INFO: [ app_init ] --START--
INFO: Run Behavior\BuildLiteBehavior [ RunTime:0.000032s ]
INFO: [ app_init ] --END-- [ RunTime:0.001065s ]

[ 2014-03-26T16:30:05+08:00 ] 127.0.0.100 /diguniu/index.php?m=Admin&c=Article&a=edit&id=14
INFO: [ app_init ] --START--
INFO: Run Behavior\BuildLiteBehavior [ RunTime:0.000032s ]
INFO: [ app_init ] --END-- [ RunTime:0.001139s ]

[ 2014-03-26T16:30:09+08:00 ] 127.0.0.100 /diguniu/index.php?m=Admin&c=Article&a=save
INFO: [ app_init ] --START--
INFO: Run Behavior\BuildLiteBehavior [ RunTime:0.000033s ]
INFO: [ app_init ] --END-- [ RunTime:0.001055s ]

[ 2014-03-26T16:30:27+08:00 ] 127.0.0.100 /diguniu/index.php?m=Admin&c=Article&a=save
INFO: [ app_init ] --START--
INFO: Run Behavior\BuildLiteBehavior [ RunTime:0.000031s ]
INFO: [ app_init ] --END-- [ RunTime:0.001068s ]

[ 2014-03-26T16:31:17+08:00 ] 127.0.0.100 /diguniu/index.php?m=Admin&c=Article&a=edit
INFO: [ app_init ] --START--
INFO: Run Behavior\BuildLiteBehavior [ RunTime:0.000032s ]
INFO: [ app_init ] --END-- [ RunTime:0.001167s ]

[ 2014-03-26T16:31:19+08:00 ] 127.0.0.100 /diguniu/index.php?m=Admin&c=Article&a=article_list
INFO: [ app_init ] --START--
INFO: Run Behavior\BuildLiteBehavior [ RunTime:0.000032s ]
INFO: [ app_init ] --END-- [ RunTime:0.001114s ]

[ 2014-03-26T16:31:21+08:00 ] 127.0.0.100 /diguniu/index.php?m=Admin&c=Article&a=edit&id=14
INFO: [ app_init ] --START--
INFO: Run Behavior\BuildLiteBehavior [ RunTime:0.000032s ]
INFO: [ app_init ] --END-- [ RunTime:0.001126s ]

[ 2014-03-26T16:31:25+08:00 ] 127.0.0.100 /diguniu/index.php?m=Admin&c=Article&a=save
INFO: [ app_init ] --START--
INFO: Run Behavior\BuildLiteBehavior [ RunTime:0.000032s ]
INFO: [ app_init ] --END-- [ RunTime:0.001170s ]

[ 2014-03-26T16:34:07+08:00 ] 127.0.0.100 /diguniu/index.php?m=Admin&c=Article&a=edit
INFO: [ app_init ] --START--
INFO: Run Behavior\BuildLiteBehavior [ RunTime:0.000031s ]
INFO: [ app_init ] --END-- [ RunTime:0.001098s ]

[ 2014-03-26T16:34:13+08:00 ] 127.0.0.100 /diguniu/index.php?m=Admin&c=Article&a=article_list
INFO: [ app_init ] --START--
INFO: Run Behavior\BuildLiteBehavior [ RunTime:0.000038s ]
INFO: [ app_init ] --END-- [ RunTime:0.001568s ]

[ 2014-03-26T16:34:14+08:00 ] 127.0.0.100 /diguniu/index.php?m=Admin&c=Article&a=edit
INFO: [ app_init ] --START--
INFO: Run Behavior\BuildLiteBehavior [ RunTime:0.000032s ]
INFO: [ app_init ] --END-- [ RunTime:0.001106s ]

[ 2014-03-26T16:34:16+08:00 ] 127.0.0.100 /diguniu/index.php?m=Admin&c=Article&a=edit&id=14
INFO: [ app_init ] --START--
INFO: Run Behavior\BuildLiteBehavior [ RunTime:0.000032s ]
INFO: [ app_init ] --END-- [ RunTime:0.001134s ]

[ 2014-03-26T16:34:26+08:00 ] 127.0.0.100 /diguniu/index.php?m=Admin&c=Article&a=article_list
INFO: [ app_init ] --START--
INFO: Run Behavior\BuildLiteBehavior [ RunTime:0.000033s ]
INFO: [ app_init ] --END-- [ RunTime:0.001475s ]

[ 2014-03-26T16:34:29+08:00 ] 127.0.0.100 /diguniu/index.php?m=Admin&c=Article&a=edit&id=14
INFO: [ app_init ] --START--
INFO: Run Behavior\BuildLiteBehavior [ RunTime:0.000035s ]
INFO: [ app_init ] --END-- [ RunTime:0.001392s ]

[ 2014-03-26T16:34:37+08:00 ] 127.0.0.100 /diguniu/index.php?m=Admin&c=Article&a=save
INFO: [ app_init ] --START--
INFO: Run Behavior\BuildLiteBehavior [ RunTime:0.000032s ]
INFO: [ app_init ] --END-- [ RunTime:0.001099s ]

[ 2014-03-26T16:35:14+08:00 ] 127.0.0.100 /diguniu/index.php?m=Admin&c=Article&a=edit
INFO: [ app_init ] --START--
INFO: Run Behavior\BuildLiteBehavior [ RunTime:0.000033s ]
INFO: [ app_init ] --END-- [ RunTime:0.001205s ]

[ 2014-03-26T16:35:15+08:00 ] 127.0.0.100 /diguniu/index.php?m=Admin&c=Article&a=article_list
INFO: [ app_init ] --START--
INFO: Run Behavior\BuildLiteBehavior [ RunTime:0.000033s ]
INFO: [ app_init ] --END-- [ RunTime:0.001097s ]

[ 2014-03-26T16:35:17+08:00 ] 127.0.0.100 /diguniu/index.php?m=Admin&c=Article&a=edit&id=14
INFO: [ app_init ] --START--
INFO: Run Behavior\BuildLiteBehavior [ RunTime:0.000031s ]
INFO: [ app_init ] --END-- [ RunTime:0.001119s ]

[ 2014-03-26T16:35:20+08:00 ] 127.0.0.100 /diguniu/index.php?m=Admin&c=Article&a=save
INFO: [ app_init ] --START--
INFO: Run Behavior\BuildLiteBehavior [ RunTime:0.000033s ]
INFO: [ app_init ] --END-- [ RunTime:0.001150s ]

[ 2014-03-26T16:36:27+08:00 ] 127.0.0.100 /diguniu/index.php?m=Admin&c=Article&a=edit&id=14
INFO: [ app_init ] --START--
INFO: Run Behavior\BuildLiteBehavior [ RunTime:0.000033s ]
INFO: [ app_init ] --END-- [ RunTime:0.001187s ]

[ 2014-03-26T16:36:30+08:00 ] 127.0.0.100 /diguniu/index.php?m=Admin&c=Article&a=save
INFO: [ app_init ] --START--
INFO: Run Behavior\BuildLiteBehavior [ RunTime:0.000032s ]
INFO: [ app_init ] --END-- [ RunTime:0.001137s ]

[ 2014-03-26T16:36:32+08:00 ] 127.0.0.100 /diguniu/index.php?m=Admin&c=Article&a=edit&id=14
INFO: [ app_init ] --START--
INFO: Run Behavior\BuildLiteBehavior [ RunTime:0.000031s ]
INFO: [ app_init ] --END-- [ RunTime:0.000895s ]

[ 2014-03-26T16:36:39+08:00 ] 127.0.0.100 /diguniu/index.php?m=Admin&c=Article&a=save
INFO: [ app_init ] --START--
INFO: Run Behavior\BuildLiteBehavior [ RunTime:0.000031s ]
INFO: [ app_init ] --END-- [ RunTime:0.000948s ]

[ 2014-03-26T16:36:41+08:00 ] 127.0.0.100 /diguniu/index.php?m=Admin&c=Article&a=edit&id=14
INFO: [ app_init ] --START--
INFO: Run Behavior\BuildLiteBehavior [ RunTime:0.000032s ]
INFO: [ app_init ] --END-- [ RunTime:0.000902s ]

[ 2014-03-26T16:37:45+08:00 ] 127.0.0.100 /diguniu/index.php?m=Admin&c=Article&a=save
INFO: [ app_init ] --START--
INFO: Run Behavior\BuildLiteBehavior [ RunTime:0.000031s ]
INFO: [ app_init ] --END-- [ RunTime:0.000907s ]

[ 2014-03-26T16:37:47+08:00 ] 127.0.0.100 /diguniu/index.php?m=Admin&c=Article&a=edit&id=14
INFO: [ app_init ] --START--
INFO: Run Behavior\BuildLiteBehavior [ RunTime:0.000030s ]
INFO: [ app_init ] --END-- [ RunTime:0.000889s ]

[ 2014-03-26T16:37:57+08:00 ] 127.0.0.100 /diguniu/index.php?m=Admin&c=Article&a=save
INFO: [ app_init ] --START--
INFO: Run Behavior\BuildLiteBehavior [ RunTime:0.000033s ]
INFO: [ app_init ] --END-- [ RunTime:0.000937s ]

[ 2014-03-26T16:37:59+08:00 ] 127.0.0.100 /diguniu/index.php?m=Admin&c=Article&a=edit&id=14
INFO: [ app_init ] --START--
INFO: Run Behavior\BuildLiteBehavior [ RunTime:0.000031s ]
INFO: [ app_init ] --END-- [ RunTime:0.000897s ]

[ 2014-03-26T16:42:40+08:00 ] 127.0.0.100 /diguniu/index.php?m=Admin&c=Article&a=save
INFO: [ app_init ] --START--
INFO: Run Behavior\BuildLiteBehavior [ RunTime:0.000032s ]
INFO: [ app_init ] --END-- [ RunTime:0.001222s ]

[ 2014-03-26T16:42:42+08:00 ] 127.0.0.100 /diguniu/index.php?m=Admin&c=Article&a=edit&id=14
INFO: [ app_init ] --START--
INFO: Run Behavior\BuildLiteBehavior [ RunTime:0.000031s ]
INFO: [ app_init ] --END-- [ RunTime:0.000930s ]

[ 2014-03-26T16:43:02+08:00 ] 127.0.0.100 /diguniu/index.php?m=Admin&c=Article&a=save
INFO: [ app_init ] --START--
INFO: Run Behavior\BuildLiteBehavior [ RunTime:0.000033s ]
INFO: [ app_init ] --END-- [ RunTime:0.001146s ]

[ 2014-03-26T16:43:04+08:00 ] 127.0.0.100 /diguniu/index.php?m=Admin&c=Article&a=edit&id=14
INFO: [ app_init ] --START--
INFO: Run Behavior\BuildLiteBehavior [ RunTime:0.000031s ]
INFO: [ app_init ] --END-- [ RunTime:0.000869s ]

[ 2014-03-26T16:43:42+08:00 ] 127.0.0.100 /diguniu/index.php?m=Admin&c=Article&a=save
INFO: [ app_init ] --START--
INFO: Run Behavior\BuildLiteBehavior [ RunTime:0.000032s ]
INFO: [ app_init ] --END-- [ RunTime:0.000876s ]

[ 2014-03-26T16:43:45+08:00 ] 127.0.0.100 /diguniu/index.php?m=Admin&c=Article&a=edit&id=14
INFO: [ app_init ] --START--
INFO: Run Behavior\BuildLiteBehavior [ RunTime:0.000035s ]
INFO: [ app_init ] --END-- [ RunTime:0.000956s ]

[ 2014-03-26T16:43:55+08:00 ] 127.0.0.100 /diguniu/index.php?m=Admin&c=Article&a=save
INFO: [ app_init ] --START--
INFO: Run Behavior\BuildLiteBehavior [ RunTime:0.000032s ]
INFO: [ app_init ] --END-- [ RunTime:0.000950s ]

[ 2014-03-26T16:43:57+08:00 ] 127.0.0.100 /diguniu/index.php?m=Admin&c=Article&a=edit&id=14
INFO: [ app_init ] --START--
INFO: Run Behavior\BuildLiteBehavior [ RunTime:0.000033s ]
INFO: [ app_init ] --END-- [ RunTime:0.001363s ]

