[ 2014-03-18T11:28:58+08:00 ] 127.0.0.1 /diguniu/
INFO: [ app_init ] --START--
INFO: Run Behavior\BuildLiteBehavior [ RunTime:0.000035s ]
INFO: [ app_init ] --END-- [ RunTime:0.029153s ]

[ 2014-03-18T11:28:58+08:00 ] 127.0.0.1 /diguniu/index.php?m=Admin&c=Index&a=left
INFO: [ app_init ] --START--
INFO: Run Behavior\BuildLiteBehavior [ RunTime:0.000034s ]
INFO: [ app_init ] --END-- [ RunTime:0.001107s ]

[ 2014-03-18T11:28:58+08:00 ] 127.0.0.1 /diguniu/index.php?m=Admin&c=Index&a=main
INFO: [ app_init ] --START--
INFO: Run Behavior\BuildLiteBehavior [ RunTime:0.000034s ]
INFO: [ app_init ] --END-- [ RunTime:0.001109s ]

[ 2014-03-18T11:28:59+08:00 ] 127.0.0.1 /diguniu/index.php?m=Admin&c=Index&a=top
INFO: [ app_init ] --START--
INFO: Run Behavior\BuildLiteBehavior [ RunTime:0.000045s ]
INFO: [ app_init ] --END-- [ RunTime:0.001240s ]

[ 2014-03-18T11:29:05+08:00 ] 127.0.0.1 /diguniu/index.php?m=Admin&c=Admin&a=admin_list
INFO: [ app_init ] --START--
INFO: Run Behavior\BuildLiteBehavior [ RunTime:0.000041s ]
INFO: [ app_init ] --END-- [ RunTime:0.001056s ]

[ 2014-03-18T11:29:08+08:00 ] 127.0.0.1 /diguniu/index.php?m=Admin&c=Admin&a=edit
INFO: [ app_init ] --START--
INFO: Run Behavior\BuildLiteBehavior [ RunTime:0.000038s ]
INFO: [ app_init ] --END-- [ RunTime:0.001029s ]

[ 2014-03-18T11:29:10+08:00 ] 127.0.0.1 /diguniu/index.php?m=Admin&c=Admin&a=admin_list
INFO: [ app_init ] --START--
INFO: Run Behavior\BuildLiteBehavior [ RunTime:0.000037s ]
INFO: [ app_init ] --END-- [ RunTime:0.001003s ]

[ 2014-03-18T11:29:13+08:00 ] 127.0.0.1 /diguniu/index.php?m=Admin&c=Admin&a=edit
INFO: [ app_init ] --START--
INFO: Run Behavior\BuildLiteBehavior [ RunTime:0.000038s ]
INFO: [ app_init ] --END-- [ RunTime:0.001016s ]

[ 2014-03-18T11:29:15+08:00 ] 127.0.0.1 /diguniu/index.php?m=Admin&c=Admin&a=admin_list
INFO: [ app_init ] --START--
INFO: Run Behavior\BuildLiteBehavior [ RunTime:0.000038s ]
INFO: [ app_init ] --END-- [ RunTime:0.001006s ]

[ 2014-03-18T11:29:28+08:00 ] 127.0.0.1 /diguniu/index.php?m=Admin&c=Admin&a=edit&id=2
INFO: [ app_init ] --START--
INFO: Run Behavior\BuildLiteBehavior [ RunTime:0.000038s ]
INFO: [ app_init ] --END-- [ RunTime:0.001146s ]

[ 2014-03-18T11:29:40+08:00 ] 127.0.0.1 /diguniu/index.php?m=Admin&c=Admin&a=edit
INFO: [ app_init ] --START--
INFO: Run Behavior\BuildLiteBehavior [ RunTime:0.000040s ]
INFO: [ app_init ] --END-- [ RunTime:0.001033s ]

[ 2014-03-18T11:29:42+08:00 ] 127.0.0.1 /diguniu/index.php?m=Admin&c=Admin&a=admin_list
INFO: [ app_init ] --START--
INFO: Run Behavior\BuildLiteBehavior [ RunTime:0.000037s ]
INFO: [ app_init ] --END-- [ RunTime:0.001002s ]

[ 2014-03-18T11:29:45+08:00 ] 127.0.0.1 /diguniu/index.php?m=Admin&c=Admin&a=admin_list&p=2
INFO: [ app_init ] --START--
INFO: Run Behavior\BuildLiteBehavior [ RunTime:0.000054s ]
INFO: [ app_init ] --END-- [ RunTime:0.001249s ]

[ 2014-03-18T11:29:48+08:00 ] 127.0.0.1 /diguniu/index.php?m=Admin&c=Admin&a=admin_list&p=1
INFO: [ app_init ] --START--
INFO: Run Behavior\BuildLiteBehavior [ RunTime:0.000038s ]
INFO: [ app_init ] --END-- [ RunTime:0.001007s ]

[ 2014-03-18T11:31:53+08:00 ] 127.0.0.1 /diguniu/index.php?m=Admin&c=Admin&a=admin_list
INFO: [ app_init ] --START--
INFO: Run Behavior\BuildLiteBehavior [ RunTime:0.000037s ]
INFO: [ app_init ] --END-- [ RunTime:0.001173s ]

[ 2014-03-18T11:31:55+08:00 ] 127.0.0.1 /diguniu/index.php?m=Admin&c=Admin&a=edit
INFO: [ app_init ] --START--
INFO: Run Behavior\BuildLiteBehavior [ RunTime:0.000049s ]
INFO: [ app_init ] --END-- [ RunTime:0.001320s ]

[ 2014-03-18T11:33:34+08:00 ] 127.0.0.1 /diguniu/
INFO: [ app_init ] --START--
INFO: Run Behavior\BuildLiteBehavior [ RunTime:0.000037s ]
INFO: [ app_init ] --END-- [ RunTime:0.001006s ]

[ 2014-03-18T11:33:34+08:00 ] 127.0.0.1 /diguniu/index.php?m=Admin&c=Index&a=left
INFO: [ app_init ] --START--
INFO: Run Behavior\BuildLiteBehavior [ RunTime:0.000034s ]
INFO: [ app_init ] --END-- [ RunTime:0.001106s ]

[ 2014-03-18T11:33:34+08:00 ] 127.0.0.1 /diguniu/index.php?m=Admin&c=Index&a=main
INFO: [ app_init ] --START--
INFO: Run Behavior\BuildLiteBehavior [ RunTime:0.000036s ]
INFO: [ app_init ] --END-- [ RunTime:0.001208s ]

[ 2014-03-18T11:33:35+08:00 ] 127.0.0.1 /diguniu/index.php?m=Admin&c=Index&a=top
INFO: [ app_init ] --START--
INFO: Run Behavior\BuildLiteBehavior [ RunTime:0.000038s ]
INFO: [ app_init ] --END-- [ RunTime:0.001032s ]

[ 2014-03-18T11:33:37+08:00 ] 127.0.0.1 /diguniu/index.php?m=Admin&c=Admin&a=admin_list
INFO: [ app_init ] --START--
INFO: Run Behavior\BuildLiteBehavior [ RunTime:0.000033s ]
INFO: [ app_init ] --END-- [ RunTime:0.001145s ]

[ 2014-03-18T11:33:38+08:00 ] 127.0.0.1 /diguniu/index.php?m=Admin&c=Admin&a=edit
INFO: [ app_init ] --START--
INFO: Run Behavior\BuildLiteBehavior [ RunTime:0.000034s ]
INFO: [ app_init ] --END-- [ RunTime:0.001008s ]

[ 2014-03-18T11:34:18+08:00 ] 127.0.0.1 /diguniu/index.php?m=Admin&c=Admin&a=edit
INFO: [ app_init ] --START--
INFO: Run Behavior\BuildLiteBehavior [ RunTime:0.000033s ]
INFO: [ app_init ] --END-- [ RunTime:0.001007s ]

[ 2014-03-18T11:45:55+08:00 ] 127.0.0.1 /diguniu/index.php?m=Admin&c=Admin&a=admin_list
INFO: [ app_init ] --START--
INFO: Run Behavior\BuildLiteBehavior [ RunTime:0.000033s ]
INFO: [ app_init ] --END-- [ RunTime:0.001087s ]

[ 2014-03-18T11:45:57+08:00 ] 127.0.0.1 /diguniu/index.php?m=Admin&c=Admin&a=edit
INFO: [ app_init ] --START--
INFO: Run Behavior\BuildLiteBehavior [ RunTime:0.000033s ]
INFO: [ app_init ] --END-- [ RunTime:0.001087s ]

[ 2014-03-18T11:45:59+08:00 ] 127.0.0.1 /diguniu/index.php?m=Admin&c=Admin&a=admin_list
INFO: [ app_init ] --START--
INFO: Run Behavior\BuildLiteBehavior [ RunTime:0.000033s ]
INFO: [ app_init ] --END-- [ RunTime:0.001036s ]

[ 2014-03-18T11:46:02+08:00 ] 127.0.0.1 /diguniu/index.php?m=Admin&c=Admin&a=edit&id=2
INFO: [ app_init ] --START--
INFO: Run Behavior\BuildLiteBehavior [ RunTime:0.000033s ]
INFO: [ app_init ] --END-- [ RunTime:0.001091s ]

[ 2014-03-18T11:46:44+08:00 ] 127.0.0.1 /diguniu/index.php?m=Admin&c=Admin&a=save
INFO: [ app_init ] --START--
INFO: Run Behavior\BuildLiteBehavior [ RunTime:0.000032s ]
INFO: [ app_init ] --END-- [ RunTime:0.000995s ]

[ 2014-03-18T11:50:55+08:00 ] 127.0.0.1 /diguniu/index.php?m=Admin&c=Admin&a=edit&id=2
INFO: [ app_init ] --START--
INFO: Run Behavior\BuildLiteBehavior [ RunTime:0.000033s ]
INFO: [ app_init ] --END-- [ RunTime:0.001093s ]

[ 2014-03-18T11:54:44+08:00 ] 127.0.0.1 /diguniu/index.php?m=Admin&c=Admin&a=edit&id=2
INFO: [ app_init ] --START--
INFO: Run Behavior\BuildLiteBehavior [ RunTime:0.000039s ]
INFO: [ app_init ] --END-- [ RunTime:0.001254s ]

[ 2014-03-18T11:54:46+08:00 ] 127.0.0.1 /diguniu/index.php?m=Admin&c=Admin&a=check&id=2&username=admin
INFO: [ app_init ] --START--
INFO: Run Behavior\BuildLiteBehavior [ RunTime:0.000048s ]
INFO: [ app_init ] --END-- [ RunTime:0.001205s ]
INFO: [ app_begin ] --START--
INFO: Run Behavior\ReadHtmlCacheBehavior [ RunTime:0.001266s ]
INFO: [ app_begin ] --END-- [ RunTime:0.001498s ]
ERR: 非法操作:check

[ 2014-03-18T11:59:03+08:00 ] 127.0.0.1 /diguniu/
INFO: [ app_init ] --START--
INFO: Run Behavior\BuildLiteBehavior [ RunTime:0.000045s ]
INFO: [ app_init ] --END-- [ RunTime:0.001562s ]

[ 2014-03-18T11:59:04+08:00 ] 127.0.0.1 /diguniu/index.php?m=Admin&c=Index&a=left
INFO: [ app_init ] --START--
INFO: Run Behavior\BuildLiteBehavior [ RunTime:0.000035s ]
INFO: [ app_init ] --END-- [ RunTime:0.001778s ]

[ 2014-03-18T11:59:04+08:00 ] 127.0.0.1 /diguniu/index.php?m=Admin&c=Index&a=main
INFO: [ app_init ] --START--
INFO: Run Behavior\BuildLiteBehavior [ RunTime:0.000044s ]
INFO: [ app_init ] --END-- [ RunTime:0.001375s ]

[ 2014-03-18T11:59:05+08:00 ] 127.0.0.1 /diguniu/index.php?m=Admin&c=Index&a=top
INFO: [ app_init ] --START--
INFO: Run Behavior\BuildLiteBehavior [ RunTime:0.000039s ]
INFO: [ app_init ] --END-- [ RunTime:0.001173s ]

[ 2014-03-18T11:59:08+08:00 ] 127.0.0.1 /diguniu/index.php?m=Admin&c=Admin&a=admin_list
INFO: [ app_init ] --START--
INFO: Run Behavior\BuildLiteBehavior [ RunTime:0.000035s ]
INFO: [ app_init ] --END-- [ RunTime:0.001119s ]

[ 2014-03-18T11:59:11+08:00 ] 127.0.0.1 /diguniu/index.php?m=Admin&c=Admin&a=edit&id=2
INFO: [ app_init ] --START--
INFO: Run Behavior\BuildLiteBehavior [ RunTime:0.000032s ]
INFO: [ app_init ] --END-- [ RunTime:0.001023s ]

[ 2014-03-18T12:00:15+08:00 ] 127.0.0.1 /diguniu/index.php?m=Admin&c=Admin&a=check&id=2&username=11111
INFO: [ app_init ] --START--
INFO: Run Behavior\BuildLiteBehavior [ RunTime:0.000032s ]
INFO: [ app_init ] --END-- [ RunTime:0.001073s ]
INFO: [ app_begin ] --START--
INFO: Run Behavior\ReadHtmlCacheBehavior [ RunTime:0.001551s ]
INFO: [ app_begin ] --END-- [ RunTime:0.001745s ]
ERR: 非法操作:check

[ 2014-03-18T12:04:26+08:00 ] 127.0.0.1 /diguniu/index.php?m=Admin&c=Admin&a=check&id=2&username=1212121
INFO: [ app_init ] --START--
INFO: Run Behavior\BuildLiteBehavior [ RunTime:0.000033s ]
INFO: [ app_init ] --END-- [ RunTime:0.001123s ]
INFO: [ app_begin ] --START--
INFO: Run Behavior\ReadHtmlCacheBehavior [ RunTime:0.001668s ]
INFO: [ app_begin ] --END-- [ RunTime:0.001826s ]
SQL: SHOW COLUMNS FROM `admin` [ RunTime:0.009167s ]
SQL: SELECT COUNT(*) AS tp_count FROM `admin` WHERE ( id=2 ) LIMIT 1   [ RunTime:0.000489s ]
INFO: [ app_end ] --START--
INFO: Run Behavior\ShowPageTraceBehavior [ RunTime:0.001667s ]
INFO: [ app_end ] --END-- [ RunTime:0.001806s ]

[ 2014-03-18T12:05:39+08:00 ] 127.0.0.1 /diguniu/index.php?m=Admin&c=Admin&a=edit&id=2
INFO: [ app_init ] --START--
INFO: Run Behavior\BuildLiteBehavior [ RunTime:0.000038s ]
INFO: [ app_init ] --END-- [ RunTime:0.001282s ]

[ 2014-03-18T12:05:49+08:00 ] 127.0.0.1 /diguniu/index.php?m=Admin&c=Admin&a=check&id=2&username=1212121
INFO: [ app_init ] --START--
INFO: Run Behavior\BuildLiteBehavior [ RunTime:0.000038s ]
INFO: [ app_init ] --END-- [ RunTime:0.001145s ]
INFO: [ app_begin ] --START--
INFO: Run Behavior\ReadHtmlCacheBehavior [ RunTime:0.002028s ]
INFO: [ app_begin ] --END-- [ RunTime:0.002196s ]
SQL: SHOW COLUMNS FROM `admin` [ RunTime:0.009718s ]
SQL: SELECT COUNT(*) AS tp_count FROM `admin` WHERE ( id=2 ) LIMIT 1   [ RunTime:0.000792s ]
INFO: [ app_end ] --START--
INFO: Run Behavior\ShowPageTraceBehavior [ RunTime:0.002327s ]
INFO: [ app_end ] --END-- [ RunTime:0.002957s ]

[ 2014-03-18T12:08:12+08:00 ] 127.0.0.1 /diguniu/index.php?m=Admin&c=Admin&a=edit&id=2
INFO: [ app_init ] --START--
INFO: Run Behavior\BuildLiteBehavior [ RunTime:0.000038s ]
INFO: [ app_init ] --END-- [ RunTime:0.001133s ]

[ 2014-03-18T12:08:18+08:00 ] 127.0.0.1 /diguniu/index.php?m=Admin&c=Admin&a=check&id=2&username=1212121
INFO: [ app_init ] --START--
INFO: Run Behavior\BuildLiteBehavior [ RunTime:0.000036s ]
INFO: [ app_init ] --END-- [ RunTime:0.001186s ]
INFO: [ app_begin ] --START--
INFO: Run Behavior\ReadHtmlCacheBehavior [ RunTime:0.001290s ]
INFO: [ app_begin ] --END-- [ RunTime:0.001441s ]
SQL: SHOW COLUMNS FROM `admin` [ RunTime:0.008427s ]
SQL: SELECT COUNT(*) AS tp_count FROM `admin` WHERE ( id<>'2' and username='1212121' ) LIMIT 1   [ RunTime:0.010302s ]
INFO: [ app_end ] --START--
INFO: Run Behavior\ShowPageTraceBehavior [ RunTime:0.001832s ]
INFO: [ app_end ] --END-- [ RunTime:0.001978s ]

[ 2014-03-18T12:10:01+08:00 ] 127.0.0.1 /diguniu/index.php?m=Admin&c=Admin&a=check&id=2&username=111111
INFO: [ app_init ] --START--
INFO: Run Behavior\BuildLiteBehavior [ RunTime:0.000036s ]
INFO: [ app_init ] --END-- [ RunTime:0.001016s ]
INFO: [ app_begin ] --START--
INFO: Run Behavior\ReadHtmlCacheBehavior [ RunTime:0.001259s ]
INFO: [ app_begin ] --END-- [ RunTime:0.001412s ]
SQL: SHOW COLUMNS FROM `admin` [ RunTime:0.008266s ]
SQL: SELECT COUNT(*) AS tp_count FROM `admin` WHERE ( id<>'2' and username='111111' ) LIMIT 1   [ RunTime:0.000681s ]
INFO: [ app_end ] --START--
INFO: Run Behavior\ShowPageTraceBehavior [ RunTime:0.001902s ]
INFO: [ app_end ] --END-- [ RunTime:0.002045s ]

[ 2014-03-18T12:10:04+08:00 ] 127.0.0.1 /diguniu/index.php?m=Admin&c=Admin&a=edit&id=2
INFO: [ app_init ] --START--
INFO: Run Behavior\BuildLiteBehavior [ RunTime:0.000040s ]
INFO: [ app_init ] --END-- [ RunTime:0.001037s ]

[ 2014-03-18T12:10:06+08:00 ] 127.0.0.1 /diguniu/index.php?m=Admin&c=Admin&a=check&id=2&username=admin
INFO: [ app_init ] --START--
INFO: Run Behavior\BuildLiteBehavior [ RunTime:0.000038s ]
INFO: [ app_init ] --END-- [ RunTime:0.001025s ]
INFO: [ app_begin ] --START--
INFO: Run Behavior\ReadHtmlCacheBehavior [ RunTime:0.001272s ]
INFO: [ app_begin ] --END-- [ RunTime:0.001430s ]
SQL: SHOW COLUMNS FROM `admin` [ RunTime:0.008292s ]
SQL: SELECT COUNT(*) AS tp_count FROM `admin` WHERE ( id<>'2' and username='admin' ) LIMIT 1   [ RunTime:0.000651s ]
INFO: [ app_end ] --START--
INFO: Run Behavior\ShowPageTraceBehavior [ RunTime:0.001783s ]
INFO: [ app_end ] --END-- [ RunTime:0.001925s ]

[ 2014-03-18T12:11:03+08:00 ] 127.0.0.1 /diguniu/index.php?m=Admin&c=Admin&a=check&id=2&username=admin1212121
INFO: [ app_init ] --START--
INFO: Run Behavior\BuildLiteBehavior [ RunTime:0.000038s ]
INFO: [ app_init ] --END-- [ RunTime:0.001261s ]
INFO: [ app_begin ] --START--
INFO: Run Behavior\ReadHtmlCacheBehavior [ RunTime:0.001534s ]
INFO: [ app_begin ] --END-- [ RunTime:0.001695s ]
SQL: SHOW COLUMNS FROM `admin` [ RunTime:0.008219s ]
SQL: SELECT COUNT(*) AS tp_count FROM `admin` WHERE ( id<>'2' and username='admin1212121' ) LIMIT 1   [ RunTime:0.000668s ]
INFO: [ app_end ] --START--
INFO: Run Behavior\ShowPageTraceBehavior [ RunTime:0.001893s ]
INFO: [ app_end ] --END-- [ RunTime:0.002036s ]

[ 2014-03-18T12:11:47+08:00 ] 127.0.0.1 /diguniu/index.php?m=Admin&c=Admin&a=check&id=2&username=12121
INFO: [ app_init ] --START--
INFO: Run Behavior\BuildLiteBehavior [ RunTime:0.000039s ]
INFO: [ app_init ] --END-- [ RunTime:0.001055s ]
INFO: [ app_begin ] --START--
INFO: Run Behavior\ReadHtmlCacheBehavior [ RunTime:0.001267s ]
INFO: [ app_begin ] --END-- [ RunTime:0.001420s ]
SQL: SHOW COLUMNS FROM `admin` [ RunTime:0.008518s ]
SQL: SELECT COUNT(*) AS tp_count FROM `admin` WHERE ( id<>'2' and username='12121' ) LIMIT 1   [ RunTime:0.000652s ]
INFO: [ app_end ] --START--
INFO: Run Behavior\ShowPageTraceBehavior [ RunTime:0.001757s ]
INFO: [ app_end ] --END-- [ RunTime:0.001908s ]

[ 2014-03-18T12:15:56+08:00 ] 127.0.0.1 /diguniu/index.php?m=Admin&c=Admin&a=edit&id=2
INFO: [ app_init ] --START--
INFO: Run Behavior\BuildLiteBehavior [ RunTime:0.000047s ]
INFO: [ app_init ] --END-- [ RunTime:0.001346s ]

[ 2014-03-18T12:19:10+08:00 ] 127.0.0.1 /diguniu/index.php?m=Admin&c=Admin&a=edit&id=2
INFO: [ app_init ] --START--
INFO: Run Behavior\BuildLiteBehavior [ RunTime:0.000041s ]
INFO: [ app_init ] --END-- [ RunTime:0.001340s ]

[ 2014-03-18T12:19:16+08:00 ] 127.0.0.1 /diguniu/index.php?m=Admin&c=Admin&a=edit&id=2
INFO: [ app_init ] --START--
INFO: Run Behavior\BuildLiteBehavior [ RunTime:0.000045s ]
INFO: [ app_init ] --END-- [ RunTime:0.001176s ]

[ 2014-03-18T12:20:19+08:00 ] 127.0.0.1 /diguniu/index.php?m=Admin&c=Admin&a=edit&id=2
INFO: [ app_init ] --START--
INFO: Run Behavior\BuildLiteBehavior [ RunTime:0.000037s ]
INFO: [ app_init ] --END-- [ RunTime:0.001495s ]

[ 2014-03-18T12:26:26+08:00 ] 127.0.0.1 /diguniu/index.php?m=Admin&c=Admin&a=save
INFO: [ app_init ] --START--
INFO: Run Behavior\BuildLiteBehavior [ RunTime:0.000040s ]
INFO: [ app_init ] --END-- [ RunTime:0.001298s ]

[ 2014-03-18T12:26:28+08:00 ] 127.0.0.1 /diguniu/index.php?m=Admin&c=Admin&a=edit&id=2
INFO: [ app_init ] --START--
INFO: Run Behavior\BuildLiteBehavior [ RunTime:0.000036s ]
INFO: [ app_init ] --END-- [ RunTime:0.001064s ]

[ 2014-03-18T12:26:35+08:00 ] 127.0.0.1 /diguniu/index.php?m=Admin&c=Admin&a=edit&id=2
INFO: [ app_init ] --START--
INFO: Run Behavior\BuildLiteBehavior [ RunTime:0.000034s ]
INFO: [ app_init ] --END-- [ RunTime:0.001010s ]

[ 2014-03-18T12:26:41+08:00 ] 127.0.0.1 /diguniu/index.php?m=Admin&c=Admin&a=save
INFO: [ app_init ] --START--
INFO: Run Behavior\BuildLiteBehavior [ RunTime:0.000037s ]
INFO: [ app_init ] --END-- [ RunTime:0.001062s ]

[ 2014-03-18T12:28:02+08:00 ] 127.0.0.1 /diguniu/index.php?m=Admin&c=Admin&a=edit&id=2
INFO: [ app_init ] --START--
INFO: Run Behavior\BuildLiteBehavior [ RunTime:0.000042s ]
INFO: [ app_init ] --END-- [ RunTime:0.001403s ]

[ 2014-03-18T12:28:10+08:00 ] 127.0.0.1 /diguniu/index.php?m=Admin&c=Admin&a=edit&id=2
INFO: [ app_init ] --START--
INFO: Run Behavior\BuildLiteBehavior [ RunTime:0.000038s ]
INFO: [ app_init ] --END-- [ RunTime:0.001715s ]

[ 2014-03-18T12:31:41+08:00 ] 127.0.0.1 /diguniu/index.php?m=Admin&c=Admin&a=edit&id=2
INFO: [ app_init ] --START--
INFO: Run Behavior\BuildLiteBehavior [ RunTime:0.000037s ]
INFO: [ app_init ] --END-- [ RunTime:0.001293s ]

[ 2014-03-18T12:31:50+08:00 ] 127.0.0.1 /diguniu/index.php?m=Admin&c=Admin&a=edit&id=2
INFO: [ app_init ] --START--
INFO: Run Behavior\BuildLiteBehavior [ RunTime:0.000040s ]
INFO: [ app_init ] --END-- [ RunTime:0.001218s ]

[ 2014-03-18T12:42:27+08:00 ] 127.0.0.1 /diguniu/index.php?m=Admin&c=Admin&a=edit&id=2
INFO: [ app_init ] --START--
INFO: Run Behavior\BuildLiteBehavior [ RunTime:0.000045s ]
INFO: [ app_init ] --END-- [ RunTime:0.001340s ]

[ 2014-03-18T12:43:07+08:00 ] 127.0.0.1 /diguniu/index.php?m=Admin&c=Admin&a=edit&id=2
INFO: [ app_init ] --START--
INFO: Run Behavior\BuildLiteBehavior [ RunTime:0.000033s ]
INFO: [ app_init ] --END-- [ RunTime:0.001122s ]

[ 2014-03-18T12:43:11+08:00 ] 127.0.0.1 /diguniu/index.php?m=Admin&c=Admin&a=check&id=2&username=12121
INFO: [ app_init ] --START--
INFO: Run Behavior\BuildLiteBehavior [ RunTime:0.000033s ]
INFO: [ app_init ] --END-- [ RunTime:0.001035s ]
INFO: [ app_begin ] --START--
INFO: Run Behavior\ReadHtmlCacheBehavior [ RunTime:0.001654s ]
INFO: [ app_begin ] --END-- [ RunTime:0.001814s ]
SQL: SHOW COLUMNS FROM `admin` [ RunTime:0.009077s ]
SQL: SELECT COUNT(*) AS tp_count FROM `admin` WHERE ( id<>'2' and username='12121' ) LIMIT 1   [ RunTime:0.000665s ]
INFO: [ app_end ] --START--
INFO: Run Behavior\ShowPageTraceBehavior [ RunTime:0.001776s ]
INFO: [ app_end ] --END-- [ RunTime:0.001911s ]

[ 2014-03-18T12:59:19+08:00 ] 127.0.0.1 /diguniu/index.php?m=Admin&c=Admin&a=edit
INFO: [ app_init ] --START--
INFO: Run Behavior\BuildLiteBehavior [ RunTime:0.000037s ]
INFO: [ app_init ] --END-- [ RunTime:0.001100s ]

[ 2014-03-18T12:59:21+08:00 ] 127.0.0.1 /diguniu/index.php?m=Admin&c=Admin&a=admin_list
INFO: [ app_init ] --START--
INFO: Run Behavior\BuildLiteBehavior [ RunTime:0.000050s ]
INFO: [ app_init ] --END-- [ RunTime:0.001219s ]

[ 2014-03-18T13:03:09+08:00 ] 127.0.0.1 /diguniu/index.php?m=Admin&c=Admin&a=edit
INFO: [ app_init ] --START--
INFO: Run Behavior\BuildLiteBehavior [ RunTime:0.000037s ]
INFO: [ app_init ] --END-- [ RunTime:0.001100s ]

[ 2014-03-18T13:03:11+08:00 ] 127.0.0.1 /diguniu/index.php?m=Admin&c=Admin&a=admin_list
INFO: [ app_init ] --START--
INFO: Run Behavior\BuildLiteBehavior [ RunTime:0.000038s ]
INFO: [ app_init ] --END-- [ RunTime:0.001046s ]

