[ 2014-04-16T10:47:10+08:00 ] 127.0.0.100 /diguniu/
INFO: [ app_init ] --START--
INFO: Run Behavior\BuildLiteBehavior [ RunTime:0.000033s ]
INFO: [ app_init ] --END-- [ RunTime:0.007874s ]
INFO: [ app_begin ] --START--
INFO: Run Behavior\ReadHtmlCacheBehavior [ RunTime:0.002143s ]
INFO: [ app_begin ] --END-- [ RunTime:0.002303s ]
SQL: SHOW COLUMNS FROM `admin` [ RunTime:0.058386s ]
SQL: SELECT COUNT(*) AS tp_count FROM `admin` WHERE ( username=''and password='' ) LIMIT 1   [ RunTime:0.016883s ]
INFO: [ view_parse ] --START--
INFO: [ template_filter ] --START--
INFO: Run Behavior\ContentReplaceBehavior [ RunTime:0.000076s ]
INFO: [ template_filter ] --END-- [ RunTime:0.000202s ]
INFO: Run Behavior\ParseTemplateBehavior [ RunTime:0.115571s ]
INFO: [ view_parse ] --END-- [ RunTime:0.115719s ]
INFO: [ view_filter ] --START--
INFO: Run Behavior\WriteHtmlCacheBehavior [ RunTime:0.012197s ]
INFO: Run Behavior\TokenBuildBehavior [ RunTime:0.002130s ]
INFO: [ view_filter ] --END-- [ RunTime:0.014541s ]

[ 2014-04-16T10:47:14+08:00 ] 127.0.0.100 /diguniu/index.php?m=Admin&c=Login&a=index
INFO: [ app_init ] --START--
INFO: Run Behavior\BuildLiteBehavior [ RunTime:0.000031s ]
INFO: [ app_init ] --END-- [ RunTime:0.001071s ]
INFO: [ app_begin ] --START--
INFO: Run Behavior\ReadHtmlCacheBehavior [ RunTime:0.001361s ]
INFO: [ app_begin ] --END-- [ RunTime:0.001508s ]
INFO: [ view_parse ] --START--
INFO: [ template_filter ] --START--
INFO: Run Behavior\ContentReplaceBehavior [ RunTime:0.000128s ]
INFO: [ template_filter ] --END-- [ RunTime:0.000281s ]
INFO: Run Behavior\ParseTemplateBehavior [ RunTime:0.018000s ]
INFO: [ view_parse ] --END-- [ RunTime:0.018158s ]
INFO: [ view_filter ] --START--
INFO: Run Behavior\WriteHtmlCacheBehavior [ RunTime:0.000949s ]
INFO: Run Behavior\TokenBuildBehavior [ RunTime:0.001312s ]
INFO: [ view_filter ] --END-- [ RunTime:0.002458s ]
INFO: [ app_end ] --START--
INFO: Run Behavior\ShowPageTraceBehavior [ RunTime:0.002054s ]
INFO: [ app_end ] --END-- [ RunTime:0.002189s ]

[ 2014-04-16T10:47:16+08:00 ] 127.0.0.100 /diguniu/index.php?m=Admin&c=Login&a=verify
INFO: [ app_init ] --START--
INFO: Run Behavior\BuildLiteBehavior [ RunTime:0.000032s ]
INFO: [ app_init ] --END-- [ RunTime:0.001043s ]
INFO: [ app_begin ] --START--
INFO: Run Behavior\ReadHtmlCacheBehavior [ RunTime:0.001351s ]
INFO: [ app_begin ] --END-- [ RunTime:0.001499s ]
INFO: [ app_end ] --START--
INFO: Run Behavior\ShowPageTraceBehavior [ RunTime:0.001574s ]
INFO: [ app_end ] --END-- [ RunTime:0.001732s ]

[ 2014-04-16T10:47:19+08:00 ] 127.0.0.100 /diguniu/index.php?m=Admin&c=Login&a=verify&time=0.006142477737739682
INFO: [ app_init ] --START--
INFO: Run Behavior\BuildLiteBehavior [ RunTime:0.000031s ]
INFO: [ app_init ] --END-- [ RunTime:0.001042s ]
INFO: [ app_begin ] --START--
INFO: Run Behavior\ReadHtmlCacheBehavior [ RunTime:0.001413s ]
INFO: [ app_begin ] --END-- [ RunTime:0.001566s ]
INFO: [ app_end ] --START--
INFO: Run Behavior\ShowPageTraceBehavior [ RunTime:0.001512s ]
INFO: [ app_end ] --END-- [ RunTime:0.001666s ]

[ 2014-04-16T10:47:36+08:00 ] 127.0.0.100 /diguniu/index.php?m=Admin&c=Login&a=login
INFO: [ app_init ] --START--
INFO: Run Behavior\BuildLiteBehavior [ RunTime:0.000031s ]
INFO: [ app_init ] --END-- [ RunTime:0.001231s ]
INFO: [ app_begin ] --START--
INFO: Run Behavior\ReadHtmlCacheBehavior [ RunTime:0.001836s ]
INFO: [ app_begin ] --END-- [ RunTime:0.002052s ]
SQL: SHOW COLUMNS FROM `admin` [ RunTime:0.006320s ]
SQL: SELECT COUNT(*) AS tp_count FROM `admin` WHERE ( username='wanghexiang' and password='96e79218965eb72c92a549dd5a330112' ) LIMIT 1   [ RunTime:0.000533s ]
SQL: SELECT * FROM `admin` WHERE ( username='wanghexiang' and password='96e79218965eb72c92a549dd5a330112' ) LIMIT 1   [ RunTime:0.000309s ]
INFO: [ view_parse ] --START--
INFO: [ template_filter ] --START--
INFO: Run Behavior\ContentReplaceBehavior [ RunTime:0.000076s ]
INFO: [ template_filter ] --END-- [ RunTime:0.000203s ]
INFO: Run Behavior\ParseTemplateBehavior [ RunTime:0.015636s ]
INFO: [ view_parse ] --END-- [ RunTime:0.015974s ]
INFO: [ view_filter ] --START--
INFO: Run Behavior\WriteHtmlCacheBehavior [ RunTime:0.001336s ]
INFO: Run Behavior\TokenBuildBehavior [ RunTime:0.001624s ]
INFO: [ view_filter ] --END-- [ RunTime:0.003165s ]
INFO: [ app_end ] --START--
INFO: Run Behavior\ShowPageTraceBehavior [ RunTime:0.002014s ]
INFO: [ app_end ] --END-- [ RunTime:0.002154s ]

[ 2014-04-16T10:47:38+08:00 ] 127.0.0.100 /diguniu/index.php?m=Admin&c=Index&a=index
INFO: [ app_init ] --START--
INFO: Run Behavior\BuildLiteBehavior [ RunTime:0.000031s ]
INFO: [ app_init ] --END-- [ RunTime:0.001061s ]
INFO: [ app_begin ] --START--
INFO: Run Behavior\ReadHtmlCacheBehavior [ RunTime:0.001399s ]
INFO: [ app_begin ] --END-- [ RunTime:0.001554s ]
SQL: SHOW COLUMNS FROM `admin` [ RunTime:0.006059s ]
SQL: SELECT COUNT(*) AS tp_count FROM `admin` WHERE ( username=''and password='' ) LIMIT 1   [ RunTime:0.000509s ]
INFO: [ view_parse ] --START--
INFO: [ template_filter ] --START--
INFO: Run Behavior\ContentReplaceBehavior [ RunTime:0.000066s ]
INFO: [ template_filter ] --END-- [ RunTime:0.000195s ]
INFO: Run Behavior\ParseTemplateBehavior [ RunTime:0.026507s ]
INFO: [ view_parse ] --END-- [ RunTime:0.026650s ]
INFO: [ view_filter ] --START--
INFO: Run Behavior\WriteHtmlCacheBehavior [ RunTime:0.000939s ]
INFO: Run Behavior\TokenBuildBehavior [ RunTime:0.001370s ]
INFO: [ view_filter ] --END-- [ RunTime:0.002507s ]
INFO: [ app_end ] --START--
INFO: Run Behavior\ShowPageTraceBehavior [ RunTime:0.001455s ]
INFO: [ app_end ] --END-- [ RunTime:0.001582s ]

[ 2014-04-16T10:47:38+08:00 ] 127.0.0.100 /diguniu/index.php?m=Admin&c=Index&a=main
INFO: [ app_init ] --START--
INFO: Run Behavior\BuildLiteBehavior [ RunTime:0.000033s ]
INFO: [ app_init ] --END-- [ RunTime:0.001420s ]
INFO: [ app_begin ] --START--
INFO: Run Behavior\ReadHtmlCacheBehavior [ RunTime:0.002378s ]
INFO: [ app_begin ] --END-- [ RunTime:0.002544s ]
SQL: SHOW COLUMNS FROM `admin` [ RunTime:0.005508s ]
SQL: SELECT COUNT(*) AS tp_count FROM `admin` WHERE ( username=''and password='' ) LIMIT 1   [ RunTime:0.000462s ]
INFO: [ view_parse ] --START--
INFO: [ template_filter ] --START--
INFO: Run Behavior\ContentReplaceBehavior [ RunTime:0.000076s ]
INFO: [ template_filter ] --END-- [ RunTime:0.000204s ]
INFO: Run Behavior\ParseTemplateBehavior [ RunTime:0.017295s ]
INFO: [ view_parse ] --END-- [ RunTime:0.017452s ]
INFO: [ view_filter ] --START--
INFO: Run Behavior\WriteHtmlCacheBehavior [ RunTime:0.001295s ]
INFO: Run Behavior\TokenBuildBehavior [ RunTime:0.001563s ]
INFO: [ view_filter ] --END-- [ RunTime:0.003060s ]
INFO: [ app_end ] --START--
INFO: Run Behavior\ShowPageTraceBehavior [ RunTime:0.001810s ]
INFO: [ app_end ] --END-- [ RunTime:0.001944s ]

[ 2014-04-16T10:47:38+08:00 ] 127.0.0.100 /diguniu/index.php?m=Admin&c=Index&a=left
INFO: [ app_init ] --START--
INFO: Run Behavior\BuildLiteBehavior [ RunTime:0.000036s ]
INFO: [ app_init ] --END-- [ RunTime:0.001524s ]
INFO: [ app_begin ] --START--
INFO: Run Behavior\ReadHtmlCacheBehavior [ RunTime:0.002400s ]
INFO: [ app_begin ] --END-- [ RunTime:0.002561s ]
SQL: SHOW COLUMNS FROM `admin` [ RunTime:0.010148s ]
SQL: SELECT COUNT(*) AS tp_count FROM `admin` WHERE ( username=''and password='' ) LIMIT 1   [ RunTime:0.000607s ]
INFO: [ view_parse ] --START--
INFO: [ template_filter ] --START--
INFO: Run Behavior\ContentReplaceBehavior [ RunTime:0.000095s ]
INFO: [ template_filter ] --END-- [ RunTime:0.000250s ]
INFO: Run Behavior\ParseTemplateBehavior [ RunTime:0.025834s ]
INFO: [ view_parse ] --END-- [ RunTime:0.027345s ]
INFO: [ view_filter ] --START--
INFO: Run Behavior\WriteHtmlCacheBehavior [ RunTime:0.001471s ]
INFO: Run Behavior\TokenBuildBehavior [ RunTime:0.002492s ]
INFO: [ view_filter ] --END-- [ RunTime:0.004194s ]
INFO: [ app_end ] --START--
INFO: Run Behavior\ShowPageTraceBehavior [ RunTime:0.001931s ]
INFO: [ app_end ] --END-- [ RunTime:0.002060s ]

[ 2014-04-16T10:47:39+08:00 ] 127.0.0.100 /diguniu/index.php?m=Admin&c=Index&a=top
INFO: [ app_init ] --START--
INFO: Run Behavior\BuildLiteBehavior [ RunTime:0.000032s ]
INFO: [ app_init ] --END-- [ RunTime:0.001059s ]
INFO: [ app_begin ] --START--
INFO: Run Behavior\ReadHtmlCacheBehavior [ RunTime:0.001555s ]
INFO: [ app_begin ] --END-- [ RunTime:0.001713s ]
SQL: SHOW COLUMNS FROM `admin` [ RunTime:0.005477s ]
SQL: SELECT COUNT(*) AS tp_count FROM `admin` WHERE ( username=''and password='' ) LIMIT 1   [ RunTime:0.000463s ]
INFO: [ view_parse ] --START--
INFO: [ template_filter ] --START--
INFO: Run Behavior\ContentReplaceBehavior [ RunTime:0.000091s ]
INFO: [ template_filter ] --END-- [ RunTime:0.000224s ]
INFO: Run Behavior\ParseTemplateBehavior [ RunTime:0.015879s ]
INFO: [ view_parse ] --END-- [ RunTime:0.016044s ]
INFO: [ view_filter ] --START--
INFO: Run Behavior\WriteHtmlCacheBehavior [ RunTime:0.000913s ]
INFO: Run Behavior\TokenBuildBehavior [ RunTime:0.001275s ]
INFO: [ view_filter ] --END-- [ RunTime:0.002387s ]
INFO: [ app_end ] --START--
INFO: Run Behavior\ShowPageTraceBehavior [ RunTime:0.001622s ]
INFO: [ app_end ] --END-- [ RunTime:0.001780s ]

[ 2014-04-16T10:47:41+08:00 ] 127.0.0.100 /diguniu/index.php?m=Admin&c=Admin&a=edit
INFO: [ app_init ] --START--
INFO: Run Behavior\BuildLiteBehavior [ RunTime:0.000031s ]
INFO: [ app_init ] --END-- [ RunTime:0.001081s ]
INFO: [ app_begin ] --START--
INFO: Run Behavior\ReadHtmlCacheBehavior [ RunTime:0.001361s ]
INFO: [ app_begin ] --END-- [ RunTime:0.001510s ]
SQL: SHOW COLUMNS FROM `admin` [ RunTime:0.005970s ]
SQL: SELECT COUNT(*) AS tp_count FROM `admin` WHERE ( username=''and password='' ) LIMIT 1   [ RunTime:0.000521s ]
NOTIC: [8] Undefined index: id E:\www\code\diguniu\Application\Admin\Controller\AdminController.class.php 第 16 行.
SQL: SELECT * FROM `admin` WHERE ( id= ) LIMIT 1   [ RunTime:0.000183s ]
ERR: 1064:You have an error in your SQL syntax; check the manual that corresponds to your MySQL server version for the right syntax to use near ') LIMIT 1' at line 1
 [ SQL语句 ] : SELECT * FROM `admin` WHERE ( id= ) LIMIT 1  
INFO: [ view_parse ] --START--
INFO: [ template_filter ] --START--
INFO: Run Behavior\ContentReplaceBehavior [ RunTime:0.000098s ]
INFO: [ template_filter ] --END-- [ RunTime:0.000218s ]
INFO: Run Behavior\ParseTemplateBehavior [ RunTime:0.034928s ]
INFO: [ view_parse ] --END-- [ RunTime:0.035081s ]
INFO: [ view_filter ] --START--
INFO: Run Behavior\WriteHtmlCacheBehavior [ RunTime:0.000939s ]
INFO: Run Behavior\TokenBuildBehavior [ RunTime:0.001313s ]
INFO: [ view_filter ] --END-- [ RunTime:0.002451s ]
INFO: [ app_end ] --START--
INFO: Run Behavior\ShowPageTraceBehavior [ RunTime:0.001435s ]
INFO: [ app_end ] --END-- [ RunTime:0.001564s ]

[ 2014-04-16T10:47:43+08:00 ] 127.0.0.100 /diguniu/index.php?m=Admin&c=Admin&a=admin_list
INFO: [ app_init ] --START--
INFO: Run Behavior\BuildLiteBehavior [ RunTime:0.000032s ]
INFO: [ app_init ] --END-- [ RunTime:0.001054s ]
INFO: [ app_begin ] --START--
INFO: Run Behavior\ReadHtmlCacheBehavior [ RunTime:0.001417s ]
INFO: [ app_begin ] --END-- [ RunTime:0.001563s ]
SQL: SHOW COLUMNS FROM `admin` [ RunTime:0.006199s ]
SQL: SELECT COUNT(*) AS tp_count FROM `admin` WHERE ( username=''and password='' ) LIMIT 1   [ RunTime:0.000498s ]
SQL: SELECT * FROM `admin` LIMIT 0,10   [ RunTime:0.000296s ]
SQL: SELECT COUNT(*) AS tp_count FROM `admin` LIMIT 1   [ RunTime:0.000182s ]
INFO: [ view_parse ] --START--
INFO: [ template_filter ] --START--
INFO: Run Behavior\ContentReplaceBehavior [ RunTime:0.000088s ]
INFO: [ template_filter ] --END-- [ RunTime:0.000207s ]
INFO: Run Behavior\ParseTemplateBehavior [ RunTime:0.029756s ]
INFO: [ view_parse ] --END-- [ RunTime:0.029901s ]
INFO: [ view_filter ] --START--
INFO: Run Behavior\WriteHtmlCacheBehavior [ RunTime:0.000969s ]
INFO: Run Behavior\TokenBuildBehavior [ RunTime:0.001476s ]
INFO: [ view_filter ] --END-- [ RunTime:0.002647s ]
INFO: [ app_end ] --START--
INFO: Run Behavior\ShowPageTraceBehavior [ RunTime:0.001500s ]
INFO: [ app_end ] --END-- [ RunTime:0.001630s ]

[ 2014-04-16T10:47:44+08:00 ] 127.0.0.100 /diguniu/index.php?m=Admin&c=Article&a=edit
INFO: [ app_init ] --START--
INFO: Run Behavior\BuildLiteBehavior [ RunTime:0.000032s ]
INFO: [ app_init ] --END-- [ RunTime:0.001166s ]
INFO: [ app_begin ] --START--
INFO: Run Behavior\ReadHtmlCacheBehavior [ RunTime:0.001328s ]
INFO: [ app_begin ] --END-- [ RunTime:0.001474s ]
SQL: SHOW COLUMNS FROM `admin` [ RunTime:0.006132s ]
SQL: SELECT COUNT(*) AS tp_count FROM `admin` WHERE ( username=''and password='' ) LIMIT 1   [ RunTime:0.000502s ]
SQL: SHOW COLUMNS FROM `article` [ RunTime:0.065232s ]
SQL: SHOW COLUMNS FROM `arc_content` [ RunTime:0.052033s ]
SQL: SELECT * FROM `article` WHERE ( id= ) LIMIT 1   [ RunTime:0.000332s ]
ERR: 1064:You have an error in your SQL syntax; check the manual that corresponds to your MySQL server version for the right syntax to use near ') LIMIT 1' at line 1
 [ SQL语句 ] : SELECT * FROM `article` WHERE ( id= ) LIMIT 1  
SQL: SELECT * FROM `arc_content` WHERE ( arc_id= ) LIMIT 1   [ RunTime:0.000299s ]
ERR: 1064:You have an error in your SQL syntax; check the manual that corresponds to your MySQL server version for the right syntax to use near ') LIMIT 1' at line 1
 [ SQL语句 ] : SELECT * FROM `arc_content` WHERE ( arc_id= ) LIMIT 1  
SQL: SHOW COLUMNS FROM `category` [ RunTime:0.038559s ]
SQL: SELECT * FROM `category`  [ RunTime:0.013902s ]
INFO: [ view_parse ] --START--
INFO: [ template_filter ] --START--
INFO: Run Behavior\ContentReplaceBehavior [ RunTime:0.000106s ]
INFO: [ template_filter ] --END-- [ RunTime:0.000232s ]
INFO: Run Behavior\ParseTemplateBehavior [ RunTime:0.027786s ]
INFO: [ view_parse ] --END-- [ RunTime:0.027950s ]
INFO: [ view_filter ] --START--
INFO: Run Behavior\WriteHtmlCacheBehavior [ RunTime:0.000956s ]
INFO: Run Behavior\TokenBuildBehavior [ RunTime:0.001388s ]
INFO: [ view_filter ] --END-- [ RunTime:0.002540s ]
INFO: [ app_end ] --START--
INFO: Run Behavior\ShowPageTraceBehavior [ RunTime:0.001512s ]
INFO: [ app_end ] --END-- [ RunTime:0.001644s ]

[ 2014-04-16T10:47:44+08:00 ] 127.0.0.100 /diguniu/index.php?m=Admin&c=Article&a=article_list
INFO: [ app_init ] --START--
INFO: Run Behavior\BuildLiteBehavior [ RunTime:0.000032s ]
INFO: [ app_init ] --END-- [ RunTime:0.001150s ]
INFO: [ app_begin ] --START--
INFO: Run Behavior\ReadHtmlCacheBehavior [ RunTime:0.001322s ]
INFO: [ app_begin ] --END-- [ RunTime:0.001466s ]
SQL: SHOW COLUMNS FROM `admin` [ RunTime:0.006201s ]
SQL: SELECT COUNT(*) AS tp_count FROM `admin` WHERE ( username=''and password='' ) LIMIT 1   [ RunTime:0.000509s ]
SQL: SHOW COLUMNS FROM `article` [ RunTime:0.005975s ]
SQL: SELECT * FROM `article`  [ RunTime:0.000499s ]
INFO: [ view_parse ] --START--
INFO: [ template_filter ] --START--
INFO: Run Behavior\ContentReplaceBehavior [ RunTime:0.000083s ]
INFO: [ template_filter ] --END-- [ RunTime:0.000201s ]
NOTIC: [8] Undefined variable: page E:\www\code\diguniu\Application\Runtime\Cache\Admin\f68c5a1a42542d9b876352dd3eb66abd.php 第 41 行.
INFO: Run Behavior\ParseTemplateBehavior [ RunTime:0.028056s ]
INFO: [ view_parse ] --END-- [ RunTime:0.028180s ]
INFO: [ view_filter ] --START--
INFO: Run Behavior\WriteHtmlCacheBehavior [ RunTime:0.000972s ]
INFO: Run Behavior\TokenBuildBehavior [ RunTime:0.001352s ]
INFO: [ view_filter ] --END-- [ RunTime:0.002525s ]
INFO: [ app_end ] --START--
INFO: Run Behavior\ShowPageTraceBehavior [ RunTime:0.001460s ]
INFO: [ app_end ] --END-- [ RunTime:0.001590s ]

[ 2014-04-16T10:47:44+08:00 ] 127.0.0.100 /diguniu/index.php?m=Admin&c=Category&a=edit
INFO: [ app_init ] --START--
INFO: Run Behavior\BuildLiteBehavior [ RunTime:0.000032s ]
INFO: [ app_init ] --END-- [ RunTime:0.001436s ]
INFO: [ app_begin ] --START--
INFO: Run Behavior\ReadHtmlCacheBehavior [ RunTime:0.010207s ]
INFO: [ app_begin ] --END-- [ RunTime:0.010393s ]
SQL: SHOW COLUMNS FROM `admin` [ RunTime:0.015653s ]
SQL: SELECT COUNT(*) AS tp_count FROM `admin` WHERE ( username=''and password='' ) LIMIT 1   [ RunTime:0.000636s ]
SQL: SHOW COLUMNS FROM `category` [ RunTime:0.006359s ]
SQL: SELECT * FROM `category` WHERE ( id='' ) LIMIT 1   [ RunTime:0.011586s ]
SQL: SELECT * FROM `category`  [ RunTime:0.000385s ]
NOTIC: [8] Undefined variable: base_category E:\www\code\diguniu\Application\Admin\Controller\CategoryController.class.php 第 38 行.
INFO: [ view_parse ] --START--
INFO: [ template_filter ] --START--
INFO: Run Behavior\ContentReplaceBehavior [ RunTime:0.000103s ]
INFO: [ template_filter ] --END-- [ RunTime:0.000237s ]
INFO: Run Behavior\ParseTemplateBehavior [ RunTime:0.030049s ]
INFO: [ view_parse ] --END-- [ RunTime:0.030215s ]
INFO: [ view_filter ] --START--
INFO: Run Behavior\WriteHtmlCacheBehavior [ RunTime:0.000935s ]
INFO: Run Behavior\TokenBuildBehavior [ RunTime:0.001367s ]
INFO: [ view_filter ] --END-- [ RunTime:0.002498s ]
INFO: [ app_end ] --START--
INFO: Run Behavior\ShowPageTraceBehavior [ RunTime:0.001467s ]
INFO: [ app_end ] --END-- [ RunTime:0.001596s ]

[ 2014-04-16T10:47:45+08:00 ] 127.0.0.100 /diguniu/index.php?m=Admin&c=Login&a=loginout
INFO: [ app_init ] --START--
INFO: Run Behavior\BuildLiteBehavior [ RunTime:0.000032s ]
INFO: [ app_init ] --END-- [ RunTime:0.001111s ]
INFO: [ app_begin ] --START--
INFO: Run Behavior\ReadHtmlCacheBehavior [ RunTime:0.001342s ]
INFO: [ app_begin ] --END-- [ RunTime:0.001490s ]
INFO: [ view_parse ] --START--
INFO: [ template_filter ] --START--
INFO: Run Behavior\ContentReplaceBehavior [ RunTime:0.000089s ]
INFO: [ template_filter ] --END-- [ RunTime:0.000275s ]
INFO: Run Behavior\ParseTemplateBehavior [ RunTime:0.013347s ]
INFO: [ view_parse ] --END-- [ RunTime:0.013496s ]
INFO: [ view_filter ] --START--
INFO: Run Behavior\WriteHtmlCacheBehavior [ RunTime:0.000908s ]
INFO: Run Behavior\TokenBuildBehavior [ RunTime:0.001196s ]
INFO: [ view_filter ] --END-- [ RunTime:0.002300s ]
INFO: [ app_end ] --START--
INFO: Run Behavior\ShowPageTraceBehavior [ RunTime:0.001589s ]
INFO: [ app_end ] --END-- [ RunTime:0.001744s ]

[ 2014-04-16T10:47:45+08:00 ] 127.0.0.100 /diguniu/index.php?m=Admin&c=Article&a=edit
INFO: [ app_init ] --START--
INFO: Run Behavior\BuildLiteBehavior [ RunTime:0.000032s ]
INFO: [ app_init ] --END-- [ RunTime:0.001066s ]
INFO: [ app_begin ] --START--
INFO: Run Behavior\ReadHtmlCacheBehavior [ RunTime:0.001355s ]
INFO: [ app_begin ] --END-- [ RunTime:0.001502s ]
SQL: SHOW COLUMNS FROM `admin` [ RunTime:0.005642s ]
SQL: SELECT COUNT(*) AS tp_count FROM `admin` WHERE ( username=''and password='' ) LIMIT 1   [ RunTime:0.000684s ]
INFO: [ view_parse ] --START--
INFO: [ template_filter ] --START--
INFO: Run Behavior\ContentReplaceBehavior [ RunTime:0.000076s ]
INFO: [ template_filter ] --END-- [ RunTime:0.000204s ]
INFO: Run Behavior\ParseTemplateBehavior [ RunTime:0.015024s ]
INFO: [ view_parse ] --END-- [ RunTime:0.015186s ]
INFO: [ view_filter ] --START--
INFO: Run Behavior\WriteHtmlCacheBehavior [ RunTime:0.000930s ]
INFO: Run Behavior\TokenBuildBehavior [ RunTime:0.001176s ]
INFO: [ view_filter ] --END-- [ RunTime:0.002301s ]

[ 2014-04-16T10:47:47+08:00 ] 127.0.0.100 /diguniu/index.php?m=Admin&c=Login&a=index
INFO: [ app_init ] --START--
INFO: Run Behavior\BuildLiteBehavior [ RunTime:0.000032s ]
INFO: [ app_init ] --END-- [ RunTime:0.001150s ]
INFO: [ app_begin ] --START--
INFO: Run Behavior\ReadHtmlCacheBehavior [ RunTime:0.001357s ]
INFO: [ app_begin ] --END-- [ RunTime:0.001505s ]
INFO: [ view_parse ] --START--
INFO: [ template_filter ] --START--
INFO: Run Behavior\ContentReplaceBehavior [ RunTime:0.000137s ]
INFO: [ template_filter ] --END-- [ RunTime:0.000287s ]
INFO: Run Behavior\ParseTemplateBehavior [ RunTime:0.015813s ]
INFO: [ view_parse ] --END-- [ RunTime:0.015962s ]
INFO: [ view_filter ] --START--
INFO: Run Behavior\WriteHtmlCacheBehavior [ RunTime:0.001143s ]
INFO: Run Behavior\TokenBuildBehavior [ RunTime:0.001398s ]
INFO: [ view_filter ] --END-- [ RunTime:0.002750s ]
INFO: [ app_end ] --START--
INFO: Run Behavior\ShowPageTraceBehavior [ RunTime:0.001455s ]
INFO: [ app_end ] --END-- [ RunTime:0.001794s ]

[ 2014-04-16T10:47:48+08:00 ] 127.0.0.100 /diguniu/index.php?m=Admin&c=Login&a=verify
INFO: [ app_init ] --START--
INFO: Run Behavior\BuildLiteBehavior [ RunTime:0.000031s ]
INFO: [ app_init ] --END-- [ RunTime:0.001135s ]
INFO: [ app_begin ] --START--
INFO: Run Behavior\ReadHtmlCacheBehavior [ RunTime:0.001365s ]
INFO: [ app_begin ] --END-- [ RunTime:0.001512s ]
INFO: [ app_end ] --START--
INFO: Run Behavior\ShowPageTraceBehavior [ RunTime:0.001506s ]
INFO: [ app_end ] --END-- [ RunTime:0.001665s ]

[ 2014-04-16T10:47:50+08:00 ] 127.0.0.100 /diguniu/index.php?m=Admin&c=Article&a=edit
INFO: [ app_init ] --START--
INFO: Run Behavior\BuildLiteBehavior [ RunTime:0.000031s ]
INFO: [ app_init ] --END-- [ RunTime:0.001046s ]
INFO: [ app_begin ] --START--
INFO: Run Behavior\ReadHtmlCacheBehavior [ RunTime:0.001363s ]
INFO: [ app_begin ] --END-- [ RunTime:0.001749s ]
SQL: SHOW COLUMNS FROM `admin` [ RunTime:0.005651s ]
SQL: SELECT COUNT(*) AS tp_count FROM `admin` WHERE ( username=''and password='' ) LIMIT 1   [ RunTime:0.000435s ]
INFO: [ view_parse ] --START--
INFO: [ template_filter ] --START--
INFO: Run Behavior\ContentReplaceBehavior [ RunTime:0.000074s ]
INFO: [ template_filter ] --END-- [ RunTime:0.000198s ]
INFO: Run Behavior\ParseTemplateBehavior [ RunTime:0.013381s ]
INFO: [ view_parse ] --END-- [ RunTime:0.013522s ]
INFO: [ view_filter ] --START--
INFO: Run Behavior\WriteHtmlCacheBehavior [ RunTime:0.000997s ]
INFO: Run Behavior\TokenBuildBehavior [ RunTime:0.001180s ]
INFO: [ view_filter ] --END-- [ RunTime:0.002376s ]

[ 2014-04-16T10:47:52+08:00 ] 127.0.0.100 /diguniu/index.php?m=Admin&c=Category&a=edit
INFO: [ app_init ] --START--
INFO: Run Behavior\BuildLiteBehavior [ RunTime:0.000031s ]
INFO: [ app_init ] --END-- [ RunTime:0.001046s ]
INFO: [ app_begin ] --START--
INFO: Run Behavior\ReadHtmlCacheBehavior [ RunTime:0.001357s ]
INFO: [ app_begin ] --END-- [ RunTime:0.001506s ]
SQL: SHOW COLUMNS FROM `admin` [ RunTime:0.005951s ]
SQL: SELECT COUNT(*) AS tp_count FROM `admin` WHERE ( username=''and password='' ) LIMIT 1   [ RunTime:0.000481s ]
INFO: [ view_parse ] --START--
INFO: [ template_filter ] --START--
INFO: Run Behavior\ContentReplaceBehavior [ RunTime:0.000076s ]
INFO: [ template_filter ] --END-- [ RunTime:0.000202s ]
INFO: Run Behavior\ParseTemplateBehavior [ RunTime:0.013408s ]
INFO: [ view_parse ] --END-- [ RunTime:0.013549s ]
INFO: [ view_filter ] --START--
INFO: Run Behavior\WriteHtmlCacheBehavior [ RunTime:0.000914s ]
INFO: Run Behavior\TokenBuildBehavior [ RunTime:0.001219s ]
INFO: [ view_filter ] --END-- [ RunTime:0.002326s ]

[ 2014-04-16T10:47:54+08:00 ] 127.0.0.100 /diguniu/index.php?m=Admin&c=Category&a=category_list
INFO: [ app_init ] --START--
INFO: Run Behavior\BuildLiteBehavior [ RunTime:0.000031s ]
INFO: [ app_init ] --END-- [ RunTime:0.001079s ]
INFO: [ app_begin ] --START--
INFO: Run Behavior\ReadHtmlCacheBehavior [ RunTime:0.001354s ]
INFO: [ app_begin ] --END-- [ RunTime:0.001508s ]
SQL: SHOW COLUMNS FROM `admin` [ RunTime:0.006049s ]
SQL: SELECT COUNT(*) AS tp_count FROM `admin` WHERE ( username=''and password='' ) LIMIT 1   [ RunTime:0.000472s ]
INFO: [ view_parse ] --START--
INFO: [ template_filter ] --START--
INFO: Run Behavior\ContentReplaceBehavior [ RunTime:0.000077s ]
INFO: [ template_filter ] --END-- [ RunTime:0.000203s ]
INFO: Run Behavior\ParseTemplateBehavior [ RunTime:0.014061s ]
INFO: [ view_parse ] --END-- [ RunTime:0.014202s ]
INFO: [ view_filter ] --START--
INFO: Run Behavior\WriteHtmlCacheBehavior [ RunTime:0.000920s ]
INFO: Run Behavior\TokenBuildBehavior [ RunTime:0.001362s ]
INFO: [ view_filter ] --END-- [ RunTime:0.002480s ]

[ 2014-04-16T10:47:58+08:00 ] 127.0.0.100 /diguniu/index.php?m=Admin&c=Login&a=index
INFO: [ app_init ] --START--
INFO: Run Behavior\BuildLiteBehavior [ RunTime:0.000032s ]
INFO: [ app_init ] --END-- [ RunTime:0.001045s ]
INFO: [ app_begin ] --START--
INFO: Run Behavior\ReadHtmlCacheBehavior [ RunTime:0.001340s ]
INFO: [ app_begin ] --END-- [ RunTime:0.001487s ]
INFO: [ view_parse ] --START--
INFO: [ template_filter ] --START--
INFO: Run Behavior\ContentReplaceBehavior [ RunTime:0.000131s ]
INFO: [ template_filter ] --END-- [ RunTime:0.000287s ]
INFO: Run Behavior\ParseTemplateBehavior [ RunTime:0.015927s ]
INFO: [ view_parse ] --END-- [ RunTime:0.016074s ]
INFO: [ view_filter ] --START--
INFO: Run Behavior\WriteHtmlCacheBehavior [ RunTime:0.000933s ]
INFO: Run Behavior\TokenBuildBehavior [ RunTime:0.001289s ]
INFO: [ view_filter ] --END-- [ RunTime:0.002419s ]
INFO: [ app_end ] --START--
INFO: Run Behavior\ShowPageTraceBehavior [ RunTime:0.001396s ]
INFO: [ app_end ] --END-- [ RunTime:0.001527s ]

[ 2014-04-16T10:47:59+08:00 ] 127.0.0.100 /diguniu/index.php?m=Admin&c=Login&a=verify
INFO: [ app_init ] --START--
INFO: Run Behavior\BuildLiteBehavior [ RunTime:0.000031s ]
INFO: [ app_init ] --END-- [ RunTime:0.001068s ]
INFO: [ app_begin ] --START--
INFO: Run Behavior\ReadHtmlCacheBehavior [ RunTime:0.001448s ]
INFO: [ app_begin ] --END-- [ RunTime:0.001598s ]
INFO: [ app_end ] --START--
INFO: Run Behavior\ShowPageTraceBehavior [ RunTime:0.001552s ]
INFO: [ app_end ] --END-- [ RunTime:0.001708s ]

[ 2014-04-16T10:48:15+08:00 ] 127.0.0.100 /diguniu/index.php?m=Admin&c=Login&a=login
INFO: [ app_init ] --START--
INFO: Run Behavior\BuildLiteBehavior [ RunTime:0.000031s ]
INFO: [ app_init ] --END-- [ RunTime:0.001071s ]
INFO: [ app_begin ] --START--
INFO: Run Behavior\ReadHtmlCacheBehavior [ RunTime:0.001394s ]
INFO: [ app_begin ] --END-- [ RunTime:0.001546s ]
SQL: SHOW COLUMNS FROM `admin` [ RunTime:0.005715s ]
SQL: SELECT COUNT(*) AS tp_count FROM `admin` WHERE ( username='wanghexiang' and password='96e79218965eb72c92a549dd5a330112' ) LIMIT 1   [ RunTime:0.000436s ]
SQL: SELECT * FROM `admin` WHERE ( username='wanghexiang' and password='96e79218965eb72c92a549dd5a330112' ) LIMIT 1   [ RunTime:0.000279s ]
INFO: [ view_parse ] --START--
INFO: [ template_filter ] --START--
INFO: Run Behavior\ContentReplaceBehavior [ RunTime:0.000075s ]
INFO: [ template_filter ] --END-- [ RunTime:0.000270s ]
INFO: Run Behavior\ParseTemplateBehavior [ RunTime:0.014002s ]
INFO: [ view_parse ] --END-- [ RunTime:0.014148s ]
INFO: [ view_filter ] --START--
INFO: Run Behavior\WriteHtmlCacheBehavior [ RunTime:0.000940s ]
INFO: Run Behavior\TokenBuildBehavior [ RunTime:0.001205s ]
INFO: [ view_filter ] --END-- [ RunTime:0.002338s ]
INFO: [ app_end ] --START--
INFO: Run Behavior\ShowPageTraceBehavior [ RunTime:0.001596s ]
INFO: [ app_end ] --END-- [ RunTime:0.001771s ]

[ 2014-04-16T10:48:17+08:00 ] 127.0.0.100 /diguniu/index.php?m=Admin&c=Index&a=index
INFO: [ app_init ] --START--
INFO: Run Behavior\BuildLiteBehavior [ RunTime:0.000031s ]
INFO: [ app_init ] --END-- [ RunTime:0.001038s ]
INFO: [ app_begin ] --START--
INFO: Run Behavior\ReadHtmlCacheBehavior [ RunTime:0.001442s ]
INFO: [ app_begin ] --END-- [ RunTime:0.001600s ]
SQL: SHOW COLUMNS FROM `admin` [ RunTime:0.005983s ]
SQL: SELECT COUNT(*) AS tp_count FROM `admin` WHERE ( username='wanghexiang'and password='96e79218965eb72c92a549dd5a330112' ) LIMIT 1   [ RunTime:0.000440s ]
INFO: [ view_parse ] --START--
INFO: [ template_filter ] --START--
INFO: Run Behavior\ContentReplaceBehavior [ RunTime:0.000067s ]
INFO: [ template_filter ] --END-- [ RunTime:0.000199s ]
INFO: Run Behavior\ParseTemplateBehavior [ RunTime:0.013952s ]
INFO: [ view_parse ] --END-- [ RunTime:0.014087s ]
INFO: [ view_filter ] --START--
INFO: Run Behavior\WriteHtmlCacheBehavior [ RunTime:0.000930s ]
INFO: Run Behavior\TokenBuildBehavior [ RunTime:0.001111s ]
INFO: [ view_filter ] --END-- [ RunTime:0.002235s ]
INFO: [ app_end ] --START--
INFO: Run Behavior\ShowPageTraceBehavior [ RunTime:0.001421s ]
INFO: [ app_end ] --END-- [ RunTime:0.001552s ]

[ 2014-04-16T10:48:18+08:00 ] 127.0.0.100 /diguniu/index.php?m=Admin&c=Index&a=main
INFO: [ app_init ] --START--
INFO: Run Behavior\BuildLiteBehavior [ RunTime:0.000033s ]
INFO: [ app_init ] --END-- [ RunTime:0.001205s ]
INFO: [ app_begin ] --START--
INFO: Run Behavior\ReadHtmlCacheBehavior [ RunTime:0.001547s ]
INFO: [ app_begin ] --END-- [ RunTime:0.001694s ]
SQL: SHOW COLUMNS FROM `admin` [ RunTime:0.006592s ]
SQL: SELECT COUNT(*) AS tp_count FROM `admin` WHERE ( username='wanghexiang'and password='96e79218965eb72c92a549dd5a330112' ) LIMIT 1   [ RunTime:0.000648s ]
INFO: [ view_parse ] --START--
INFO: [ template_filter ] --START--
INFO: Run Behavior\ContentReplaceBehavior [ RunTime:0.000083s ]
INFO: [ template_filter ] --END-- [ RunTime:0.000393s ]
INFO: Run Behavior\ParseTemplateBehavior [ RunTime:0.014012s ]
INFO: [ view_parse ] --END-- [ RunTime:0.014212s ]
INFO: [ view_filter ] --START--
INFO: Run Behavior\WriteHtmlCacheBehavior [ RunTime:0.000954s ]
INFO: Run Behavior\TokenBuildBehavior [ RunTime:0.001137s ]
INFO: [ view_filter ] --END-- [ RunTime:0.002286s ]
INFO: [ app_end ] --START--
INFO: Run Behavior\ShowPageTraceBehavior [ RunTime:0.001426s ]
INFO: [ app_end ] --END-- [ RunTime:0.001555s ]

[ 2014-04-16T10:48:18+08:00 ] 127.0.0.100 /diguniu/index.php?m=Admin&c=Index&a=left
INFO: [ app_init ] --START--
INFO: Run Behavior\BuildLiteBehavior [ RunTime:0.000033s ]
INFO: [ app_init ] --END-- [ RunTime:0.001312s ]
INFO: [ app_begin ] --START--
INFO: Run Behavior\ReadHtmlCacheBehavior [ RunTime:0.001985s ]
INFO: [ app_begin ] --END-- [ RunTime:0.002141s ]
SQL: SHOW COLUMNS FROM `admin` [ RunTime:0.006674s ]
SQL: SELECT COUNT(*) AS tp_count FROM `admin` WHERE ( username='wanghexiang'and password='96e79218965eb72c92a549dd5a330112' ) LIMIT 1   [ RunTime:0.000538s ]
INFO: [ view_parse ] --START--
INFO: [ template_filter ] --START--
INFO: Run Behavior\ContentReplaceBehavior [ RunTime:0.000096s ]
INFO: [ template_filter ] --END-- [ RunTime:0.000259s ]
INFO: Run Behavior\ParseTemplateBehavior [ RunTime:0.031015s ]
INFO: [ view_parse ] --END-- [ RunTime:0.031159s ]
INFO: [ view_filter ] --START--
INFO: Run Behavior\WriteHtmlCacheBehavior [ RunTime:0.001424s ]
INFO: Run Behavior\TokenBuildBehavior [ RunTime:0.001336s ]
INFO: [ view_filter ] --END-- [ RunTime:0.003059s ]
INFO: [ app_end ] --START--
INFO: Run Behavior\ShowPageTraceBehavior [ RunTime:0.001616s ]
INFO: [ app_end ] --END-- [ RunTime:0.001743s ]

[ 2014-04-16T10:48:19+08:00 ] 127.0.0.100 /diguniu/index.php?m=Admin&c=Index&a=top
INFO: [ app_init ] --START--
INFO: Run Behavior\BuildLiteBehavior [ RunTime:0.000031s ]
INFO: [ app_init ] --END-- [ RunTime:0.001062s ]
INFO: [ app_begin ] --START--
INFO: Run Behavior\ReadHtmlCacheBehavior [ RunTime:0.001359s ]
INFO: [ app_begin ] --END-- [ RunTime:0.001573s ]
SQL: SHOW COLUMNS FROM `admin` [ RunTime:0.005745s ]
SQL: SELECT COUNT(*) AS tp_count FROM `admin` WHERE ( username='wanghexiang'and password='96e79218965eb72c92a549dd5a330112' ) LIMIT 1   [ RunTime:0.000436s ]
INFO: [ view_parse ] --START--
INFO: [ template_filter ] --START--
INFO: Run Behavior\ContentReplaceBehavior [ RunTime:0.000098s ]
INFO: [ template_filter ] --END-- [ RunTime:0.000229s ]
INFO: Run Behavior\ParseTemplateBehavior [ RunTime:0.019832s ]
INFO: [ view_parse ] --END-- [ RunTime:0.019984s ]
INFO: [ view_filter ] --START--
INFO: Run Behavior\WriteHtmlCacheBehavior [ RunTime:0.000972s ]
INFO: Run Behavior\TokenBuildBehavior [ RunTime:0.001329s ]
INFO: [ view_filter ] --END-- [ RunTime:0.002501s ]
INFO: [ app_end ] --START--
INFO: Run Behavior\ShowPageTraceBehavior [ RunTime:0.001857s ]
INFO: [ app_end ] --END-- [ RunTime:0.001988s ]

[ 2014-04-16T10:48:32+08:00 ] 127.0.0.100 /diguniu/
INFO: [ app_init ] --START--
INFO: Run Behavior\BuildLiteBehavior [ RunTime:0.000034s ]
INFO: [ app_init ] --END-- [ RunTime:0.001232s ]
INFO: [ app_begin ] --START--
INFO: Run Behavior\ReadHtmlCacheBehavior [ RunTime:0.001549s ]
INFO: [ app_begin ] --END-- [ RunTime:0.001699s ]
SQL: SHOW COLUMNS FROM `admin` [ RunTime:0.005785s ]
SQL: SELECT COUNT(*) AS tp_count FROM `admin` WHERE ( username='wanghexiang'and password='96e79218965eb72c92a549dd5a330112' ) LIMIT 1   [ RunTime:0.000442s ]
INFO: [ view_parse ] --START--
INFO: [ template_filter ] --START--
INFO: Run Behavior\ContentReplaceBehavior [ RunTime:0.000065s ]
INFO: [ template_filter ] --END-- [ RunTime:0.000195s ]
INFO: Run Behavior\ParseTemplateBehavior [ RunTime:0.013650s ]
INFO: [ view_parse ] --END-- [ RunTime:0.013792s ]
INFO: [ view_filter ] --START--
INFO: Run Behavior\WriteHtmlCacheBehavior [ RunTime:0.001069s ]
INFO: Run Behavior\TokenBuildBehavior [ RunTime:0.001165s ]
INFO: [ view_filter ] --END-- [ RunTime:0.002452s ]
INFO: [ app_end ] --START--
INFO: Run Behavior\ShowPageTraceBehavior [ RunTime:0.001388s ]
INFO: [ app_end ] --END-- [ RunTime:0.001641s ]

[ 2014-04-16T10:48:33+08:00 ] 127.0.0.100 /diguniu/index.php?m=Admin&c=Index&a=main
INFO: [ app_init ] --START--
INFO: Run Behavior\BuildLiteBehavior [ RunTime:0.000036s ]
INFO: [ app_init ] --END-- [ RunTime:0.001182s ]
INFO: [ app_begin ] --START--
INFO: Run Behavior\ReadHtmlCacheBehavior [ RunTime:0.001485s ]
INFO: [ app_begin ] --END-- [ RunTime:0.001645s ]
SQL: SHOW COLUMNS FROM `admin` [ RunTime:0.006414s ]
SQL: SELECT COUNT(*) AS tp_count FROM `admin` WHERE ( username='wanghexiang'and password='96e79218965eb72c92a549dd5a330112' ) LIMIT 1   [ RunTime:0.000568s ]
INFO: [ view_parse ] --START--
INFO: [ template_filter ] --START--
INFO: Run Behavior\ContentReplaceBehavior [ RunTime:0.000080s ]
INFO: [ template_filter ] --END-- [ RunTime:0.000217s ]
INFO: Run Behavior\ParseTemplateBehavior [ RunTime:0.014833s ]
INFO: [ view_parse ] --END-- [ RunTime:0.014990s ]
INFO: [ view_filter ] --START--
INFO: Run Behavior\WriteHtmlCacheBehavior [ RunTime:0.000909s ]
INFO: Run Behavior\TokenBuildBehavior [ RunTime:0.001130s ]
INFO: [ view_filter ] --END-- [ RunTime:0.002231s ]
INFO: [ app_end ] --START--
INFO: Run Behavior\ShowPageTraceBehavior [ RunTime:0.001546s ]
INFO: [ app_end ] --END-- [ RunTime:0.001680s ]

[ 2014-04-16T10:48:33+08:00 ] 127.0.0.100 /diguniu/index.php?m=Admin&c=Index&a=top
INFO: [ app_init ] --START--
INFO: Run Behavior\BuildLiteBehavior [ RunTime:0.000034s ]
INFO: [ app_init ] --END-- [ RunTime:0.001148s ]
INFO: [ app_begin ] --START--
INFO: Run Behavior\ReadHtmlCacheBehavior [ RunTime:0.001429s ]
INFO: [ app_begin ] --END-- [ RunTime:0.001582s ]
SQL: SHOW COLUMNS FROM `admin` [ RunTime:0.007385s ]
SQL: SELECT COUNT(*) AS tp_count FROM `admin` WHERE ( username='wanghexiang'and password='96e79218965eb72c92a549dd5a330112' ) LIMIT 1   [ RunTime:0.000559s ]
INFO: [ view_parse ] --START--
INFO: [ template_filter ] --START--
INFO: Run Behavior\ContentReplaceBehavior [ RunTime:0.000092s ]
INFO: [ template_filter ] --END-- [ RunTime:0.000227s ]
INFO: Run Behavior\ParseTemplateBehavior [ RunTime:0.020008s ]
INFO: [ view_parse ] --END-- [ RunTime:0.020164s ]
INFO: [ view_filter ] --START--
INFO: Run Behavior\WriteHtmlCacheBehavior [ RunTime:0.001063s ]
INFO: Run Behavior\TokenBuildBehavior [ RunTime:0.001324s ]
INFO: [ view_filter ] --END-- [ RunTime:0.002592s ]
INFO: [ app_end ] --START--
INFO: Run Behavior\ShowPageTraceBehavior [ RunTime:0.001451s ]
INFO: [ app_end ] --END-- [ RunTime:0.001580s ]

[ 2014-04-16T10:48:34+08:00 ] 127.0.0.100 /diguniu/index.php?m=Admin&c=Index&a=left
INFO: [ app_init ] --START--
INFO: Run Behavior\BuildLiteBehavior [ RunTime:0.000031s ]
INFO: [ app_init ] --END-- [ RunTime:0.001085s ]
INFO: [ app_begin ] --START--
INFO: Run Behavior\ReadHtmlCacheBehavior [ RunTime:0.001337s ]
INFO: [ app_begin ] --END-- [ RunTime:0.001490s ]
SQL: SHOW COLUMNS FROM `admin` [ RunTime:0.005623s ]
SQL: SELECT COUNT(*) AS tp_count FROM `admin` WHERE ( username='wanghexiang'and password='96e79218965eb72c92a549dd5a330112' ) LIMIT 1   [ RunTime:0.000544s ]
INFO: [ view_parse ] --START--
INFO: [ template_filter ] --START--
INFO: Run Behavior\ContentReplaceBehavior [ RunTime:0.000085s ]
INFO: [ template_filter ] --END-- [ RunTime:0.000214s ]
INFO: Run Behavior\ParseTemplateBehavior [ RunTime:0.015802s ]
INFO: [ view_parse ] --END-- [ RunTime:0.015963s ]
INFO: [ view_filter ] --START--
INFO: Run Behavior\WriteHtmlCacheBehavior [ RunTime:0.000951s ]
INFO: Run Behavior\TokenBuildBehavior [ RunTime:0.001235s ]
INFO: [ view_filter ] --END-- [ RunTime:0.002382s ]
INFO: [ app_end ] --START--
INFO: Run Behavior\ShowPageTraceBehavior [ RunTime:0.001521s ]
INFO: [ app_end ] --END-- [ RunTime:0.001651s ]

[ 2014-04-16T10:48:37+08:00 ] 127.0.0.100 /diguniu/index.php?m=Admin&c=Category&a=category_list
INFO: [ app_init ] --START--
INFO: Run Behavior\BuildLiteBehavior [ RunTime:0.000031s ]
INFO: [ app_init ] --END-- [ RunTime:0.001040s ]
INFO: [ app_begin ] --START--
INFO: Run Behavior\ReadHtmlCacheBehavior [ RunTime:0.001350s ]
INFO: [ app_begin ] --END-- [ RunTime:0.001497s ]
SQL: SHOW COLUMNS FROM `admin` [ RunTime:0.005772s ]
SQL: SELECT COUNT(*) AS tp_count FROM `admin` WHERE ( username='wanghexiang'and password='96e79218965eb72c92a549dd5a330112' ) LIMIT 1   [ RunTime:0.000445s ]
SQL: SHOW COLUMNS FROM `category` [ RunTime:0.005771s ]
SQL: SELECT * FROM `category`  [ RunTime:0.000492s ]
INFO: [ view_parse ] --START--
INFO: [ template_filter ] --START--
INFO: Run Behavior\ContentReplaceBehavior [ RunTime:0.000087s ]
INFO: [ template_filter ] --END-- [ RunTime:0.000206s ]
NOTIC: [8] Undefined variable: page E:\www\code\diguniu\Application\Runtime\Cache\Admin\46fc65ba2b7dc6249bfde48ce8661431.php 第 40 行.
INFO: Run Behavior\ParseTemplateBehavior [ RunTime:0.031775s ]
INFO: [ view_parse ] --END-- [ RunTime:0.031904s ]
INFO: [ view_filter ] --START--
INFO: Run Behavior\WriteHtmlCacheBehavior [ RunTime:0.000961s ]
INFO: Run Behavior\TokenBuildBehavior [ RunTime:0.001190s ]
INFO: [ view_filter ] --END-- [ RunTime:0.002348s ]
INFO: [ app_end ] --START--
INFO: Run Behavior\ShowPageTraceBehavior [ RunTime:0.001424s ]
INFO: [ app_end ] --END-- [ RunTime:0.001555s ]

[ 2014-04-16T10:48:39+08:00 ] 127.0.0.100 /diguniu/index.php?m=Admin&c=Category&a=edit
INFO: [ app_init ] --START--
INFO: Run Behavior\BuildLiteBehavior [ RunTime:0.000030s ]
INFO: [ app_init ] --END-- [ RunTime:0.001039s ]
INFO: [ app_begin ] --START--
INFO: Run Behavior\ReadHtmlCacheBehavior [ RunTime:0.001395s ]
INFO: [ app_begin ] --END-- [ RunTime:0.001542s ]
SQL: SHOW COLUMNS FROM `admin` [ RunTime:0.005520s ]
SQL: SELECT COUNT(*) AS tp_count FROM `admin` WHERE ( username='wanghexiang'and password='96e79218965eb72c92a549dd5a330112' ) LIMIT 1   [ RunTime:0.000440s ]
SQL: SHOW COLUMNS FROM `category` [ RunTime:0.005878s ]
SQL: SELECT * FROM `category` WHERE ( id='' ) LIMIT 1   [ RunTime:0.000444s ]
SQL: SELECT * FROM `category`  [ RunTime:0.000269s ]
NOTIC: [8] Undefined variable: base_category E:\www\code\diguniu\Application\Admin\Controller\CategoryController.class.php 第 38 行.
INFO: [ view_parse ] --START--
INFO: [ template_filter ] --START--
INFO: Run Behavior\ContentReplaceBehavior [ RunTime:0.000098s ]
INFO: [ template_filter ] --END-- [ RunTime:0.000220s ]
INFO: Run Behavior\ParseTemplateBehavior [ RunTime:0.016524s ]
INFO: [ view_parse ] --END-- [ RunTime:0.016685s ]
INFO: [ view_filter ] --START--
INFO: Run Behavior\WriteHtmlCacheBehavior [ RunTime:0.000964s ]
INFO: Run Behavior\TokenBuildBehavior [ RunTime:0.001286s ]
INFO: [ view_filter ] --END-- [ RunTime:0.002442s ]
INFO: [ app_end ] --START--
INFO: Run Behavior\ShowPageTraceBehavior [ RunTime:0.001456s ]
INFO: [ app_end ] --END-- [ RunTime:0.001586s ]

[ 2014-04-16T10:48:41+08:00 ] 127.0.0.100 /diguniu/index.php?m=Admin&c=Article&a=edit
INFO: [ app_init ] --START--
INFO: Run Behavior\BuildLiteBehavior [ RunTime:0.000032s ]
INFO: [ app_init ] --END-- [ RunTime:0.001044s ]
INFO: [ app_begin ] --START--
INFO: Run Behavior\ReadHtmlCacheBehavior [ RunTime:0.001344s ]
INFO: [ app_begin ] --END-- [ RunTime:0.001492s ]
SQL: SHOW COLUMNS FROM `admin` [ RunTime:0.005621s ]
SQL: SELECT COUNT(*) AS tp_count FROM `admin` WHERE ( username='wanghexiang'and password='96e79218965eb72c92a549dd5a330112' ) LIMIT 1   [ RunTime:0.000463s ]
SQL: SHOW COLUMNS FROM `article` [ RunTime:0.005946s ]
SQL: SHOW COLUMNS FROM `arc_content` [ RunTime:0.005653s ]
SQL: SELECT * FROM `article` WHERE ( id= ) LIMIT 1   [ RunTime:0.000351s ]
ERR: 1064:You have an error in your SQL syntax; check the manual that corresponds to your MySQL server version for the right syntax to use near ') LIMIT 1' at line 1
 [ SQL语句 ] : SELECT * FROM `article` WHERE ( id= ) LIMIT 1  
SQL: SELECT * FROM `arc_content` WHERE ( arc_id= ) LIMIT 1   [ RunTime:0.000245s ]
ERR: 1064:You have an error in your SQL syntax; check the manual that corresponds to your MySQL server version for the right syntax to use near ') LIMIT 1' at line 1
 [ SQL语句 ] : SELECT * FROM `arc_content` WHERE ( arc_id= ) LIMIT 1  
SQL: SHOW COLUMNS FROM `category` [ RunTime:0.005826s ]
SQL: SELECT * FROM `category`  [ RunTime:0.000571s ]
INFO: [ view_parse ] --START--
INFO: [ template_filter ] --START--
INFO: Run Behavior\ContentReplaceBehavior [ RunTime:0.000110s ]
INFO: [ template_filter ] --END-- [ RunTime:0.000275s ]
INFO: Run Behavior\ParseTemplateBehavior [ RunTime:0.028187s ]
INFO: [ view_parse ] --END-- [ RunTime:0.028448s ]
INFO: [ view_filter ] --START--
INFO: Run Behavior\WriteHtmlCacheBehavior [ RunTime:0.001568s ]
INFO: Run Behavior\TokenBuildBehavior [ RunTime:0.001603s ]
INFO: [ view_filter ] --END-- [ RunTime:0.003395s ]
INFO: [ app_end ] --START--
INFO: Run Behavior\ShowPageTraceBehavior [ RunTime:0.001707s ]
INFO: [ app_end ] --END-- [ RunTime:0.001834s ]

[ 2014-04-16T10:48:41+08:00 ] 127.0.0.100 /diguniu/index.php?m=Admin&c=Article&a=article_list
INFO: [ app_init ] --START--
INFO: Run Behavior\BuildLiteBehavior [ RunTime:0.000032s ]
INFO: [ app_init ] --END-- [ RunTime:0.001268s ]
INFO: [ app_begin ] --START--
INFO: Run Behavior\ReadHtmlCacheBehavior [ RunTime:0.001820s ]
INFO: [ app_begin ] --END-- [ RunTime:0.001968s ]
SQL: SHOW COLUMNS FROM `admin` [ RunTime:0.006284s ]
SQL: SELECT COUNT(*) AS tp_count FROM `admin` WHERE ( username='wanghexiang'and password='96e79218965eb72c92a549dd5a330112' ) LIMIT 1   [ RunTime:0.000527s ]
SQL: SHOW COLUMNS FROM `article` [ RunTime:0.006948s ]
SQL: SELECT * FROM `article`  [ RunTime:0.000490s ]
INFO: [ view_parse ] --START--
INFO: [ template_filter ] --START--
INFO: Run Behavior\ContentReplaceBehavior [ RunTime:0.000090s ]
INFO: [ template_filter ] --END-- [ RunTime:0.000216s ]
NOTIC: [8] Undefined variable: page E:\www\code\diguniu\Application\Runtime\Cache\Admin\f68c5a1a42542d9b876352dd3eb66abd.php 第 41 行.
INFO: Run Behavior\ParseTemplateBehavior [ RunTime:0.023403s ]
INFO: [ view_parse ] --END-- [ RunTime:0.023526s ]
INFO: [ view_filter ] --START--
INFO: Run Behavior\WriteHtmlCacheBehavior [ RunTime:0.001415s ]
INFO: Run Behavior\TokenBuildBehavior [ RunTime:0.002187s ]
INFO: [ view_filter ] --END-- [ RunTime:0.003813s ]
INFO: [ app_end ] --START--
INFO: Run Behavior\ShowPageTraceBehavior [ RunTime:0.001847s ]
INFO: [ app_end ] --END-- [ RunTime:0.001977s ]

[ 2014-04-16T10:48:49+08:00 ] 127.0.0.100 /diguniu/index.php?m=Admin&c=Article&a=edit&id=14
INFO: [ app_init ] --START--
INFO: Run Behavior\BuildLiteBehavior [ RunTime:0.000032s ]
INFO: [ app_init ] --END-- [ RunTime:0.001114s ]
INFO: [ app_begin ] --START--
INFO: Run Behavior\ReadHtmlCacheBehavior [ RunTime:0.001403s ]
INFO: [ app_begin ] --END-- [ RunTime:0.001617s ]
SQL: SHOW COLUMNS FROM `admin` [ RunTime:0.006716s ]
SQL: SELECT COUNT(*) AS tp_count FROM `admin` WHERE ( username='wanghexiang'and password='96e79218965eb72c92a549dd5a330112' ) LIMIT 1   [ RunTime:0.000546s ]
SQL: SHOW COLUMNS FROM `article` [ RunTime:0.005799s ]
SQL: SHOW COLUMNS FROM `arc_content` [ RunTime:0.005575s ]
SQL: SELECT * FROM `article` WHERE ( id=14 ) LIMIT 1   [ RunTime:0.000488s ]
SQL: SELECT * FROM `arc_content` WHERE ( arc_id=14 ) LIMIT 1   [ RunTime:0.000266s ]
SQL: SHOW COLUMNS FROM `category` [ RunTime:0.005492s ]
SQL: SELECT * FROM `category`  [ RunTime:0.000497s ]
INFO: [ view_parse ] --START--
INFO: [ template_filter ] --START--
INFO: Run Behavior\ContentReplaceBehavior [ RunTime:0.000105s ]
INFO: [ template_filter ] --END-- [ RunTime:0.000229s ]
INFO: Run Behavior\ParseTemplateBehavior [ RunTime:0.019473s ]
INFO: [ view_parse ] --END-- [ RunTime:0.019620s ]
INFO: [ view_filter ] --START--
INFO: Run Behavior\WriteHtmlCacheBehavior [ RunTime:0.001025s ]
INFO: Run Behavior\TokenBuildBehavior [ RunTime:0.001361s ]
INFO: [ view_filter ] --END-- [ RunTime:0.002591s ]
INFO: [ app_end ] --START--
INFO: Run Behavior\ShowPageTraceBehavior [ RunTime:0.001540s ]
INFO: [ app_end ] --END-- [ RunTime:0.001667s ]

[ 2014-04-16T10:48:58+08:00 ] 127.0.0.100 /diguniu/index.php?m=Admin&c=Article&a=edit
INFO: [ app_init ] --START--
INFO: Run Behavior\BuildLiteBehavior [ RunTime:0.000031s ]
INFO: [ app_init ] --END-- [ RunTime:0.001043s ]
INFO: [ app_begin ] --START--
INFO: Run Behavior\ReadHtmlCacheBehavior [ RunTime:0.001345s ]
INFO: [ app_begin ] --END-- [ RunTime:0.001487s ]
SQL: SHOW COLUMNS FROM `admin` [ RunTime:0.005745s ]
SQL: SELECT COUNT(*) AS tp_count FROM `admin` WHERE ( username='wanghexiang'and password='96e79218965eb72c92a549dd5a330112' ) LIMIT 1   [ RunTime:0.000579s ]
SQL: SHOW COLUMNS FROM `article` [ RunTime:0.005650s ]
SQL: SHOW COLUMNS FROM `arc_content` [ RunTime:0.005723s ]
SQL: SELECT * FROM `article` WHERE ( id= ) LIMIT 1   [ RunTime:0.000249s ]
ERR: 1064:You have an error in your SQL syntax; check the manual that corresponds to your MySQL server version for the right syntax to use near ') LIMIT 1' at line 1
 [ SQL语句 ] : SELECT * FROM `article` WHERE ( id= ) LIMIT 1  
SQL: SELECT * FROM `arc_content` WHERE ( arc_id= ) LIMIT 1   [ RunTime:0.000149s ]
ERR: 1064:You have an error in your SQL syntax; check the manual that corresponds to your MySQL server version for the right syntax to use near ') LIMIT 1' at line 1
 [ SQL语句 ] : SELECT * FROM `arc_content` WHERE ( arc_id= ) LIMIT 1  
SQL: SHOW COLUMNS FROM `category` [ RunTime:0.005291s ]
SQL: SELECT * FROM `category`  [ RunTime:0.000464s ]
INFO: [ view_parse ] --START--
INFO: [ template_filter ] --START--
INFO: Run Behavior\ContentReplaceBehavior [ RunTime:0.000108s ]
INFO: [ template_filter ] --END-- [ RunTime:0.000236s ]
INFO: Run Behavior\ParseTemplateBehavior [ RunTime:0.018982s ]
INFO: [ view_parse ] --END-- [ RunTime:0.019148s ]
INFO: [ view_filter ] --START--
INFO: Run Behavior\WriteHtmlCacheBehavior [ RunTime:0.000991s ]
INFO: Run Behavior\TokenBuildBehavior [ RunTime:0.001314s ]
INFO: [ view_filter ] --END-- [ RunTime:0.002504s ]
INFO: [ app_end ] --START--
INFO: Run Behavior\ShowPageTraceBehavior [ RunTime:0.001597s ]
INFO: [ app_end ] --END-- [ RunTime:0.001722s ]

[ 2014-04-16T10:48:59+08:00 ] 127.0.0.100 /diguniu/index.php?m=Admin&c=Category&a=edit
INFO: [ app_init ] --START--
INFO: Run Behavior\BuildLiteBehavior [ RunTime:0.000032s ]
INFO: [ app_init ] --END-- [ RunTime:0.001084s ]
INFO: [ app_begin ] --START--
INFO: Run Behavior\ReadHtmlCacheBehavior [ RunTime:0.001346s ]
INFO: [ app_begin ] --END-- [ RunTime:0.001496s ]
SQL: SHOW COLUMNS FROM `admin` [ RunTime:0.006669s ]
SQL: SELECT COUNT(*) AS tp_count FROM `admin` WHERE ( username='wanghexiang'and password='96e79218965eb72c92a549dd5a330112' ) LIMIT 1   [ RunTime:0.000486s ]
SQL: SHOW COLUMNS FROM `category` [ RunTime:0.005265s ]
SQL: SELECT * FROM `category` WHERE ( id='' ) LIMIT 1   [ RunTime:0.000483s ]
SQL: SELECT * FROM `category`  [ RunTime:0.000267s ]
NOTIC: [8] Undefined variable: base_category E:\www\code\diguniu\Application\Admin\Controller\CategoryController.class.php 第 38 行.
INFO: [ view_parse ] --START--
INFO: [ template_filter ] --START--
INFO: Run Behavior\ContentReplaceBehavior [ RunTime:0.000101s ]
INFO: [ template_filter ] --END-- [ RunTime:0.000290s ]
INFO: Run Behavior\ParseTemplateBehavior [ RunTime:0.017712s ]
INFO: [ view_parse ] --END-- [ RunTime:0.017854s ]
INFO: [ view_filter ] --START--
INFO: Run Behavior\WriteHtmlCacheBehavior [ RunTime:0.001039s ]
INFO: Run Behavior\TokenBuildBehavior [ RunTime:0.001320s ]
INFO: [ view_filter ] --END-- [ RunTime:0.002573s ]
INFO: [ app_end ] --START--
INFO: Run Behavior\ShowPageTraceBehavior [ RunTime:0.001494s ]
INFO: [ app_end ] --END-- [ RunTime:0.001627s ]

[ 2014-04-16T10:49:01+08:00 ] 127.0.0.100 /diguniu/index.php?m=Admin&c=Category&a=category_list
INFO: [ app_init ] --START--
INFO: Run Behavior\BuildLiteBehavior [ RunTime:0.000031s ]
INFO: [ app_init ] --END-- [ RunTime:0.001067s ]
INFO: [ app_begin ] --START--
INFO: Run Behavior\ReadHtmlCacheBehavior [ RunTime:0.001341s ]
INFO: [ app_begin ] --END-- [ RunTime:0.001487s ]
SQL: SHOW COLUMNS FROM `admin` [ RunTime:0.006011s ]
SQL: SELECT COUNT(*) AS tp_count FROM `admin` WHERE ( username='wanghexiang'and password='96e79218965eb72c92a549dd5a330112' ) LIMIT 1   [ RunTime:0.000482s ]
SQL: SHOW COLUMNS FROM `category` [ RunTime:0.005371s ]
SQL: SELECT * FROM `category`  [ RunTime:0.000427s ]
INFO: [ view_parse ] --START--
INFO: [ template_filter ] --START--
INFO: Run Behavior\ContentReplaceBehavior [ RunTime:0.000086s ]
INFO: [ template_filter ] --END-- [ RunTime:0.000204s ]
NOTIC: [8] Undefined variable: page E:\www\code\diguniu\Application\Runtime\Cache\Admin\46fc65ba2b7dc6249bfde48ce8661431.php 第 40 行.
INFO: Run Behavior\ParseTemplateBehavior [ RunTime:0.018392s ]
INFO: [ view_parse ] --END-- [ RunTime:0.018521s ]
INFO: [ view_filter ] --START--
INFO: Run Behavior\WriteHtmlCacheBehavior [ RunTime:0.001424s ]
INFO: Run Behavior\TokenBuildBehavior [ RunTime:0.001269s ]
INFO: [ view_filter ] --END-- [ RunTime:0.002907s ]
INFO: [ app_end ] --START--
INFO: Run Behavior\ShowPageTraceBehavior [ RunTime:0.001440s ]
INFO: [ app_end ] --END-- [ RunTime:0.001568s ]

[ 2014-04-16T10:49:03+08:00 ] 127.0.0.100 /diguniu/index.php?m=Admin&c=Admin&a=edit
INFO: [ app_init ] --START--
INFO: Run Behavior\BuildLiteBehavior [ RunTime:0.000033s ]
INFO: [ app_init ] --END-- [ RunTime:0.001206s ]
INFO: [ app_begin ] --START--
INFO: Run Behavior\ReadHtmlCacheBehavior [ RunTime:0.001343s ]
INFO: [ app_begin ] --END-- [ RunTime:0.001491s ]
SQL: SHOW COLUMNS FROM `admin` [ RunTime:0.005969s ]
SQL: SELECT COUNT(*) AS tp_count FROM `admin` WHERE ( username='wanghexiang'and password='96e79218965eb72c92a549dd5a330112' ) LIMIT 1   [ RunTime:0.000796s ]
NOTIC: [8] Undefined index: id E:\www\code\diguniu\Application\Admin\Controller\AdminController.class.php 第 16 行.
SQL: SELECT * FROM `admin` WHERE ( id= ) LIMIT 1   [ RunTime:0.000508s ]
ERR: 1064:You have an error in your SQL syntax; check the manual that corresponds to your MySQL server version for the right syntax to use near ') LIMIT 1' at line 1
 [ SQL语句 ] : SELECT * FROM `admin` WHERE ( id= ) LIMIT 1  
INFO: [ view_parse ] --START--
INFO: [ template_filter ] --START--
INFO: Run Behavior\ContentReplaceBehavior [ RunTime:0.000098s ]
INFO: [ template_filter ] --END-- [ RunTime:0.000221s ]
INFO: Run Behavior\ParseTemplateBehavior [ RunTime:0.016224s ]
INFO: [ view_parse ] --END-- [ RunTime:0.016385s ]
INFO: [ view_filter ] --START--
INFO: Run Behavior\WriteHtmlCacheBehavior [ RunTime:0.000957s ]
INFO: Run Behavior\TokenBuildBehavior [ RunTime:0.001308s ]
INFO: [ view_filter ] --END-- [ RunTime:0.002472s ]
INFO: [ app_end ] --START--
INFO: Run Behavior\ShowPageTraceBehavior [ RunTime:0.001548s ]
INFO: [ app_end ] --END-- [ RunTime:0.001683s ]

[ 2014-04-16T10:49:05+08:00 ] 127.0.0.100 /diguniu/index.php?m=Admin&c=Admin&a=admin_list
INFO: [ app_init ] --START--
INFO: Run Behavior\BuildLiteBehavior [ RunTime:0.000031s ]
INFO: [ app_init ] --END-- [ RunTime:0.001061s ]
INFO: [ app_begin ] --START--
INFO: Run Behavior\ReadHtmlCacheBehavior [ RunTime:0.001341s ]
INFO: [ app_begin ] --END-- [ RunTime:0.001490s ]
SQL: SHOW COLUMNS FROM `admin` [ RunTime:0.005803s ]
SQL: SELECT COUNT(*) AS tp_count FROM `admin` WHERE ( username='wanghexiang'and password='96e79218965eb72c92a549dd5a330112' ) LIMIT 1   [ RunTime:0.000552s ]
SQL: SELECT * FROM `admin` LIMIT 0,10   [ RunTime:0.000440s ]
SQL: SELECT COUNT(*) AS tp_count FROM `admin` LIMIT 1   [ RunTime:0.000208s ]
INFO: [ view_parse ] --START--
INFO: [ template_filter ] --START--
INFO: Run Behavior\ContentReplaceBehavior [ RunTime:0.000087s ]
INFO: [ template_filter ] --END-- [ RunTime:0.000202s ]
INFO: Run Behavior\ParseTemplateBehavior [ RunTime:0.017893s ]
INFO: [ view_parse ] --END-- [ RunTime:0.018044s ]
INFO: [ view_filter ] --START--
INFO: Run Behavior\WriteHtmlCacheBehavior [ RunTime:0.000971s ]
INFO: Run Behavior\TokenBuildBehavior [ RunTime:0.001266s ]
INFO: [ view_filter ] --END-- [ RunTime:0.002433s ]
INFO: [ app_end ] --START--
INFO: Run Behavior\ShowPageTraceBehavior [ RunTime:0.001608s ]
INFO: [ app_end ] --END-- [ RunTime:0.001740s ]

[ 2014-04-16T10:49:07+08:00 ] 127.0.0.100 /diguniu/index.php?m=Admin&c=Article&a=article_list
INFO: [ app_init ] --START--
INFO: Run Behavior\BuildLiteBehavior [ RunTime:0.000033s ]
INFO: [ app_init ] --END-- [ RunTime:0.001419s ]
INFO: [ app_begin ] --START--
INFO: Run Behavior\ReadHtmlCacheBehavior [ RunTime:0.001351s ]
INFO: [ app_begin ] --END-- [ RunTime:0.001496s ]
SQL: SHOW COLUMNS FROM `admin` [ RunTime:0.005747s ]
SQL: SELECT COUNT(*) AS tp_count FROM `admin` WHERE ( username='wanghexiang'and password='96e79218965eb72c92a549dd5a330112' ) LIMIT 1   [ RunTime:0.000509s ]
SQL: SHOW COLUMNS FROM `article` [ RunTime:0.005853s ]
SQL: SELECT * FROM `article`  [ RunTime:0.000654s ]
INFO: [ view_parse ] --START--
INFO: [ template_filter ] --START--
INFO: Run Behavior\ContentReplaceBehavior [ RunTime:0.000089s ]
INFO: [ template_filter ] --END-- [ RunTime:0.000215s ]
NOTIC: [8] Undefined variable: page E:\www\code\diguniu\Application\Runtime\Cache\Admin\f68c5a1a42542d9b876352dd3eb66abd.php 第 41 行.
INFO: Run Behavior\ParseTemplateBehavior [ RunTime:0.018460s ]
INFO: [ view_parse ] --END-- [ RunTime:0.018578s ]
INFO: [ view_filter ] --START--
INFO: Run Behavior\WriteHtmlCacheBehavior [ RunTime:0.000981s ]
INFO: Run Behavior\TokenBuildBehavior [ RunTime:0.001917s ]
INFO: [ view_filter ] --END-- [ RunTime:0.003118s ]
INFO: [ app_end ] --START--
INFO: Run Behavior\ShowPageTraceBehavior [ RunTime:0.001588s ]
INFO: [ app_end ] --END-- [ RunTime:0.001728s ]

[ 2014-04-16T10:49:17+08:00 ] 127.0.0.100 /diguniu/index.php?m=Admin&c=Article&a=delete&id=17
INFO: [ app_init ] --START--
INFO: Run Behavior\BuildLiteBehavior [ RunTime:0.000030s ]
INFO: [ app_init ] --END-- [ RunTime:0.001313s ]
INFO: [ app_begin ] --START--
INFO: Run Behavior\ReadHtmlCacheBehavior [ RunTime:0.001915s ]
INFO: [ app_begin ] --END-- [ RunTime:0.002066s ]
SQL: SHOW COLUMNS FROM `admin` [ RunTime:0.005494s ]
SQL: SELECT COUNT(*) AS tp_count FROM `admin` WHERE ( username='wanghexiang'and password='96e79218965eb72c92a549dd5a330112' ) LIMIT 1   [ RunTime:0.000482s ]
ERR: 非法操作:delete

[ 2014-04-16T10:49:25+08:00 ] 127.0.0.100 /diguniu/index.php?m=Admin&c=Article&a=article_list
INFO: [ app_init ] --START--
INFO: Run Behavior\BuildLiteBehavior [ RunTime:0.000031s ]
INFO: [ app_init ] --END-- [ RunTime:0.001110s ]
INFO: [ app_begin ] --START--
INFO: Run Behavior\ReadHtmlCacheBehavior [ RunTime:0.001375s ]
INFO: [ app_begin ] --END-- [ RunTime:0.001576s ]
SQL: SHOW COLUMNS FROM `admin` [ RunTime:0.005486s ]
SQL: SELECT COUNT(*) AS tp_count FROM `admin` WHERE ( username='wanghexiang'and password='96e79218965eb72c92a549dd5a330112' ) LIMIT 1   [ RunTime:0.000515s ]
SQL: SHOW COLUMNS FROM `article` [ RunTime:0.005489s ]
SQL: SELECT * FROM `article`  [ RunTime:0.000480s ]
INFO: [ view_parse ] --START--
INFO: [ template_filter ] --START--
INFO: Run Behavior\ContentReplaceBehavior [ RunTime:0.000089s ]
INFO: [ template_filter ] --END-- [ RunTime:0.000210s ]
NOTIC: [8] Undefined variable: page E:\www\code\diguniu\Application\Runtime\Cache\Admin\f68c5a1a42542d9b876352dd3eb66abd.php 第 41 行.
INFO: Run Behavior\ParseTemplateBehavior [ RunTime:0.021839s ]
INFO: [ view_parse ] --END-- [ RunTime:0.021971s ]
INFO: [ view_filter ] --START--
INFO: Run Behavior\WriteHtmlCacheBehavior [ RunTime:0.001440s ]
INFO: Run Behavior\TokenBuildBehavior [ RunTime:0.001703s ]
INFO: [ view_filter ] --END-- [ RunTime:0.003357s ]
INFO: [ app_end ] --START--
INFO: Run Behavior\ShowPageTraceBehavior [ RunTime:0.002218s ]
INFO: [ app_end ] --END-- [ RunTime:0.002343s ]

[ 2014-04-16T10:49:33+08:00 ] 127.0.0.100 /diguniu/index.php?m=Admin&c=Article&a=delete&id=17
INFO: [ app_init ] --START--
INFO: Run Behavior\BuildLiteBehavior [ RunTime:0.000032s ]
INFO: [ app_init ] --END-- [ RunTime:0.001070s ]
INFO: [ app_begin ] --START--
INFO: Run Behavior\ReadHtmlCacheBehavior [ RunTime:0.001347s ]
INFO: [ app_begin ] --END-- [ RunTime:0.001494s ]
SQL: SHOW COLUMNS FROM `admin` [ RunTime:0.006130s ]
SQL: SELECT COUNT(*) AS tp_count FROM `admin` WHERE ( username='wanghexiang'and password='96e79218965eb72c92a549dd5a330112' ) LIMIT 1   [ RunTime:0.000475s ]
ERR: 非法操作:delete

[ 2014-04-16T10:49:36+08:00 ] 127.0.0.100 /diguniu/index.php?m=Admin&c=Article&a=article_list
INFO: [ app_init ] --START--
INFO: Run Behavior\BuildLiteBehavior [ RunTime:0.000031s ]
INFO: [ app_init ] --END-- [ RunTime:0.001036s ]
INFO: [ app_begin ] --START--
INFO: Run Behavior\ReadHtmlCacheBehavior [ RunTime:0.001353s ]
INFO: [ app_begin ] --END-- [ RunTime:0.001501s ]
SQL: SHOW COLUMNS FROM `admin` [ RunTime:0.005601s ]
SQL: SELECT COUNT(*) AS tp_count FROM `admin` WHERE ( username='wanghexiang'and password='96e79218965eb72c92a549dd5a330112' ) LIMIT 1   [ RunTime:0.000653s ]
SQL: SHOW COLUMNS FROM `article` [ RunTime:0.006257s ]
SQL: SELECT * FROM `article`  [ RunTime:0.000922s ]
INFO: [ view_parse ] --START--
INFO: [ template_filter ] --START--
INFO: Run Behavior\ContentReplaceBehavior [ RunTime:0.000088s ]
INFO: [ template_filter ] --END-- [ RunTime:0.000218s ]
NOTIC: [8] Undefined variable: page E:\www\code\diguniu\Application\Runtime\Cache\Admin\f68c5a1a42542d9b876352dd3eb66abd.php 第 41 行.
INFO: Run Behavior\ParseTemplateBehavior [ RunTime:0.017403s ]
INFO: [ view_parse ] --END-- [ RunTime:0.017515s ]
INFO: [ view_filter ] --START--
INFO: Run Behavior\WriteHtmlCacheBehavior [ RunTime:0.000962s ]
INFO: Run Behavior\TokenBuildBehavior [ RunTime:0.001285s ]
INFO: [ view_filter ] --END-- [ RunTime:0.002451s ]
INFO: [ app_end ] --START--
INFO: Run Behavior\ShowPageTraceBehavior [ RunTime:0.001424s ]
INFO: [ app_end ] --END-- [ RunTime:0.001553s ]

[ 2014-04-16T10:55:14+08:00 ] 127.0.0.100 /diguniu/index.php?m=Admin&c=Article&a=edit&id=15
INFO: [ app_init ] --START--
INFO: Run Behavior\BuildLiteBehavior [ RunTime:0.000032s ]
INFO: [ app_init ] --END-- [ RunTime:0.001283s ]
INFO: [ app_begin ] --START--
INFO: Run Behavior\ReadHtmlCacheBehavior [ RunTime:0.002229s ]
INFO: [ app_begin ] --END-- [ RunTime:0.002384s ]
SQL: SHOW COLUMNS FROM `admin` [ RunTime:0.005910s ]
SQL: SELECT COUNT(*) AS tp_count FROM `admin` WHERE ( username='wanghexiang'and password='96e79218965eb72c92a549dd5a330112' ) LIMIT 1   [ RunTime:0.000481s ]
SQL: SHOW COLUMNS FROM `article` [ RunTime:0.006275s ]
SQL: SHOW COLUMNS FROM `arc_content` [ RunTime:0.005910s ]
SQL: SELECT * FROM `article` WHERE ( id=15 ) LIMIT 1   [ RunTime:0.000534s ]
SQL: SELECT * FROM `arc_content` WHERE ( arc_id=15 ) LIMIT 1   [ RunTime:0.000300s ]
SQL: SHOW COLUMNS FROM `category` [ RunTime:0.005724s ]
SQL: SELECT * FROM `category`  [ RunTime:0.000429s ]
INFO: [ view_parse ] --START--
INFO: [ template_filter ] --START--
INFO: Run Behavior\ContentReplaceBehavior [ RunTime:0.000104s ]
INFO: [ template_filter ] --END-- [ RunTime:0.000233s ]
INFO: Run Behavior\ParseTemplateBehavior [ RunTime:0.020949s ]
INFO: [ view_parse ] --END-- [ RunTime:0.021103s ]
INFO: [ view_filter ] --START--
INFO: Run Behavior\WriteHtmlCacheBehavior [ RunTime:0.001362s ]
INFO: Run Behavior\TokenBuildBehavior [ RunTime:0.002037s ]
INFO: [ view_filter ] --END-- [ RunTime:0.003642s ]
INFO: [ app_end ] --START--
INFO: Run Behavior\ShowPageTraceBehavior [ RunTime:0.001906s ]
INFO: [ app_end ] --END-- [ RunTime:0.002032s ]

[ 2014-04-16T10:55:22+08:00 ] 127.0.0.100 /diguniu/index.php?m=Admin&c=Category&a=edit
INFO: [ app_init ] --START--
INFO: Run Behavior\BuildLiteBehavior [ RunTime:0.000031s ]
INFO: [ app_init ] --END-- [ RunTime:0.001063s ]
INFO: [ app_begin ] --START--
INFO: Run Behavior\ReadHtmlCacheBehavior [ RunTime:0.001339s ]
INFO: [ app_begin ] --END-- [ RunTime:0.001485s ]
SQL: SHOW COLUMNS FROM `admin` [ RunTime:0.005588s ]
SQL: SELECT COUNT(*) AS tp_count FROM `admin` WHERE ( username='wanghexiang'and password='96e79218965eb72c92a549dd5a330112' ) LIMIT 1   [ RunTime:0.000604s ]
SQL: SHOW COLUMNS FROM `category` [ RunTime:0.005401s ]
SQL: SELECT * FROM `category` WHERE ( id='' ) LIMIT 1   [ RunTime:0.000431s ]
SQL: SELECT * FROM `category`  [ RunTime:0.000271s ]
NOTIC: [8] Undefined variable: base_category E:\www\code\diguniu\Application\Admin\Controller\CategoryController.class.php 第 38 行.
INFO: [ view_parse ] --START--
INFO: [ template_filter ] --START--
INFO: Run Behavior\ContentReplaceBehavior [ RunTime:0.000099s ]
INFO: [ template_filter ] --END-- [ RunTime:0.000222s ]
INFO: Run Behavior\ParseTemplateBehavior [ RunTime:0.016687s ]
INFO: [ view_parse ] --END-- [ RunTime:0.016849s ]
INFO: [ view_filter ] --START--
INFO: Run Behavior\WriteHtmlCacheBehavior [ RunTime:0.000947s ]
INFO: Run Behavior\TokenBuildBehavior [ RunTime:0.001276s ]
INFO: [ view_filter ] --END-- [ RunTime:0.002421s ]
INFO: [ app_end ] --START--
INFO: Run Behavior\ShowPageTraceBehavior [ RunTime:0.001603s ]
INFO: [ app_end ] --END-- [ RunTime:0.001734s ]

[ 2014-04-16T10:55:23+08:00 ] 127.0.0.100 /diguniu/index.php?m=Admin&c=Category&a=category_list
INFO: [ app_init ] --START--
INFO: Run Behavior\BuildLiteBehavior [ RunTime:0.000031s ]
INFO: [ app_init ] --END-- [ RunTime:0.001062s ]
INFO: [ app_begin ] --START--
INFO: Run Behavior\ReadHtmlCacheBehavior [ RunTime:0.001638s ]
INFO: [ app_begin ] --END-- [ RunTime:0.001797s ]
SQL: SHOW COLUMNS FROM `admin` [ RunTime:0.006973s ]
SQL: SELECT COUNT(*) AS tp_count FROM `admin` WHERE ( username='wanghexiang'and password='96e79218965eb72c92a549dd5a330112' ) LIMIT 1   [ RunTime:0.000549s ]
SQL: SHOW COLUMNS FROM `category` [ RunTime:0.005579s ]
SQL: SELECT * FROM `category`  [ RunTime:0.000794s ]
INFO: [ view_parse ] --START--
INFO: [ template_filter ] --START--
INFO: Run Behavior\ContentReplaceBehavior [ RunTime:0.000084s ]
INFO: [ template_filter ] --END-- [ RunTime:0.000204s ]
NOTIC: [8] Undefined variable: page E:\www\code\diguniu\Application\Runtime\Cache\Admin\46fc65ba2b7dc6249bfde48ce8661431.php 第 40 行.
INFO: Run Behavior\ParseTemplateBehavior [ RunTime:0.017698s ]
INFO: [ view_parse ] --END-- [ RunTime:0.017828s ]
INFO: [ view_filter ] --START--
INFO: Run Behavior\WriteHtmlCacheBehavior [ RunTime:0.000980s ]
INFO: Run Behavior\TokenBuildBehavior [ RunTime:0.001190s ]
INFO: [ view_filter ] --END-- [ RunTime:0.002371s ]
INFO: [ app_end ] --START--
INFO: Run Behavior\ShowPageTraceBehavior [ RunTime:0.001492s ]
INFO: [ app_end ] --END-- [ RunTime:0.001622s ]

[ 2014-04-16T10:55:25+08:00 ] 127.0.0.100 /diguniu/index.php?m=Admin&c=Article&a=edit
INFO: [ app_init ] --START--
INFO: Run Behavior\BuildLiteBehavior [ RunTime:0.000031s ]
INFO: [ app_init ] --END-- [ RunTime:0.001055s ]
INFO: [ app_begin ] --START--
INFO: Run Behavior\ReadHtmlCacheBehavior [ RunTime:0.001327s ]
INFO: [ app_begin ] --END-- [ RunTime:0.001476s ]
SQL: SHOW COLUMNS FROM `admin` [ RunTime:0.005656s ]
SQL: SELECT COUNT(*) AS tp_count FROM `admin` WHERE ( username='wanghexiang'and password='96e79218965eb72c92a549dd5a330112' ) LIMIT 1   [ RunTime:0.000466s ]
SQL: SHOW COLUMNS FROM `article` [ RunTime:0.006163s ]
SQL: SHOW COLUMNS FROM `arc_content` [ RunTime:0.005473s ]
SQL: SELECT * FROM `article` WHERE ( id= ) LIMIT 1   [ RunTime:0.000219s ]
ERR: 1064:You have an error in your SQL syntax; check the manual that corresponds to your MySQL server version for the right syntax to use near ') LIMIT 1' at line 1
 [ SQL语句 ] : SELECT * FROM `article` WHERE ( id= ) LIMIT 1  
SQL: SELECT * FROM `arc_content` WHERE ( arc_id= ) LIMIT 1   [ RunTime:0.000148s ]
ERR: 1064:You have an error in your SQL syntax; check the manual that corresponds to your MySQL server version for the right syntax to use near ') LIMIT 1' at line 1
 [ SQL语句 ] : SELECT * FROM `arc_content` WHERE ( arc_id= ) LIMIT 1  
SQL: SHOW COLUMNS FROM `category` [ RunTime:0.005797s ]
SQL: SELECT * FROM `category`  [ RunTime:0.000437s ]
INFO: [ view_parse ] --START--
INFO: [ template_filter ] --START--
INFO: Run Behavior\ContentReplaceBehavior [ RunTime:0.000106s ]
INFO: [ template_filter ] --END-- [ RunTime:0.000225s ]
INFO: Run Behavior\ParseTemplateBehavior [ RunTime:0.016896s ]
INFO: [ view_parse ] --END-- [ RunTime:0.017048s ]
INFO: [ view_filter ] --START--
INFO: Run Behavior\WriteHtmlCacheBehavior [ RunTime:0.000969s ]
INFO: Run Behavior\TokenBuildBehavior [ RunTime:0.001297s ]
INFO: [ view_filter ] --END-- [ RunTime:0.002467s ]
INFO: [ app_end ] --START--
INFO: Run Behavior\ShowPageTraceBehavior [ RunTime:0.001486s ]
INFO: [ app_end ] --END-- [ RunTime:0.001615s ]

[ 2014-04-16T10:55:26+08:00 ] 127.0.0.100 /diguniu/index.php?m=Admin&c=Article&a=article_list
INFO: [ app_init ] --START--
INFO: Run Behavior\BuildLiteBehavior [ RunTime:0.000033s ]
INFO: [ app_init ] --END-- [ RunTime:0.001192s ]
INFO: [ app_begin ] --START--
INFO: Run Behavior\ReadHtmlCacheBehavior [ RunTime:0.001722s ]
INFO: [ app_begin ] --END-- [ RunTime:0.001872s ]
SQL: SHOW COLUMNS FROM `admin` [ RunTime:0.005406s ]
SQL: SELECT COUNT(*) AS tp_count FROM `admin` WHERE ( username='wanghexiang'and password='96e79218965eb72c92a549dd5a330112' ) LIMIT 1   [ RunTime:0.000435s ]
SQL: SHOW COLUMNS FROM `article` [ RunTime:0.005879s ]
SQL: SELECT * FROM `article`  [ RunTime:0.000487s ]
INFO: [ view_parse ] --START--
INFO: [ template_filter ] --START--
INFO: Run Behavior\ContentReplaceBehavior [ RunTime:0.000090s ]
INFO: [ template_filter ] --END-- [ RunTime:0.000223s ]
NOTIC: [8] Undefined variable: page E:\www\code\diguniu\Application\Runtime\Cache\Admin\f68c5a1a42542d9b876352dd3eb66abd.php 第 41 行.
INFO: Run Behavior\ParseTemplateBehavior [ RunTime:0.018378s ]
INFO: [ view_parse ] --END-- [ RunTime:0.018499s ]
INFO: [ view_filter ] --START--
INFO: Run Behavior\WriteHtmlCacheBehavior [ RunTime:0.001032s ]
INFO: Run Behavior\TokenBuildBehavior [ RunTime:0.001550s ]
INFO: [ view_filter ] --END-- [ RunTime:0.002882s ]
INFO: [ app_end ] --START--
INFO: Run Behavior\ShowPageTraceBehavior [ RunTime:0.001746s ]
INFO: [ app_end ] --END-- [ RunTime:0.001880s ]

[ 2014-04-16T10:55:27+08:00 ] 127.0.0.100 /diguniu/index.php?m=Admin&c=Admin&a=edit
INFO: [ app_init ] --START--
INFO: Run Behavior\BuildLiteBehavior [ RunTime:0.000036s ]
INFO: [ app_init ] --END-- [ RunTime:0.001470s ]
INFO: [ app_begin ] --START--
INFO: Run Behavior\ReadHtmlCacheBehavior [ RunTime:0.002232s ]
INFO: [ app_begin ] --END-- [ RunTime:0.002506s ]
SQL: SHOW COLUMNS FROM `admin` [ RunTime:0.006493s ]
SQL: SELECT COUNT(*) AS tp_count FROM `admin` WHERE ( username='wanghexiang'and password='96e79218965eb72c92a549dd5a330112' ) LIMIT 1   [ RunTime:0.000539s ]
NOTIC: [8] Undefined index: id E:\www\code\diguniu\Application\Admin\Controller\AdminController.class.php 第 16 行.
SQL: SELECT * FROM `admin` WHERE ( id= ) LIMIT 1   [ RunTime:0.000259s ]
ERR: 1064:You have an error in your SQL syntax; check the manual that corresponds to your MySQL server version for the right syntax to use near ') LIMIT 1' at line 1
 [ SQL语句 ] : SELECT * FROM `admin` WHERE ( id= ) LIMIT 1  
INFO: [ view_parse ] --START--
INFO: [ template_filter ] --START--
INFO: Run Behavior\ContentReplaceBehavior [ RunTime:0.000095s ]
INFO: [ template_filter ] --END-- [ RunTime:0.000221s ]
INFO: Run Behavior\ParseTemplateBehavior [ RunTime:0.022700s ]
INFO: [ view_parse ] --END-- [ RunTime:0.022850s ]
INFO: [ view_filter ] --START--
INFO: Run Behavior\WriteHtmlCacheBehavior [ RunTime:0.003876s ]
INFO: Run Behavior\TokenBuildBehavior [ RunTime:0.002159s ]
INFO: [ view_filter ] --END-- [ RunTime:0.006290s ]
INFO: [ app_end ] --START--
INFO: Run Behavior\ShowPageTraceBehavior [ RunTime:0.002290s ]
INFO: [ app_end ] --END-- [ RunTime:0.002423s ]

[ 2014-04-16T10:55:28+08:00 ] 127.0.0.100 /diguniu/index.php?m=Admin&c=Admin&a=admin_list
INFO: [ app_init ] --START--
INFO: Run Behavior\BuildLiteBehavior [ RunTime:0.000034s ]
INFO: [ app_init ] --END-- [ RunTime:0.001154s ]
INFO: [ app_begin ] --START--
INFO: Run Behavior\ReadHtmlCacheBehavior [ RunTime:0.001377s ]
INFO: [ app_begin ] --END-- [ RunTime:0.001527s ]
SQL: SHOW COLUMNS FROM `admin` [ RunTime:0.005388s ]
SQL: SELECT COUNT(*) AS tp_count FROM `admin` WHERE ( username='wanghexiang'and password='96e79218965eb72c92a549dd5a330112' ) LIMIT 1   [ RunTime:0.000433s ]
SQL: SELECT * FROM `admin` LIMIT 0,10   [ RunTime:0.000283s ]
SQL: SELECT COUNT(*) AS tp_count FROM `admin` LIMIT 1   [ RunTime:0.000182s ]
INFO: [ view_parse ] --START--
INFO: [ template_filter ] --START--
INFO: Run Behavior\ContentReplaceBehavior [ RunTime:0.000088s ]
INFO: [ template_filter ] --END-- [ RunTime:0.000205s ]
INFO: Run Behavior\ParseTemplateBehavior [ RunTime:0.017944s ]
INFO: [ view_parse ] --END-- [ RunTime:0.018089s ]
INFO: [ view_filter ] --START--
INFO: Run Behavior\WriteHtmlCacheBehavior [ RunTime:0.000980s ]
INFO: Run Behavior\TokenBuildBehavior [ RunTime:0.001246s ]
INFO: [ view_filter ] --END-- [ RunTime:0.002447s ]
INFO: [ app_end ] --START--
INFO: Run Behavior\ShowPageTraceBehavior [ RunTime:0.001651s ]
INFO: [ app_end ] --END-- [ RunTime:0.001784s ]

[ 2014-04-16T10:55:30+08:00 ] 127.0.0.100 /diguniu/index.php?m=Admin&c=Admin&a=admin_list
INFO: [ app_init ] --START--
INFO: Run Behavior\BuildLiteBehavior [ RunTime:0.000032s ]
INFO: [ app_init ] --END-- [ RunTime:0.001072s ]
INFO: [ app_begin ] --START--
INFO: Run Behavior\ReadHtmlCacheBehavior [ RunTime:0.001465s ]
INFO: [ app_begin ] --END-- [ RunTime:0.001613s ]
SQL: SHOW COLUMNS FROM `admin` [ RunTime:0.005394s ]
SQL: SELECT COUNT(*) AS tp_count FROM `admin` WHERE ( username='wanghexiang'and password='96e79218965eb72c92a549dd5a330112' ) LIMIT 1   [ RunTime:0.000436s ]
SQL: SELECT * FROM `admin` LIMIT 0,10   [ RunTime:0.000287s ]
SQL: SELECT COUNT(*) AS tp_count FROM `admin` LIMIT 1   [ RunTime:0.000256s ]
INFO: [ view_parse ] --START--
INFO: [ template_filter ] --START--
INFO: Run Behavior\ContentReplaceBehavior [ RunTime:0.000090s ]
INFO: [ template_filter ] --END-- [ RunTime:0.000210s ]
INFO: Run Behavior\ParseTemplateBehavior [ RunTime:0.018158s ]
INFO: [ view_parse ] --END-- [ RunTime:0.018297s ]
INFO: [ view_filter ] --START--
INFO: Run Behavior\WriteHtmlCacheBehavior [ RunTime:0.001003s ]
INFO: Run Behavior\TokenBuildBehavior [ RunTime:0.001242s ]
INFO: [ view_filter ] --END-- [ RunTime:0.002445s ]
INFO: [ app_end ] --START--
INFO: Run Behavior\ShowPageTraceBehavior [ RunTime:0.002103s ]
INFO: [ app_end ] --END-- [ RunTime:0.002236s ]

