[ 2014-03-25T11:26:28+08:00 ] 127.0.0.100 /diguniu/
INFO: [ app_init ] --START--
INFO: Run Behavior\BuildLiteBehavior [ RunTime:0.000033s ]
INFO: [ app_init ] --END-- [ RunTime:0.019122s ]

[ 2014-03-25T11:26:29+08:00 ] 127.0.0.100 /diguniu/index.php?m=Admin&c=Index&a=left
INFO: [ app_init ] --START--
INFO: Run Behavior\BuildLiteBehavior [ RunTime:0.000036s ]
INFO: [ app_init ] --END-- [ RunTime:0.004080s ]

[ 2014-03-25T11:26:29+08:00 ] 127.0.0.100 /diguniu/index.php?m=Admin&c=Index&a=main
INFO: [ app_init ] --START--
INFO: Run Behavior\BuildLiteBehavior [ RunTime:0.000033s ]
INFO: [ app_init ] --END-- [ RunTime:0.002213s ]

[ 2014-03-25T11:26:29+08:00 ] 127.0.0.100 /diguniu/index.php?m=Admin&c=Index&a=top
INFO: [ app_init ] --START--
INFO: Run Behavior\BuildLiteBehavior [ RunTime:0.000032s ]
INFO: [ app_init ] --END-- [ RunTime:0.001253s ]

[ 2014-03-25T11:26:35+08:00 ] 127.0.0.100 /diguniu/index.php?m=Admin&c=Admin&a=admin_list
INFO: [ app_init ] --START--
INFO: Run Behavior\BuildLiteBehavior [ RunTime:0.000032s ]
INFO: [ app_init ] --END-- [ RunTime:0.001305s ]

[ 2014-03-25T11:26:37+08:00 ] 127.0.0.100 /diguniu/index.php?m=Admin&c=Admin&a=edit
INFO: [ app_init ] --START--
INFO: Run Behavior\BuildLiteBehavior [ RunTime:0.000040s ]
INFO: [ app_init ] --END-- [ RunTime:0.001280s ]

[ 2014-03-25T11:26:41+08:00 ] 127.0.0.100 /diguniu/index.php?m=Admin&c=Admin&a=admin_list
INFO: [ app_init ] --START--
INFO: Run Behavior\BuildLiteBehavior [ RunTime:0.000032s ]
INFO: [ app_init ] --END-- [ RunTime:0.001252s ]

[ 2014-03-25T11:26:42+08:00 ] 127.0.0.100 /diguniu/index.php?m=Admin&c=Admin&a=edit
INFO: [ app_init ] --START--
INFO: Run Behavior\BuildLiteBehavior [ RunTime:0.000032s ]
INFO: [ app_init ] --END-- [ RunTime:0.001282s ]

[ 2014-03-25T11:26:43+08:00 ] 127.0.0.100 /diguniu/index.php?m=Admin&c=Admin&a=edit
INFO: [ app_init ] --START--
INFO: Run Behavior\BuildLiteBehavior [ RunTime:0.000033s ]
INFO: [ app_init ] --END-- [ RunTime:0.001262s ]

[ 2014-03-25T11:26:46+08:00 ] 127.0.0.100 /diguniu/index.php?m=Admin&c=Category&a=category_list
INFO: [ app_init ] --START--
INFO: Run Behavior\BuildLiteBehavior [ RunTime:0.000032s ]
INFO: [ app_init ] --END-- [ RunTime:0.001250s ]

[ 2014-03-25T11:26:49+08:00 ] 127.0.0.100 /diguniu/index.php?m=Admin&c=Category&a=edit
INFO: [ app_init ] --START--
INFO: Run Behavior\BuildLiteBehavior [ RunTime:0.000033s ]
INFO: [ app_init ] --END-- [ RunTime:0.001241s ]

[ 2014-03-25T11:26:52+08:00 ] 127.0.0.100 /diguniu/index.php?m=Admin&c=Admin&a=edit
INFO: [ app_init ] --START--
INFO: Run Behavior\BuildLiteBehavior [ RunTime:0.000032s ]
INFO: [ app_init ] --END-- [ RunTime:0.001282s ]

[ 2014-03-25T11:26:54+08:00 ] 127.0.0.100 /diguniu/index.php?m=Admin&c=Category&a=edit
INFO: [ app_init ] --START--
INFO: Run Behavior\BuildLiteBehavior [ RunTime:0.000032s ]
INFO: [ app_init ] --END-- [ RunTime:0.001250s ]

[ 2014-03-25T11:26:56+08:00 ] 127.0.0.100 /diguniu/index.php?m=Admin&c=Admin&a=edit
INFO: [ app_init ] --START--
INFO: Run Behavior\BuildLiteBehavior [ RunTime:0.000032s ]
INFO: [ app_init ] --END-- [ RunTime:0.001322s ]

[ 2014-03-25T11:30:12+08:00 ] 127.0.0.100 /diguniu/
INFO: [ app_init ] --START--
INFO: Run Behavior\BuildLiteBehavior [ RunTime:0.000032s ]
INFO: [ app_init ] --END-- [ RunTime:0.001282s ]

[ 2014-03-25T11:30:12+08:00 ] 127.0.0.100 /diguniu/index.php?m=Admin&c=Index&a=main
INFO: [ app_init ] --START--
INFO: Run Behavior\BuildLiteBehavior [ RunTime:0.000035s ]
INFO: [ app_init ] --END-- [ RunTime:0.001500s ]

[ 2014-03-25T11:30:13+08:00 ] 127.0.0.100 /diguniu/index.php?m=Admin&c=Index&a=left
INFO: [ app_init ] --START--
INFO: Run Behavior\BuildLiteBehavior [ RunTime:0.000035s ]
INFO: [ app_init ] --END-- [ RunTime:0.001914s ]

[ 2014-03-25T11:30:13+08:00 ] 127.0.0.100 /diguniu/index.php?m=Admin&c=Index&a=top
INFO: [ app_init ] --START--
INFO: Run Behavior\BuildLiteBehavior [ RunTime:0.000031s ]
INFO: [ app_init ] --END-- [ RunTime:0.001259s ]

[ 2014-03-25T11:30:16+08:00 ] 127.0.0.100 /diguniu/index.php?m=Admin&c=Admin&a=admin_list
INFO: [ app_init ] --START--
INFO: Run Behavior\BuildLiteBehavior [ RunTime:0.000167s ]
INFO: [ app_init ] --END-- [ RunTime:0.001527s ]

[ 2014-03-25T11:30:19+08:00 ] 127.0.0.100 /diguniu/index.php?m=Admin&c=Admin&a=edit
INFO: [ app_init ] --START--
INFO: Run Behavior\BuildLiteBehavior [ RunTime:0.000031s ]
INFO: [ app_init ] --END-- [ RunTime:0.001082s ]

[ 2014-03-25T11:30:22+08:00 ] 127.0.0.100 /diguniu/index.php?m=Admin&c=Category&a=category_list
INFO: [ app_init ] --START--
INFO: Run Behavior\BuildLiteBehavior [ RunTime:0.000033s ]
INFO: [ app_init ] --END-- [ RunTime:0.001300s ]

[ 2014-03-25T11:30:24+08:00 ] 127.0.0.100 /diguniu/index.php?m=Admin&c=Category&a=edit
INFO: [ app_init ] --START--
INFO: Run Behavior\BuildLiteBehavior [ RunTime:0.000034s ]
INFO: [ app_init ] --END-- [ RunTime:0.001368s ]

[ 2014-03-25T11:30:27+08:00 ] 127.0.0.100 /diguniu/index.php?m=Admin&c=Article&a=edit
INFO: [ app_init ] --START--
INFO: Run Behavior\BuildLiteBehavior [ RunTime:0.000031s ]
INFO: [ app_init ] --END-- [ RunTime:0.001085s ]
ERR: 无法加载控制器:Article

[ 2014-03-25T11:41:49+08:00 ] 127.0.0.100 /diguniu/index.php?m=Admin&c=Article&a=edit
INFO: [ app_init ] --START--
INFO: Run Behavior\BuildLiteBehavior [ RunTime:0.000035s ]
INFO: [ app_init ] --END-- [ RunTime:0.001449s ]

[ 2014-03-25T11:48:22+08:00 ] 127.0.0.100 /diguniu/index.php?m=Admin&c=Article&a=edit
INFO: [ app_init ] --START--
INFO: Run Behavior\BuildLiteBehavior [ RunTime:0.000033s ]
INFO: [ app_init ] --END-- [ RunTime:0.001343s ]

[ 2014-03-25T11:48:29+08:00 ] 127.0.0.100 /diguniu/index.php?m=Admin&c=Article&a=edit
INFO: [ app_init ] --START--
INFO: Run Behavior\BuildLiteBehavior [ RunTime:0.000033s ]
INFO: [ app_init ] --END-- [ RunTime:0.001240s ]

[ 2014-03-25T11:49:27+08:00 ] 127.0.0.100 /diguniu/index.php?m=Admin&c=Category&a=edit
INFO: [ app_init ] --START--
INFO: Run Behavior\BuildLiteBehavior [ RunTime:0.000032s ]
INFO: [ app_init ] --END-- [ RunTime:0.001101s ]

[ 2014-03-25T11:49:29+08:00 ] 127.0.0.100 /diguniu/index.php?m=Admin&c=Article&a=edit
INFO: [ app_init ] --START--
INFO: Run Behavior\BuildLiteBehavior [ RunTime:0.000035s ]
INFO: [ app_init ] --END-- [ RunTime:0.001159s ]

[ 2014-03-25T11:49:34+08:00 ] 127.0.0.100 /diguniu/index.php?m=Admin&c=Article&a=edit
INFO: [ app_init ] --START--
INFO: Run Behavior\BuildLiteBehavior [ RunTime:0.000031s ]
INFO: [ app_init ] --END-- [ RunTime:0.001081s ]

[ 2014-03-25T11:49:36+08:00 ] 127.0.0.100 /diguniu/index.php?m=Admin&c=Article&a=list
INFO: [ app_init ] --START--
INFO: Run Behavior\BuildLiteBehavior [ RunTime:0.000034s ]
INFO: [ app_init ] --END-- [ RunTime:0.001140s ]
ERR: 非法操作:list

[ 2014-03-25T11:49:37+08:00 ] 127.0.0.100 /diguniu/index.php?m=Admin&c=Article&a=edit
INFO: [ app_init ] --START--
INFO: Run Behavior\BuildLiteBehavior [ RunTime:0.000035s ]
INFO: [ app_init ] --END-- [ RunTime:0.001580s ]

[ 2014-03-25T11:50:05+08:00 ] 127.0.0.100 /diguniu/index.php?m=Admin&c=Article&a=edit
INFO: [ app_init ] --START--
INFO: Run Behavior\BuildLiteBehavior [ RunTime:0.000031s ]
INFO: [ app_init ] --END-- [ RunTime:0.001047s ]

[ 2014-03-25T11:50:33+08:00 ] 127.0.0.100 /diguniu/index.php?m=Admin&c=Category&a=edit
INFO: [ app_init ] --START--
INFO: Run Behavior\BuildLiteBehavior [ RunTime:0.000032s ]
INFO: [ app_init ] --END-- [ RunTime:0.001271s ]

[ 2014-03-25T11:50:34+08:00 ] 127.0.0.100 /diguniu/index.php?m=Admin&c=Category&a=category_list
INFO: [ app_init ] --START--
INFO: Run Behavior\BuildLiteBehavior [ RunTime:0.000032s ]
INFO: [ app_init ] --END-- [ RunTime:0.001154s ]

[ 2014-03-25T11:50:37+08:00 ] 127.0.0.100 /diguniu/index.php?m=Admin&c=Category&a=edit&id=2
INFO: [ app_init ] --START--
INFO: Run Behavior\BuildLiteBehavior [ RunTime:0.000032s ]
INFO: [ app_init ] --END-- [ RunTime:0.001157s ]

[ 2014-03-25T11:50:46+08:00 ] 127.0.0.100 /diguniu/index.php?m=Admin&c=Category&a=category_list
INFO: [ app_init ] --START--
INFO: Run Behavior\BuildLiteBehavior [ RunTime:0.000032s ]
INFO: [ app_init ] --END-- [ RunTime:0.001135s ]

[ 2014-03-25T11:50:47+08:00 ] 127.0.0.100 /diguniu/index.php?m=Admin&c=Category&a=edit
INFO: [ app_init ] --START--
INFO: Run Behavior\BuildLiteBehavior [ RunTime:0.000034s ]
INFO: [ app_init ] --END-- [ RunTime:0.001092s ]

[ 2014-03-25T11:51:41+08:00 ] 127.0.0.100 /diguniu/index.php?m=Admin&c=Article&a=edit
INFO: [ app_init ] --START--
INFO: Run Behavior\BuildLiteBehavior [ RunTime:0.000031s ]
INFO: [ app_init ] --END-- [ RunTime:0.001152s ]

[ 2014-03-25T11:55:43+08:00 ] 127.0.0.100 /diguniu/index.php?m=Admin&c=Category&a=category_list
INFO: [ app_init ] --START--
INFO: Run Behavior\BuildLiteBehavior [ RunTime:0.000032s ]
INFO: [ app_init ] --END-- [ RunTime:0.001309s ]

[ 2014-03-25T11:55:44+08:00 ] 127.0.0.100 /diguniu/index.php?m=Admin&c=Category&a=edit
INFO: [ app_init ] --START--
INFO: Run Behavior\BuildLiteBehavior [ RunTime:0.000032s ]
INFO: [ app_init ] --END-- [ RunTime:0.001103s ]
ERR: 模板不存在:./Application/Admin/View/Category/edit.html

[ 2014-03-25T11:57:06+08:00 ] 127.0.0.100 /diguniu/index.php?m=Admin&c=Category&a=category_list
INFO: [ app_init ] --START--
INFO: Run Behavior\BuildLiteBehavior [ RunTime:0.000032s ]
INFO: [ app_init ] --END-- [ RunTime:0.001146s ]

[ 2014-03-25T11:57:08+08:00 ] 127.0.0.100 /diguniu/index.php?m=Admin&c=Category&a=edit
INFO: [ app_init ] --START--
INFO: Run Behavior\BuildLiteBehavior [ RunTime:0.000037s ]
INFO: [ app_init ] --END-- [ RunTime:0.001413s ]

[ 2014-03-25T11:57:13+08:00 ] 127.0.0.100 /diguniu/index.php?m=Admin&c=Article&a=edit
INFO: [ app_init ] --START--
INFO: Run Behavior\BuildLiteBehavior [ RunTime:0.000034s ]
INFO: [ app_init ] --END-- [ RunTime:0.001237s ]

[ 2014-03-25T11:57:15+08:00 ] 127.0.0.100 /diguniu/index.php?m=Admin&c=Article&a=list
INFO: [ app_init ] --START--
INFO: Run Behavior\BuildLiteBehavior [ RunTime:0.000031s ]
INFO: [ app_init ] --END-- [ RunTime:0.001104s ]
ERR: 非法操作:list

[ 2014-03-25T11:59:45+08:00 ] 127.0.0.100 /diguniu/index.php?m=Admin&c=Article&a=edit
INFO: [ app_init ] --START--
INFO: Run Behavior\BuildLiteBehavior [ RunTime:0.000032s ]
INFO: [ app_init ] --END-- [ RunTime:0.001312s ]

[ 2014-03-25T12:06:13+08:00 ] 127.0.0.100 /diguniu/index.php?m=Admin&c=Article&a=edit
INFO: [ app_init ] --START--
INFO: Run Behavior\BuildLiteBehavior [ RunTime:0.000032s ]
INFO: [ app_init ] --END-- [ RunTime:0.001293s ]

[ 2014-03-25T12:10:28+08:00 ] 127.0.0.100 /diguniu/index.php?m=Admin&c=Article&a=edit
INFO: [ app_init ] --START--
INFO: Run Behavior\BuildLiteBehavior [ RunTime:0.000034s ]
INFO: [ app_init ] --END-- [ RunTime:0.001611s ]

[ 2014-03-25T12:27:59+08:00 ] 127.0.0.100 /diguniu/index.php?m=Admin&c=Admin&a=edit
INFO: [ app_init ] --START--
INFO: Run Behavior\BuildLiteBehavior [ RunTime:0.000032s ]
INFO: [ app_init ] --END-- [ RunTime:0.001238s ]

[ 2014-03-25T12:28:21+08:00 ] 127.0.0.100 /diguniu/index.php?m=Admin&c=Article&a=edit
INFO: [ app_init ] --START--
INFO: Run Behavior\BuildLiteBehavior [ RunTime:0.000032s ]
INFO: [ app_init ] --END-- [ RunTime:0.001053s ]

[ 2014-03-25T12:28:23+08:00 ] 127.0.0.100 /diguniu/index.php?m=Admin&c=Article&a=list
INFO: [ app_init ] --START--
INFO: Run Behavior\BuildLiteBehavior [ RunTime:0.000032s ]
INFO: [ app_init ] --END-- [ RunTime:0.001077s ]
ERR: 非法操作:list

[ 2014-03-25T12:28:25+08:00 ] 127.0.0.100 /diguniu/index.php?m=Admin&c=Article&a=edit
INFO: [ app_init ] --START--
INFO: Run Behavior\BuildLiteBehavior [ RunTime:0.000033s ]
INFO: [ app_init ] --END-- [ RunTime:0.001133s ]

[ 2014-03-25T14:28:56+08:00 ] 127.0.0.100 /diguniu/index.php?m=Admin&c=Article&a=edit
INFO: [ app_init ] --START--
INFO: Run Behavior\BuildLiteBehavior [ RunTime:0.000034s ]
INFO: [ app_init ] --END-- [ RunTime:0.001290s ]

[ 2014-03-25T14:29:01+08:00 ] 127.0.0.100 /diguniu/index.php?m=Admin&c=Category&a=category_list
INFO: [ app_init ] --START--
INFO: Run Behavior\BuildLiteBehavior [ RunTime:0.000035s ]
INFO: [ app_init ] --END-- [ RunTime:0.001306s ]

[ 2014-03-25T14:29:04+08:00 ] 127.0.0.100 /diguniu/index.php?m=Admin&c=Category&a=edit
INFO: [ app_init ] --START--
INFO: Run Behavior\BuildLiteBehavior [ RunTime:0.000032s ]
INFO: [ app_init ] --END-- [ RunTime:0.001118s ]

[ 2014-03-25T14:30:05+08:00 ] 127.0.0.100 /diguniu/index.php?m=Admin&c=Article&a=edit
INFO: [ app_init ] --START--
INFO: Run Behavior\BuildLiteBehavior [ RunTime:0.000031s ]
INFO: [ app_init ] --END-- [ RunTime:0.001100s ]

[ 2014-03-25T14:37:49+08:00 ] 127.0.0.100 /diguniu/index.php?m=Admin&c=Article&a=edit
INFO: [ app_init ] --START--
INFO: Run Behavior\BuildLiteBehavior [ RunTime:0.000033s ]
INFO: [ app_init ] --END-- [ RunTime:0.001235s ]

[ 2014-03-25T14:37:54+08:00 ] 127.0.0.100 /diguniu/index.php?m=Admin&c=Article&a=edit
INFO: [ app_init ] --START--
INFO: Run Behavior\BuildLiteBehavior [ RunTime:0.000034s ]
INFO: [ app_init ] --END-- [ RunTime:0.001223s ]

[ 2014-03-25T14:40:48+08:00 ] 127.0.0.100 /diguniu/index.php?m=Admin&c=Article&a=edit
INFO: [ app_init ] --START--
INFO: Run Behavior\BuildLiteBehavior [ RunTime:0.000031s ]
INFO: [ app_init ] --END-- [ RunTime:0.001090s ]

[ 2014-03-25T14:43:29+08:00 ] 127.0.0.100 /diguniu/index.php?m=Admin&c=Category&a=edit
INFO: [ app_init ] --START--
INFO: Run Behavior\BuildLiteBehavior [ RunTime:0.000032s ]
INFO: [ app_init ] --END-- [ RunTime:0.001103s ]

[ 2014-03-25T14:43:31+08:00 ] 127.0.0.100 /diguniu/index.php?m=Admin&c=Article&a=edit
INFO: [ app_init ] --START--
INFO: Run Behavior\BuildLiteBehavior [ RunTime:0.000034s ]
INFO: [ app_init ] --END-- [ RunTime:0.000947s ]

[ 2014-03-25T14:43:35+08:00 ] 127.0.0.100 /diguniu/index.php?m=Admin&c=Article&a=edit
INFO: [ app_init ] --START--
INFO: Run Behavior\BuildLiteBehavior [ RunTime:0.000031s ]
INFO: [ app_init ] --END-- [ RunTime:0.000880s ]

[ 2014-03-25T14:43:47+08:00 ] 127.0.0.100 /diguniu/index.php?m=Admin&c=Article&a=edit
INFO: [ app_init ] --START--
INFO: Run Behavior\BuildLiteBehavior [ RunTime:0.000043s ]
INFO: [ app_init ] --END-- [ RunTime:0.001258s ]

[ 2014-03-25T14:44:39+08:00 ] 127.0.0.100 /diguniu/index.php?m=Admin&c=Article&a=edit
INFO: [ app_init ] --START--
INFO: Run Behavior\BuildLiteBehavior [ RunTime:0.000031s ]
INFO: [ app_init ] --END-- [ RunTime:0.000902s ]

[ 2014-03-25T14:44:56+08:00 ] 127.0.0.100 /diguniu/index.php?m=Admin&c=Article&a=edit
INFO: [ app_init ] --START--
INFO: Run Behavior\BuildLiteBehavior [ RunTime:0.000033s ]
INFO: [ app_init ] --END-- [ RunTime:0.001099s ]

[ 2014-03-25T14:45:01+08:00 ] 127.0.0.100 /diguniu/index.php?m=Admin&c=Article&a=edit
INFO: [ app_init ] --START--
INFO: Run Behavior\BuildLiteBehavior [ RunTime:0.000031s ]
INFO: [ app_init ] --END-- [ RunTime:0.001149s ]

[ 2014-03-25T14:55:52+08:00 ] 127.0.0.100 /diguniu/index.php?m=Admin&c=Article&a=edit
INFO: [ app_init ] --START--
INFO: Run Behavior\BuildLiteBehavior [ RunTime:0.000035s ]
INFO: [ app_init ] --END-- [ RunTime:0.001550s ]

[ 2014-03-25T14:57:10+08:00 ] 127.0.0.100 /diguniu/index.php?m=Admin&c=Article&a=edit
INFO: [ app_init ] --START--
INFO: Run Behavior\BuildLiteBehavior [ RunTime:0.000031s ]
INFO: [ app_init ] --END-- [ RunTime:0.001056s ]

[ 2014-03-25T14:57:24+08:00 ] 127.0.0.100 /diguniu/index.php?m=Admin&c=Article&a=edit
INFO: [ app_init ] --START--
INFO: Run Behavior\BuildLiteBehavior [ RunTime:0.000031s ]
INFO: [ app_init ] --END-- [ RunTime:0.001051s ]

[ 2014-03-25T14:57:39+08:00 ] 127.0.0.100 /diguniu/index.php?m=Admin&c=Article&a=edit
INFO: [ app_init ] --START--
INFO: Run Behavior\BuildLiteBehavior [ RunTime:0.000031s ]
INFO: [ app_init ] --END-- [ RunTime:0.000882s ]

[ 2014-03-25T15:00:04+08:00 ] 127.0.0.100 /diguniu/index.php?m=Admin&c=Article&a=edit
INFO: [ app_init ] --START--
INFO: Run Behavior\BuildLiteBehavior [ RunTime:0.000031s ]
INFO: [ app_init ] --END-- [ RunTime:0.001045s ]

[ 2014-03-25T15:01:29+08:00 ] 127.0.0.100 /diguniu/index.php?m=Admin&c=Article&a=edit
INFO: [ app_init ] --START--
INFO: Run Behavior\BuildLiteBehavior [ RunTime:0.000033s ]
INFO: [ app_init ] --END-- [ RunTime:0.001132s ]

[ 2014-03-25T15:01:37+08:00 ] 127.0.0.100 /diguniu/
INFO: [ app_init ] --START--
INFO: Run Behavior\BuildLiteBehavior [ RunTime:0.000034s ]
INFO: [ app_init ] --END-- [ RunTime:0.001477s ]

[ 2014-03-25T15:01:37+08:00 ] 127.0.0.100 /diguniu/index.php?m=Admin&c=Index&a=left
INFO: [ app_init ] --START--
INFO: Run Behavior\BuildLiteBehavior [ RunTime:0.000031s ]
INFO: [ app_init ] --END-- [ RunTime:0.000924s ]

[ 2014-03-25T15:01:38+08:00 ] 127.0.0.100 /diguniu/index.php?m=Admin&c=Index&a=main
INFO: [ app_init ] --START--
INFO: Run Behavior\BuildLiteBehavior [ RunTime:0.000032s ]
INFO: [ app_init ] --END-- [ RunTime:0.001418s ]

[ 2014-03-25T15:01:38+08:00 ] 127.0.0.100 /diguniu/
INFO: [ app_init ] --START--
INFO: Run Behavior\BuildLiteBehavior [ RunTime:0.000049s ]
INFO: [ app_init ] --END-- [ RunTime:0.001137s ]

[ 2014-03-25T15:01:38+08:00 ] 127.0.0.100 /diguniu/index.php?m=Admin&c=Index&a=top
INFO: [ app_init ] --START--
INFO: Run Behavior\BuildLiteBehavior [ RunTime:0.000051s ]
INFO: [ app_init ] --END-- [ RunTime:0.001735s ]

[ 2014-03-25T15:01:38+08:00 ] 127.0.0.100 /diguniu/index.php?m=Admin&c=Index&a=left
INFO: [ app_init ] --START--
INFO: Run Behavior\BuildLiteBehavior [ RunTime:0.000036s ]
INFO: [ app_init ] --END-- [ RunTime:0.002443s ]

[ 2014-03-25T15:01:38+08:00 ] 127.0.0.100 /diguniu/index.php?m=Admin&c=Index&a=main
INFO: [ app_init ] --START--
INFO: Run Behavior\BuildLiteBehavior [ RunTime:0.000034s ]
INFO: [ app_init ] --END-- [ RunTime:0.001265s ]

[ 2014-03-25T15:01:38+08:00 ] 127.0.0.100 /diguniu/index.php?m=Admin&c=Index&a=top
INFO: [ app_init ] --START--
INFO: Run Behavior\BuildLiteBehavior [ RunTime:0.000034s ]
INFO: [ app_init ] --END-- [ RunTime:0.006023s ]

[ 2014-03-25T15:01:40+08:00 ] 127.0.0.100 /diguniu/
INFO: [ app_init ] --START--
INFO: Run Behavior\BuildLiteBehavior [ RunTime:0.000033s ]
INFO: [ app_init ] --END-- [ RunTime:0.000899s ]

[ 2014-03-25T15:01:41+08:00 ] 127.0.0.100 /diguniu/index.php?m=Admin&c=Index&a=left
INFO: [ app_init ] --START--
INFO: Run Behavior\BuildLiteBehavior [ RunTime:0.000259s ]
INFO: [ app_init ] --END-- [ RunTime:0.001293s ]

[ 2014-03-25T15:01:41+08:00 ] 127.0.0.100 /diguniu/index.php?m=Admin&c=Index&a=main
INFO: [ app_init ] --START--
INFO: Run Behavior\BuildLiteBehavior [ RunTime:0.000032s ]
INFO: [ app_init ] --END-- [ RunTime:0.000996s ]

[ 2014-03-25T15:01:42+08:00 ] 127.0.0.100 /diguniu/index.php?m=Admin&c=Index&a=top
INFO: [ app_init ] --START--
INFO: Run Behavior\BuildLiteBehavior [ RunTime:0.000031s ]
INFO: [ app_init ] --END-- [ RunTime:0.000920s ]

[ 2014-03-25T15:01:43+08:00 ] 127.0.0.100 /diguniu/index.php?m=Admin&c=Article&a=edit
INFO: [ app_init ] --START--
INFO: Run Behavior\BuildLiteBehavior [ RunTime:0.000038s ]
INFO: [ app_init ] --END-- [ RunTime:0.001243s ]

[ 2014-03-25T15:03:52+08:00 ] 127.0.0.100 /diguniu/index.php?m=Admin&c=Article&a=edit
INFO: [ app_init ] --START--
INFO: Run Behavior\BuildLiteBehavior [ RunTime:0.000032s ]
INFO: [ app_init ] --END-- [ RunTime:0.001200s ]

[ 2014-03-25T15:04:28+08:00 ] 127.0.0.100 /diguniu/index.php?m=Admin&c=Article&a=edit
INFO: [ app_init ] --START--
INFO: Run Behavior\BuildLiteBehavior [ RunTime:0.000031s ]
INFO: [ app_init ] --END-- [ RunTime:0.001068s ]

[ 2014-03-25T15:08:18+08:00 ] 127.0.0.100 /diguniu/index.php?m=Admin&c=Article&a=edit
INFO: [ app_init ] --START--
INFO: Run Behavior\BuildLiteBehavior [ RunTime:0.000032s ]
INFO: [ app_init ] --END-- [ RunTime:0.001061s ]

[ 2014-03-25T15:08:52+08:00 ] 127.0.0.100 /diguniu/
INFO: [ app_init ] --START--
INFO: Run Behavior\BuildLiteBehavior [ RunTime:0.000036s ]
INFO: [ app_init ] --END-- [ RunTime:0.001497s ]

[ 2014-03-25T15:08:52+08:00 ] 127.0.0.100 /diguniu/index.php?m=Admin&c=Index&a=left
INFO: [ app_init ] --START--
INFO: Run Behavior\BuildLiteBehavior [ RunTime:0.000042s ]
INFO: [ app_init ] --END-- [ RunTime:0.001634s ]

[ 2014-03-25T15:08:52+08:00 ] 127.0.0.100 /diguniu/index.php?m=Admin&c=Index&a=main
INFO: [ app_init ] --START--
INFO: Run Behavior\BuildLiteBehavior [ RunTime:0.000033s ]
INFO: [ app_init ] --END-- [ RunTime:0.001163s ]

[ 2014-03-25T15:08:53+08:00 ] 127.0.0.100 /diguniu/index.php?m=Admin&c=Index&a=top
INFO: [ app_init ] --START--
INFO: Run Behavior\BuildLiteBehavior [ RunTime:0.000031s ]
INFO: [ app_init ] --END-- [ RunTime:0.000885s ]

[ 2014-03-25T15:08:56+08:00 ] 127.0.0.100 /diguniu/index.php?m=Admin&c=Article&a=edit
INFO: [ app_init ] --START--
INFO: Run Behavior\BuildLiteBehavior [ RunTime:0.000035s ]
INFO: [ app_init ] --END-- [ RunTime:0.001026s ]

[ 2014-03-25T15:09:11+08:00 ] 127.0.0.100 /diguniu/index.php?m=Admin&c=Article&a=edit
INFO: [ app_init ] --START--
INFO: Run Behavior\BuildLiteBehavior [ RunTime:0.000031s ]
INFO: [ app_init ] --END-- [ RunTime:0.000899s ]

[ 2014-03-25T15:09:12+08:00 ] 127.0.0.100 /diguniu/index.php?m=Admin&c=Article&a=edit
INFO: [ app_init ] --START--
INFO: Run Behavior\BuildLiteBehavior [ RunTime:0.000030s ]
INFO: [ app_init ] --END-- [ RunTime:0.000875s ]

[ 2014-03-25T15:10:17+08:00 ] 127.0.0.100 /diguniu/index.php?m=Admin&c=Article&a=edit
INFO: [ app_init ] --START--
INFO: Run Behavior\BuildLiteBehavior [ RunTime:0.000035s ]
INFO: [ app_init ] --END-- [ RunTime:0.001769s ]

[ 2014-03-25T15:12:10+08:00 ] 127.0.0.100 /diguniu/index.php?m=Admin&c=Article&a=edit
INFO: [ app_init ] --START--
INFO: Run Behavior\BuildLiteBehavior [ RunTime:0.000031s ]
INFO: [ app_init ] --END-- [ RunTime:0.001083s ]

[ 2014-03-25T15:13:14+08:00 ] 127.0.0.100 /diguniu/index.php?m=Admin&c=Article&a=edit
INFO: [ app_init ] --START--
INFO: Run Behavior\BuildLiteBehavior [ RunTime:0.000032s ]
INFO: [ app_init ] --END-- [ RunTime:0.001082s ]

[ 2014-03-25T15:13:17+08:00 ] 127.0.0.100 /diguniu/index.php?m=Admin&c=Article&a=edit
INFO: [ app_init ] --START--
INFO: Run Behavior\BuildLiteBehavior [ RunTime:0.000031s ]
INFO: [ app_init ] --END-- [ RunTime:0.001123s ]

[ 2014-03-25T15:13:35+08:00 ] 127.0.0.100 /diguniu/index.php?m=Admin&c=Article&a=edit
INFO: [ app_init ] --START--
INFO: Run Behavior\BuildLiteBehavior [ RunTime:0.000034s ]
INFO: [ app_init ] --END-- [ RunTime:0.001180s ]

[ 2014-03-25T15:13:43+08:00 ] 127.0.0.100 /diguniu/index.php?m=Admin&c=Article&a=edit
INFO: [ app_init ] --START--
INFO: Run Behavior\BuildLiteBehavior [ RunTime:0.000033s ]
INFO: [ app_init ] --END-- [ RunTime:0.001090s ]

[ 2014-03-25T15:14:16+08:00 ] 127.0.0.100 /diguniu/index.php?m=Admin&c=Article&a=edit
INFO: [ app_init ] --START--
INFO: Run Behavior\BuildLiteBehavior [ RunTime:0.000032s ]
INFO: [ app_init ] --END-- [ RunTime:0.001221s ]

[ 2014-03-25T15:14:29+08:00 ] 127.0.0.100 /diguniu/index.php?m=Admin&c=Article&a=edit
INFO: [ app_init ] --START--
INFO: Run Behavior\BuildLiteBehavior [ RunTime:0.000036s ]
INFO: [ app_init ] --END-- [ RunTime:0.001144s ]

[ 2014-03-25T15:15:18+08:00 ] 127.0.0.100 /diguniu/index.php?m=Admin&c=Article&a=edit
INFO: [ app_init ] --START--
INFO: Run Behavior\BuildLiteBehavior [ RunTime:0.000031s ]
INFO: [ app_init ] --END-- [ RunTime:0.001081s ]

[ 2014-03-25T15:18:27+08:00 ] 127.0.0.100 /diguniu/index.php?m=Admin&c=Article&a=edit
INFO: [ app_init ] --START--
INFO: Run Behavior\BuildLiteBehavior [ RunTime:0.000041s ]
INFO: [ app_init ] --END-- [ RunTime:0.001152s ]

[ 2014-03-25T15:19:02+08:00 ] 127.0.0.100 /diguniu/index.php?m=Admin&c=Article&a=edit
INFO: [ app_init ] --START--
INFO: Run Behavior\BuildLiteBehavior [ RunTime:0.000032s ]
INFO: [ app_init ] --END-- [ RunTime:0.000948s ]

[ 2014-03-25T15:19:11+08:00 ] 127.0.0.100 /diguniu/index.php?m=Admin&c=Article&a=edit
INFO: [ app_init ] --START--
INFO: Run Behavior\BuildLiteBehavior [ RunTime:0.000031s ]
INFO: [ app_init ] --END-- [ RunTime:0.000873s ]

[ 2014-03-25T15:19:17+08:00 ] 127.0.0.100 /diguniu/index.php?m=Admin&c=Article&a=edit
INFO: [ app_init ] --START--
INFO: Run Behavior\BuildLiteBehavior [ RunTime:0.000031s ]
INFO: [ app_init ] --END-- [ RunTime:0.000903s ]

[ 2014-03-25T15:19:24+08:00 ] 127.0.0.100 /diguniu/index.php?m=Admin&c=Article&a=edit
INFO: [ app_init ] --START--
INFO: Run Behavior\BuildLiteBehavior [ RunTime:0.000032s ]
INFO: [ app_init ] --END-- [ RunTime:0.000924s ]

