[ 2014-04-09T09:43:29+08:00 ] 127.0.0.100 /diguniu/
INFO: [ app_init ] --START--
INFO: Run Behavior\BuildLiteBehavior [ RunTime:0.000032s ]
INFO: [ app_init ] --END-- [ RunTime:0.001215s ]
INFO: [ app_begin ] --START--
INFO: Run Behavior\ReadHtmlCacheBehavior [ RunTime:0.002250s ]
INFO: [ app_begin ] --END-- [ RunTime:0.002406s ]
SQL: SHOW COLUMNS FROM `admin` [ RunTime:0.021202s ]
SQL: SELECT COUNT(*) AS tp_count FROM `admin` WHERE ( username='wanghexiang'and password='96e79218965eb72c92a549dd5a330112' ) LIMIT 1   [ RunTime:0.000927s ]
INFO: [ view_parse ] --START--
INFO: [ template_filter ] --START--
INFO: Run Behavior\ContentReplaceBehavior [ RunTime:0.000090s ]
INFO: [ template_filter ] --END-- [ RunTime:0.000314s ]
INFO: Run Behavior\ParseTemplateBehavior [ RunTime:0.088566s ]
INFO: [ view_parse ] --END-- [ RunTime:0.088728s ]
INFO: [ view_filter ] --START--
INFO: Run Behavior\WriteHtmlCacheBehavior [ RunTime:0.012337s ]
INFO: Run Behavior\TokenBuildBehavior [ RunTime:0.002122s ]
INFO: [ view_filter ] --END-- [ RunTime:0.014669s ]
INFO: [ app_end ] --START--
INFO: Run Behavior\ShowPageTraceBehavior [ RunTime:0.002415s ]
INFO: [ app_end ] --END-- [ RunTime:0.002546s ]

[ 2014-04-09T09:43:29+08:00 ] 127.0.0.100 /diguniu/index.php?m=Admin&c=Index&a=top
INFO: [ app_init ] --START--
INFO: Run Behavior\BuildLiteBehavior [ RunTime:0.000031s ]
INFO: [ app_init ] --END-- [ RunTime:0.000914s ]
INFO: [ app_begin ] --START--
INFO: Run Behavior\ReadHtmlCacheBehavior [ RunTime:0.002758s ]
INFO: [ app_begin ] --END-- [ RunTime:0.002910s ]
SQL: SHOW COLUMNS FROM `admin` [ RunTime:0.004352s ]
SQL: SELECT COUNT(*) AS tp_count FROM `admin` WHERE ( username='wanghexiang'and password='96e79218965eb72c92a549dd5a330112' ) LIMIT 1   [ RunTime:0.000668s ]
INFO: [ view_parse ] --START--
INFO: [ template_filter ] --START--
INFO: Run Behavior\ContentReplaceBehavior [ RunTime:0.000098s ]
INFO: [ template_filter ] --END-- [ RunTime:0.000236s ]
INFO: Run Behavior\ParseTemplateBehavior [ RunTime:0.061112s ]
INFO: [ view_parse ] --END-- [ RunTime:0.061277s ]
INFO: [ view_filter ] --START--
INFO: Run Behavior\WriteHtmlCacheBehavior [ RunTime:0.001643s ]
INFO: Run Behavior\TokenBuildBehavior [ RunTime:0.001984s ]
INFO: [ view_filter ] --END-- [ RunTime:0.003822s ]
INFO: [ app_end ] --START--
INFO: Run Behavior\ShowPageTraceBehavior [ RunTime:0.002419s ]
INFO: [ app_end ] --END-- [ RunTime:0.002546s ]

[ 2014-04-09T09:43:30+08:00 ] 127.0.0.100 /diguniu/index.php?m=Admin&c=Index&a=left
INFO: [ app_init ] --START--
INFO: Run Behavior\BuildLiteBehavior [ RunTime:0.000032s ]
INFO: [ app_init ] --END-- [ RunTime:0.001197s ]
INFO: [ app_begin ] --START--
INFO: Run Behavior\ReadHtmlCacheBehavior [ RunTime:0.002191s ]
INFO: [ app_begin ] --END-- [ RunTime:0.002345s ]
SQL: SHOW COLUMNS FROM `admin` [ RunTime:0.005743s ]
SQL: SELECT COUNT(*) AS tp_count FROM `admin` WHERE ( username='wanghexiang'and password='96e79218965eb72c92a549dd5a330112' ) LIMIT 1   [ RunTime:0.000485s ]
INFO: [ view_parse ] --START--
INFO: [ template_filter ] --START--
INFO: Run Behavior\ContentReplaceBehavior [ RunTime:0.000098s ]
INFO: [ template_filter ] --END-- [ RunTime:0.000231s ]
INFO: Run Behavior\ParseTemplateBehavior [ RunTime:0.051216s ]
INFO: [ view_parse ] --END-- [ RunTime:0.051372s ]
INFO: [ view_filter ] --START--
INFO: Run Behavior\WriteHtmlCacheBehavior [ RunTime:0.002028s ]
INFO: Run Behavior\TokenBuildBehavior [ RunTime:0.002290s ]
INFO: [ view_filter ] --END-- [ RunTime:0.004534s ]
INFO: [ app_end ] --START--
INFO: Run Behavior\ShowPageTraceBehavior [ RunTime:0.002049s ]
INFO: [ app_end ] --END-- [ RunTime:0.002172s ]

[ 2014-04-09T09:43:30+08:00 ] 127.0.0.100 /diguniu/index.php?m=Admin&c=Index&a=main
INFO: [ app_init ] --START--
INFO: Run Behavior\BuildLiteBehavior [ RunTime:0.000032s ]
INFO: [ app_init ] --END-- [ RunTime:0.001208s ]
INFO: [ app_begin ] --START--
INFO: Run Behavior\ReadHtmlCacheBehavior [ RunTime:0.002457s ]
INFO: [ app_begin ] --END-- [ RunTime:0.002613s ]
SQL: SHOW COLUMNS FROM `admin` [ RunTime:0.004353s ]
SQL: SELECT COUNT(*) AS tp_count FROM `admin` WHERE ( username='wanghexiang'and password='96e79218965eb72c92a549dd5a330112' ) LIMIT 1   [ RunTime:0.000518s ]
INFO: [ view_parse ] --START--
INFO: [ template_filter ] --START--
INFO: Run Behavior\ContentReplaceBehavior [ RunTime:0.000078s ]
INFO: [ template_filter ] --END-- [ RunTime:0.000208s ]
INFO: Run Behavior\ParseTemplateBehavior [ RunTime:0.020615s ]
INFO: [ view_parse ] --END-- [ RunTime:0.020774s ]
INFO: [ view_filter ] --START--
INFO: Run Behavior\WriteHtmlCacheBehavior [ RunTime:0.002075s ]
INFO: Run Behavior\TokenBuildBehavior [ RunTime:0.002330s ]
INFO: [ view_filter ] --END-- [ RunTime:0.004602s ]
INFO: [ app_end ] --START--
INFO: Run Behavior\ShowPageTraceBehavior [ RunTime:0.002453s ]
INFO: [ app_end ] --END-- [ RunTime:0.002580s ]

[ 2014-04-09T09:43:33+08:00 ] 127.0.0.100 /diguniu/index.php?m=Admin&c=Admin&a=admin_list
INFO: [ app_init ] --START--
INFO: Run Behavior\BuildLiteBehavior [ RunTime:0.000031s ]
INFO: [ app_init ] --END-- [ RunTime:0.001214s ]
INFO: [ app_begin ] --START--
INFO: Run Behavior\ReadHtmlCacheBehavior [ RunTime:0.002737s ]
INFO: [ app_begin ] --END-- [ RunTime:0.002888s ]
SQL: SHOW COLUMNS FROM `admin` [ RunTime:0.003957s ]
SQL: SELECT COUNT(*) AS tp_count FROM `admin` WHERE ( username='wanghexiang'and password='96e79218965eb72c92a549dd5a330112' ) LIMIT 1   [ RunTime:0.000435s ]
SQL: SELECT * FROM `admin` LIMIT 0,10   [ RunTime:0.000276s ]
SQL: SELECT COUNT(*) AS tp_count FROM `admin` LIMIT 1   [ RunTime:0.000188s ]
INFO: [ view_parse ] --START--
INFO: [ template_filter ] --START--
INFO: Run Behavior\ContentReplaceBehavior [ RunTime:0.000091s ]
INFO: [ template_filter ] --END-- [ RunTime:0.000217s ]
INFO: Run Behavior\ParseTemplateBehavior [ RunTime:0.032497s ]
INFO: [ view_parse ] --END-- [ RunTime:0.032649s ]
INFO: [ view_filter ] --START--
INFO: Run Behavior\WriteHtmlCacheBehavior [ RunTime:0.001992s ]
INFO: Run Behavior\TokenBuildBehavior [ RunTime:0.002286s ]
INFO: [ view_filter ] --END-- [ RunTime:0.004486s ]
INFO: [ app_end ] --START--
INFO: Run Behavior\ShowPageTraceBehavior [ RunTime:0.002509s ]
INFO: [ app_end ] --END-- [ RunTime:0.002638s ]

[ 2014-04-09T09:43:35+08:00 ] 127.0.0.100 /diguniu/index.php?m=Admin&c=Admin&a=edit
INFO: [ app_init ] --START--
INFO: Run Behavior\BuildLiteBehavior [ RunTime:0.000032s ]
INFO: [ app_init ] --END-- [ RunTime:0.001202s ]
INFO: [ app_begin ] --START--
INFO: Run Behavior\ReadHtmlCacheBehavior [ RunTime:0.002732s ]
INFO: [ app_begin ] --END-- [ RunTime:0.002902s ]
SQL: SHOW COLUMNS FROM `admin` [ RunTime:0.004499s ]
SQL: SELECT COUNT(*) AS tp_count FROM `admin` WHERE ( username='wanghexiang'and password='96e79218965eb72c92a549dd5a330112' ) LIMIT 1   [ RunTime:0.000452s ]
NOTIC: [8] Undefined index: id E:\www\code\diguniu\Application\Admin\Controller\AdminController.class.php 第 16 行.
SQL: SELECT * FROM `admin` WHERE ( id= ) LIMIT 1   [ RunTime:0.000177s ]
ERR: 1064:You have an error in your SQL syntax; check the manual that corresponds to your MySQL server version for the right syntax to use near ') LIMIT 1' at line 1
 [ SQL语句 ] : SELECT * FROM `admin` WHERE ( id= ) LIMIT 1  
INFO: [ view_parse ] --START--
INFO: [ template_filter ] --START--
INFO: Run Behavior\ContentReplaceBehavior [ RunTime:0.000100s ]
INFO: [ template_filter ] --END-- [ RunTime:0.000220s ]
INFO: Run Behavior\ParseTemplateBehavior [ RunTime:0.032145s ]
INFO: [ view_parse ] --END-- [ RunTime:0.032384s ]
INFO: [ view_filter ] --START--
INFO: Run Behavior\WriteHtmlCacheBehavior [ RunTime:0.002057s ]
INFO: Run Behavior\TokenBuildBehavior [ RunTime:0.002604s ]
INFO: [ view_filter ] --END-- [ RunTime:0.004876s ]
INFO: [ app_end ] --START--
INFO: Run Behavior\ShowPageTraceBehavior [ RunTime:0.002451s ]
INFO: [ app_end ] --END-- [ RunTime:0.002702s ]

[ 2014-04-09T09:43:37+08:00 ] 127.0.0.100 /diguniu/index.php?m=Admin&c=Category&a=category_list
INFO: [ app_init ] --START--
INFO: Run Behavior\BuildLiteBehavior [ RunTime:0.000034s ]
INFO: [ app_init ] --END-- [ RunTime:0.001375s ]
INFO: [ app_begin ] --START--
INFO: Run Behavior\ReadHtmlCacheBehavior [ RunTime:0.002315s ]
INFO: [ app_begin ] --END-- [ RunTime:0.002465s ]
SQL: SHOW COLUMNS FROM `admin` [ RunTime:0.004160s ]
SQL: SELECT COUNT(*) AS tp_count FROM `admin` WHERE ( username='wanghexiang'and password='96e79218965eb72c92a549dd5a330112' ) LIMIT 1   [ RunTime:0.000448s ]
SQL: SHOW COLUMNS FROM `category` [ RunTime:0.049338s ]
SQL: SELECT * FROM `category`  [ RunTime:0.007918s ]
INFO: [ view_parse ] --START--
INFO: [ template_filter ] --START--
INFO: Run Behavior\ContentReplaceBehavior [ RunTime:0.000089s ]
INFO: [ template_filter ] --END-- [ RunTime:0.000208s ]
NOTIC: [8] Undefined variable: page E:\www\code\diguniu\Application\Runtime\Cache\Admin\46fc65ba2b7dc6249bfde48ce8661431.php 第 40 行.
INFO: Run Behavior\ParseTemplateBehavior [ RunTime:0.036316s ]
INFO: [ view_parse ] --END-- [ RunTime:0.036452s ]
INFO: [ view_filter ] --START--
INFO: Run Behavior\WriteHtmlCacheBehavior [ RunTime:0.001843s ]
INFO: Run Behavior\TokenBuildBehavior [ RunTime:0.002119s ]
INFO: [ view_filter ] --END-- [ RunTime:0.004245s ]
INFO: [ app_end ] --START--
INFO: Run Behavior\ShowPageTraceBehavior [ RunTime:0.002442s ]
INFO: [ app_end ] --END-- [ RunTime:0.002576s ]

[ 2014-04-09T09:43:38+08:00 ] 127.0.0.100 /diguniu/index.php?m=Admin&c=Category&a=edit
INFO: [ app_init ] --START--
INFO: Run Behavior\BuildLiteBehavior [ RunTime:0.000031s ]
INFO: [ app_init ] --END-- [ RunTime:0.001205s ]
INFO: [ app_begin ] --START--
INFO: Run Behavior\ReadHtmlCacheBehavior [ RunTime:0.002491s ]
INFO: [ app_begin ] --END-- [ RunTime:0.002646s ]
SQL: SHOW COLUMNS FROM `admin` [ RunTime:0.003966s ]
SQL: SELECT COUNT(*) AS tp_count FROM `admin` WHERE ( username='wanghexiang'and password='96e79218965eb72c92a549dd5a330112' ) LIMIT 1   [ RunTime:0.000625s ]
SQL: SHOW COLUMNS FROM `category` [ RunTime:0.004352s ]
SQL: SELECT * FROM `category` WHERE ( id='' ) LIMIT 1   [ RunTime:0.000446s ]
SQL: SELECT * FROM `category`  [ RunTime:0.000269s ]
NOTIC: [8] Undefined variable: base_category E:\www\code\diguniu\Application\Admin\Controller\CategoryController.class.php 第 38 行.
INFO: [ view_parse ] --START--
INFO: [ template_filter ] --START--
INFO: Run Behavior\ContentReplaceBehavior [ RunTime:0.000099s ]
INFO: [ template_filter ] --END-- [ RunTime:0.000227s ]
INFO: Run Behavior\ParseTemplateBehavior [ RunTime:0.031883s ]
INFO: [ view_parse ] --END-- [ RunTime:0.032049s ]
INFO: [ view_filter ] --START--
INFO: Run Behavior\WriteHtmlCacheBehavior [ RunTime:0.001468s ]
INFO: Run Behavior\TokenBuildBehavior [ RunTime:0.001774s ]
INFO: [ view_filter ] --END-- [ RunTime:0.003471s ]
INFO: [ app_end ] --START--
INFO: Run Behavior\ShowPageTraceBehavior [ RunTime:0.002096s ]
INFO: [ app_end ] --END-- [ RunTime:0.002221s ]

[ 2014-04-09T09:43:40+08:00 ] 127.0.0.100 /diguniu/index.php?m=Admin&c=Article&a=edit
INFO: [ app_init ] --START--
INFO: Run Behavior\BuildLiteBehavior [ RunTime:0.000032s ]
INFO: [ app_init ] --END-- [ RunTime:0.001194s ]
INFO: [ app_begin ] --START--
INFO: Run Behavior\ReadHtmlCacheBehavior [ RunTime:0.001949s ]
INFO: [ app_begin ] --END-- [ RunTime:0.002097s ]
SQL: SHOW COLUMNS FROM `admin` [ RunTime:0.003990s ]
SQL: SELECT COUNT(*) AS tp_count FROM `admin` WHERE ( username='wanghexiang'and password='96e79218965eb72c92a549dd5a330112' ) LIMIT 1   [ RunTime:0.000435s ]
SQL: SHOW COLUMNS FROM `article` [ RunTime:0.029572s ]
SQL: SHOW COLUMNS FROM `arc_content` [ RunTime:0.046638s ]
SQL: SELECT * FROM `article` WHERE ( id= ) LIMIT 1   [ RunTime:0.000260s ]
ERR: 1064:You have an error in your SQL syntax; check the manual that corresponds to your MySQL server version for the right syntax to use near ') LIMIT 1' at line 1
 [ SQL语句 ] : SELECT * FROM `article` WHERE ( id= ) LIMIT 1  
SQL: SELECT * FROM `arc_content` WHERE ( arc_id= ) LIMIT 1   [ RunTime:0.000145s ]
ERR: 1064:You have an error in your SQL syntax; check the manual that corresponds to your MySQL server version for the right syntax to use near ') LIMIT 1' at line 1
 [ SQL语句 ] : SELECT * FROM `arc_content` WHERE ( arc_id= ) LIMIT 1  
SQL: SHOW COLUMNS FROM `category` [ RunTime:0.004063s ]
SQL: SELECT * FROM `category`  [ RunTime:0.000410s ]
INFO: [ view_parse ] --START--
INFO: [ template_filter ] --START--
INFO: Run Behavior\ContentReplaceBehavior [ RunTime:0.000107s ]
INFO: [ template_filter ] --END-- [ RunTime:0.000229s ]
INFO: Run Behavior\ParseTemplateBehavior [ RunTime:0.038015s ]
INFO: [ view_parse ] --END-- [ RunTime:0.038168s ]
INFO: [ view_filter ] --START--
INFO: Run Behavior\WriteHtmlCacheBehavior [ RunTime:0.001331s ]
INFO: Run Behavior\TokenBuildBehavior [ RunTime:0.001700s ]
INFO: [ view_filter ] --END-- [ RunTime:0.003229s ]
INFO: [ app_end ] --START--
INFO: Run Behavior\ShowPageTraceBehavior [ RunTime:0.002160s ]
INFO: [ app_end ] --END-- [ RunTime:0.002471s ]

[ 2014-04-09T09:43:42+08:00 ] 127.0.0.100 /diguniu/index.php?m=Admin&c=Article&a=article_list
INFO: [ app_init ] --START--
INFO: Run Behavior\BuildLiteBehavior [ RunTime:0.000032s ]
INFO: [ app_init ] --END-- [ RunTime:0.001275s ]
INFO: [ app_begin ] --START--
INFO: Run Behavior\ReadHtmlCacheBehavior [ RunTime:0.002001s ]
INFO: [ app_begin ] --END-- [ RunTime:0.002152s ]
SQL: SHOW COLUMNS FROM `admin` [ RunTime:0.003928s ]
SQL: SELECT COUNT(*) AS tp_count FROM `admin` WHERE ( username='wanghexiang'and password='96e79218965eb72c92a549dd5a330112' ) LIMIT 1   [ RunTime:0.000427s ]
SQL: SHOW COLUMNS FROM `article` [ RunTime:0.004880s ]
SQL: SELECT * FROM `article`  [ RunTime:0.000492s ]
INFO: [ view_parse ] --START--
INFO: [ template_filter ] --START--
INFO: Run Behavior\ContentReplaceBehavior [ RunTime:0.000088s ]
INFO: [ template_filter ] --END-- [ RunTime:0.000213s ]
NOTIC: [8] Undefined variable: page E:\www\code\diguniu\Application\Runtime\Cache\Admin\f68c5a1a42542d9b876352dd3eb66abd.php 第 41 行.
INFO: Run Behavior\ParseTemplateBehavior [ RunTime:0.044730s ]
INFO: [ view_parse ] --END-- [ RunTime:0.044854s ]
INFO: [ view_filter ] --START--
INFO: Run Behavior\WriteHtmlCacheBehavior [ RunTime:0.001320s ]
INFO: Run Behavior\TokenBuildBehavior [ RunTime:0.001690s ]
INFO: [ view_filter ] --END-- [ RunTime:0.003209s ]
INFO: [ app_end ] --START--
INFO: Run Behavior\ShowPageTraceBehavior [ RunTime:0.002238s ]
INFO: [ app_end ] --END-- [ RunTime:0.002372s ]

[ 2014-04-09T09:43:45+08:00 ] 127.0.0.100 /diguniu/index.php?m=Admin&c=Article&a=edit&id=15
INFO: [ app_init ] --START--
INFO: Run Behavior\BuildLiteBehavior [ RunTime:0.000031s ]
INFO: [ app_init ] --END-- [ RunTime:0.001209s ]
INFO: [ app_begin ] --START--
INFO: Run Behavior\ReadHtmlCacheBehavior [ RunTime:0.001839s ]
INFO: [ app_begin ] --END-- [ RunTime:0.001990s ]
SQL: SHOW COLUMNS FROM `admin` [ RunTime:0.004600s ]
SQL: SELECT COUNT(*) AS tp_count FROM `admin` WHERE ( username='wanghexiang'and password='96e79218965eb72c92a549dd5a330112' ) LIMIT 1   [ RunTime:0.000542s ]
SQL: SHOW COLUMNS FROM `article` [ RunTime:0.004753s ]
SQL: SHOW COLUMNS FROM `arc_content` [ RunTime:0.004768s ]
SQL: SELECT * FROM `article` WHERE ( id=15 ) LIMIT 1   [ RunTime:0.000671s ]
SQL: SELECT * FROM `arc_content` WHERE ( arc_id=15 ) LIMIT 1   [ RunTime:0.000530s ]
SQL: SHOW COLUMNS FROM `category` [ RunTime:0.004101s ]
SQL: SELECT * FROM `category`  [ RunTime:0.000394s ]
INFO: [ view_parse ] --START--
INFO: [ template_filter ] --START--
INFO: Run Behavior\ContentReplaceBehavior [ RunTime:0.000111s ]
INFO: [ template_filter ] --END-- [ RunTime:0.000241s ]
INFO: Run Behavior\ParseTemplateBehavior [ RunTime:0.023735s ]
INFO: [ view_parse ] --END-- [ RunTime:0.023882s ]
INFO: [ view_filter ] --START--
INFO: Run Behavior\WriteHtmlCacheBehavior [ RunTime:0.001317s ]
INFO: Run Behavior\TokenBuildBehavior [ RunTime:0.001770s ]
INFO: [ view_filter ] --END-- [ RunTime:0.003290s ]
INFO: [ app_end ] --START--
INFO: Run Behavior\ShowPageTraceBehavior [ RunTime:0.002077s ]
INFO: [ app_end ] --END-- [ RunTime:0.002202s ]

[ 2014-04-09T09:43:50+08:00 ] 127.0.0.100 /diguniu/index.php?m=Admin&c=Login&a=loginout
INFO: [ app_init ] --START--
INFO: Run Behavior\BuildLiteBehavior [ RunTime:0.000031s ]
INFO: [ app_init ] --END-- [ RunTime:0.001189s ]
INFO: [ app_begin ] --START--
INFO: Run Behavior\ReadHtmlCacheBehavior [ RunTime:0.002165s ]
INFO: [ app_begin ] --END-- [ RunTime:0.002319s ]
INFO: [ view_parse ] --START--
INFO: [ template_filter ] --START--
INFO: Run Behavior\ContentReplaceBehavior [ RunTime:0.000073s ]
INFO: [ template_filter ] --END-- [ RunTime:0.000239s ]
INFO: Run Behavior\ParseTemplateBehavior [ RunTime:0.028568s ]
INFO: [ view_parse ] --END-- [ RunTime:0.028715s ]
INFO: [ view_filter ] --START--
INFO: Run Behavior\WriteHtmlCacheBehavior [ RunTime:0.001379s ]
INFO: Run Behavior\TokenBuildBehavior [ RunTime:0.001672s ]
INFO: [ view_filter ] --END-- [ RunTime:0.003262s ]

[ 2014-04-09T09:43:54+08:00 ] 127.0.0.100 /diguniu/index.php?m=Admin&c=Login&a=index
INFO: [ app_init ] --START--
INFO: Run Behavior\BuildLiteBehavior [ RunTime:0.000033s ]
INFO: [ app_init ] --END-- [ RunTime:0.001232s ]
INFO: [ app_begin ] --START--
INFO: Run Behavior\ReadHtmlCacheBehavior [ RunTime:0.002154s ]
INFO: [ app_begin ] --END-- [ RunTime:0.002312s ]
INFO: [ view_parse ] --START--
INFO: [ template_filter ] --START--
INFO: Run Behavior\ContentReplaceBehavior [ RunTime:0.000137s ]
INFO: [ template_filter ] --END-- [ RunTime:0.000292s ]
INFO: Run Behavior\ParseTemplateBehavior [ RunTime:0.027417s ]
INFO: [ view_parse ] --END-- [ RunTime:0.027566s ]
INFO: [ view_filter ] --START--
INFO: Run Behavior\WriteHtmlCacheBehavior [ RunTime:0.001280s ]
INFO: Run Behavior\TokenBuildBehavior [ RunTime:0.001843s ]
INFO: [ view_filter ] --END-- [ RunTime:0.003345s ]
INFO: [ app_end ] --START--
INFO: Run Behavior\ShowPageTraceBehavior [ RunTime:0.002043s ]
INFO: [ app_end ] --END-- [ RunTime:0.002169s ]

[ 2014-04-09T09:43:55+08:00 ] 127.0.0.100 /diguniu/index.php?m=Admin&c=Login&a=verify
INFO: [ app_init ] --START--
INFO: Run Behavior\BuildLiteBehavior [ RunTime:0.000032s ]
INFO: [ app_init ] --END-- [ RunTime:0.001220s ]
INFO: [ app_begin ] --START--
INFO: Run Behavior\ReadHtmlCacheBehavior [ RunTime:0.001860s ]
INFO: [ app_begin ] --END-- [ RunTime:0.002006s ]
INFO: [ app_end ] --START--
INFO: Run Behavior\ShowPageTraceBehavior [ RunTime:0.002004s ]
INFO: [ app_end ] --END-- [ RunTime:0.002174s ]

[ 2014-04-09T09:44:01+08:00 ] 127.0.0.100 /diguniu/
INFO: [ app_init ] --START--
INFO: Run Behavior\BuildLiteBehavior [ RunTime:0.000031s ]
INFO: [ app_init ] --END-- [ RunTime:0.001285s ]
INFO: [ app_begin ] --START--
INFO: Run Behavior\ReadHtmlCacheBehavior [ RunTime:0.001822s ]
INFO: [ app_begin ] --END-- [ RunTime:0.001972s ]
SQL: SHOW COLUMNS FROM `admin` [ RunTime:0.004090s ]
SQL: SELECT COUNT(*) AS tp_count FROM `admin` WHERE ( username='wanghexiang'and password='96e79218965eb72c92a549dd5a330112' ) LIMIT 1   [ RunTime:0.000433s ]
INFO: [ view_parse ] --START--
INFO: [ template_filter ] --START--
INFO: Run Behavior\ContentReplaceBehavior [ RunTime:0.000070s ]
INFO: [ template_filter ] --END-- [ RunTime:0.000204s ]
INFO: Run Behavior\ParseTemplateBehavior [ RunTime:0.017616s ]
INFO: [ view_parse ] --END-- [ RunTime:0.017754s ]
INFO: [ view_filter ] --START--
INFO: Run Behavior\WriteHtmlCacheBehavior [ RunTime:0.001284s ]
INFO: Run Behavior\TokenBuildBehavior [ RunTime:0.001851s ]
INFO: [ view_filter ] --END-- [ RunTime:0.003350s ]
INFO: [ app_end ] --START--
INFO: Run Behavior\ShowPageTraceBehavior [ RunTime:0.002071s ]
INFO: [ app_end ] --END-- [ RunTime:0.002202s ]

[ 2014-04-09T09:44:02+08:00 ] 127.0.0.100 /diguniu/index.php?m=Admin&c=Index&a=main
INFO: [ app_init ] --START--
INFO: Run Behavior\BuildLiteBehavior [ RunTime:0.000035s ]
INFO: [ app_init ] --END-- [ RunTime:0.001372s ]
INFO: [ app_begin ] --START--
INFO: Run Behavior\ReadHtmlCacheBehavior [ RunTime:0.002046s ]
INFO: [ app_begin ] --END-- [ RunTime:0.002203s ]
SQL: SHOW COLUMNS FROM `admin` [ RunTime:0.004182s ]
SQL: SELECT COUNT(*) AS tp_count FROM `admin` WHERE ( username='wanghexiang'and password='96e79218965eb72c92a549dd5a330112' ) LIMIT 1   [ RunTime:0.000466s ]
INFO: [ view_parse ] --START--
INFO: [ template_filter ] --START--
INFO: Run Behavior\ContentReplaceBehavior [ RunTime:0.000076s ]
INFO: [ template_filter ] --END-- [ RunTime:0.000203s ]
INFO: Run Behavior\ParseTemplateBehavior [ RunTime:0.019201s ]
INFO: [ view_parse ] --END-- [ RunTime:0.019363s ]
INFO: [ view_filter ] --START--
INFO: Run Behavior\WriteHtmlCacheBehavior [ RunTime:0.001453s ]
INFO: Run Behavior\TokenBuildBehavior [ RunTime:0.001735s ]
INFO: [ view_filter ] --END-- [ RunTime:0.003396s ]
INFO: [ app_end ] --START--
INFO: Run Behavior\ShowPageTraceBehavior [ RunTime:0.001983s ]
INFO: [ app_end ] --END-- [ RunTime:0.002110s ]

[ 2014-04-09T09:44:02+08:00 ] 127.0.0.100 /diguniu/index.php?m=Admin&c=Index&a=left
INFO: [ app_init ] --START--
INFO: Run Behavior\BuildLiteBehavior [ RunTime:0.000033s ]
INFO: [ app_init ] --END-- [ RunTime:0.001348s ]
INFO: [ app_begin ] --START--
INFO: Run Behavior\ReadHtmlCacheBehavior [ RunTime:0.002765s ]
INFO: [ app_begin ] --END-- [ RunTime:0.002920s ]
SQL: SHOW COLUMNS FROM `admin` [ RunTime:0.015333s ]
SQL: SELECT COUNT(*) AS tp_count FROM `admin` WHERE ( username='wanghexiang'and password='96e79218965eb72c92a549dd5a330112' ) LIMIT 1   [ RunTime:0.000537s ]
INFO: [ view_parse ] --START--
INFO: [ template_filter ] --START--
INFO: Run Behavior\ContentReplaceBehavior [ RunTime:0.000086s ]
INFO: [ template_filter ] --END-- [ RunTime:0.000220s ]
INFO: Run Behavior\ParseTemplateBehavior [ RunTime:0.027433s ]
INFO: [ view_parse ] --END-- [ RunTime:0.027645s ]
INFO: [ view_filter ] --START--
INFO: Run Behavior\WriteHtmlCacheBehavior [ RunTime:0.002341s ]
INFO: Run Behavior\TokenBuildBehavior [ RunTime:0.002783s ]
INFO: [ view_filter ] --END-- [ RunTime:0.005376s ]
INFO: [ app_end ] --START--
INFO: Run Behavior\ShowPageTraceBehavior [ RunTime:0.004978s ]
INFO: [ app_end ] --END-- [ RunTime:0.005143s ]

[ 2014-04-09T09:44:03+08:00 ] 127.0.0.100 /diguniu/index.php?m=Admin&c=Index&a=top
INFO: [ app_init ] --START--
INFO: Run Behavior\BuildLiteBehavior [ RunTime:0.000032s ]
INFO: [ app_init ] --END-- [ RunTime:0.001193s ]
INFO: [ app_begin ] --START--
INFO: Run Behavior\ReadHtmlCacheBehavior [ RunTime:0.002004s ]
INFO: [ app_begin ] --END-- [ RunTime:0.002165s ]
SQL: SHOW COLUMNS FROM `admin` [ RunTime:0.003922s ]
SQL: SELECT COUNT(*) AS tp_count FROM `admin` WHERE ( username='wanghexiang'and password='96e79218965eb72c92a549dd5a330112' ) LIMIT 1   [ RunTime:0.000427s ]
INFO: [ view_parse ] --START--
INFO: [ template_filter ] --START--
INFO: Run Behavior\ContentReplaceBehavior [ RunTime:0.000097s ]
INFO: [ template_filter ] --END-- [ RunTime:0.000237s ]
INFO: Run Behavior\ParseTemplateBehavior [ RunTime:0.021627s ]
INFO: [ view_parse ] --END-- [ RunTime:0.021787s ]
INFO: [ view_filter ] --START--
INFO: Run Behavior\WriteHtmlCacheBehavior [ RunTime:0.001252s ]
INFO: Run Behavior\TokenBuildBehavior [ RunTime:0.001679s ]
INFO: [ view_filter ] --END-- [ RunTime:0.003131s ]
INFO: [ app_end ] --START--
INFO: Run Behavior\ShowPageTraceBehavior [ RunTime:0.002006s ]
INFO: [ app_end ] --END-- [ RunTime:0.002130s ]

[ 2014-04-09T09:44:06+08:00 ] 127.0.0.100 /diguniu/index.php?m=Admin&c=Article&a=article_list
INFO: [ app_init ] --START--
INFO: Run Behavior\BuildLiteBehavior [ RunTime:0.000032s ]
INFO: [ app_init ] --END-- [ RunTime:0.001069s ]
INFO: [ app_begin ] --START--
INFO: Run Behavior\ReadHtmlCacheBehavior [ RunTime:0.001852s ]
INFO: [ app_begin ] --END-- [ RunTime:0.002010s ]
SQL: SHOW COLUMNS FROM `admin` [ RunTime:0.004475s ]
SQL: SELECT COUNT(*) AS tp_count FROM `admin` WHERE ( username='wanghexiang'and password='96e79218965eb72c92a549dd5a330112' ) LIMIT 1   [ RunTime:0.000444s ]
SQL: SHOW COLUMNS FROM `article` [ RunTime:0.004150s ]
SQL: SELECT * FROM `article`  [ RunTime:0.000466s ]
INFO: [ view_parse ] --START--
INFO: [ template_filter ] --START--
INFO: Run Behavior\ContentReplaceBehavior [ RunTime:0.000088s ]
INFO: [ template_filter ] --END-- [ RunTime:0.000206s ]
NOTIC: [8] Undefined variable: page E:\www\code\diguniu\Application\Runtime\Cache\Admin\f68c5a1a42542d9b876352dd3eb66abd.php 第 41 行.
INFO: Run Behavior\ParseTemplateBehavior [ RunTime:0.025347s ]
INFO: [ view_parse ] --END-- [ RunTime:0.025476s ]
INFO: [ view_filter ] --START--
INFO: Run Behavior\WriteHtmlCacheBehavior [ RunTime:0.001546s ]
INFO: Run Behavior\TokenBuildBehavior [ RunTime:0.001876s ]
INFO: [ view_filter ] --END-- [ RunTime:0.003637s ]
INFO: [ app_end ] --START--
INFO: Run Behavior\ShowPageTraceBehavior [ RunTime:0.002119s ]
INFO: [ app_end ] --END-- [ RunTime:0.002247s ]

[ 2014-04-09T09:44:09+08:00 ] 127.0.0.100 /diguniu/index.php?m=Admin&c=Article&a=edit
INFO: [ app_init ] --START--
INFO: Run Behavior\BuildLiteBehavior [ RunTime:0.000035s ]
INFO: [ app_init ] --END-- [ RunTime:0.001159s ]
INFO: [ app_begin ] --START--
INFO: Run Behavior\ReadHtmlCacheBehavior [ RunTime:0.001142s ]
INFO: [ app_begin ] --END-- [ RunTime:0.001289s ]
SQL: SHOW COLUMNS FROM `admin` [ RunTime:0.003938s ]
SQL: SELECT COUNT(*) AS tp_count FROM `admin` WHERE ( username='wanghexiang'and password='96e79218965eb72c92a549dd5a330112' ) LIMIT 1   [ RunTime:0.000431s ]
SQL: SHOW COLUMNS FROM `article` [ RunTime:0.004872s ]
SQL: SHOW COLUMNS FROM `arc_content` [ RunTime:0.004224s ]
SQL: SELECT * FROM `article` WHERE ( id= ) LIMIT 1   [ RunTime:0.000305s ]
ERR: 1064:You have an error in your SQL syntax; check the manual that corresponds to your MySQL server version for the right syntax to use near ') LIMIT 1' at line 1
 [ SQL语句 ] : SELECT * FROM `article` WHERE ( id= ) LIMIT 1  
SQL: SELECT * FROM `arc_content` WHERE ( arc_id= ) LIMIT 1   [ RunTime:0.000373s ]
ERR: 1064:You have an error in your SQL syntax; check the manual that corresponds to your MySQL server version for the right syntax to use near ') LIMIT 1' at line 1
 [ SQL语句 ] : SELECT * FROM `arc_content` WHERE ( arc_id= ) LIMIT 1  
SQL: SHOW COLUMNS FROM `category` [ RunTime:0.004362s ]
SQL: SELECT * FROM `category`  [ RunTime:0.000426s ]
INFO: [ view_parse ] --START--
INFO: [ template_filter ] --START--
INFO: Run Behavior\ContentReplaceBehavior [ RunTime:0.000108s ]
INFO: [ template_filter ] --END-- [ RunTime:0.000245s ]
INFO: Run Behavior\ParseTemplateBehavior [ RunTime:0.023549s ]
INFO: [ view_parse ] --END-- [ RunTime:0.023720s ]
INFO: [ view_filter ] --START--
INFO: Run Behavior\WriteHtmlCacheBehavior [ RunTime:0.001495s ]
INFO: Run Behavior\TokenBuildBehavior [ RunTime:0.002030s ]
INFO: [ view_filter ] --END-- [ RunTime:0.003735s ]
INFO: [ app_end ] --START--
INFO: Run Behavior\ShowPageTraceBehavior [ RunTime:0.002643s ]
INFO: [ app_end ] --END-- [ RunTime:0.002769s ]

[ 2014-04-09T09:44:10+08:00 ] 127.0.0.100 /diguniu/index.php?m=Admin&c=Category&a=edit
INFO: [ app_init ] --START--
INFO: Run Behavior\BuildLiteBehavior [ RunTime:0.000096s ]
INFO: [ app_init ] --END-- [ RunTime:0.000905s ]
INFO: [ app_begin ] --START--
INFO: Run Behavior\ReadHtmlCacheBehavior [ RunTime:0.001165s ]
INFO: [ app_begin ] --END-- [ RunTime:0.001311s ]
SQL: SHOW COLUMNS FROM `admin` [ RunTime:0.003928s ]
SQL: SELECT COUNT(*) AS tp_count FROM `admin` WHERE ( username='wanghexiang'and password='96e79218965eb72c92a549dd5a330112' ) LIMIT 1   [ RunTime:0.000427s ]
SQL: SHOW COLUMNS FROM `category` [ RunTime:0.003801s ]
SQL: SELECT * FROM `category` WHERE ( id='' ) LIMIT 1   [ RunTime:0.000430s ]
SQL: SELECT * FROM `category`  [ RunTime:0.000270s ]
NOTIC: [8] Undefined variable: base_category E:\www\code\diguniu\Application\Admin\Controller\CategoryController.class.php 第 38 行.
INFO: [ view_parse ] --START--
INFO: [ template_filter ] --START--
INFO: Run Behavior\ContentReplaceBehavior [ RunTime:0.000128s ]
INFO: [ template_filter ] --END-- [ RunTime:0.000610s ]
INFO: Run Behavior\ParseTemplateBehavior [ RunTime:0.022809s ]
INFO: [ view_parse ] --END-- [ RunTime:0.022948s ]
INFO: [ view_filter ] --START--
INFO: Run Behavior\WriteHtmlCacheBehavior [ RunTime:0.001476s ]
INFO: Run Behavior\TokenBuildBehavior [ RunTime:0.001838s ]
INFO: [ view_filter ] --END-- [ RunTime:0.003516s ]
INFO: [ app_end ] --START--
INFO: Run Behavior\ShowPageTraceBehavior [ RunTime:0.001997s ]
INFO: [ app_end ] --END-- [ RunTime:0.002124s ]

[ 2014-04-09T09:44:11+08:00 ] 127.0.0.100 /diguniu/index.php?m=Admin&c=Category&a=category_list
INFO: [ app_init ] --START--
INFO: Run Behavior\BuildLiteBehavior [ RunTime:0.000031s ]
INFO: [ app_init ] --END-- [ RunTime:0.000925s ]
INFO: [ app_begin ] --START--
INFO: Run Behavior\ReadHtmlCacheBehavior [ RunTime:0.001164s ]
INFO: [ app_begin ] --END-- [ RunTime:0.001311s ]
SQL: SHOW COLUMNS FROM `admin` [ RunTime:0.004133s ]
SQL: SELECT COUNT(*) AS tp_count FROM `admin` WHERE ( username='wanghexiang'and password='96e79218965eb72c92a549dd5a330112' ) LIMIT 1   [ RunTime:0.000511s ]
SQL: SHOW COLUMNS FROM `category` [ RunTime:0.003934s ]
SQL: SELECT * FROM `category`  [ RunTime:0.000435s ]
INFO: [ view_parse ] --START--
INFO: [ template_filter ] --START--
INFO: Run Behavior\ContentReplaceBehavior [ RunTime:0.000087s ]
INFO: [ template_filter ] --END-- [ RunTime:0.000206s ]
NOTIC: [8] Undefined variable: page E:\www\code\diguniu\Application\Runtime\Cache\Admin\46fc65ba2b7dc6249bfde48ce8661431.php 第 40 行.
INFO: Run Behavior\ParseTemplateBehavior [ RunTime:0.022386s ]
INFO: [ view_parse ] --END-- [ RunTime:0.022515s ]
INFO: [ view_filter ] --START--
INFO: Run Behavior\WriteHtmlCacheBehavior [ RunTime:0.001490s ]
INFO: Run Behavior\TokenBuildBehavior [ RunTime:0.002024s ]
INFO: [ view_filter ] --END-- [ RunTime:0.003723s ]
INFO: [ app_end ] --START--
INFO: Run Behavior\ShowPageTraceBehavior [ RunTime:0.002043s ]
INFO: [ app_end ] --END-- [ RunTime:0.002171s ]

[ 2014-04-09T09:44:13+08:00 ] 127.0.0.100 /diguniu/index.php?m=Admin&c=Login&a=loginout
INFO: [ app_init ] --START--
INFO: Run Behavior\BuildLiteBehavior [ RunTime:0.000033s ]
INFO: [ app_init ] --END-- [ RunTime:0.001008s ]
INFO: [ app_begin ] --START--
INFO: Run Behavior\ReadHtmlCacheBehavior [ RunTime:0.001508s ]
INFO: [ app_begin ] --END-- [ RunTime:0.001663s ]
INFO: [ view_parse ] --START--
INFO: [ template_filter ] --START--
INFO: Run Behavior\ContentReplaceBehavior [ RunTime:0.000074s ]
INFO: [ template_filter ] --END-- [ RunTime:0.000250s ]
INFO: Run Behavior\ParseTemplateBehavior [ RunTime:0.017584s ]
INFO: [ view_parse ] --END-- [ RunTime:0.017743s ]
INFO: [ view_filter ] --START--
INFO: Run Behavior\WriteHtmlCacheBehavior [ RunTime:0.001506s ]
INFO: Run Behavior\TokenBuildBehavior [ RunTime:0.001959s ]
INFO: [ view_filter ] --END-- [ RunTime:0.003673s ]

[ 2014-04-09T09:44:17+08:00 ] 127.0.0.100 /diguniu/index.php?m=Admin&c=Login&a=index
INFO: [ app_init ] --START--
INFO: Run Behavior\BuildLiteBehavior [ RunTime:0.000031s ]
INFO: [ app_init ] --END-- [ RunTime:0.000846s ]
INFO: [ app_begin ] --START--
INFO: Run Behavior\ReadHtmlCacheBehavior [ RunTime:0.001241s ]
INFO: [ app_begin ] --END-- [ RunTime:0.001390s ]
INFO: [ view_parse ] --START--
INFO: [ template_filter ] --START--
INFO: Run Behavior\ContentReplaceBehavior [ RunTime:0.000328s ]
INFO: [ template_filter ] --END-- [ RunTime:0.000607s ]
INFO: Run Behavior\ParseTemplateBehavior [ RunTime:0.020695s ]
INFO: [ view_parse ] --END-- [ RunTime:0.020837s ]
INFO: [ view_filter ] --START--
INFO: Run Behavior\WriteHtmlCacheBehavior [ RunTime:0.001480s ]
INFO: Run Behavior\TokenBuildBehavior [ RunTime:0.001903s ]
INFO: [ view_filter ] --END-- [ RunTime:0.003587s ]
INFO: [ app_end ] --START--
INFO: Run Behavior\ShowPageTraceBehavior [ RunTime:0.002482s ]
INFO: [ app_end ] --END-- [ RunTime:0.002614s ]

[ 2014-04-09T09:44:18+08:00 ] 127.0.0.100 /diguniu/index.php?m=Admin&c=Login&a=verify
INFO: [ app_init ] --START--
INFO: Run Behavior\BuildLiteBehavior [ RunTime:0.000032s ]
INFO: [ app_init ] --END-- [ RunTime:0.000847s ]
INFO: [ app_begin ] --START--
INFO: Run Behavior\ReadHtmlCacheBehavior [ RunTime:0.001121s ]
INFO: [ app_begin ] --END-- [ RunTime:0.001285s ]
INFO: [ app_end ] --START--
INFO: Run Behavior\ShowPageTraceBehavior [ RunTime:0.002052s ]
INFO: [ app_end ] --END-- [ RunTime:0.002218s ]

[ 2014-04-09T09:44:20+08:00 ] 127.0.0.100 /diguniu/index.php?m=Admin&c=Admin&a=edit
INFO: [ app_init ] --START--
INFO: Run Behavior\BuildLiteBehavior [ RunTime:0.000031s ]
INFO: [ app_init ] --END-- [ RunTime:0.000918s ]
INFO: [ app_begin ] --START--
INFO: Run Behavior\ReadHtmlCacheBehavior [ RunTime:0.001158s ]
INFO: [ app_begin ] --END-- [ RunTime:0.001306s ]
SQL: SHOW COLUMNS FROM `admin` [ RunTime:0.004142s ]
SQL: SELECT COUNT(*) AS tp_count FROM `admin` WHERE ( username='wanghexiang'and password='96e79218965eb72c92a549dd5a330112' ) LIMIT 1   [ RunTime:0.000436s ]
NOTIC: [8] Undefined index: id E:\www\code\diguniu\Application\Admin\Controller\AdminController.class.php 第 16 行.
SQL: SELECT * FROM `admin` WHERE ( id= ) LIMIT 1   [ RunTime:0.000289s ]
ERR: 1064:You have an error in your SQL syntax; check the manual that corresponds to your MySQL server version for the right syntax to use near ') LIMIT 1' at line 1
 [ SQL语句 ] : SELECT * FROM `admin` WHERE ( id= ) LIMIT 1  
INFO: [ view_parse ] --START--
INFO: [ template_filter ] --START--
INFO: Run Behavior\ContentReplaceBehavior [ RunTime:0.000096s ]
INFO: [ template_filter ] --END-- [ RunTime:0.000226s ]
INFO: Run Behavior\ParseTemplateBehavior [ RunTime:0.019373s ]
INFO: [ view_parse ] --END-- [ RunTime:0.019517s ]
INFO: [ view_filter ] --START--
INFO: Run Behavior\WriteHtmlCacheBehavior [ RunTime:0.001520s ]
INFO: Run Behavior\TokenBuildBehavior [ RunTime:0.001941s ]
INFO: [ view_filter ] --END-- [ RunTime:0.003666s ]
INFO: [ app_end ] --START--
INFO: Run Behavior\ShowPageTraceBehavior [ RunTime:0.002169s ]
INFO: [ app_end ] --END-- [ RunTime:0.002299s ]

[ 2014-04-09T09:44:21+08:00 ] 127.0.0.100 /diguniu/index.php?m=Admin&c=Admin&a=admin_list
INFO: [ app_init ] --START--
INFO: Run Behavior\BuildLiteBehavior [ RunTime:0.000032s ]
INFO: [ app_init ] --END-- [ RunTime:0.000859s ]
INFO: [ app_begin ] --START--
INFO: Run Behavior\ReadHtmlCacheBehavior [ RunTime:0.001170s ]
INFO: [ app_begin ] --END-- [ RunTime:0.001323s ]
SQL: SHOW COLUMNS FROM `admin` [ RunTime:0.004390s ]
SQL: SELECT COUNT(*) AS tp_count FROM `admin` WHERE ( username='wanghexiang'and password='96e79218965eb72c92a549dd5a330112' ) LIMIT 1   [ RunTime:0.000473s ]
SQL: SELECT * FROM `admin` LIMIT 0,10   [ RunTime:0.000288s ]
SQL: SELECT COUNT(*) AS tp_count FROM `admin` LIMIT 1   [ RunTime:0.000177s ]
INFO: [ view_parse ] --START--
INFO: [ template_filter ] --START--
INFO: Run Behavior\ContentReplaceBehavior [ RunTime:0.000089s ]
INFO: [ template_filter ] --END-- [ RunTime:0.000210s ]
INFO: Run Behavior\ParseTemplateBehavior [ RunTime:0.021723s ]
INFO: [ view_parse ] --END-- [ RunTime:0.021867s ]
INFO: [ view_filter ] --START--
INFO: Run Behavior\WriteHtmlCacheBehavior [ RunTime:0.001494s ]
INFO: Run Behavior\TokenBuildBehavior [ RunTime:0.003423s ]
INFO: [ view_filter ] --END-- [ RunTime:0.005164s ]
INFO: [ app_end ] --START--
INFO: Run Behavior\ShowPageTraceBehavior [ RunTime:0.002419s ]
INFO: [ app_end ] --END-- [ RunTime:0.002557s ]

[ 2014-04-09T09:44:24+08:00 ] 127.0.0.100 /diguniu/index.php?m=Admin&c=Admin&a=edit
INFO: [ app_init ] --START--
INFO: Run Behavior\BuildLiteBehavior [ RunTime:0.000031s ]
INFO: [ app_init ] --END-- [ RunTime:0.000856s ]
INFO: [ app_begin ] --START--
INFO: Run Behavior\ReadHtmlCacheBehavior [ RunTime:0.001225s ]
INFO: [ app_begin ] --END-- [ RunTime:0.001372s ]
SQL: SHOW COLUMNS FROM `admin` [ RunTime:0.004442s ]
SQL: SELECT COUNT(*) AS tp_count FROM `admin` WHERE ( username='wanghexiang'and password='96e79218965eb72c92a549dd5a330112' ) LIMIT 1   [ RunTime:0.000437s ]
NOTIC: [8] Undefined index: id E:\www\code\diguniu\Application\Admin\Controller\AdminController.class.php 第 16 行.
SQL: SELECT * FROM `admin` WHERE ( id= ) LIMIT 1   [ RunTime:0.000179s ]
ERR: 1064:You have an error in your SQL syntax; check the manual that corresponds to your MySQL server version for the right syntax to use near ') LIMIT 1' at line 1
 [ SQL语句 ] : SELECT * FROM `admin` WHERE ( id= ) LIMIT 1  
INFO: [ view_parse ] --START--
INFO: [ template_filter ] --START--
INFO: Run Behavior\ContentReplaceBehavior [ RunTime:0.000100s ]
INFO: [ template_filter ] --END-- [ RunTime:0.000221s ]
INFO: Run Behavior\ParseTemplateBehavior [ RunTime:0.020188s ]
INFO: [ view_parse ] --END-- [ RunTime:0.020331s ]
INFO: [ view_filter ] --START--
INFO: Run Behavior\WriteHtmlCacheBehavior [ RunTime:0.001482s ]
INFO: Run Behavior\TokenBuildBehavior [ RunTime:0.001823s ]
INFO: [ view_filter ] --END-- [ RunTime:0.003505s ]
INFO: [ app_end ] --START--
INFO: Run Behavior\ShowPageTraceBehavior [ RunTime:0.001959s ]
INFO: [ app_end ] --END-- [ RunTime:0.002085s ]

[ 2014-04-09T09:44:25+08:00 ] 127.0.0.100 /diguniu/index.php?m=Admin&c=Category&a=category_list
INFO: [ app_init ] --START--
INFO: Run Behavior\BuildLiteBehavior [ RunTime:0.000032s ]
INFO: [ app_init ] --END-- [ RunTime:0.000857s ]
INFO: [ app_begin ] --START--
INFO: Run Behavior\ReadHtmlCacheBehavior [ RunTime:0.001128s ]
INFO: [ app_begin ] --END-- [ RunTime:0.001276s ]
SQL: SHOW COLUMNS FROM `admin` [ RunTime:0.003869s ]
SQL: SELECT COUNT(*) AS tp_count FROM `admin` WHERE ( username='wanghexiang'and password='96e79218965eb72c92a549dd5a330112' ) LIMIT 1   [ RunTime:0.000442s ]
SQL: SHOW COLUMNS FROM `category` [ RunTime:0.003819s ]
SQL: SELECT * FROM `category`  [ RunTime:0.000432s ]
INFO: [ view_parse ] --START--
INFO: [ template_filter ] --START--
INFO: Run Behavior\ContentReplaceBehavior [ RunTime:0.000084s ]
INFO: [ template_filter ] --END-- [ RunTime:0.000206s ]
NOTIC: [8] Undefined variable: page E:\www\code\diguniu\Application\Runtime\Cache\Admin\46fc65ba2b7dc6249bfde48ce8661431.php 第 40 行.
INFO: Run Behavior\ParseTemplateBehavior [ RunTime:0.021413s ]
INFO: [ view_parse ] --END-- [ RunTime:0.021541s ]
INFO: [ view_filter ] --START--
INFO: Run Behavior\WriteHtmlCacheBehavior [ RunTime:0.001501s ]
INFO: Run Behavior\TokenBuildBehavior [ RunTime:0.001757s ]
INFO: [ view_filter ] --END-- [ RunTime:0.003474s ]
INFO: [ app_end ] --START--
INFO: Run Behavior\ShowPageTraceBehavior [ RunTime:0.002472s ]
INFO: [ app_end ] --END-- [ RunTime:0.002608s ]

[ 2014-04-09T09:44:27+08:00 ] 127.0.0.100 /diguniu/index.php?m=Admin&c=Category&a=edit
INFO: [ app_init ] --START--
INFO: Run Behavior\BuildLiteBehavior [ RunTime:0.000032s ]
INFO: [ app_init ] --END-- [ RunTime:0.001020s ]
INFO: [ app_begin ] --START--
INFO: Run Behavior\ReadHtmlCacheBehavior [ RunTime:0.001130s ]
INFO: [ app_begin ] --END-- [ RunTime:0.001279s ]
SQL: SHOW COLUMNS FROM `admin` [ RunTime:0.003898s ]
SQL: SELECT COUNT(*) AS tp_count FROM `admin` WHERE ( username='wanghexiang'and password='96e79218965eb72c92a549dd5a330112' ) LIMIT 1   [ RunTime:0.000436s ]
SQL: SHOW COLUMNS FROM `category` [ RunTime:0.004350s ]
SQL: SELECT * FROM `category` WHERE ( id='' ) LIMIT 1   [ RunTime:0.000473s ]
SQL: SELECT * FROM `category`  [ RunTime:0.000271s ]
NOTIC: [8] Undefined variable: base_category E:\www\code\diguniu\Application\Admin\Controller\CategoryController.class.php 第 38 行.
INFO: [ view_parse ] --START--
INFO: [ template_filter ] --START--
INFO: Run Behavior\ContentReplaceBehavior [ RunTime:0.000101s ]
INFO: [ template_filter ] --END-- [ RunTime:0.000345s ]
INFO: Run Behavior\ParseTemplateBehavior [ RunTime:0.022112s ]
INFO: [ view_parse ] --END-- [ RunTime:0.022256s ]
INFO: [ view_filter ] --START--
INFO: Run Behavior\WriteHtmlCacheBehavior [ RunTime:0.001540s ]
INFO: Run Behavior\TokenBuildBehavior [ RunTime:0.001860s ]
INFO: [ view_filter ] --END-- [ RunTime:0.003599s ]
INFO: [ app_end ] --START--
INFO: Run Behavior\ShowPageTraceBehavior [ RunTime:0.002006s ]
INFO: [ app_end ] --END-- [ RunTime:0.002129s ]

[ 2014-04-09T09:44:28+08:00 ] 127.0.0.100 /diguniu/index.php?m=Admin&c=Article&a=edit
INFO: [ app_init ] --START--
INFO: Run Behavior\BuildLiteBehavior [ RunTime:0.000040s ]
INFO: [ app_init ] --END-- [ RunTime:0.001361s ]
INFO: [ app_begin ] --START--
INFO: Run Behavior\ReadHtmlCacheBehavior [ RunTime:0.001247s ]
INFO: [ app_begin ] --END-- [ RunTime:0.001394s ]
SQL: SHOW COLUMNS FROM `admin` [ RunTime:0.006341s ]
SQL: SELECT COUNT(*) AS tp_count FROM `admin` WHERE ( username='wanghexiang'and password='96e79218965eb72c92a549dd5a330112' ) LIMIT 1   [ RunTime:0.000574s ]
SQL: SHOW COLUMNS FROM `article` [ RunTime:0.005530s ]
SQL: SHOW COLUMNS FROM `arc_content` [ RunTime:0.005374s ]
SQL: SELECT * FROM `article` WHERE ( id= ) LIMIT 1   [ RunTime:0.000224s ]
ERR: 1064:You have an error in your SQL syntax; check the manual that corresponds to your MySQL server version for the right syntax to use near ') LIMIT 1' at line 1
 [ SQL语句 ] : SELECT * FROM `article` WHERE ( id= ) LIMIT 1  
SQL: SELECT * FROM `arc_content` WHERE ( arc_id= ) LIMIT 1   [ RunTime:0.000260s ]
ERR: 1064:You have an error in your SQL syntax; check the manual that corresponds to your MySQL server version for the right syntax to use near ') LIMIT 1' at line 1
 [ SQL语句 ] : SELECT * FROM `arc_content` WHERE ( arc_id= ) LIMIT 1  
SQL: SHOW COLUMNS FROM `category` [ RunTime:0.005197s ]
SQL: SELECT * FROM `category`  [ RunTime:0.000513s ]
INFO: [ view_parse ] --START--
INFO: [ template_filter ] --START--
INFO: Run Behavior\ContentReplaceBehavior [ RunTime:0.000108s ]
INFO: [ template_filter ] --END-- [ RunTime:0.000231s ]
INFO: Run Behavior\ParseTemplateBehavior [ RunTime:0.023258s ]
INFO: [ view_parse ] --END-- [ RunTime:0.023409s ]
INFO: [ view_filter ] --START--
INFO: Run Behavior\WriteHtmlCacheBehavior [ RunTime:0.001826s ]
INFO: Run Behavior\TokenBuildBehavior [ RunTime:0.001995s ]
INFO: [ view_filter ] --END-- [ RunTime:0.004048s ]
INFO: [ app_end ] --START--
INFO: Run Behavior\ShowPageTraceBehavior [ RunTime:0.002318s ]
INFO: [ app_end ] --END-- [ RunTime:0.002466s ]

[ 2014-04-09T09:44:29+08:00 ] 127.0.0.100 /diguniu/index.php?m=Admin&c=Article&a=article_list
INFO: [ app_init ] --START--
INFO: Run Behavior\BuildLiteBehavior [ RunTime:0.000031s ]
INFO: [ app_init ] --END-- [ RunTime:0.000880s ]
INFO: [ app_begin ] --START--
INFO: Run Behavior\ReadHtmlCacheBehavior [ RunTime:0.001162s ]
INFO: [ app_begin ] --END-- [ RunTime:0.001307s ]
SQL: SHOW COLUMNS FROM `admin` [ RunTime:0.003929s ]
SQL: SELECT COUNT(*) AS tp_count FROM `admin` WHERE ( username='wanghexiang'and password='96e79218965eb72c92a549dd5a330112' ) LIMIT 1   [ RunTime:0.000426s ]
SQL: SHOW COLUMNS FROM `article` [ RunTime:0.004390s ]
SQL: SELECT * FROM `article`  [ RunTime:0.000479s ]
INFO: [ view_parse ] --START--
INFO: [ template_filter ] --START--
INFO: Run Behavior\ContentReplaceBehavior [ RunTime:0.000089s ]
INFO: [ template_filter ] --END-- [ RunTime:0.000210s ]
NOTIC: [8] Undefined variable: page E:\www\code\diguniu\Application\Runtime\Cache\Admin\f68c5a1a42542d9b876352dd3eb66abd.php 第 41 行.
INFO: Run Behavior\ParseTemplateBehavior [ RunTime:0.022013s ]
INFO: [ view_parse ] --END-- [ RunTime:0.022140s ]
INFO: [ view_filter ] --START--
INFO: Run Behavior\WriteHtmlCacheBehavior [ RunTime:0.001886s ]
INFO: Run Behavior\TokenBuildBehavior [ RunTime:0.001867s ]
INFO: [ view_filter ] --END-- [ RunTime:0.003967s ]
INFO: [ app_end ] --START--
INFO: Run Behavior\ShowPageTraceBehavior [ RunTime:0.001992s ]
INFO: [ app_end ] --END-- [ RunTime:0.002119s ]

[ 2014-04-09T09:44:30+08:00 ] 127.0.0.100 /diguniu/index.php?m=Admin&c=Category&a=category_list
INFO: [ app_init ] --START--
INFO: Run Behavior\BuildLiteBehavior [ RunTime:0.000036s ]
INFO: [ app_init ] --END-- [ RunTime:0.001890s ]
INFO: [ app_begin ] --START--
INFO: Run Behavior\ReadHtmlCacheBehavior [ RunTime:0.001886s ]
INFO: [ app_begin ] --END-- [ RunTime:0.002041s ]
SQL: SHOW COLUMNS FROM `admin` [ RunTime:0.004388s ]
SQL: SELECT COUNT(*) AS tp_count FROM `admin` WHERE ( username='wanghexiang'and password='96e79218965eb72c92a549dd5a330112' ) LIMIT 1   [ RunTime:0.000477s ]
SQL: SHOW COLUMNS FROM `category` [ RunTime:0.004417s ]
SQL: SELECT * FROM `category`  [ RunTime:0.000473s ]
INFO: [ view_parse ] --START--
INFO: [ template_filter ] --START--
INFO: Run Behavior\ContentReplaceBehavior [ RunTime:0.000091s ]
INFO: [ template_filter ] --END-- [ RunTime:0.000219s ]
NOTIC: [8] Undefined variable: page E:\www\code\diguniu\Application\Runtime\Cache\Admin\46fc65ba2b7dc6249bfde48ce8661431.php 第 40 行.
INFO: Run Behavior\ParseTemplateBehavior [ RunTime:0.021668s ]
INFO: [ view_parse ] --END-- [ RunTime:0.021796s ]
INFO: [ view_filter ] --START--
INFO: Run Behavior\WriteHtmlCacheBehavior [ RunTime:0.001527s ]
INFO: Run Behavior\TokenBuildBehavior [ RunTime:0.001575s ]
INFO: [ view_filter ] --END-- [ RunTime:0.003303s ]
INFO: [ app_end ] --START--
INFO: Run Behavior\ShowPageTraceBehavior [ RunTime:0.002011s ]
INFO: [ app_end ] --END-- [ RunTime:0.002136s ]

[ 2014-04-09T09:44:30+08:00 ] 127.0.0.100 /diguniu/index.php?m=Admin&c=Category&a=edit
INFO: [ app_init ] --START--
INFO: Run Behavior\BuildLiteBehavior [ RunTime:0.000033s ]
INFO: [ app_init ] --END-- [ RunTime:0.001003s ]
INFO: [ app_begin ] --START--
INFO: Run Behavior\ReadHtmlCacheBehavior [ RunTime:0.001437s ]
INFO: [ app_begin ] --END-- [ RunTime:0.001590s ]
SQL: SHOW COLUMNS FROM `admin` [ RunTime:0.004958s ]
SQL: SELECT COUNT(*) AS tp_count FROM `admin` WHERE ( username='wanghexiang'and password='96e79218965eb72c92a549dd5a330112' ) LIMIT 1   [ RunTime:0.000470s ]
SQL: SHOW COLUMNS FROM `category` [ RunTime:0.003894s ]
SQL: SELECT * FROM `category` WHERE ( id='' ) LIMIT 1   [ RunTime:0.000693s ]
SQL: SELECT * FROM `category`  [ RunTime:0.000627s ]
NOTIC: [8] Undefined variable: base_category E:\www\code\diguniu\Application\Admin\Controller\CategoryController.class.php 第 38 行.
INFO: [ view_parse ] --START--
INFO: [ template_filter ] --START--
INFO: Run Behavior\ContentReplaceBehavior [ RunTime:0.000099s ]
INFO: [ template_filter ] --END-- [ RunTime:0.000215s ]
INFO: Run Behavior\ParseTemplateBehavior [ RunTime:0.022054s ]
INFO: [ view_parse ] --END-- [ RunTime:0.022195s ]
INFO: [ view_filter ] --START--
INFO: Run Behavior\WriteHtmlCacheBehavior [ RunTime:0.001479s ]
INFO: Run Behavior\TokenBuildBehavior [ RunTime:0.001814s ]
INFO: [ view_filter ] --END-- [ RunTime:0.003498s ]
INFO: [ app_end ] --START--
INFO: Run Behavior\ShowPageTraceBehavior [ RunTime:0.002363s ]
INFO: [ app_end ] --END-- [ RunTime:0.002503s ]

[ 2014-04-09T09:44:31+08:00 ] 127.0.0.100 /diguniu/index.php?m=Admin&c=Admin&a=admin_list
INFO: [ app_init ] --START--
INFO: Run Behavior\BuildLiteBehavior [ RunTime:0.000032s ]
INFO: [ app_init ] --END-- [ RunTime:0.000864s ]
INFO: [ app_begin ] --START--
INFO: Run Behavior\ReadHtmlCacheBehavior [ RunTime:0.001206s ]
INFO: [ app_begin ] --END-- [ RunTime:0.001354s ]
SQL: SHOW COLUMNS FROM `admin` [ RunTime:0.004418s ]
SQL: SELECT COUNT(*) AS tp_count FROM `admin` WHERE ( username='wanghexiang'and password='96e79218965eb72c92a549dd5a330112' ) LIMIT 1   [ RunTime:0.000477s ]
SQL: SELECT * FROM `admin` LIMIT 0,10   [ RunTime:0.000279s ]
SQL: SELECT COUNT(*) AS tp_count FROM `admin` LIMIT 1   [ RunTime:0.000181s ]
INFO: [ view_parse ] --START--
INFO: [ template_filter ] --START--
INFO: Run Behavior\ContentReplaceBehavior [ RunTime:0.000088s ]
INFO: [ template_filter ] --END-- [ RunTime:0.000207s ]
INFO: Run Behavior\ParseTemplateBehavior [ RunTime:0.021168s ]
INFO: [ view_parse ] --END-- [ RunTime:0.021314s ]
INFO: [ view_filter ] --START--
INFO: Run Behavior\WriteHtmlCacheBehavior [ RunTime:0.001520s ]
INFO: Run Behavior\TokenBuildBehavior [ RunTime:0.002038s ]
INFO: [ view_filter ] --END-- [ RunTime:0.003775s ]
INFO: [ app_end ] --START--
INFO: Run Behavior\ShowPageTraceBehavior [ RunTime:0.002093s ]
INFO: [ app_end ] --END-- [ RunTime:0.002220s ]

[ 2014-04-09T09:44:31+08:00 ] 127.0.0.100 /diguniu/index.php?m=Admin&c=Admin&a=edit
INFO: [ app_init ] --START--
INFO: Run Behavior\BuildLiteBehavior [ RunTime:0.000035s ]
INFO: [ app_init ] --END-- [ RunTime:0.001059s ]
INFO: [ app_begin ] --START--
INFO: Run Behavior\ReadHtmlCacheBehavior [ RunTime:0.001865s ]
INFO: [ app_begin ] --END-- [ RunTime:0.002037s ]
SQL: SHOW COLUMNS FROM `admin` [ RunTime:0.005106s ]
SQL: SELECT COUNT(*) AS tp_count FROM `admin` WHERE ( username='wanghexiang'and password='96e79218965eb72c92a549dd5a330112' ) LIMIT 1   [ RunTime:0.000551s ]
NOTIC: [8] Undefined index: id E:\www\code\diguniu\Application\Admin\Controller\AdminController.class.php 第 16 行.
SQL: SELECT * FROM `admin` WHERE ( id= ) LIMIT 1   [ RunTime:0.000222s ]
ERR: 1064:You have an error in your SQL syntax; check the manual that corresponds to your MySQL server version for the right syntax to use near ') LIMIT 1' at line 1
 [ SQL语句 ] : SELECT * FROM `admin` WHERE ( id= ) LIMIT 1  
INFO: [ view_parse ] --START--
INFO: [ template_filter ] --START--
INFO: Run Behavior\ContentReplaceBehavior [ RunTime:0.000164s ]
INFO: [ template_filter ] --END-- [ RunTime:0.000730s ]
INFO: Run Behavior\ParseTemplateBehavior [ RunTime:0.021025s ]
INFO: [ view_parse ] --END-- [ RunTime:0.021168s ]
INFO: [ view_filter ] --START--
INFO: Run Behavior\WriteHtmlCacheBehavior [ RunTime:0.001477s ]
INFO: Run Behavior\TokenBuildBehavior [ RunTime:0.001654s ]
INFO: [ view_filter ] --END-- [ RunTime:0.003332s ]
INFO: [ app_end ] --START--
INFO: Run Behavior\ShowPageTraceBehavior [ RunTime:0.002482s ]
INFO: [ app_end ] --END-- [ RunTime:0.002611s ]

[ 2014-04-09T09:45:18+08:00 ] 127.0.0.100 /diguniu/index.php?m=Admin&c=Article&a=article_list
INFO: [ app_init ] --START--
INFO: Run Behavior\BuildLiteBehavior [ RunTime:0.000031s ]
INFO: [ app_init ] --END-- [ RunTime:0.000830s ]
INFO: [ app_begin ] --START--
INFO: Run Behavior\ReadHtmlCacheBehavior [ RunTime:0.001309s ]
INFO: [ app_begin ] --END-- [ RunTime:0.001460s ]
SQL: SHOW COLUMNS FROM `admin` [ RunTime:0.004561s ]
SQL: SELECT COUNT(*) AS tp_count FROM `admin` WHERE ( username='wanghexiang'and password='96e79218965eb72c92a549dd5a330112' ) LIMIT 1   [ RunTime:0.000475s ]
SQL: SHOW COLUMNS FROM `article` [ RunTime:0.004326s ]
SQL: SELECT * FROM `article`  [ RunTime:0.000628s ]
INFO: [ view_parse ] --START--
INFO: [ template_filter ] --START--
INFO: Run Behavior\ContentReplaceBehavior [ RunTime:0.000091s ]
INFO: [ template_filter ] --END-- [ RunTime:0.000217s ]
NOTIC: [8] Undefined variable: page E:\www\code\diguniu\Application\Runtime\Cache\Admin\f68c5a1a42542d9b876352dd3eb66abd.php 第 41 行.
INFO: Run Behavior\ParseTemplateBehavior [ RunTime:0.022682s ]
INFO: [ view_parse ] --END-- [ RunTime:0.022806s ]
INFO: [ view_filter ] --START--
INFO: Run Behavior\WriteHtmlCacheBehavior [ RunTime:0.001602s ]
INFO: Run Behavior\TokenBuildBehavior [ RunTime:0.001847s ]
INFO: [ view_filter ] --END-- [ RunTime:0.003654s ]
INFO: [ app_end ] --START--
INFO: Run Behavior\ShowPageTraceBehavior [ RunTime:0.001971s ]
INFO: [ app_end ] --END-- [ RunTime:0.002097s ]

[ 2014-04-09T09:45:24+08:00 ] 127.0.0.100 /diguniu/index.php?m=Admin&c=Article&a=edit&id=17
INFO: [ app_init ] --START--
INFO: Run Behavior\BuildLiteBehavior [ RunTime:0.000032s ]
INFO: [ app_init ] --END-- [ RunTime:0.000839s ]
INFO: [ app_begin ] --START--
INFO: Run Behavior\ReadHtmlCacheBehavior [ RunTime:0.001247s ]
INFO: [ app_begin ] --END-- [ RunTime:0.001390s ]
SQL: SHOW COLUMNS FROM `admin` [ RunTime:0.004442s ]
SQL: SELECT COUNT(*) AS tp_count FROM `admin` WHERE ( username='wanghexiang'and password='96e79218965eb72c92a549dd5a330112' ) LIMIT 1   [ RunTime:0.000452s ]
SQL: SHOW COLUMNS FROM `article` [ RunTime:0.004320s ]
SQL: SHOW COLUMNS FROM `arc_content` [ RunTime:0.004084s ]
SQL: SELECT * FROM `article` WHERE ( id=17 ) LIMIT 1   [ RunTime:0.000504s ]
SQL: SELECT * FROM `arc_content` WHERE ( arc_id=17 ) LIMIT 1   [ RunTime:0.000572s ]
SQL: SHOW COLUMNS FROM `category` [ RunTime:0.003950s ]
SQL: SELECT * FROM `category`  [ RunTime:0.000513s ]
INFO: [ view_parse ] --START--
INFO: [ template_filter ] --START--
INFO: Run Behavior\ContentReplaceBehavior [ RunTime:0.000108s ]
INFO: [ template_filter ] --END-- [ RunTime:0.000233s ]
INFO: Run Behavior\ParseTemplateBehavior [ RunTime:0.021665s ]
INFO: [ view_parse ] --END-- [ RunTime:0.021812s ]
INFO: [ view_filter ] --START--
INFO: Run Behavior\WriteHtmlCacheBehavior [ RunTime:0.001503s ]
INFO: Run Behavior\TokenBuildBehavior [ RunTime:0.001913s ]
INFO: [ view_filter ] --END-- [ RunTime:0.003619s ]
INFO: [ app_end ] --START--
INFO: Run Behavior\ShowPageTraceBehavior [ RunTime:0.003474s ]
INFO: [ app_end ] --END-- [ RunTime:0.003628s ]

[ 2014-04-09T09:45:27+08:00 ] 127.0.0.100 /diguniu/index.php?m=Admin&c=Category&a=edit
INFO: [ app_init ] --START--
INFO: Run Behavior\BuildLiteBehavior [ RunTime:0.000031s ]
INFO: [ app_init ] --END-- [ RunTime:0.000860s ]
INFO: [ app_begin ] --START--
INFO: Run Behavior\ReadHtmlCacheBehavior [ RunTime:0.001129s ]
INFO: [ app_begin ] --END-- [ RunTime:0.001272s ]
SQL: SHOW COLUMNS FROM `admin` [ RunTime:0.004563s ]
SQL: SELECT COUNT(*) AS tp_count FROM `admin` WHERE ( username='wanghexiang'and password='96e79218965eb72c92a549dd5a330112' ) LIMIT 1   [ RunTime:0.000432s ]
SQL: SHOW COLUMNS FROM `category` [ RunTime:0.003963s ]
SQL: SELECT * FROM `category` WHERE ( id='' ) LIMIT 1   [ RunTime:0.000445s ]
SQL: SELECT * FROM `category`  [ RunTime:0.000271s ]
NOTIC: [8] Undefined variable: base_category E:\www\code\diguniu\Application\Admin\Controller\CategoryController.class.php 第 38 行.
INFO: [ view_parse ] --START--
INFO: [ template_filter ] --START--
INFO: Run Behavior\ContentReplaceBehavior [ RunTime:0.000100s ]
INFO: [ template_filter ] --END-- [ RunTime:0.000269s ]
INFO: Run Behavior\ParseTemplateBehavior [ RunTime:0.020963s ]
INFO: [ view_parse ] --END-- [ RunTime:0.021106s ]
INFO: [ view_filter ] --START--
INFO: Run Behavior\WriteHtmlCacheBehavior [ RunTime:0.001717s ]
INFO: Run Behavior\TokenBuildBehavior [ RunTime:0.002959s ]
INFO: [ view_filter ] --END-- [ RunTime:0.004919s ]
INFO: [ app_end ] --START--
INFO: Run Behavior\ShowPageTraceBehavior [ RunTime:0.001979s ]
INFO: [ app_end ] --END-- [ RunTime:0.002104s ]

[ 2014-04-09T09:45:29+08:00 ] 127.0.0.100 /diguniu/index.php?m=Admin&c=Category&a=category_list
INFO: [ app_init ] --START--
INFO: Run Behavior\BuildLiteBehavior [ RunTime:0.000032s ]
INFO: [ app_init ] --END-- [ RunTime:0.000860s ]
INFO: [ app_begin ] --START--
INFO: Run Behavior\ReadHtmlCacheBehavior [ RunTime:0.001199s ]
INFO: [ app_begin ] --END-- [ RunTime:0.001338s ]
SQL: SHOW COLUMNS FROM `admin` [ RunTime:0.004699s ]
SQL: SELECT COUNT(*) AS tp_count FROM `admin` WHERE ( username='wanghexiang'and password='96e79218965eb72c92a549dd5a330112' ) LIMIT 1   [ RunTime:0.000435s ]
SQL: SHOW COLUMNS FROM `category` [ RunTime:0.004330s ]
SQL: SELECT * FROM `category`  [ RunTime:0.000501s ]
INFO: [ view_parse ] --START--
INFO: [ template_filter ] --START--
INFO: Run Behavior\ContentReplaceBehavior [ RunTime:0.000089s ]
INFO: [ template_filter ] --END-- [ RunTime:0.000219s ]
NOTIC: [8] Undefined variable: page E:\www\code\diguniu\Application\Runtime\Cache\Admin\46fc65ba2b7dc6249bfde48ce8661431.php 第 40 行.
INFO: Run Behavior\ParseTemplateBehavior [ RunTime:0.022094s ]
INFO: [ view_parse ] --END-- [ RunTime:0.022229s ]
INFO: [ view_filter ] --START--
INFO: Run Behavior\WriteHtmlCacheBehavior [ RunTime:0.001542s ]
INFO: Run Behavior\TokenBuildBehavior [ RunTime:0.001815s ]
INFO: [ view_filter ] --END-- [ RunTime:0.003562s ]
INFO: [ app_end ] --START--
INFO: Run Behavior\ShowPageTraceBehavior [ RunTime:0.002100s ]
INFO: [ app_end ] --END-- [ RunTime:0.002234s ]

[ 2014-04-09T09:45:31+08:00 ] 127.0.0.100 /diguniu/index.php?m=Admin&c=Category&a=edit&id=9
INFO: [ app_init ] --START--
INFO: Run Behavior\BuildLiteBehavior [ RunTime:0.000031s ]
INFO: [ app_init ] --END-- [ RunTime:0.000868s ]
INFO: [ app_begin ] --START--
INFO: Run Behavior\ReadHtmlCacheBehavior [ RunTime:0.001243s ]
INFO: [ app_begin ] --END-- [ RunTime:0.001455s ]
SQL: SHOW COLUMNS FROM `admin` [ RunTime:0.004115s ]
SQL: SELECT COUNT(*) AS tp_count FROM `admin` WHERE ( username='wanghexiang'and password='96e79218965eb72c92a549dd5a330112' ) LIMIT 1   [ RunTime:0.000435s ]
SQL: SHOW COLUMNS FROM `category` [ RunTime:0.004590s ]
SQL: SELECT * FROM `category` WHERE ( id='9' ) LIMIT 1   [ RunTime:0.019886s ]
SQL: SELECT * FROM `category`  [ RunTime:0.000451s ]
NOTIC: [8] Undefined variable: base_category E:\www\code\diguniu\Application\Admin\Controller\CategoryController.class.php 第 38 行.
INFO: [ view_parse ] --START--
INFO: [ template_filter ] --START--
INFO: Run Behavior\ContentReplaceBehavior [ RunTime:0.000098s ]
INFO: [ template_filter ] --END-- [ RunTime:0.000220s ]
INFO: Run Behavior\ParseTemplateBehavior [ RunTime:0.022242s ]
INFO: [ view_parse ] --END-- [ RunTime:0.022384s ]
INFO: [ view_filter ] --START--
INFO: Run Behavior\WriteHtmlCacheBehavior [ RunTime:0.001478s ]
INFO: Run Behavior\TokenBuildBehavior [ RunTime:0.001970s ]
INFO: [ view_filter ] --END-- [ RunTime:0.003647s ]
INFO: [ app_end ] --START--
INFO: Run Behavior\ShowPageTraceBehavior [ RunTime:0.002004s ]
INFO: [ app_end ] --END-- [ RunTime:0.002128s ]

[ 2014-04-09T09:45:36+08:00 ] 127.0.0.100 /diguniu/index.php?m=Admin&c=Category&a=save
INFO: [ app_init ] --START--
INFO: Run Behavior\BuildLiteBehavior [ RunTime:0.000031s ]
INFO: [ app_init ] --END-- [ RunTime:0.000844s ]
INFO: [ app_begin ] --START--
INFO: Run Behavior\ReadHtmlCacheBehavior [ RunTime:0.001123s ]
INFO: [ app_begin ] --END-- [ RunTime:0.001274s ]
SQL: SHOW COLUMNS FROM `admin` [ RunTime:0.004240s ]
SQL: SELECT COUNT(*) AS tp_count FROM `admin` WHERE ( username='wanghexiang'and password='96e79218965eb72c92a549dd5a330112' ) LIMIT 1   [ RunTime:0.000739s ]
SQL: SHOW COLUMNS FROM `category` [ RunTime:0.004096s ]
SQL: UPDATE `category` SET `name`='护肤品',`p_id`=9 WHERE ( id='9' ) [ RunTime:0.001491s ]
INFO: [ view_parse ] --START--
INFO: [ template_filter ] --START--
INFO: Run Behavior\ContentReplaceBehavior [ RunTime:0.000074s ]
INFO: [ template_filter ] --END-- [ RunTime:0.000200s ]
INFO: Run Behavior\ParseTemplateBehavior [ RunTime:0.017300s ]
INFO: [ view_parse ] --END-- [ RunTime:0.017445s ]
INFO: [ view_filter ] --START--
INFO: Run Behavior\WriteHtmlCacheBehavior [ RunTime:0.001479s ]
INFO: Run Behavior\TokenBuildBehavior [ RunTime:0.001729s ]
INFO: [ view_filter ] --END-- [ RunTime:0.003405s ]
INFO: [ app_end ] --START--
INFO: Run Behavior\ShowPageTraceBehavior [ RunTime:0.001961s ]
INFO: [ app_end ] --END-- [ RunTime:0.002090s ]

[ 2014-04-09T09:45:38+08:00 ] 127.0.0.100 /diguniu/index.php?m=Admin&c=Category&a=edit&id=9
INFO: [ app_init ] --START--
INFO: Run Behavior\BuildLiteBehavior [ RunTime:0.000033s ]
INFO: [ app_init ] --END-- [ RunTime:0.000836s ]
INFO: [ app_begin ] --START--
INFO: Run Behavior\ReadHtmlCacheBehavior [ RunTime:0.001159s ]
INFO: [ app_begin ] --END-- [ RunTime:0.001304s ]
SQL: SHOW COLUMNS FROM `admin` [ RunTime:0.004053s ]
SQL: SELECT COUNT(*) AS tp_count FROM `admin` WHERE ( username='wanghexiang'and password='96e79218965eb72c92a549dd5a330112' ) LIMIT 1   [ RunTime:0.000440s ]
SQL: SHOW COLUMNS FROM `category` [ RunTime:0.004032s ]
SQL: SELECT * FROM `category` WHERE ( id='9' ) LIMIT 1   [ RunTime:0.000444s ]
SQL: SELECT * FROM `category`  [ RunTime:0.000265s ]
NOTIC: [8] Undefined variable: base_category E:\www\code\diguniu\Application\Admin\Controller\CategoryController.class.php 第 38 行.
INFO: [ view_parse ] --START--
INFO: [ template_filter ] --START--
INFO: Run Behavior\ContentReplaceBehavior [ RunTime:0.000098s ]
INFO: [ template_filter ] --END-- [ RunTime:0.000219s ]
INFO: Run Behavior\ParseTemplateBehavior [ RunTime:0.021259s ]
INFO: [ view_parse ] --END-- [ RunTime:0.021402s ]
INFO: [ view_filter ] --START--
INFO: Run Behavior\WriteHtmlCacheBehavior [ RunTime:0.001521s ]
INFO: Run Behavior\TokenBuildBehavior [ RunTime:0.001810s ]
INFO: [ view_filter ] --END-- [ RunTime:0.003543s ]
INFO: [ app_end ] --START--
INFO: Run Behavior\ShowPageTraceBehavior [ RunTime:0.001949s ]
INFO: [ app_end ] --END-- [ RunTime:0.002074s ]

[ 2014-04-09T09:45:41+08:00 ] 127.0.0.100 /diguniu/index.php?m=Admin&c=Login&a=loginout
INFO: [ app_init ] --START--
INFO: Run Behavior\BuildLiteBehavior [ RunTime:0.000032s ]
INFO: [ app_init ] --END-- [ RunTime:0.001003s ]
INFO: [ app_begin ] --START--
INFO: Run Behavior\ReadHtmlCacheBehavior [ RunTime:0.001141s ]
INFO: [ app_begin ] --END-- [ RunTime:0.001291s ]
INFO: [ view_parse ] --START--
INFO: [ template_filter ] --START--
INFO: Run Behavior\ContentReplaceBehavior [ RunTime:0.000074s ]
INFO: [ template_filter ] --END-- [ RunTime:0.000259s ]
INFO: Run Behavior\ParseTemplateBehavior [ RunTime:0.017110s ]
INFO: [ view_parse ] --END-- [ RunTime:0.017261s ]
INFO: [ view_filter ] --START--
INFO: Run Behavior\WriteHtmlCacheBehavior [ RunTime:0.001481s ]
INFO: Run Behavior\TokenBuildBehavior [ RunTime:0.002155s ]
INFO: [ view_filter ] --END-- [ RunTime:0.003840s ]

[ 2014-04-09T09:45:45+08:00 ] 127.0.0.100 /diguniu/index.php?m=Admin&c=Login&a=index
INFO: [ app_init ] --START--
INFO: Run Behavior\BuildLiteBehavior [ RunTime:0.000031s ]
INFO: [ app_init ] --END-- [ RunTime:0.000845s ]
INFO: [ app_begin ] --START--
INFO: Run Behavior\ReadHtmlCacheBehavior [ RunTime:0.001178s ]
INFO: [ app_begin ] --END-- [ RunTime:0.001325s ]
INFO: [ view_parse ] --START--
INFO: [ template_filter ] --START--
INFO: Run Behavior\ContentReplaceBehavior [ RunTime:0.000132s ]
INFO: [ template_filter ] --END-- [ RunTime:0.000292s ]
INFO: Run Behavior\ParseTemplateBehavior [ RunTime:0.019775s ]
INFO: [ view_parse ] --END-- [ RunTime:0.019919s ]
INFO: [ view_filter ] --START--
INFO: Run Behavior\WriteHtmlCacheBehavior [ RunTime:0.001465s ]
INFO: Run Behavior\TokenBuildBehavior [ RunTime:0.001880s ]
INFO: [ view_filter ] --END-- [ RunTime:0.003547s ]
INFO: [ app_end ] --START--
INFO: Run Behavior\ShowPageTraceBehavior [ RunTime:0.001986s ]
INFO: [ app_end ] --END-- [ RunTime:0.002115s ]

[ 2014-04-09T09:45:46+08:00 ] 127.0.0.100 /diguniu/index.php?m=Admin&c=Login&a=verify
INFO: [ app_init ] --START--
INFO: Run Behavior\BuildLiteBehavior [ RunTime:0.000032s ]
INFO: [ app_init ] --END-- [ RunTime:0.000855s ]
INFO: [ app_begin ] --START--
INFO: Run Behavior\ReadHtmlCacheBehavior [ RunTime:0.001117s ]
INFO: [ app_begin ] --END-- [ RunTime:0.001263s ]
INFO: [ app_end ] --START--
INFO: Run Behavior\ShowPageTraceBehavior [ RunTime:0.002238s ]
INFO: [ app_end ] --END-- [ RunTime:0.002409s ]

[ 2014-04-09T09:46:55+08:00 ] 127.0.0.100 /diguniu/index.php?m=Admin&c=Article&a=article_list
INFO: [ app_init ] --START--
INFO: Run Behavior\BuildLiteBehavior [ RunTime:0.000031s ]
INFO: [ app_init ] --END-- [ RunTime:0.001041s ]
INFO: [ app_begin ] --START--
INFO: Run Behavior\ReadHtmlCacheBehavior [ RunTime:0.001795s ]
INFO: [ app_begin ] --END-- [ RunTime:0.001953s ]
SQL: SHOW COLUMNS FROM `admin` [ RunTime:0.004009s ]
SQL: SELECT COUNT(*) AS tp_count FROM `admin` WHERE ( username='wanghexiang'and password='96e79218965eb72c92a549dd5a330112' ) LIMIT 1   [ RunTime:0.000475s ]
SQL: SHOW COLUMNS FROM `article` [ RunTime:0.004577s ]
SQL: SELECT * FROM `article`  [ RunTime:0.000587s ]
INFO: [ view_parse ] --START--
INFO: [ template_filter ] --START--
INFO: Run Behavior\ContentReplaceBehavior [ RunTime:0.000088s ]
INFO: [ template_filter ] --END-- [ RunTime:0.000207s ]
NOTIC: [8] Undefined variable: page E:\www\code\diguniu\Application\Runtime\Cache\Admin\f68c5a1a42542d9b876352dd3eb66abd.php 第 41 行.
INFO: Run Behavior\ParseTemplateBehavior [ RunTime:0.022853s ]
INFO: [ view_parse ] --END-- [ RunTime:0.022978s ]
INFO: [ view_filter ] --START--
INFO: Run Behavior\WriteHtmlCacheBehavior [ RunTime:0.001551s ]
INFO: Run Behavior\TokenBuildBehavior [ RunTime:0.001874s ]
INFO: [ view_filter ] --END-- [ RunTime:0.003634s ]
INFO: [ app_end ] --START--
INFO: Run Behavior\ShowPageTraceBehavior [ RunTime:0.002140s ]
INFO: [ app_end ] --END-- [ RunTime:0.002267s ]

[ 2014-04-09T09:46:57+08:00 ] 127.0.0.100 /diguniu/index.php?m=Admin&c=Article&a=edit
INFO: [ app_init ] --START--
INFO: Run Behavior\BuildLiteBehavior [ RunTime:0.000031s ]
INFO: [ app_init ] --END-- [ RunTime:0.000846s ]
INFO: [ app_begin ] --START--
INFO: Run Behavior\ReadHtmlCacheBehavior [ RunTime:0.001496s ]
INFO: [ app_begin ] --END-- [ RunTime:0.001655s ]
SQL: SHOW COLUMNS FROM `admin` [ RunTime:0.004188s ]
SQL: SELECT COUNT(*) AS tp_count FROM `admin` WHERE ( username='wanghexiang'and password='96e79218965eb72c92a549dd5a330112' ) LIMIT 1   [ RunTime:0.000456s ]
SQL: SHOW COLUMNS FROM `article` [ RunTime:0.004147s ]
SQL: SHOW COLUMNS FROM `arc_content` [ RunTime:0.004076s ]
SQL: SELECT * FROM `article` WHERE ( id= ) LIMIT 1   [ RunTime:0.000223s ]
ERR: 1064:You have an error in your SQL syntax; check the manual that corresponds to your MySQL server version for the right syntax to use near ') LIMIT 1' at line 1
 [ SQL语句 ] : SELECT * FROM `article` WHERE ( id= ) LIMIT 1  
SQL: SELECT * FROM `arc_content` WHERE ( arc_id= ) LIMIT 1   [ RunTime:0.000149s ]
ERR: 1064:You have an error in your SQL syntax; check the manual that corresponds to your MySQL server version for the right syntax to use near ') LIMIT 1' at line 1
 [ SQL语句 ] : SELECT * FROM `arc_content` WHERE ( arc_id= ) LIMIT 1  
SQL: SHOW COLUMNS FROM `category` [ RunTime:0.004051s ]
SQL: SELECT * FROM `category`  [ RunTime:0.000469s ]
INFO: [ view_parse ] --START--
INFO: [ template_filter ] --START--
INFO: Run Behavior\ContentReplaceBehavior [ RunTime:0.000109s ]
INFO: [ template_filter ] --END-- [ RunTime:0.000238s ]
INFO: Run Behavior\ParseTemplateBehavior [ RunTime:0.022071s ]
INFO: [ view_parse ] --END-- [ RunTime:0.022221s ]
INFO: [ view_filter ] --START--
INFO: Run Behavior\WriteHtmlCacheBehavior [ RunTime:0.001489s ]
INFO: Run Behavior\TokenBuildBehavior [ RunTime:0.001934s ]
INFO: [ view_filter ] --END-- [ RunTime:0.003628s ]
INFO: [ app_end ] --START--
INFO: Run Behavior\ShowPageTraceBehavior [ RunTime:0.002065s ]
INFO: [ app_end ] --END-- [ RunTime:0.002191s ]

[ 2014-04-09T09:46:59+08:00 ] 127.0.0.100 /diguniu/index.php?m=Admin&c=Category&a=edit
INFO: [ app_init ] --START--
INFO: Run Behavior\BuildLiteBehavior [ RunTime:0.000031s ]
INFO: [ app_init ] --END-- [ RunTime:0.000944s ]
INFO: [ app_begin ] --START--
INFO: Run Behavior\ReadHtmlCacheBehavior [ RunTime:0.001124s ]
INFO: [ app_begin ] --END-- [ RunTime:0.001269s ]
SQL: SHOW COLUMNS FROM `admin` [ RunTime:0.003988s ]
SQL: SELECT COUNT(*) AS tp_count FROM `admin` WHERE ( username='wanghexiang'and password='96e79218965eb72c92a549dd5a330112' ) LIMIT 1   [ RunTime:0.000436s ]
SQL: SHOW COLUMNS FROM `category` [ RunTime:0.003850s ]
SQL: SELECT * FROM `category` WHERE ( id='' ) LIMIT 1   [ RunTime:0.000508s ]
SQL: SELECT * FROM `category`  [ RunTime:0.000421s ]
NOTIC: [8] Undefined variable: base_category E:\www\code\diguniu\Application\Admin\Controller\CategoryController.class.php 第 38 行.
INFO: [ view_parse ] --START--
INFO: [ template_filter ] --START--
INFO: Run Behavior\ContentReplaceBehavior [ RunTime:0.000100s ]
INFO: [ template_filter ] --END-- [ RunTime:0.000222s ]
INFO: Run Behavior\ParseTemplateBehavior [ RunTime:0.020987s ]
INFO: [ view_parse ] --END-- [ RunTime:0.021127s ]
INFO: [ view_filter ] --START--
INFO: Run Behavior\WriteHtmlCacheBehavior [ RunTime:0.001504s ]
INFO: Run Behavior\TokenBuildBehavior [ RunTime:0.001989s ]
INFO: [ view_filter ] --END-- [ RunTime:0.003702s ]
INFO: [ app_end ] --START--
INFO: Run Behavior\ShowPageTraceBehavior [ RunTime:0.002009s ]
INFO: [ app_end ] --END-- [ RunTime:0.002134s ]

[ 2014-04-09T09:47:01+08:00 ] 127.0.0.100 /diguniu/index.php?m=Admin&c=Category&a=category_list
INFO: [ app_init ] --START--
INFO: Run Behavior\BuildLiteBehavior [ RunTime:0.000033s ]
INFO: [ app_init ] --END-- [ RunTime:0.000874s ]
INFO: [ app_begin ] --START--
INFO: Run Behavior\ReadHtmlCacheBehavior [ RunTime:0.001156s ]
INFO: [ app_begin ] --END-- [ RunTime:0.001306s ]
SQL: SHOW COLUMNS FROM `admin` [ RunTime:0.004052s ]
SQL: SELECT COUNT(*) AS tp_count FROM `admin` WHERE ( username='wanghexiang'and password='96e79218965eb72c92a549dd5a330112' ) LIMIT 1   [ RunTime:0.000443s ]
SQL: SHOW COLUMNS FROM `category` [ RunTime:0.004173s ]
SQL: SELECT * FROM `category`  [ RunTime:0.000464s ]
INFO: [ view_parse ] --START--
INFO: [ template_filter ] --START--
INFO: Run Behavior\ContentReplaceBehavior [ RunTime:0.000086s ]
INFO: [ template_filter ] --END-- [ RunTime:0.000213s ]
NOTIC: [8] Undefined variable: page E:\www\code\diguniu\Application\Runtime\Cache\Admin\46fc65ba2b7dc6249bfde48ce8661431.php 第 40 行.
INFO: Run Behavior\ParseTemplateBehavior [ RunTime:0.021626s ]
INFO: [ view_parse ] --END-- [ RunTime:0.021757s ]
INFO: [ view_filter ] --START--
INFO: Run Behavior\WriteHtmlCacheBehavior [ RunTime:0.001492s ]
INFO: Run Behavior\TokenBuildBehavior [ RunTime:0.001751s ]
INFO: [ view_filter ] --END-- [ RunTime:0.003444s ]
INFO: [ app_end ] --START--
INFO: Run Behavior\ShowPageTraceBehavior [ RunTime:0.002024s ]
INFO: [ app_end ] --END-- [ RunTime:0.002152s ]

[ 2014-04-09T09:47:03+08:00 ] 127.0.0.100 /diguniu/index.php?m=Admin&c=Admin&a=edit
INFO: [ app_init ] --START--
INFO: Run Behavior\BuildLiteBehavior [ RunTime:0.000033s ]
INFO: [ app_init ] --END-- [ RunTime:0.001011s ]
INFO: [ app_begin ] --START--
INFO: Run Behavior\ReadHtmlCacheBehavior [ RunTime:0.001119s ]
INFO: [ app_begin ] --END-- [ RunTime:0.001264s ]
SQL: SHOW COLUMNS FROM `admin` [ RunTime:0.003936s ]
SQL: SELECT COUNT(*) AS tp_count FROM `admin` WHERE ( username='wanghexiang'and password='96e79218965eb72c92a549dd5a330112' ) LIMIT 1   [ RunTime:0.000431s ]
NOTIC: [8] Undefined index: id E:\www\code\diguniu\Application\Admin\Controller\AdminController.class.php 第 16 行.
SQL: SELECT * FROM `admin` WHERE ( id= ) LIMIT 1   [ RunTime:0.000178s ]
ERR: 1064:You have an error in your SQL syntax; check the manual that corresponds to your MySQL server version for the right syntax to use near ') LIMIT 1' at line 1
 [ SQL语句 ] : SELECT * FROM `admin` WHERE ( id= ) LIMIT 1  
INFO: [ view_parse ] --START--
INFO: [ template_filter ] --START--
INFO: Run Behavior\ContentReplaceBehavior [ RunTime:0.000099s ]
INFO: [ template_filter ] --END-- [ RunTime:0.000232s ]
INFO: Run Behavior\ParseTemplateBehavior [ RunTime:0.019426s ]
INFO: [ view_parse ] --END-- [ RunTime:0.019925s ]
INFO: [ view_filter ] --START--
INFO: Run Behavior\WriteHtmlCacheBehavior [ RunTime:0.001739s ]
INFO: Run Behavior\TokenBuildBehavior [ RunTime:0.001872s ]
INFO: [ view_filter ] --END-- [ RunTime:0.003821s ]
INFO: [ app_end ] --START--
INFO: Run Behavior\ShowPageTraceBehavior [ RunTime:0.002009s ]
INFO: [ app_end ] --END-- [ RunTime:0.002138s ]

[ 2014-04-09T09:47:04+08:00 ] 127.0.0.100 /diguniu/index.php?m=Admin&c=Admin&a=admin_list
INFO: [ app_init ] --START--
INFO: Run Behavior\BuildLiteBehavior [ RunTime:0.000033s ]
INFO: [ app_init ] --END-- [ RunTime:0.000889s ]
INFO: [ app_begin ] --START--
INFO: Run Behavior\ReadHtmlCacheBehavior [ RunTime:0.001126s ]
INFO: [ app_begin ] --END-- [ RunTime:0.001272s ]
SQL: SHOW COLUMNS FROM `admin` [ RunTime:0.003877s ]
SQL: SELECT COUNT(*) AS tp_count FROM `admin` WHERE ( username='wanghexiang'and password='96e79218965eb72c92a549dd5a330112' ) LIMIT 1   [ RunTime:0.000428s ]
SQL: SELECT * FROM `admin` LIMIT 0,10   [ RunTime:0.000274s ]
SQL: SELECT COUNT(*) AS tp_count FROM `admin` LIMIT 1   [ RunTime:0.000190s ]
INFO: [ view_parse ] --START--
INFO: [ template_filter ] --START--
INFO: Run Behavior\ContentReplaceBehavior [ RunTime:0.000090s ]
INFO: [ template_filter ] --END-- [ RunTime:0.000211s ]
INFO: Run Behavior\ParseTemplateBehavior [ RunTime:0.021617s ]
INFO: [ view_parse ] --END-- [ RunTime:0.021887s ]
INFO: [ view_filter ] --START--
INFO: Run Behavior\WriteHtmlCacheBehavior [ RunTime:0.001510s ]
INFO: Run Behavior\TokenBuildBehavior [ RunTime:0.001808s ]
INFO: [ view_filter ] --END-- [ RunTime:0.003530s ]
INFO: [ app_end ] --START--
INFO: Run Behavior\ShowPageTraceBehavior [ RunTime:0.002058s ]
INFO: [ app_end ] --END-- [ RunTime:0.002189s ]

[ 2014-04-09T09:49:04+08:00 ] 127.0.0.100 /diguniu/index.php?m=Admin&c=Article&a=edit
INFO: [ app_init ] --START--
INFO: Run Behavior\BuildLiteBehavior [ RunTime:0.000032s ]
INFO: [ app_init ] --END-- [ RunTime:0.001068s ]
INFO: [ app_begin ] --START--
INFO: Run Behavior\ReadHtmlCacheBehavior [ RunTime:0.001759s ]
INFO: [ app_begin ] --END-- [ RunTime:0.001959s ]
SQL: SHOW COLUMNS FROM `admin` [ RunTime:0.004105s ]
SQL: SELECT COUNT(*) AS tp_count FROM `admin` WHERE ( username='wanghexiang'and password='96e79218965eb72c92a549dd5a330112' ) LIMIT 1   [ RunTime:0.000472s ]
SQL: SHOW COLUMNS FROM `article` [ RunTime:0.004158s ]
SQL: SHOW COLUMNS FROM `arc_content` [ RunTime:0.003867s ]
SQL: SELECT * FROM `article` WHERE ( id= ) LIMIT 1   [ RunTime:0.000215s ]
ERR: 1064:You have an error in your SQL syntax; check the manual that corresponds to your MySQL server version for the right syntax to use near ') LIMIT 1' at line 1
 [ SQL语句 ] : SELECT * FROM `article` WHERE ( id= ) LIMIT 1  
SQL: SELECT * FROM `arc_content` WHERE ( arc_id= ) LIMIT 1   [ RunTime:0.000143s ]
ERR: 1064:You have an error in your SQL syntax; check the manual that corresponds to your MySQL server version for the right syntax to use near ') LIMIT 1' at line 1
 [ SQL语句 ] : SELECT * FROM `arc_content` WHERE ( arc_id= ) LIMIT 1  
SQL: SHOW COLUMNS FROM `category` [ RunTime:0.003751s ]
SQL: SELECT * FROM `category`  [ RunTime:0.000414s ]
INFO: [ view_parse ] --START--
INFO: [ template_filter ] --START--
INFO: Run Behavior\ContentReplaceBehavior [ RunTime:0.000109s ]
INFO: [ template_filter ] --END-- [ RunTime:0.000231s ]
INFO: Run Behavior\ParseTemplateBehavior [ RunTime:0.049324s ]
INFO: [ view_parse ] --END-- [ RunTime:0.049480s ]
INFO: [ view_filter ] --START--
INFO: Run Behavior\WriteHtmlCacheBehavior [ RunTime:0.001510s ]
INFO: Run Behavior\TokenBuildBehavior [ RunTime:0.001915s ]
INFO: [ view_filter ] --END-- [ RunTime:0.003631s ]
INFO: [ app_end ] --START--
INFO: Run Behavior\ShowPageTraceBehavior [ RunTime:0.002104s ]
INFO: [ app_end ] --END-- [ RunTime:0.002228s ]

[ 2014-04-09T09:49:07+08:00 ] 127.0.0.100 /diguniu/index.php?m=Admin&c=Login&a=loginout
INFO: [ app_init ] --START--
INFO: Run Behavior\BuildLiteBehavior [ RunTime:0.000030s ]
INFO: [ app_init ] --END-- [ RunTime:0.000870s ]
INFO: [ app_begin ] --START--
INFO: Run Behavior\ReadHtmlCacheBehavior [ RunTime:0.001155s ]
INFO: [ app_begin ] --END-- [ RunTime:0.001302s ]
INFO: [ view_parse ] --START--
INFO: [ template_filter ] --START--
INFO: Run Behavior\ContentReplaceBehavior [ RunTime:0.000073s ]
INFO: [ template_filter ] --END-- [ RunTime:0.000251s ]
INFO: Run Behavior\ParseTemplateBehavior [ RunTime:0.017456s ]
INFO: [ view_parse ] --END-- [ RunTime:0.017608s ]
INFO: [ view_filter ] --START--
INFO: Run Behavior\WriteHtmlCacheBehavior [ RunTime:0.001491s ]
INFO: Run Behavior\TokenBuildBehavior [ RunTime:0.001811s ]
INFO: [ view_filter ] --END-- [ RunTime:0.003589s ]

[ 2014-04-09T09:49:11+08:00 ] 127.0.0.100 /diguniu/index.php?m=Admin&c=Login&a=index
INFO: [ app_init ] --START--
INFO: Run Behavior\BuildLiteBehavior [ RunTime:0.000031s ]
INFO: [ app_init ] --END-- [ RunTime:0.000839s ]
INFO: [ app_begin ] --START--
INFO: Run Behavior\ReadHtmlCacheBehavior [ RunTime:0.001118s ]
INFO: [ app_begin ] --END-- [ RunTime:0.001328s ]
INFO: [ view_parse ] --START--
INFO: [ template_filter ] --START--
INFO: Run Behavior\ContentReplaceBehavior [ RunTime:0.000130s ]
INFO: [ template_filter ] --END-- [ RunTime:0.000299s ]
INFO: Run Behavior\ParseTemplateBehavior [ RunTime:0.020976s ]
INFO: [ view_parse ] --END-- [ RunTime:0.021122s ]
INFO: [ view_filter ] --START--
INFO: Run Behavior\WriteHtmlCacheBehavior [ RunTime:0.001512s ]
INFO: Run Behavior\TokenBuildBehavior [ RunTime:0.002955s ]
INFO: [ view_filter ] --END-- [ RunTime:0.004681s ]
INFO: [ app_end ] --START--
INFO: Run Behavior\ShowPageTraceBehavior [ RunTime:0.002357s ]
INFO: [ app_end ] --END-- [ RunTime:0.002488s ]

[ 2014-04-09T09:49:12+08:00 ] 127.0.0.100 /diguniu/index.php?m=Admin&c=Login&a=verify
INFO: [ app_init ] --START--
INFO: Run Behavior\BuildLiteBehavior [ RunTime:0.000032s ]
INFO: [ app_init ] --END-- [ RunTime:0.000833s ]
INFO: [ app_begin ] --START--
INFO: Run Behavior\ReadHtmlCacheBehavior [ RunTime:0.001167s ]
INFO: [ app_begin ] --END-- [ RunTime:0.001311s ]
INFO: [ app_end ] --START--
INFO: Run Behavior\ShowPageTraceBehavior [ RunTime:0.002001s ]
INFO: [ app_end ] --END-- [ RunTime:0.002159s ]

[ 2014-04-09T09:49:17+08:00 ] 127.0.0.100 /diguniu/index.php?m=Admin&c=Article&a=article_list
INFO: [ app_init ] --START--
INFO: Run Behavior\BuildLiteBehavior [ RunTime:0.000032s ]
INFO: [ app_init ] --END-- [ RunTime:0.000857s ]
INFO: [ app_begin ] --START--
INFO: Run Behavior\ReadHtmlCacheBehavior [ RunTime:0.001157s ]
INFO: [ app_begin ] --END-- [ RunTime:0.001302s ]
SQL: SHOW COLUMNS FROM `admin` [ RunTime:0.003963s ]
SQL: SELECT COUNT(*) AS tp_count FROM `admin` WHERE ( username='wanghexiang'and password='96e79218965eb72c92a549dd5a330112' ) LIMIT 1   [ RunTime:0.000425s ]
SQL: SHOW COLUMNS FROM `article` [ RunTime:0.004181s ]
SQL: SELECT * FROM `article`  [ RunTime:0.000494s ]
INFO: [ view_parse ] --START--
INFO: [ template_filter ] --START--
INFO: Run Behavior\ContentReplaceBehavior [ RunTime:0.000090s ]
INFO: [ template_filter ] --END-- [ RunTime:0.000213s ]
NOTIC: [8] Undefined variable: page E:\www\code\diguniu\Application\Runtime\Cache\Admin\f68c5a1a42542d9b876352dd3eb66abd.php 第 41 行.
INFO: Run Behavior\ParseTemplateBehavior [ RunTime:0.022383s ]
INFO: [ view_parse ] --END-- [ RunTime:0.022510s ]
INFO: [ view_filter ] --START--
INFO: Run Behavior\WriteHtmlCacheBehavior [ RunTime:0.001542s ]
INFO: Run Behavior\TokenBuildBehavior [ RunTime:0.001841s ]
INFO: [ view_filter ] --END-- [ RunTime:0.003591s ]
INFO: [ app_end ] --START--
INFO: Run Behavior\ShowPageTraceBehavior [ RunTime:0.001967s ]
INFO: [ app_end ] --END-- [ RunTime:0.002092s ]

[ 2014-04-09T09:49:25+08:00 ] 127.0.0.100 /diguniu/index.php?m=Admin&c=Article&a=edit
INFO: [ app_init ] --START--
INFO: Run Behavior\BuildLiteBehavior [ RunTime:0.000032s ]
INFO: [ app_init ] --END-- [ RunTime:0.001110s ]
INFO: [ app_begin ] --START--
INFO: Run Behavior\ReadHtmlCacheBehavior [ RunTime:0.002061s ]
INFO: [ app_begin ] --END-- [ RunTime:0.002213s ]
SQL: SHOW COLUMNS FROM `admin` [ RunTime:0.003975s ]
SQL: SELECT COUNT(*) AS tp_count FROM `admin` WHERE ( username='wanghexiang'and password='96e79218965eb72c92a549dd5a330112' ) LIMIT 1   [ RunTime:0.000578s ]
SQL: SHOW COLUMNS FROM `article` [ RunTime:0.004118s ]
SQL: SHOW COLUMNS FROM `arc_content` [ RunTime:0.003859s ]
SQL: SELECT * FROM `article` WHERE ( id= ) LIMIT 1   [ RunTime:0.000538s ]
ERR: 1064:You have an error in your SQL syntax; check the manual that corresponds to your MySQL server version for the right syntax to use near ') LIMIT 1' at line 1
 [ SQL语句 ] : SELECT * FROM `article` WHERE ( id= ) LIMIT 1  
SQL: SELECT * FROM `arc_content` WHERE ( arc_id= ) LIMIT 1   [ RunTime:0.000156s ]
ERR: 1064:You have an error in your SQL syntax; check the manual that corresponds to your MySQL server version for the right syntax to use near ') LIMIT 1' at line 1
 [ SQL语句 ] : SELECT * FROM `arc_content` WHERE ( arc_id= ) LIMIT 1  
SQL: SHOW COLUMNS FROM `category` [ RunTime:0.004065s ]
SQL: SELECT * FROM `category`  [ RunTime:0.000462s ]
INFO: [ view_parse ] --START--
INFO: [ template_filter ] --START--
INFO: Run Behavior\ContentReplaceBehavior [ RunTime:0.000108s ]
INFO: [ template_filter ] --END-- [ RunTime:0.000230s ]
INFO: Run Behavior\ParseTemplateBehavior [ RunTime:0.023355s ]
INFO: [ view_parse ] --END-- [ RunTime:0.023510s ]
INFO: [ view_filter ] --START--
INFO: Run Behavior\WriteHtmlCacheBehavior [ RunTime:0.002046s ]
INFO: Run Behavior\TokenBuildBehavior [ RunTime:0.002201s ]
INFO: [ view_filter ] --END-- [ RunTime:0.004467s ]
INFO: [ app_end ] --START--
INFO: Run Behavior\ShowPageTraceBehavior [ RunTime:0.002140s ]
INFO: [ app_end ] --END-- [ RunTime:0.002271s ]

[ 2014-04-09T09:53:07+08:00 ] 127.0.0.100 /diguniu/index.php?m=Admin&c=Login&a=loginout
INFO: [ app_init ] --START--
INFO: Run Behavior\BuildLiteBehavior [ RunTime:0.000031s ]
INFO: [ app_init ] --END-- [ RunTime:0.001059s ]
INFO: [ app_begin ] --START--
INFO: Run Behavior\ReadHtmlCacheBehavior [ RunTime:0.002142s ]
INFO: [ app_begin ] --END-- [ RunTime:0.002362s ]
INFO: [ view_parse ] --START--
INFO: [ template_filter ] --START--
INFO: Run Behavior\ContentReplaceBehavior [ RunTime:0.000075s ]
INFO: [ template_filter ] --END-- [ RunTime:0.000243s ]
INFO: Run Behavior\ParseTemplateBehavior [ RunTime:0.017660s ]
INFO: [ view_parse ] --END-- [ RunTime:0.017810s ]
INFO: [ view_filter ] --START--
INFO: Run Behavior\WriteHtmlCacheBehavior [ RunTime:0.001455s ]
INFO: Run Behavior\TokenBuildBehavior [ RunTime:0.001727s ]
INFO: [ view_filter ] --END-- [ RunTime:0.003374s ]
INFO: [ app_end ] --START--
INFO: Run Behavior\ShowPageTraceBehavior [ RunTime:0.002002s ]
INFO: [ app_end ] --END-- [ RunTime:0.002130s ]

[ 2014-04-09T09:53:09+08:00 ] 127.0.0.100 /diguniu/index.php?m=Admin&c=Login&a=index
INFO: [ app_init ] --START--
INFO: Run Behavior\BuildLiteBehavior [ RunTime:0.000034s ]
INFO: [ app_init ] --END-- [ RunTime:0.001057s ]
INFO: [ app_begin ] --START--
INFO: Run Behavior\ReadHtmlCacheBehavior [ RunTime:0.001916s ]
INFO: [ app_begin ] --END-- [ RunTime:0.002067s ]
INFO: [ view_parse ] --START--
INFO: [ template_filter ] --START--
INFO: Run Behavior\ContentReplaceBehavior [ RunTime:0.000135s ]
INFO: [ template_filter ] --END-- [ RunTime:0.000287s ]
INFO: Run Behavior\ParseTemplateBehavior [ RunTime:0.019676s ]
INFO: [ view_parse ] --END-- [ RunTime:0.019820s ]
INFO: [ view_filter ] --START--
INFO: Run Behavior\WriteHtmlCacheBehavior [ RunTime:0.001498s ]
INFO: Run Behavior\TokenBuildBehavior [ RunTime:0.002068s ]
INFO: [ view_filter ] --END-- [ RunTime:0.003772s ]
INFO: [ app_end ] --START--
INFO: Run Behavior\ShowPageTraceBehavior [ RunTime:0.002043s ]
INFO: [ app_end ] --END-- [ RunTime:0.002173s ]

[ 2014-04-09T09:53:10+08:00 ] 127.0.0.100 /diguniu/index.php?m=Admin&c=Article&a=article_list
INFO: [ app_init ] --START--
INFO: Run Behavior\BuildLiteBehavior [ RunTime:0.000034s ]
INFO: [ app_init ] --END-- [ RunTime:0.001346s ]
INFO: [ app_begin ] --START--
INFO: Run Behavior\ReadHtmlCacheBehavior [ RunTime:0.001706s ]
INFO: [ app_begin ] --END-- [ RunTime:0.001861s ]
SQL: SHOW COLUMNS FROM `admin` [ RunTime:0.004104s ]
SQL: SELECT COUNT(*) AS tp_count FROM `admin` WHERE ( username='wanghexiang'and password='96e79218965eb72c92a549dd5a330112' ) LIMIT 1   [ RunTime:0.000439s ]
SQL: SHOW COLUMNS FROM `article` [ RunTime:0.004308s ]
SQL: SELECT * FROM `article`  [ RunTime:0.000498s ]
INFO: [ view_parse ] --START--
INFO: [ template_filter ] --START--
INFO: Run Behavior\ContentReplaceBehavior [ RunTime:0.000088s ]
INFO: [ template_filter ] --END-- [ RunTime:0.000206s ]
NOTIC: [8] Undefined variable: page E:\www\code\diguniu\Application\Runtime\Cache\Admin\f68c5a1a42542d9b876352dd3eb66abd.php 第 41 行.
INFO: Run Behavior\ParseTemplateBehavior [ RunTime:0.025249s ]
INFO: [ view_parse ] --END-- [ RunTime:0.025375s ]
INFO: [ view_filter ] --START--
INFO: Run Behavior\WriteHtmlCacheBehavior [ RunTime:0.001688s ]
INFO: Run Behavior\TokenBuildBehavior [ RunTime:0.002354s ]
INFO: [ view_filter ] --END-- [ RunTime:0.004259s ]
INFO: [ app_end ] --START--
INFO: Run Behavior\ShowPageTraceBehavior [ RunTime:0.002106s ]
INFO: [ app_end ] --END-- [ RunTime:0.002235s ]

[ 2014-04-09T09:53:10+08:00 ] 127.0.0.100 /diguniu/index.php?m=Admin&c=Login&a=verify
INFO: [ app_init ] --START--
INFO: Run Behavior\BuildLiteBehavior [ RunTime:0.000032s ]
INFO: [ app_init ] --END-- [ RunTime:0.000861s ]
INFO: [ app_begin ] --START--
INFO: Run Behavior\ReadHtmlCacheBehavior [ RunTime:0.001902s ]
INFO: [ app_begin ] --END-- [ RunTime:0.002119s ]
INFO: [ app_end ] --START--
INFO: Run Behavior\ShowPageTraceBehavior [ RunTime:0.002140s ]
INFO: [ app_end ] --END-- [ RunTime:0.002300s ]

[ 2014-04-09T09:55:52+08:00 ] 127.0.0.100 /diguniu/index.php?m=Admin&c=Article&a=edit&id=15
INFO: [ app_init ] --START--
INFO: Run Behavior\BuildLiteBehavior [ RunTime:0.000031s ]
INFO: [ app_init ] --END-- [ RunTime:0.001196s ]
INFO: [ app_begin ] --START--
INFO: Run Behavior\ReadHtmlCacheBehavior [ RunTime:0.002032s ]
INFO: [ app_begin ] --END-- [ RunTime:0.002183s ]
SQL: SHOW COLUMNS FROM `admin` [ RunTime:0.004455s ]
SQL: SELECT COUNT(*) AS tp_count FROM `admin` WHERE ( username='wanghexiang'and password='96e79218965eb72c92a549dd5a330112' ) LIMIT 1   [ RunTime:0.000477s ]
SQL: SHOW COLUMNS FROM `article` [ RunTime:0.004101s ]
SQL: SHOW COLUMNS FROM `arc_content` [ RunTime:0.004424s ]
SQL: SELECT * FROM `article` WHERE ( id=15 ) LIMIT 1   [ RunTime:0.000516s ]
SQL: SELECT * FROM `arc_content` WHERE ( arc_id=15 ) LIMIT 1   [ RunTime:0.000693s ]
SQL: SHOW COLUMNS FROM `category` [ RunTime:0.005311s ]
SQL: SELECT * FROM `category`  [ RunTime:0.000498s ]
INFO: [ view_parse ] --START--
INFO: [ template_filter ] --START--
INFO: Run Behavior\ContentReplaceBehavior [ RunTime:0.000122s ]
INFO: [ template_filter ] --END-- [ RunTime:0.000247s ]
INFO: Run Behavior\ParseTemplateBehavior [ RunTime:0.025514s ]
INFO: [ view_parse ] --END-- [ RunTime:0.025662s ]
INFO: [ view_filter ] --START--
INFO: Run Behavior\WriteHtmlCacheBehavior [ RunTime:0.001507s ]
INFO: Run Behavior\TokenBuildBehavior [ RunTime:0.001990s ]
INFO: [ view_filter ] --END-- [ RunTime:0.003709s ]
INFO: [ app_end ] --START--
INFO: Run Behavior\ShowPageTraceBehavior [ RunTime:0.002056s ]
INFO: [ app_end ] --END-- [ RunTime:0.002181s ]

