[ 2014-04-14T11:31:06+08:00 ] 127.0.0.100 /diguniu/
INFO: [ app_init ] --START--
INFO: Run Behavior\BuildLiteBehavior [ RunTime:0.000032s ]
INFO: [ app_init ] --END-- [ RunTime:0.001360s ]
INFO: [ app_begin ] --START--
INFO: Run Behavior\ReadHtmlCacheBehavior [ RunTime:0.003120s ]
INFO: [ app_begin ] --END-- [ RunTime:0.003272s ]
SQL: SHOW COLUMNS FROM `admin` [ RunTime:0.031892s ]
SQL: SELECT COUNT(*) AS tp_count FROM `admin` WHERE ( username=''and password='' ) LIMIT 1   [ RunTime:0.000728s ]
INFO: [ view_parse ] --START--
INFO: [ template_filter ] --START--
INFO: Run Behavior\ContentReplaceBehavior [ RunTime:0.000076s ]
INFO: [ template_filter ] --END-- [ RunTime:0.000204s ]
INFO: Run Behavior\ParseTemplateBehavior [ RunTime:0.029103s ]
INFO: [ view_parse ] --END-- [ RunTime:0.029255s ]
INFO: [ view_filter ] --START--
INFO: Run Behavior\WriteHtmlCacheBehavior [ RunTime:0.002756s ]
INFO: Run Behavior\TokenBuildBehavior [ RunTime:0.003022s ]
INFO: [ view_filter ] --END-- [ RunTime:0.005985s ]

[ 2014-04-14T11:31:10+08:00 ] 127.0.0.100 /diguniu/index.php?m=Admin&c=Login&a=index
INFO: [ app_init ] --START--
INFO: Run Behavior\BuildLiteBehavior [ RunTime:0.000033s ]
INFO: [ app_init ] --END-- [ RunTime:0.001368s ]
INFO: [ app_begin ] --START--
INFO: Run Behavior\ReadHtmlCacheBehavior [ RunTime:0.003389s ]
INFO: [ app_begin ] --END-- [ RunTime:0.003545s ]
INFO: [ view_parse ] --START--
INFO: [ template_filter ] --START--
INFO: Run Behavior\ContentReplaceBehavior [ RunTime:0.000106s ]
INFO: [ template_filter ] --END-- [ RunTime:0.000260s ]
INFO: Run Behavior\ParseTemplateBehavior [ RunTime:0.025485s ]
INFO: [ view_parse ] --END-- [ RunTime:0.025646s ]
INFO: [ view_filter ] --START--
INFO: Run Behavior\WriteHtmlCacheBehavior [ RunTime:0.002754s ]
INFO: Run Behavior\TokenBuildBehavior [ RunTime:0.003117s ]
INFO: [ view_filter ] --END-- [ RunTime:0.006148s ]
INFO: [ app_end ] --START--
INFO: Run Behavior\ShowPageTraceBehavior [ RunTime:0.003268s ]
INFO: [ app_end ] --END-- [ RunTime:0.003397s ]

[ 2014-04-14T11:31:11+08:00 ] 127.0.0.100 /diguniu/index.php?m=Admin&c=Login&a=verify
INFO: [ app_init ] --START--
INFO: Run Behavior\BuildLiteBehavior [ RunTime:0.000032s ]
INFO: [ app_init ] --END-- [ RunTime:0.001072s ]
INFO: [ app_begin ] --START--
INFO: Run Behavior\ReadHtmlCacheBehavior [ RunTime:0.002915s ]
INFO: [ app_begin ] --END-- [ RunTime:0.003191s ]
INFO: [ app_end ] --START--
INFO: Run Behavior\ShowPageTraceBehavior [ RunTime:0.003575s ]
INFO: [ app_end ] --END-- [ RunTime:0.003777s ]

[ 2014-04-14T11:31:28+08:00 ] 127.0.0.100 /diguniu/index.php?m=Admin&c=Login&a=verify&time=0.45365515002049506
INFO: [ app_init ] --START--
INFO: Run Behavior\BuildLiteBehavior [ RunTime:0.000032s ]
INFO: [ app_init ] --END-- [ RunTime:0.001087s ]
INFO: [ app_begin ] --START--
INFO: Run Behavior\ReadHtmlCacheBehavior [ RunTime:0.002426s ]
INFO: [ app_begin ] --END-- [ RunTime:0.002580s ]
INFO: [ app_end ] --START--
INFO: Run Behavior\ShowPageTraceBehavior [ RunTime:0.002376s ]
INFO: [ app_end ] --END-- [ RunTime:0.002545s ]

[ 2014-04-14T11:31:35+08:00 ] 127.0.0.100 /diguniu/index.php?m=Admin&c=Login&a=verify&time=0.45365515002049506&time=0.3272135630249977
INFO: [ app_init ] --START--
INFO: Run Behavior\BuildLiteBehavior [ RunTime:0.000035s ]
INFO: [ app_init ] --END-- [ RunTime:0.001404s ]
INFO: [ app_begin ] --START--
INFO: Run Behavior\ReadHtmlCacheBehavior [ RunTime:0.002359s ]
INFO: [ app_begin ] --END-- [ RunTime:0.002509s ]
INFO: [ app_end ] --START--
INFO: Run Behavior\ShowPageTraceBehavior [ RunTime:0.002591s ]
INFO: [ app_end ] --END-- [ RunTime:0.002750s ]

[ 2014-04-14T11:31:39+08:00 ] 127.0.0.100 /diguniu/index.php?m=Admin&c=Login&a=verify&time=0.45365515002049506&time=0.3272135630249977&time=0.9055016729980707
INFO: [ app_init ] --START--
INFO: Run Behavior\BuildLiteBehavior [ RunTime:0.000031s ]
INFO: [ app_init ] --END-- [ RunTime:0.001091s ]
INFO: [ app_begin ] --START--
INFO: Run Behavior\ReadHtmlCacheBehavior [ RunTime:0.002330s ]
INFO: [ app_begin ] --END-- [ RunTime:0.002481s ]
INFO: [ app_end ] --START--
INFO: Run Behavior\ShowPageTraceBehavior [ RunTime:0.002703s ]
INFO: [ app_end ] --END-- [ RunTime:0.002864s ]

[ 2014-04-14T11:31:44+08:00 ] 127.0.0.100 /diguniu/index.php?m=Admin&c=Login&a=login
INFO: [ app_init ] --START--
INFO: Run Behavior\BuildLiteBehavior [ RunTime:0.000036s ]
INFO: [ app_init ] --END-- [ RunTime:0.001726s ]
INFO: [ app_begin ] --START--
INFO: Run Behavior\ReadHtmlCacheBehavior [ RunTime:0.002391s ]
INFO: [ app_begin ] --END-- [ RunTime:0.002555s ]
SQL: SHOW COLUMNS FROM `admin` [ RunTime:0.006859s ]
SQL: SELECT COUNT(*) AS tp_count FROM `admin` WHERE ( username='wanghexiang' and password='96e79218965eb72c92a549dd5a330112' ) LIMIT 1   [ RunTime:0.000473s ]
SQL: SELECT * FROM `admin` WHERE ( username='wanghexiang' and password='96e79218965eb72c92a549dd5a330112' ) LIMIT 1   [ RunTime:0.000291s ]
INFO: [ view_parse ] --START--
INFO: [ template_filter ] --START--
INFO: Run Behavior\ContentReplaceBehavior [ RunTime:0.000075s ]
INFO: [ template_filter ] --END-- [ RunTime:0.000201s ]
INFO: Run Behavior\ParseTemplateBehavior [ RunTime:0.019533s ]
INFO: [ view_parse ] --END-- [ RunTime:0.019684s ]
INFO: [ view_filter ] --START--
INFO: Run Behavior\WriteHtmlCacheBehavior [ RunTime:0.002019s ]
INFO: Run Behavior\TokenBuildBehavior [ RunTime:0.001987s ]
INFO: [ view_filter ] --END-- [ RunTime:0.004206s ]
INFO: [ app_end ] --START--
INFO: Run Behavior\ShowPageTraceBehavior [ RunTime:0.001948s ]
INFO: [ app_end ] --END-- [ RunTime:0.002078s ]

[ 2014-04-14T11:31:46+08:00 ] 127.0.0.100 /diguniu/index.php?m=Admin&c=Index&a=index
INFO: [ app_init ] --START--
INFO: Run Behavior\BuildLiteBehavior [ RunTime:0.000032s ]
INFO: [ app_init ] --END-- [ RunTime:0.001073s ]
INFO: [ app_begin ] --START--
INFO: Run Behavior\ReadHtmlCacheBehavior [ RunTime:0.001959s ]
INFO: [ app_begin ] --END-- [ RunTime:0.002120s ]
SQL: SHOW COLUMNS FROM `admin` [ RunTime:0.006524s ]
SQL: SELECT COUNT(*) AS tp_count FROM `admin` WHERE ( username=''and password='' ) LIMIT 1   [ RunTime:0.000536s ]
INFO: [ view_parse ] --START--
INFO: [ template_filter ] --START--
INFO: Run Behavior\ContentReplaceBehavior [ RunTime:0.000074s ]
INFO: [ template_filter ] --END-- [ RunTime:0.000221s ]
INFO: Run Behavior\ParseTemplateBehavior [ RunTime:0.019627s ]
INFO: [ view_parse ] --END-- [ RunTime:0.019773s ]
INFO: [ view_filter ] --START--
INFO: Run Behavior\WriteHtmlCacheBehavior [ RunTime:0.001515s ]
INFO: Run Behavior\TokenBuildBehavior [ RunTime:0.001780s ]
INFO: [ view_filter ] --END-- [ RunTime:0.003497s ]
INFO: [ app_end ] --START--
INFO: Run Behavior\ShowPageTraceBehavior [ RunTime:0.001866s ]
INFO: [ app_end ] --END-- [ RunTime:0.001995s ]

[ 2014-04-14T11:31:46+08:00 ] 127.0.0.100 /diguniu/index.php?m=Admin&c=Index&a=main
INFO: [ app_init ] --START--
INFO: Run Behavior\BuildLiteBehavior [ RunTime:0.000033s ]
INFO: [ app_init ] --END-- [ RunTime:0.001400s ]
INFO: [ app_begin ] --START--
INFO: Run Behavior\ReadHtmlCacheBehavior [ RunTime:0.002694s ]
INFO: [ app_begin ] --END-- [ RunTime:0.002853s ]
SQL: SHOW COLUMNS FROM `admin` [ RunTime:0.007853s ]
SQL: SELECT COUNT(*) AS tp_count FROM `admin` WHERE ( username=''and password='' ) LIMIT 1   [ RunTime:0.000469s ]
INFO: [ view_parse ] --START--
INFO: [ template_filter ] --START--
INFO: Run Behavior\ContentReplaceBehavior [ RunTime:0.000078s ]
INFO: [ template_filter ] --END-- [ RunTime:0.000206s ]
INFO: Run Behavior\ParseTemplateBehavior [ RunTime:0.021631s ]
INFO: [ view_parse ] --END-- [ RunTime:0.021791s ]
INFO: [ view_filter ] --START--
INFO: Run Behavior\WriteHtmlCacheBehavior [ RunTime:0.001644s ]
INFO: Run Behavior\TokenBuildBehavior [ RunTime:0.001945s ]
INFO: [ view_filter ] --END-- [ RunTime:0.003850s ]
INFO: [ app_end ] --START--
INFO: Run Behavior\ShowPageTraceBehavior [ RunTime:0.002206s ]
INFO: [ app_end ] --END-- [ RunTime:0.002336s ]

[ 2014-04-14T11:31:46+08:00 ] 127.0.0.100 /diguniu/index.php?m=Admin&c=Index&a=left
INFO: [ app_init ] --START--
INFO: Run Behavior\BuildLiteBehavior [ RunTime:0.000033s ]
INFO: [ app_init ] --END-- [ RunTime:0.001696s ]
INFO: [ app_begin ] --START--
INFO: Run Behavior\ReadHtmlCacheBehavior [ RunTime:0.002583s ]
INFO: [ app_begin ] --END-- [ RunTime:0.002740s ]
SQL: SHOW COLUMNS FROM `admin` [ RunTime:0.009275s ]
SQL: SELECT COUNT(*) AS tp_count FROM `admin` WHERE ( username=''and password='' ) LIMIT 1   [ RunTime:0.000914s ]
INFO: [ view_parse ] --START--
INFO: [ template_filter ] --START--
INFO: Run Behavior\ContentReplaceBehavior [ RunTime:0.000095s ]
INFO: [ template_filter ] --END-- [ RunTime:0.000245s ]
INFO: Run Behavior\ParseTemplateBehavior [ RunTime:0.033369s ]
INFO: [ view_parse ] --END-- [ RunTime:0.033524s ]
INFO: [ view_filter ] --START--
INFO: Run Behavior\WriteHtmlCacheBehavior [ RunTime:0.003963s ]
INFO: Run Behavior\TokenBuildBehavior [ RunTime:0.002627s ]
INFO: [ view_filter ] --END-- [ RunTime:0.006817s ]
INFO: [ app_end ] --START--
INFO: Run Behavior\ShowPageTraceBehavior [ RunTime:0.002658s ]
INFO: [ app_end ] --END-- [ RunTime:0.002784s ]

[ 2014-04-14T11:31:47+08:00 ] 127.0.0.100 /diguniu/index.php?m=Admin&c=Index&a=top
INFO: [ app_init ] --START--
INFO: Run Behavior\BuildLiteBehavior [ RunTime:0.000034s ]
INFO: [ app_init ] --END-- [ RunTime:0.001140s ]
INFO: [ app_begin ] --START--
INFO: Run Behavior\ReadHtmlCacheBehavior [ RunTime:0.001894s ]
INFO: [ app_begin ] --END-- [ RunTime:0.002043s ]
SQL: SHOW COLUMNS FROM `admin` [ RunTime:0.005636s ]
SQL: SELECT COUNT(*) AS tp_count FROM `admin` WHERE ( username=''and password='' ) LIMIT 1   [ RunTime:0.000465s ]
INFO: [ view_parse ] --START--
INFO: [ template_filter ] --START--
INFO: Run Behavior\ContentReplaceBehavior [ RunTime:0.000095s ]
INFO: [ template_filter ] --END-- [ RunTime:0.000224s ]
INFO: Run Behavior\ParseTemplateBehavior [ RunTime:0.022339s ]
INFO: [ view_parse ] --END-- [ RunTime:0.022504s ]
INFO: [ view_filter ] --START--
INFO: Run Behavior\WriteHtmlCacheBehavior [ RunTime:0.001515s ]
INFO: Run Behavior\TokenBuildBehavior [ RunTime:0.001960s ]
INFO: [ view_filter ] --END-- [ RunTime:0.003674s ]
INFO: [ app_end ] --START--
INFO: Run Behavior\ShowPageTraceBehavior [ RunTime:0.001836s ]
INFO: [ app_end ] --END-- [ RunTime:0.001961s ]

[ 2014-04-14T11:31:50+08:00 ] 127.0.0.100 /diguniu/index.php?m=Admin&c=Admin&a=admin_list
INFO: [ app_init ] --START--
INFO: Run Behavior\BuildLiteBehavior [ RunTime:0.000032s ]
INFO: [ app_init ] --END-- [ RunTime:0.001100s ]
INFO: [ app_begin ] --START--
INFO: Run Behavior\ReadHtmlCacheBehavior [ RunTime:0.001878s ]
INFO: [ app_begin ] --END-- [ RunTime:0.002031s ]
SQL: SHOW COLUMNS FROM `admin` [ RunTime:0.006029s ]
SQL: SELECT COUNT(*) AS tp_count FROM `admin` WHERE ( username=''and password='' ) LIMIT 1   [ RunTime:0.000479s ]
SQL: SELECT * FROM `admin` LIMIT 0,10   [ RunTime:0.000282s ]
SQL: SELECT COUNT(*) AS tp_count FROM `admin` LIMIT 1   [ RunTime:0.000188s ]
INFO: [ view_parse ] --START--
INFO: [ template_filter ] --START--
INFO: Run Behavior\ContentReplaceBehavior [ RunTime:0.000091s ]
INFO: [ template_filter ] --END-- [ RunTime:0.000208s ]
INFO: Run Behavior\ParseTemplateBehavior [ RunTime:0.024530s ]
INFO: [ view_parse ] --END-- [ RunTime:0.024671s ]
INFO: [ view_filter ] --START--
INFO: Run Behavior\WriteHtmlCacheBehavior [ RunTime:0.001728s ]
INFO: Run Behavior\TokenBuildBehavior [ RunTime:0.001947s ]
INFO: [ view_filter ] --END-- [ RunTime:0.003892s ]
INFO: [ app_end ] --START--
INFO: Run Behavior\ShowPageTraceBehavior [ RunTime:0.001881s ]
INFO: [ app_end ] --END-- [ RunTime:0.002010s ]

[ 2014-04-14T11:31:52+08:00 ] 127.0.0.100 /diguniu/index.php?m=Admin&c=Admin&a=edit
INFO: [ app_init ] --START--
INFO: Run Behavior\BuildLiteBehavior [ RunTime:0.000031s ]
INFO: [ app_init ] --END-- [ RunTime:0.001063s ]
INFO: [ app_begin ] --START--
INFO: Run Behavior\ReadHtmlCacheBehavior [ RunTime:0.001861s ]
INFO: [ app_begin ] --END-- [ RunTime:0.002010s ]
SQL: SHOW COLUMNS FROM `admin` [ RunTime:0.005868s ]
SQL: SELECT COUNT(*) AS tp_count FROM `admin` WHERE ( username=''and password='' ) LIMIT 1   [ RunTime:0.000463s ]
NOTIC: [8] Undefined index: id E:\www\code\diguniu\Application\Admin\Controller\AdminController.class.php 第 16 行.
SQL: SELECT * FROM `admin` WHERE ( id= ) LIMIT 1   [ RunTime:0.000175s ]
ERR: 1064:You have an error in your SQL syntax; check the manual that corresponds to your MySQL server version for the right syntax to use near ') LIMIT 1' at line 1
 [ SQL语句 ] : SELECT * FROM `admin` WHERE ( id= ) LIMIT 1  
INFO: [ view_parse ] --START--
INFO: [ template_filter ] --START--
INFO: Run Behavior\ContentReplaceBehavior [ RunTime:0.000101s ]
INFO: [ template_filter ] --END-- [ RunTime:0.000225s ]
INFO: Run Behavior\ParseTemplateBehavior [ RunTime:0.022285s ]
INFO: [ view_parse ] --END-- [ RunTime:0.022425s ]
INFO: [ view_filter ] --START--
INFO: Run Behavior\WriteHtmlCacheBehavior [ RunTime:0.001573s ]
INFO: Run Behavior\TokenBuildBehavior [ RunTime:0.002742s ]
INFO: [ view_filter ] --END-- [ RunTime:0.004524s ]
INFO: [ app_end ] --START--
INFO: Run Behavior\ShowPageTraceBehavior [ RunTime:0.001903s ]
INFO: [ app_end ] --END-- [ RunTime:0.002028s ]

[ 2014-04-14T11:31:55+08:00 ] 127.0.0.100 /diguniu/index.php?m=Admin&c=Category&a=category_list
INFO: [ app_init ] --START--
INFO: Run Behavior\BuildLiteBehavior [ RunTime:0.000033s ]
INFO: [ app_init ] --END-- [ RunTime:0.001450s ]
INFO: [ app_begin ] --START--
INFO: Run Behavior\ReadHtmlCacheBehavior [ RunTime:0.001903s ]
INFO: [ app_begin ] --END-- [ RunTime:0.002052s ]
SQL: SHOW COLUMNS FROM `admin` [ RunTime:0.006141s ]
SQL: SELECT COUNT(*) AS tp_count FROM `admin` WHERE ( username=''and password='' ) LIMIT 1   [ RunTime:0.000468s ]
SQL: SHOW COLUMNS FROM `category` [ RunTime:0.074790s ]
SQL: SELECT * FROM `category`  [ RunTime:0.000480s ]
INFO: [ view_parse ] --START--
INFO: [ template_filter ] --START--
INFO: Run Behavior\ContentReplaceBehavior [ RunTime:0.000215s ]
INFO: [ template_filter ] --END-- [ RunTime:0.000433s ]
NOTIC: [8] Undefined variable: page E:\www\code\diguniu\Application\Runtime\Cache\Admin\46fc65ba2b7dc6249bfde48ce8661431.php 第 40 行.
INFO: Run Behavior\ParseTemplateBehavior [ RunTime:0.024020s ]
INFO: [ view_parse ] --END-- [ RunTime:0.024153s ]
INFO: [ view_filter ] --START--
INFO: Run Behavior\WriteHtmlCacheBehavior [ RunTime:0.001598s ]
INFO: Run Behavior\TokenBuildBehavior [ RunTime:0.001826s ]
INFO: [ view_filter ] --END-- [ RunTime:0.003627s ]
INFO: [ app_end ] --START--
INFO: Run Behavior\ShowPageTraceBehavior [ RunTime:0.002013s ]
INFO: [ app_end ] --END-- [ RunTime:0.002150s ]

[ 2014-04-14T11:31:58+08:00 ] 127.0.0.100 /diguniu/index.php?m=Admin&c=Category&a=edit
INFO: [ app_init ] --START--
INFO: Run Behavior\BuildLiteBehavior [ RunTime:0.000032s ]
INFO: [ app_init ] --END-- [ RunTime:0.001134s ]
INFO: [ app_begin ] --START--
INFO: Run Behavior\ReadHtmlCacheBehavior [ RunTime:0.001923s ]
INFO: [ app_begin ] --END-- [ RunTime:0.002072s ]
SQL: SHOW COLUMNS FROM `admin` [ RunTime:0.005950s ]
SQL: SELECT COUNT(*) AS tp_count FROM `admin` WHERE ( username=''and password='' ) LIMIT 1   [ RunTime:0.000474s ]
SQL: SHOW COLUMNS FROM `category` [ RunTime:0.005599s ]
SQL: SELECT * FROM `category` WHERE ( id='' ) LIMIT 1   [ RunTime:0.000481s ]
SQL: SELECT * FROM `category`  [ RunTime:0.000270s ]
NOTIC: [8] Undefined variable: base_category E:\www\code\diguniu\Application\Admin\Controller\CategoryController.class.php 第 38 行.
INFO: [ view_parse ] --START--
INFO: [ template_filter ] --START--
INFO: Run Behavior\ContentReplaceBehavior [ RunTime:0.000101s ]
INFO: [ template_filter ] --END-- [ RunTime:0.000228s ]
INFO: Run Behavior\ParseTemplateBehavior [ RunTime:0.023929s ]
INFO: [ view_parse ] --END-- [ RunTime:0.024070s ]
INFO: [ view_filter ] --START--
INFO: Run Behavior\WriteHtmlCacheBehavior [ RunTime:0.001567s ]
INFO: Run Behavior\TokenBuildBehavior [ RunTime:0.001973s ]
INFO: [ view_filter ] --END-- [ RunTime:0.003743s ]
INFO: [ app_end ] --START--
INFO: Run Behavior\ShowPageTraceBehavior [ RunTime:0.001865s ]
INFO: [ app_end ] --END-- [ RunTime:0.001991s ]

[ 2014-04-14T11:32:00+08:00 ] 127.0.0.100 /diguniu/index.php?m=Admin&c=Article&a=edit
INFO: [ app_init ] --START--
INFO: Run Behavior\BuildLiteBehavior [ RunTime:0.000032s ]
INFO: [ app_init ] --END-- [ RunTime:0.001277s ]
INFO: [ app_begin ] --START--
INFO: Run Behavior\ReadHtmlCacheBehavior [ RunTime:0.001860s ]
INFO: [ app_begin ] --END-- [ RunTime:0.002011s ]
SQL: SHOW COLUMNS FROM `admin` [ RunTime:0.006476s ]
SQL: SELECT COUNT(*) AS tp_count FROM `admin` WHERE ( username=''and password='' ) LIMIT 1   [ RunTime:0.000472s ]
SQL: SHOW COLUMNS FROM `article` [ RunTime:0.044089s ]
SQL: SHOW COLUMNS FROM `arc_content` [ RunTime:0.041318s ]
SQL: SELECT * FROM `article` WHERE ( id= ) LIMIT 1   [ RunTime:0.000248s ]
ERR: 1064:You have an error in your SQL syntax; check the manual that corresponds to your MySQL server version for the right syntax to use near ') LIMIT 1' at line 1
 [ SQL语句 ] : SELECT * FROM `article` WHERE ( id= ) LIMIT 1  
SQL: SELECT * FROM `arc_content` WHERE ( arc_id= ) LIMIT 1   [ RunTime:0.000151s ]
ERR: 1064:You have an error in your SQL syntax; check the manual that corresponds to your MySQL server version for the right syntax to use near ') LIMIT 1' at line 1
 [ SQL语句 ] : SELECT * FROM `arc_content` WHERE ( arc_id= ) LIMIT 1  
SQL: SHOW COLUMNS FROM `category` [ RunTime:0.006092s ]
SQL: SELECT * FROM `category`  [ RunTime:0.000927s ]
INFO: [ view_parse ] --START--
INFO: [ template_filter ] --START--
INFO: Run Behavior\ContentReplaceBehavior [ RunTime:0.000107s ]
INFO: [ template_filter ] --END-- [ RunTime:0.000232s ]
INFO: Run Behavior\ParseTemplateBehavior [ RunTime:0.023994s ]
INFO: [ view_parse ] --END-- [ RunTime:0.024144s ]
INFO: [ view_filter ] --START--
INFO: Run Behavior\WriteHtmlCacheBehavior [ RunTime:0.001584s ]
INFO: Run Behavior\TokenBuildBehavior [ RunTime:0.002024s ]
INFO: [ view_filter ] --END-- [ RunTime:0.003834s ]
INFO: [ app_end ] --START--
INFO: Run Behavior\ShowPageTraceBehavior [ RunTime:0.001949s ]
INFO: [ app_end ] --END-- [ RunTime:0.002077s ]

[ 2014-04-14T11:32:02+08:00 ] 127.0.0.100 /diguniu/index.php?m=Admin&c=Article&a=article_list
INFO: [ app_init ] --START--
INFO: Run Behavior\BuildLiteBehavior [ RunTime:0.000032s ]
INFO: [ app_init ] --END-- [ RunTime:0.001059s ]
INFO: [ app_begin ] --START--
INFO: Run Behavior\ReadHtmlCacheBehavior [ RunTime:0.001927s ]
INFO: [ app_begin ] --END-- [ RunTime:0.002080s ]
SQL: SHOW COLUMNS FROM `admin` [ RunTime:0.006397s ]
SQL: SELECT COUNT(*) AS tp_count FROM `admin` WHERE ( username=''and password='' ) LIMIT 1   [ RunTime:0.000476s ]
SQL: SHOW COLUMNS FROM `article` [ RunTime:0.005891s ]
SQL: SELECT * FROM `article`  [ RunTime:0.000527s ]
INFO: [ view_parse ] --START--
INFO: [ template_filter ] --START--
INFO: Run Behavior\ContentReplaceBehavior [ RunTime:0.000088s ]
INFO: [ template_filter ] --END-- [ RunTime:0.000204s ]
NOTIC: [8] Undefined variable: page E:\www\code\diguniu\Application\Runtime\Cache\Admin\f68c5a1a42542d9b876352dd3eb66abd.php 第 41 行.
INFO: Run Behavior\ParseTemplateBehavior [ RunTime:0.025028s ]
INFO: [ view_parse ] --END-- [ RunTime:0.025154s ]
INFO: [ view_filter ] --START--
INFO: Run Behavior\WriteHtmlCacheBehavior [ RunTime:0.001553s ]
INFO: Run Behavior\TokenBuildBehavior [ RunTime:0.001978s ]
INFO: [ view_filter ] --END-- [ RunTime:0.003730s ]
INFO: [ app_end ] --START--
INFO: Run Behavior\ShowPageTraceBehavior [ RunTime:0.001841s ]
INFO: [ app_end ] --END-- [ RunTime:0.001964s ]

[ 2014-04-14T11:32:05+08:00 ] 127.0.0.100 /diguniu/index.php?m=Admin&c=Article&a=edit
INFO: [ app_init ] --START--
INFO: Run Behavior\BuildLiteBehavior [ RunTime:0.000032s ]
INFO: [ app_init ] --END-- [ RunTime:0.001060s ]
INFO: [ app_begin ] --START--
INFO: Run Behavior\ReadHtmlCacheBehavior [ RunTime:0.001896s ]
INFO: [ app_begin ] --END-- [ RunTime:0.002052s ]
SQL: SHOW COLUMNS FROM `admin` [ RunTime:0.007648s ]
SQL: SELECT COUNT(*) AS tp_count FROM `admin` WHERE ( username=''and password='' ) LIMIT 1   [ RunTime:0.000475s ]
SQL: SHOW COLUMNS FROM `article` [ RunTime:0.006456s ]
SQL: SHOW COLUMNS FROM `arc_content` [ RunTime:0.006675s ]
SQL: SELECT * FROM `article` WHERE ( id= ) LIMIT 1   [ RunTime:0.000249s ]
ERR: 1064:You have an error in your SQL syntax; check the manual that corresponds to your MySQL server version for the right syntax to use near ') LIMIT 1' at line 1
 [ SQL语句 ] : SELECT * FROM `article` WHERE ( id= ) LIMIT 1  
SQL: SELECT * FROM `arc_content` WHERE ( arc_id= ) LIMIT 1   [ RunTime:0.000161s ]
ERR: 1064:You have an error in your SQL syntax; check the manual that corresponds to your MySQL server version for the right syntax to use near ') LIMIT 1' at line 1
 [ SQL语句 ] : SELECT * FROM `arc_content` WHERE ( arc_id= ) LIMIT 1  
SQL: SHOW COLUMNS FROM `category` [ RunTime:0.005677s ]
SQL: SELECT * FROM `category`  [ RunTime:0.000456s ]
INFO: [ view_parse ] --START--
INFO: [ template_filter ] --START--
INFO: Run Behavior\ContentReplaceBehavior [ RunTime:0.000111s ]
INFO: [ template_filter ] --END-- [ RunTime:0.000244s ]
INFO: Run Behavior\ParseTemplateBehavior [ RunTime:0.024776s ]
INFO: [ view_parse ] --END-- [ RunTime:0.024933s ]
INFO: [ view_filter ] --START--
INFO: Run Behavior\WriteHtmlCacheBehavior [ RunTime:0.001545s ]
INFO: Run Behavior\TokenBuildBehavior [ RunTime:0.001901s ]
INFO: [ view_filter ] --END-- [ RunTime:0.003650s ]
INFO: [ app_end ] --START--
INFO: Run Behavior\ShowPageTraceBehavior [ RunTime:0.001918s ]
INFO: [ app_end ] --END-- [ RunTime:0.002046s ]

[ 2014-04-14T11:32:07+08:00 ] 127.0.0.100 /diguniu/index.php?m=Admin&c=Category&a=edit
INFO: [ app_init ] --START--
INFO: Run Behavior\BuildLiteBehavior [ RunTime:0.000031s ]
INFO: [ app_init ] --END-- [ RunTime:0.001057s ]
INFO: [ app_begin ] --START--
INFO: Run Behavior\ReadHtmlCacheBehavior [ RunTime:0.001921s ]
INFO: [ app_begin ] --END-- [ RunTime:0.002074s ]
SQL: SHOW COLUMNS FROM `admin` [ RunTime:0.005704s ]
SQL: SELECT COUNT(*) AS tp_count FROM `admin` WHERE ( username=''and password='' ) LIMIT 1   [ RunTime:0.000476s ]
SQL: SHOW COLUMNS FROM `category` [ RunTime:0.006055s ]
SQL: SELECT * FROM `category` WHERE ( id='' ) LIMIT 1   [ RunTime:0.000513s ]
SQL: SELECT * FROM `category`  [ RunTime:0.000270s ]
NOTIC: [8] Undefined variable: base_category E:\www\code\diguniu\Application\Admin\Controller\CategoryController.class.php 第 38 行.
INFO: [ view_parse ] --START--
INFO: [ template_filter ] --START--
INFO: Run Behavior\ContentReplaceBehavior [ RunTime:0.000102s ]
INFO: [ template_filter ] --END-- [ RunTime:0.000225s ]
INFO: Run Behavior\ParseTemplateBehavior [ RunTime:0.023884s ]
INFO: [ view_parse ] --END-- [ RunTime:0.024026s ]
INFO: [ view_filter ] --START--
INFO: Run Behavior\WriteHtmlCacheBehavior [ RunTime:0.001894s ]
INFO: Run Behavior\TokenBuildBehavior [ RunTime:0.001938s ]
INFO: [ view_filter ] --END-- [ RunTime:0.004047s ]
INFO: [ app_end ] --START--
INFO: Run Behavior\ShowPageTraceBehavior [ RunTime:0.001901s ]
INFO: [ app_end ] --END-- [ RunTime:0.002028s ]

[ 2014-04-14T11:32:09+08:00 ] 127.0.0.100 /diguniu/index.php?m=Admin&c=Login&a=loginout
INFO: [ app_init ] --START--
INFO: Run Behavior\BuildLiteBehavior [ RunTime:0.000032s ]
INFO: [ app_init ] --END-- [ RunTime:0.001078s ]
INFO: [ app_begin ] --START--
INFO: Run Behavior\ReadHtmlCacheBehavior [ RunTime:0.001909s ]
INFO: [ app_begin ] --END-- [ RunTime:0.002065s ]
INFO: [ view_parse ] --START--
INFO: [ template_filter ] --START--
INFO: Run Behavior\ContentReplaceBehavior [ RunTime:0.000074s ]
INFO: [ template_filter ] --END-- [ RunTime:0.000241s ]
INFO: Run Behavior\ParseTemplateBehavior [ RunTime:0.019206s ]
INFO: [ view_parse ] --END-- [ RunTime:0.019356s ]
INFO: [ view_filter ] --START--
INFO: Run Behavior\WriteHtmlCacheBehavior [ RunTime:0.001514s ]
INFO: Run Behavior\TokenBuildBehavior [ RunTime:0.001933s ]
INFO: [ view_filter ] --END-- [ RunTime:0.003650s ]
INFO: [ app_end ] --START--
INFO: Run Behavior\ShowPageTraceBehavior [ RunTime:0.001988s ]
INFO: [ app_end ] --END-- [ RunTime:0.002117s ]

[ 2014-04-14T11:32:10+08:00 ] 127.0.0.100 /diguniu/index.php?m=Admin&c=Login&a=index
INFO: [ app_init ] --START--
INFO: Run Behavior\BuildLiteBehavior [ RunTime:0.000032s ]
INFO: [ app_init ] --END-- [ RunTime:0.001250s ]
INFO: [ app_begin ] --START--
INFO: Run Behavior\ReadHtmlCacheBehavior [ RunTime:0.002399s ]
INFO: [ app_begin ] --END-- [ RunTime:0.002560s ]
INFO: [ view_parse ] --START--
INFO: [ template_filter ] --START--
INFO: Run Behavior\ContentReplaceBehavior [ RunTime:0.000131s ]
INFO: [ template_filter ] --END-- [ RunTime:0.000289s ]
INFO: Run Behavior\ParseTemplateBehavior [ RunTime:0.023516s ]
INFO: [ view_parse ] --END-- [ RunTime:0.023665s ]
INFO: [ view_filter ] --START--
INFO: Run Behavior\WriteHtmlCacheBehavior [ RunTime:0.001991s ]
INFO: Run Behavior\TokenBuildBehavior [ RunTime:0.002492s ]
INFO: [ view_filter ] --END-- [ RunTime:0.004692s ]
INFO: [ app_end ] --START--
INFO: Run Behavior\ShowPageTraceBehavior [ RunTime:0.002416s ]
INFO: [ app_end ] --END-- [ RunTime:0.002547s ]

[ 2014-04-14T11:32:11+08:00 ] 127.0.0.100 /diguniu/index.php?m=Admin&c=Login&a=verify
INFO: [ app_init ] --START--
INFO: Run Behavior\BuildLiteBehavior [ RunTime:0.000032s ]
INFO: [ app_init ] --END-- [ RunTime:0.001227s ]
INFO: [ app_begin ] --START--
INFO: Run Behavior\ReadHtmlCacheBehavior [ RunTime:0.002377s ]
INFO: [ app_begin ] --END-- [ RunTime:0.002533s ]
INFO: [ app_end ] --START--
INFO: Run Behavior\ShowPageTraceBehavior [ RunTime:0.002392s ]
INFO: [ app_end ] --END-- [ RunTime:0.002554s ]

[ 2014-04-14T11:32:11+08:00 ] 127.0.0.100 /diguniu/index.php?m=Admin&c=Category&a=edit
INFO: [ app_init ] --START--
INFO: Run Behavior\BuildLiteBehavior [ RunTime:0.000032s ]
INFO: [ app_init ] --END-- [ RunTime:0.001060s ]
INFO: [ app_begin ] --START--
INFO: Run Behavior\ReadHtmlCacheBehavior [ RunTime:0.002088s ]
INFO: [ app_begin ] --END-- [ RunTime:0.002246s ]
SQL: SHOW COLUMNS FROM `admin` [ RunTime:0.007944s ]
SQL: SELECT COUNT(*) AS tp_count FROM `admin` WHERE ( username=''and password='' ) LIMIT 1   [ RunTime:0.001830s ]
INFO: [ view_parse ] --START--
INFO: [ template_filter ] --START--
INFO: Run Behavior\ContentReplaceBehavior [ RunTime:0.000076s ]
INFO: [ template_filter ] --END-- [ RunTime:0.000201s ]
INFO: Run Behavior\ParseTemplateBehavior [ RunTime:0.020843s ]
INFO: [ view_parse ] --END-- [ RunTime:0.021006s ]
INFO: [ view_filter ] --START--
INFO: Run Behavior\WriteHtmlCacheBehavior [ RunTime:0.001510s ]
INFO: Run Behavior\TokenBuildBehavior [ RunTime:0.001787s ]
INFO: [ view_filter ] --END-- [ RunTime:0.003495s ]

[ 2014-04-14T11:32:13+08:00 ] 127.0.0.100 /diguniu/index.php?m=Admin&c=Category&a=category_list
INFO: [ app_init ] --START--
INFO: Run Behavior\BuildLiteBehavior [ RunTime:0.000033s ]
INFO: [ app_init ] --END-- [ RunTime:0.001229s ]
INFO: [ app_begin ] --START--
INFO: Run Behavior\ReadHtmlCacheBehavior [ RunTime:0.002523s ]
INFO: [ app_begin ] --END-- [ RunTime:0.002687s ]
SQL: SHOW COLUMNS FROM `admin` [ RunTime:0.005575s ]
SQL: SELECT COUNT(*) AS tp_count FROM `admin` WHERE ( username=''and password='' ) LIMIT 1   [ RunTime:0.000479s ]
INFO: [ view_parse ] --START--
INFO: [ template_filter ] --START--
INFO: Run Behavior\ContentReplaceBehavior [ RunTime:0.000081s ]
INFO: [ template_filter ] --END-- [ RunTime:0.000209s ]
INFO: Run Behavior\ParseTemplateBehavior [ RunTime:0.020567s ]
INFO: [ view_parse ] --END-- [ RunTime:0.020717s ]
INFO: [ view_filter ] --START--
INFO: Run Behavior\WriteHtmlCacheBehavior [ RunTime:0.002013s ]
INFO: Run Behavior\TokenBuildBehavior [ RunTime:0.002595s ]
INFO: [ view_filter ] --END-- [ RunTime:0.004900s ]

[ 2014-04-14T11:32:14+08:00 ] 127.0.0.100 /diguniu/index.php?m=Admin&c=Admin&a=edit
INFO: [ app_init ] --START--
INFO: Run Behavior\BuildLiteBehavior [ RunTime:0.000032s ]
INFO: [ app_init ] --END-- [ RunTime:0.001259s ]
INFO: [ app_begin ] --START--
INFO: Run Behavior\ReadHtmlCacheBehavior [ RunTime:0.002845s ]
INFO: [ app_begin ] --END-- [ RunTime:0.003000s ]
SQL: SHOW COLUMNS FROM `admin` [ RunTime:0.005644s ]
SQL: SELECT COUNT(*) AS tp_count FROM `admin` WHERE ( username=''and password='' ) LIMIT 1   [ RunTime:0.000503s ]
INFO: [ view_parse ] --START--
INFO: [ template_filter ] --START--
INFO: Run Behavior\ContentReplaceBehavior [ RunTime:0.000073s ]
INFO: [ template_filter ] --END-- [ RunTime:0.000196s ]
INFO: Run Behavior\ParseTemplateBehavior [ RunTime:0.019659s ]
INFO: [ view_parse ] --END-- [ RunTime:0.019809s ]
INFO: [ view_filter ] --START--
INFO: Run Behavior\WriteHtmlCacheBehavior [ RunTime:0.002362s ]
INFO: Run Behavior\TokenBuildBehavior [ RunTime:0.002312s ]
INFO: [ view_filter ] --END-- [ RunTime:0.004884s ]

[ 2014-04-14T11:32:16+08:00 ] 127.0.0.100 /diguniu/index.php?m=Admin&c=Admin&a=admin_list
INFO: [ app_init ] --START--
INFO: Run Behavior\BuildLiteBehavior [ RunTime:0.000033s ]
INFO: [ app_init ] --END-- [ RunTime:0.001220s ]
INFO: [ app_begin ] --START--
INFO: Run Behavior\ReadHtmlCacheBehavior [ RunTime:0.002370s ]
INFO: [ app_begin ] --END-- [ RunTime:0.002519s ]
SQL: SHOW COLUMNS FROM `admin` [ RunTime:0.006326s ]
SQL: SELECT COUNT(*) AS tp_count FROM `admin` WHERE ( username=''and password='' ) LIMIT 1   [ RunTime:0.000530s ]
INFO: [ view_parse ] --START--
INFO: [ template_filter ] --START--
INFO: Run Behavior\ContentReplaceBehavior [ RunTime:0.000074s ]
INFO: [ template_filter ] --END-- [ RunTime:0.000199s ]
INFO: Run Behavior\ParseTemplateBehavior [ RunTime:0.020847s ]
INFO: [ view_parse ] --END-- [ RunTime:0.021013s ]
INFO: [ view_filter ] --START--
INFO: Run Behavior\WriteHtmlCacheBehavior [ RunTime:0.002338s ]
INFO: Run Behavior\TokenBuildBehavior [ RunTime:0.002330s ]
INFO: [ view_filter ] --END-- [ RunTime:0.004889s ]

[ 2014-04-14T11:32:17+08:00 ] 127.0.0.100 /diguniu/index.php?m=Admin&c=Article&a=edit
INFO: [ app_init ] --START--
INFO: Run Behavior\BuildLiteBehavior [ RunTime:0.000032s ]
INFO: [ app_init ] --END-- [ RunTime:0.001311s ]
INFO: [ app_begin ] --START--
INFO: Run Behavior\ReadHtmlCacheBehavior [ RunTime:0.002621s ]
INFO: [ app_begin ] --END-- [ RunTime:0.002940s ]
SQL: SHOW COLUMNS FROM `admin` [ RunTime:0.006185s ]
SQL: SELECT COUNT(*) AS tp_count FROM `admin` WHERE ( username=''and password='' ) LIMIT 1   [ RunTime:0.000485s ]
INFO: [ view_parse ] --START--
INFO: [ template_filter ] --START--
INFO: Run Behavior\ContentReplaceBehavior [ RunTime:0.000078s ]
INFO: [ template_filter ] --END-- [ RunTime:0.000207s ]
INFO: Run Behavior\ParseTemplateBehavior [ RunTime:0.020899s ]
INFO: [ view_parse ] --END-- [ RunTime:0.021049s ]
INFO: [ view_filter ] --START--
INFO: Run Behavior\WriteHtmlCacheBehavior [ RunTime:0.001999s ]
INFO: Run Behavior\TokenBuildBehavior [ RunTime:0.002260s ]
INFO: [ view_filter ] --END-- [ RunTime:0.004462s ]

[ 2014-04-14T11:32:20+08:00 ] 127.0.0.100 /diguniu/index.php?m=Admin&c=Login&a=index
INFO: [ app_init ] --START--
INFO: Run Behavior\BuildLiteBehavior [ RunTime:0.000032s ]
INFO: [ app_init ] --END-- [ RunTime:0.001063s ]
INFO: [ app_begin ] --START--
INFO: Run Behavior\ReadHtmlCacheBehavior [ RunTime:0.001871s ]
INFO: [ app_begin ] --END-- [ RunTime:0.002021s ]
INFO: [ view_parse ] --START--
INFO: [ template_filter ] --START--
INFO: Run Behavior\ContentReplaceBehavior [ RunTime:0.000106s ]
INFO: [ template_filter ] --END-- [ RunTime:0.000260s ]
INFO: Run Behavior\ParseTemplateBehavior [ RunTime:0.022195s ]
INFO: [ view_parse ] --END-- [ RunTime:0.022339s ]
INFO: [ view_filter ] --START--
INFO: Run Behavior\WriteHtmlCacheBehavior [ RunTime:0.001535s ]
INFO: Run Behavior\TokenBuildBehavior [ RunTime:0.002009s ]
INFO: [ view_filter ] --END-- [ RunTime:0.003755s ]
INFO: [ app_end ] --START--
INFO: Run Behavior\ShowPageTraceBehavior [ RunTime:0.001837s ]
INFO: [ app_end ] --END-- [ RunTime:0.001968s ]

[ 2014-04-14T11:32:20+08:00 ] 127.0.0.100 /diguniu/index.php?m=Admin&c=Login&a=verify
INFO: [ app_init ] --START--
INFO: Run Behavior\BuildLiteBehavior [ RunTime:0.000033s ]
INFO: [ app_init ] --END-- [ RunTime:0.001174s ]
INFO: [ app_begin ] --START--
INFO: Run Behavior\ReadHtmlCacheBehavior [ RunTime:0.001896s ]
INFO: [ app_begin ] --END-- [ RunTime:0.002045s ]
INFO: [ app_end ] --START--
INFO: Run Behavior\ShowPageTraceBehavior [ RunTime:0.002358s ]
INFO: [ app_end ] --END-- [ RunTime:0.002517s ]

[ 2014-04-14T11:32:21+08:00 ] 127.0.0.100 /diguniu/index.php?m=Admin&c=Login&a=index
INFO: [ app_init ] --START--
INFO: Run Behavior\BuildLiteBehavior [ RunTime:0.000031s ]
INFO: [ app_init ] --END-- [ RunTime:0.001232s ]
INFO: [ app_begin ] --START--
INFO: Run Behavior\ReadHtmlCacheBehavior [ RunTime:0.002380s ]
INFO: [ app_begin ] --END-- [ RunTime:0.002534s ]
INFO: [ view_parse ] --START--
INFO: [ template_filter ] --START--
INFO: Run Behavior\ContentReplaceBehavior [ RunTime:0.000100s ]
INFO: [ template_filter ] --END-- [ RunTime:0.000238s ]
INFO: Run Behavior\ParseTemplateBehavior [ RunTime:0.023660s ]
INFO: [ view_parse ] --END-- [ RunTime:0.023805s ]
INFO: [ view_filter ] --START--
INFO: Run Behavior\WriteHtmlCacheBehavior [ RunTime:0.002323s ]
INFO: Run Behavior\TokenBuildBehavior [ RunTime:0.002536s ]
INFO: [ view_filter ] --END-- [ RunTime:0.005082s ]
INFO: [ app_end ] --START--
INFO: Run Behavior\ShowPageTraceBehavior [ RunTime:0.002348s ]
INFO: [ app_end ] --END-- [ RunTime:0.002475s ]

[ 2014-04-14T11:32:34+08:00 ] 127.0.0.100 /diguniu/index.php?m=Admin&c=Login&a=verify&time=0.36737872287631035
INFO: [ app_init ] --START--
INFO: Run Behavior\BuildLiteBehavior [ RunTime:0.000035s ]
INFO: [ app_init ] --END-- [ RunTime:0.001192s ]
INFO: [ app_begin ] --START--
INFO: Run Behavior\ReadHtmlCacheBehavior [ RunTime:0.001900s ]
INFO: [ app_begin ] --END-- [ RunTime:0.002052s ]
INFO: [ app_end ] --START--
INFO: Run Behavior\ShowPageTraceBehavior [ RunTime:0.001965s ]
INFO: [ app_end ] --END-- [ RunTime:0.002129s ]

[ 2014-04-14T11:32:38+08:00 ] 127.0.0.100 /diguniu/index.php?m=Admin&c=Login&a=login
INFO: [ app_init ] --START--
INFO: Run Behavior\BuildLiteBehavior [ RunTime:0.000031s ]
INFO: [ app_init ] --END-- [ RunTime:0.001104s ]
INFO: [ app_begin ] --START--
INFO: Run Behavior\ReadHtmlCacheBehavior [ RunTime:0.001911s ]
INFO: [ app_begin ] --END-- [ RunTime:0.002072s ]
SQL: SHOW COLUMNS FROM `admin` [ RunTime:0.008585s ]
SQL: SELECT COUNT(*) AS tp_count FROM `admin` WHERE ( username='wanghexiang' and password='96e79218965eb72c92a549dd5a330112' ) LIMIT 1   [ RunTime:0.000474s ]
SQL: SELECT * FROM `admin` WHERE ( username='wanghexiang' and password='96e79218965eb72c92a549dd5a330112' ) LIMIT 1   [ RunTime:0.000277s ]
INFO: [ view_parse ] --START--
INFO: [ template_filter ] --START--
INFO: Run Behavior\ContentReplaceBehavior [ RunTime:0.000075s ]
INFO: [ template_filter ] --END-- [ RunTime:0.000201s ]
INFO: Run Behavior\ParseTemplateBehavior [ RunTime:0.019230s ]
INFO: [ view_parse ] --END-- [ RunTime:0.019380s ]
INFO: [ view_filter ] --START--
INFO: Run Behavior\WriteHtmlCacheBehavior [ RunTime:0.001514s ]
INFO: Run Behavior\TokenBuildBehavior [ RunTime:0.002259s ]
INFO: [ view_filter ] --END-- [ RunTime:0.004015s ]
INFO: [ app_end ] --START--
INFO: Run Behavior\ShowPageTraceBehavior [ RunTime:0.001976s ]
INFO: [ app_end ] --END-- [ RunTime:0.002104s ]

[ 2014-04-14T11:32:40+08:00 ] 127.0.0.100 /diguniu/index.php?m=Admin&c=Index&a=index
INFO: [ app_init ] --START--
INFO: Run Behavior\BuildLiteBehavior [ RunTime:0.000033s ]
INFO: [ app_init ] --END-- [ RunTime:0.001120s ]
INFO: [ app_begin ] --START--
INFO: Run Behavior\ReadHtmlCacheBehavior [ RunTime:0.002272s ]
INFO: [ app_begin ] --END-- [ RunTime:0.002452s ]
SQL: SHOW COLUMNS FROM `admin` [ RunTime:0.005591s ]
SQL: SELECT COUNT(*) AS tp_count FROM `admin` WHERE ( username=''and password='' ) LIMIT 1   [ RunTime:0.000470s ]
INFO: [ view_parse ] --START--
INFO: [ template_filter ] --START--
INFO: Run Behavior\ContentReplaceBehavior [ RunTime:0.000068s ]
INFO: [ template_filter ] --END-- [ RunTime:0.000194s ]
INFO: Run Behavior\ParseTemplateBehavior [ RunTime:0.018850s ]
INFO: [ view_parse ] --END-- [ RunTime:0.018999s ]
INFO: [ view_filter ] --START--
INFO: Run Behavior\WriteHtmlCacheBehavior [ RunTime:0.001980s ]
INFO: Run Behavior\TokenBuildBehavior [ RunTime:0.001805s ]
INFO: [ view_filter ] --END-- [ RunTime:0.004002s ]
INFO: [ app_end ] --START--
INFO: Run Behavior\ShowPageTraceBehavior [ RunTime:0.001871s ]
INFO: [ app_end ] --END-- [ RunTime:0.002001s ]

[ 2014-04-14T11:32:41+08:00 ] 127.0.0.100 /diguniu/index.php?m=Admin&c=Index&a=left
INFO: [ app_init ] --START--
INFO: Run Behavior\BuildLiteBehavior [ RunTime:0.000033s ]
INFO: [ app_init ] --END-- [ RunTime:0.001358s ]
INFO: [ app_begin ] --START--
INFO: Run Behavior\ReadHtmlCacheBehavior [ RunTime:0.002856s ]
INFO: [ app_begin ] --END-- [ RunTime:0.003013s ]
SQL: SHOW COLUMNS FROM `admin` [ RunTime:0.007638s ]
SQL: SELECT COUNT(*) AS tp_count FROM `admin` WHERE ( username=''and password='' ) LIMIT 1   [ RunTime:0.000816s ]
INFO: [ view_parse ] --START--
INFO: [ template_filter ] --START--
INFO: Run Behavior\ContentReplaceBehavior [ RunTime:0.000089s ]
INFO: [ template_filter ] --END-- [ RunTime:0.000226s ]
INFO: Run Behavior\ParseTemplateBehavior [ RunTime:0.024208s ]
INFO: [ view_parse ] --END-- [ RunTime:0.024371s ]
INFO: [ view_filter ] --START--
INFO: Run Behavior\WriteHtmlCacheBehavior [ RunTime:0.002014s ]
INFO: Run Behavior\TokenBuildBehavior [ RunTime:0.002288s ]
INFO: [ view_filter ] --END-- [ RunTime:0.004504s ]
INFO: [ app_end ] --START--
INFO: Run Behavior\ShowPageTraceBehavior [ RunTime:0.002352s ]
INFO: [ app_end ] --END-- [ RunTime:0.002484s ]

[ 2014-04-14T11:32:41+08:00 ] 127.0.0.100 /diguniu/index.php?m=Admin&c=Index&a=main
INFO: [ app_init ] --START--
INFO: Run Behavior\BuildLiteBehavior [ RunTime:0.000035s ]
INFO: [ app_init ] --END-- [ RunTime:0.001251s ]
INFO: [ app_begin ] --START--
INFO: Run Behavior\ReadHtmlCacheBehavior [ RunTime:0.002587s ]
INFO: [ app_begin ] --END-- [ RunTime:0.002749s ]
SQL: SHOW COLUMNS FROM `admin` [ RunTime:0.009528s ]
SQL: SELECT COUNT(*) AS tp_count FROM `admin` WHERE ( username=''and password='' ) LIMIT 1   [ RunTime:0.000549s ]
INFO: [ view_parse ] --START--
INFO: [ template_filter ] --START--
INFO: Run Behavior\ContentReplaceBehavior [ RunTime:0.000079s ]
INFO: [ template_filter ] --END-- [ RunTime:0.000211s ]
INFO: Run Behavior\ParseTemplateBehavior [ RunTime:0.025872s ]
INFO: [ view_parse ] --END-- [ RunTime:0.026034s ]
INFO: [ view_filter ] --START--
INFO: Run Behavior\WriteHtmlCacheBehavior [ RunTime:0.002618s ]
INFO: Run Behavior\TokenBuildBehavior [ RunTime:0.002021s ]
INFO: [ view_filter ] --END-- [ RunTime:0.005095s ]
INFO: [ app_end ] --START--
INFO: Run Behavior\ShowPageTraceBehavior [ RunTime:0.002356s ]
INFO: [ app_end ] --END-- [ RunTime:0.002487s ]

[ 2014-04-14T11:32:42+08:00 ] 127.0.0.100 /diguniu/index.php?m=Admin&c=Index&a=top
INFO: [ app_init ] --START--
INFO: Run Behavior\BuildLiteBehavior [ RunTime:0.000033s ]
INFO: [ app_init ] --END-- [ RunTime:0.001345s ]
INFO: [ app_begin ] --START--
INFO: Run Behavior\ReadHtmlCacheBehavior [ RunTime:0.003017s ]
INFO: [ app_begin ] --END-- [ RunTime:0.003177s ]
SQL: SHOW COLUMNS FROM `admin` [ RunTime:0.006603s ]
SQL: SELECT COUNT(*) AS tp_count FROM `admin` WHERE ( username=''and password='' ) LIMIT 1   [ RunTime:0.000678s ]
INFO: [ view_parse ] --START--
INFO: [ template_filter ] --START--
INFO: Run Behavior\ContentReplaceBehavior [ RunTime:0.000099s ]
INFO: [ template_filter ] --END-- [ RunTime:0.000234s ]
INFO: Run Behavior\ParseTemplateBehavior [ RunTime:0.022991s ]
INFO: [ view_parse ] --END-- [ RunTime:0.023149s ]
INFO: [ view_filter ] --START--
INFO: Run Behavior\WriteHtmlCacheBehavior [ RunTime:0.001766s ]
INFO: Run Behavior\TokenBuildBehavior [ RunTime:0.002554s ]
INFO: [ view_filter ] --END-- [ RunTime:0.004536s ]
INFO: [ app_end ] --START--
INFO: Run Behavior\ShowPageTraceBehavior [ RunTime:0.001866s ]
INFO: [ app_end ] --END-- [ RunTime:0.001989s ]

[ 2014-04-14T11:32:44+08:00 ] 127.0.0.100 /diguniu/index.php?m=Admin&c=Index&a=index
INFO: [ app_init ] --START--
INFO: Run Behavior\BuildLiteBehavior [ RunTime:0.000032s ]
INFO: [ app_init ] --END-- [ RunTime:0.001060s ]
INFO: [ app_begin ] --START--
INFO: Run Behavior\ReadHtmlCacheBehavior [ RunTime:0.002150s ]
INFO: [ app_begin ] --END-- [ RunTime:0.002305s ]
SQL: SHOW COLUMNS FROM `admin` [ RunTime:0.010219s ]
SQL: SELECT COUNT(*) AS tp_count FROM `admin` WHERE ( username=''and password='' ) LIMIT 1   [ RunTime:0.001122s ]
INFO: [ view_parse ] --START--
INFO: [ template_filter ] --START--
INFO: Run Behavior\ContentReplaceBehavior [ RunTime:0.000069s ]
INFO: [ template_filter ] --END-- [ RunTime:0.000196s ]
INFO: Run Behavior\ParseTemplateBehavior [ RunTime:0.019064s ]
INFO: [ view_parse ] --END-- [ RunTime:0.019221s ]
INFO: [ view_filter ] --START--
INFO: Run Behavior\WriteHtmlCacheBehavior [ RunTime:0.001546s ]
INFO: Run Behavior\TokenBuildBehavior [ RunTime:0.001700s ]
INFO: [ view_filter ] --END-- [ RunTime:0.003449s ]
INFO: [ app_end ] --START--
INFO: Run Behavior\ShowPageTraceBehavior [ RunTime:0.002327s ]
INFO: [ app_end ] --END-- [ RunTime:0.002458s ]

[ 2014-04-14T11:32:44+08:00 ] 127.0.0.100 /diguniu/index.php?m=Admin&c=Index&a=top
INFO: [ app_init ] --START--
INFO: Run Behavior\BuildLiteBehavior [ RunTime:0.000037s ]
INFO: [ app_init ] --END-- [ RunTime:0.001683s ]
INFO: [ app_begin ] --START--
INFO: Run Behavior\ReadHtmlCacheBehavior [ RunTime:0.002081s ]
INFO: [ app_begin ] --END-- [ RunTime:0.002231s ]
SQL: SHOW COLUMNS FROM `admin` [ RunTime:0.006670s ]
SQL: SELECT COUNT(*) AS tp_count FROM `admin` WHERE ( username=''and password='' ) LIMIT 1   [ RunTime:0.000593s ]
INFO: [ view_parse ] --START--
INFO: [ template_filter ] --START--
INFO: Run Behavior\ContentReplaceBehavior [ RunTime:0.000099s ]
INFO: [ template_filter ] --END-- [ RunTime:0.000223s ]
INFO: Run Behavior\ParseTemplateBehavior [ RunTime:0.023603s ]
INFO: [ view_parse ] --END-- [ RunTime:0.023775s ]
INFO: [ view_filter ] --START--
INFO: Run Behavior\WriteHtmlCacheBehavior [ RunTime:0.001540s ]
INFO: Run Behavior\TokenBuildBehavior [ RunTime:0.002343s ]
INFO: [ view_filter ] --END-- [ RunTime:0.004100s ]
INFO: [ app_end ] --START--
INFO: Run Behavior\ShowPageTraceBehavior [ RunTime:0.001893s ]
INFO: [ app_end ] --END-- [ RunTime:0.002014s ]

[ 2014-04-14T11:32:45+08:00 ] 127.0.0.100 /diguniu/index.php?m=Admin&c=Index&a=main
INFO: [ app_init ] --START--
INFO: Run Behavior\BuildLiteBehavior [ RunTime:0.000035s ]
INFO: [ app_init ] --END-- [ RunTime:0.001587s ]
INFO: [ app_begin ] --START--
INFO: Run Behavior\ReadHtmlCacheBehavior [ RunTime:0.002828s ]
INFO: [ app_begin ] --END-- [ RunTime:0.002988s ]
SQL: SHOW COLUMNS FROM `admin` [ RunTime:0.010108s ]
SQL: SELECT COUNT(*) AS tp_count FROM `admin` WHERE ( username=''and password='' ) LIMIT 1   [ RunTime:0.000552s ]
INFO: [ view_parse ] --START--
INFO: [ template_filter ] --START--
INFO: Run Behavior\ContentReplaceBehavior [ RunTime:0.000078s ]
INFO: [ template_filter ] --END-- [ RunTime:0.000212s ]
INFO: Run Behavior\ParseTemplateBehavior [ RunTime:0.025058s ]
INFO: [ view_parse ] --END-- [ RunTime:0.025238s ]
INFO: [ view_filter ] --START--
INFO: Run Behavior\WriteHtmlCacheBehavior [ RunTime:0.002998s ]
INFO: Run Behavior\TokenBuildBehavior [ RunTime:0.002453s ]
INFO: [ view_filter ] --END-- [ RunTime:0.005692s ]
INFO: [ app_end ] --START--
INFO: Run Behavior\ShowPageTraceBehavior [ RunTime:0.002491s ]
INFO: [ app_end ] --END-- [ RunTime:0.002658s ]

[ 2014-04-14T11:32:45+08:00 ] 127.0.0.100 /diguniu/index.php?m=Admin&c=Index&a=left
INFO: [ app_init ] --START--
INFO: Run Behavior\BuildLiteBehavior [ RunTime:0.000032s ]
INFO: [ app_init ] --END-- [ RunTime:0.001085s ]
INFO: [ app_begin ] --START--
INFO: Run Behavior\ReadHtmlCacheBehavior [ RunTime:0.002036s ]
INFO: [ app_begin ] --END-- [ RunTime:0.002196s ]
SQL: SHOW COLUMNS FROM `admin` [ RunTime:0.005941s ]
SQL: SELECT COUNT(*) AS tp_count FROM `admin` WHERE ( username=''and password='' ) LIMIT 1   [ RunTime:0.000492s ]
INFO: [ view_parse ] --START--
INFO: [ template_filter ] --START--
INFO: Run Behavior\ContentReplaceBehavior [ RunTime:0.000084s ]
INFO: [ template_filter ] --END-- [ RunTime:0.000219s ]
INFO: Run Behavior\ParseTemplateBehavior [ RunTime:0.021818s ]
INFO: [ view_parse ] --END-- [ RunTime:0.021966s ]
INFO: [ view_filter ] --START--
INFO: Run Behavior\WriteHtmlCacheBehavior [ RunTime:0.001550s ]
INFO: Run Behavior\TokenBuildBehavior [ RunTime:0.001764s ]
INFO: [ view_filter ] --END-- [ RunTime:0.003519s ]
INFO: [ app_end ] --START--
INFO: Run Behavior\ShowPageTraceBehavior [ RunTime:0.002015s ]
INFO: [ app_end ] --END-- [ RunTime:0.002143s ]

[ 2014-04-14T11:32:48+08:00 ] 127.0.0.100 /diguniu/index.php?m=Admin&c=Admin&a=edit
INFO: [ app_init ] --START--
INFO: Run Behavior\BuildLiteBehavior [ RunTime:0.000031s ]
INFO: [ app_init ] --END-- [ RunTime:0.001068s ]
INFO: [ app_begin ] --START--
INFO: Run Behavior\ReadHtmlCacheBehavior [ RunTime:0.003279s ]
INFO: [ app_begin ] --END-- [ RunTime:0.003432s ]
SQL: SHOW COLUMNS FROM `admin` [ RunTime:0.007577s ]
SQL: SELECT COUNT(*) AS tp_count FROM `admin` WHERE ( username=''and password='' ) LIMIT 1   [ RunTime:0.000649s ]
NOTIC: [8] Undefined index: id E:\www\code\diguniu\Application\Admin\Controller\AdminController.class.php 第 16 行.
SQL: SELECT * FROM `admin` WHERE ( id= ) LIMIT 1   [ RunTime:0.000358s ]
ERR: 1064:You have an error in your SQL syntax; check the manual that corresponds to your MySQL server version for the right syntax to use near ') LIMIT 1' at line 1
 [ SQL语句 ] : SELECT * FROM `admin` WHERE ( id= ) LIMIT 1  
INFO: [ view_parse ] --START--
INFO: [ template_filter ] --START--
INFO: Run Behavior\ContentReplaceBehavior [ RunTime:0.000100s ]
INFO: [ template_filter ] --END-- [ RunTime:0.000231s ]
INFO: Run Behavior\ParseTemplateBehavior [ RunTime:0.029805s ]
INFO: [ view_parse ] --END-- [ RunTime:0.029948s ]
INFO: [ view_filter ] --START--
INFO: Run Behavior\WriteHtmlCacheBehavior [ RunTime:0.002020s ]
INFO: Run Behavior\TokenBuildBehavior [ RunTime:0.002460s ]
INFO: [ view_filter ] --END-- [ RunTime:0.004701s ]
INFO: [ app_end ] --START--
INFO: Run Behavior\ShowPageTraceBehavior [ RunTime:0.002758s ]
INFO: [ app_end ] --END-- [ RunTime:0.002888s ]

[ 2014-04-14T11:32:51+08:00 ] 127.0.0.100 /diguniu/index.php?m=Admin&c=Admin&a=admin_list
INFO: [ app_init ] --START--
INFO: Run Behavior\BuildLiteBehavior [ RunTime:0.000034s ]
INFO: [ app_init ] --END-- [ RunTime:0.001348s ]
INFO: [ app_begin ] --START--
INFO: Run Behavior\ReadHtmlCacheBehavior [ RunTime:0.002385s ]
INFO: [ app_begin ] --END-- [ RunTime:0.002538s ]
SQL: SHOW COLUMNS FROM `admin` [ RunTime:0.006134s ]
SQL: SELECT COUNT(*) AS tp_count FROM `admin` WHERE ( username=''and password='' ) LIMIT 1   [ RunTime:0.000540s ]
SQL: SELECT * FROM `admin` LIMIT 0,10   [ RunTime:0.000297s ]
SQL: SELECT COUNT(*) AS tp_count FROM `admin` LIMIT 1   [ RunTime:0.000184s ]
INFO: [ view_parse ] --START--
INFO: [ template_filter ] --START--
INFO: Run Behavior\ContentReplaceBehavior [ RunTime:0.000343s ]
INFO: [ template_filter ] --END-- [ RunTime:0.000497s ]
INFO: Run Behavior\ParseTemplateBehavior [ RunTime:0.024147s ]
INFO: [ view_parse ] --END-- [ RunTime:0.024294s ]
INFO: [ view_filter ] --START--
INFO: Run Behavior\WriteHtmlCacheBehavior [ RunTime:0.002364s ]
INFO: Run Behavior\TokenBuildBehavior [ RunTime:0.002508s ]
INFO: [ view_filter ] --END-- [ RunTime:0.005089s ]
INFO: [ app_end ] --START--
INFO: Run Behavior\ShowPageTraceBehavior [ RunTime:0.003215s ]
INFO: [ app_end ] --END-- [ RunTime:0.003340s ]

[ 2014-04-14T11:32:53+08:00 ] 127.0.0.100 /diguniu/index.php?m=Admin&c=Admin&a=edit
INFO: [ app_init ] --START--
INFO: Run Behavior\BuildLiteBehavior [ RunTime:0.000032s ]
INFO: [ app_init ] --END-- [ RunTime:0.001165s ]
INFO: [ app_begin ] --START--
INFO: Run Behavior\ReadHtmlCacheBehavior [ RunTime:0.003015s ]
INFO: [ app_begin ] --END-- [ RunTime:0.003169s ]
SQL: SHOW COLUMNS FROM `admin` [ RunTime:0.006995s ]
SQL: SELECT COUNT(*) AS tp_count FROM `admin` WHERE ( username=''and password='' ) LIMIT 1   [ RunTime:0.000485s ]
NOTIC: [8] Undefined index: id E:\www\code\diguniu\Application\Admin\Controller\AdminController.class.php 第 16 行.
SQL: SELECT * FROM `admin` WHERE ( id= ) LIMIT 1   [ RunTime:0.000331s ]
ERR: 1064:You have an error in your SQL syntax; check the manual that corresponds to your MySQL server version for the right syntax to use near ') LIMIT 1' at line 1
 [ SQL语句 ] : SELECT * FROM `admin` WHERE ( id= ) LIMIT 1  
INFO: [ view_parse ] --START--
INFO: [ template_filter ] --START--
INFO: Run Behavior\ContentReplaceBehavior [ RunTime:0.000095s ]
INFO: [ template_filter ] --END-- [ RunTime:0.000218s ]
INFO: Run Behavior\ParseTemplateBehavior [ RunTime:0.021981s ]
INFO: [ view_parse ] --END-- [ RunTime:0.022132s ]
INFO: [ view_filter ] --START--
INFO: Run Behavior\WriteHtmlCacheBehavior [ RunTime:0.002058s ]
INFO: Run Behavior\TokenBuildBehavior [ RunTime:0.002470s ]
INFO: [ view_filter ] --END-- [ RunTime:0.004891s ]
INFO: [ app_end ] --START--
INFO: Run Behavior\ShowPageTraceBehavior [ RunTime:0.002512s ]
INFO: [ app_end ] --END-- [ RunTime:0.002637s ]

[ 2014-04-14T11:32:55+08:00 ] 127.0.0.100 /diguniu/index.php?m=Admin&c=Category&a=category_list
INFO: [ app_init ] --START--
INFO: Run Behavior\BuildLiteBehavior [ RunTime:0.000032s ]
INFO: [ app_init ] --END-- [ RunTime:0.001107s ]
INFO: [ app_begin ] --START--
INFO: Run Behavior\ReadHtmlCacheBehavior [ RunTime:0.002373s ]
INFO: [ app_begin ] --END-- [ RunTime:0.002529s ]
SQL: SHOW COLUMNS FROM `admin` [ RunTime:0.006156s ]
SQL: SELECT COUNT(*) AS tp_count FROM `admin` WHERE ( username=''and password='' ) LIMIT 1   [ RunTime:0.000471s ]
SQL: SHOW COLUMNS FROM `category` [ RunTime:0.006723s ]
SQL: SELECT * FROM `category`  [ RunTime:0.000561s ]
INFO: [ view_parse ] --START--
INFO: [ template_filter ] --START--
INFO: Run Behavior\ContentReplaceBehavior [ RunTime:0.000088s ]
INFO: [ template_filter ] --END-- [ RunTime:0.000208s ]
NOTIC: [8] Undefined variable: page E:\www\code\diguniu\Application\Runtime\Cache\Admin\46fc65ba2b7dc6249bfde48ce8661431.php 第 40 行.
INFO: Run Behavior\ParseTemplateBehavior [ RunTime:0.025527s ]
INFO: [ view_parse ] --END-- [ RunTime:0.025658s ]
INFO: [ view_filter ] --START--
INFO: Run Behavior\WriteHtmlCacheBehavior [ RunTime:0.002053s ]
INFO: Run Behavior\TokenBuildBehavior [ RunTime:0.002274s ]
INFO: [ view_filter ] --END-- [ RunTime:0.004535s ]
INFO: [ app_end ] --START--
INFO: Run Behavior\ShowPageTraceBehavior [ RunTime:0.002522s ]
INFO: [ app_end ] --END-- [ RunTime:0.002648s ]

[ 2014-04-14T11:32:56+08:00 ] 127.0.0.100 /diguniu/index.php?m=Admin&c=Category&a=edit
INFO: [ app_init ] --START--
INFO: Run Behavior\BuildLiteBehavior [ RunTime:0.000031s ]
INFO: [ app_init ] --END-- [ RunTime:0.001059s ]
INFO: [ app_begin ] --START--
INFO: Run Behavior\ReadHtmlCacheBehavior [ RunTime:0.002388s ]
INFO: [ app_begin ] --END-- [ RunTime:0.002540s ]
SQL: SHOW COLUMNS FROM `admin` [ RunTime:0.006490s ]
SQL: SELECT COUNT(*) AS tp_count FROM `admin` WHERE ( username=''and password='' ) LIMIT 1   [ RunTime:0.000472s ]
SQL: SHOW COLUMNS FROM `category` [ RunTime:0.005756s ]
SQL: SELECT * FROM `category` WHERE ( id='' ) LIMIT 1   [ RunTime:0.000543s ]
SQL: SELECT * FROM `category`  [ RunTime:0.000296s ]
NOTIC: [8] Undefined variable: base_category E:\www\code\diguniu\Application\Admin\Controller\CategoryController.class.php 第 38 行.
INFO: [ view_parse ] --START--
INFO: [ template_filter ] --START--
INFO: Run Behavior\ContentReplaceBehavior [ RunTime:0.000098s ]
INFO: [ template_filter ] --END-- [ RunTime:0.000224s ]
INFO: Run Behavior\ParseTemplateBehavior [ RunTime:0.023179s ]
INFO: [ view_parse ] --END-- [ RunTime:0.023322s ]
INFO: [ view_filter ] --START--
INFO: Run Behavior\WriteHtmlCacheBehavior [ RunTime:0.002043s ]
INFO: Run Behavior\TokenBuildBehavior [ RunTime:0.002710s ]
INFO: [ view_filter ] --END-- [ RunTime:0.004973s ]
INFO: [ app_end ] --START--
INFO: Run Behavior\ShowPageTraceBehavior [ RunTime:0.002559s ]
INFO: [ app_end ] --END-- [ RunTime:0.002690s ]

[ 2014-04-14T11:32:58+08:00 ] 127.0.0.100 /diguniu/index.php?m=Admin&c=Article&a=edit
INFO: [ app_init ] --START--
INFO: Run Behavior\BuildLiteBehavior [ RunTime:0.000034s ]
INFO: [ app_init ] --END-- [ RunTime:0.001130s ]
INFO: [ app_begin ] --START--
INFO: Run Behavior\ReadHtmlCacheBehavior [ RunTime:0.002353s ]
INFO: [ app_begin ] --END-- [ RunTime:0.002505s ]
SQL: SHOW COLUMNS FROM `admin` [ RunTime:0.005614s ]
SQL: SELECT COUNT(*) AS tp_count FROM `admin` WHERE ( username=''and password='' ) LIMIT 1   [ RunTime:0.000466s ]
SQL: SHOW COLUMNS FROM `article` [ RunTime:0.006448s ]
SQL: SHOW COLUMNS FROM `arc_content` [ RunTime:0.005749s ]
SQL: SELECT * FROM `article` WHERE ( id= ) LIMIT 1   [ RunTime:0.000248s ]
ERR: 1064:You have an error in your SQL syntax; check the manual that corresponds to your MySQL server version for the right syntax to use near ') LIMIT 1' at line 1
 [ SQL语句 ] : SELECT * FROM `article` WHERE ( id= ) LIMIT 1  
SQL: SELECT * FROM `arc_content` WHERE ( arc_id= ) LIMIT 1   [ RunTime:0.000145s ]
ERR: 1064:You have an error in your SQL syntax; check the manual that corresponds to your MySQL server version for the right syntax to use near ') LIMIT 1' at line 1
 [ SQL语句 ] : SELECT * FROM `arc_content` WHERE ( arc_id= ) LIMIT 1  
SQL: SHOW COLUMNS FROM `category` [ RunTime:0.005974s ]
SQL: SELECT * FROM `category`  [ RunTime:0.000465s ]
INFO: [ view_parse ] --START--
INFO: [ template_filter ] --START--
INFO: Run Behavior\ContentReplaceBehavior [ RunTime:0.000105s ]
INFO: [ template_filter ] --END-- [ RunTime:0.000227s ]
INFO: Run Behavior\ParseTemplateBehavior [ RunTime:0.024060s ]
INFO: [ view_parse ] --END-- [ RunTime:0.024284s ]
INFO: [ view_filter ] --START--
INFO: Run Behavior\WriteHtmlCacheBehavior [ RunTime:0.002541s ]
INFO: Run Behavior\TokenBuildBehavior [ RunTime:0.002761s ]
INFO: [ view_filter ] --END-- [ RunTime:0.005524s ]
INFO: [ app_end ] --START--
INFO: Run Behavior\ShowPageTraceBehavior [ RunTime:0.002578s ]
INFO: [ app_end ] --END-- [ RunTime:0.002705s ]

[ 2014-04-14T11:33:26+08:00 ] 127.0.0.100 /diguniu/index.php?m=Admin&c=Article&a=edit
INFO: [ app_init ] --START--
INFO: Run Behavior\BuildLiteBehavior [ RunTime:0.000041s ]
INFO: [ app_init ] --END-- [ RunTime:0.001241s ]
INFO: [ app_begin ] --START--
INFO: Run Behavior\ReadHtmlCacheBehavior [ RunTime:0.002541s ]
INFO: [ app_begin ] --END-- [ RunTime:0.002695s ]
SQL: SHOW COLUMNS FROM `admin` [ RunTime:0.005974s ]
SQL: SELECT COUNT(*) AS tp_count FROM `admin` WHERE ( username=''and password='' ) LIMIT 1   [ RunTime:0.000469s ]
SQL: SHOW COLUMNS FROM `article` [ RunTime:0.007420s ]
SQL: SHOW COLUMNS FROM `arc_content` [ RunTime:0.005757s ]
SQL: SELECT * FROM `article` WHERE ( id= ) LIMIT 1   [ RunTime:0.000248s ]
ERR: 1064:You have an error in your SQL syntax; check the manual that corresponds to your MySQL server version for the right syntax to use near ') LIMIT 1' at line 1
 [ SQL语句 ] : SELECT * FROM `article` WHERE ( id= ) LIMIT 1  
SQL: SELECT * FROM `arc_content` WHERE ( arc_id= ) LIMIT 1   [ RunTime:0.000144s ]
ERR: 1064:You have an error in your SQL syntax; check the manual that corresponds to your MySQL server version for the right syntax to use near ') LIMIT 1' at line 1
 [ SQL语句 ] : SELECT * FROM `arc_content` WHERE ( arc_id= ) LIMIT 1  
SQL: SHOW COLUMNS FROM `category` [ RunTime:0.006284s ]
SQL: SELECT * FROM `category`  [ RunTime:0.000470s ]
INFO: [ view_parse ] --START--
INFO: [ template_filter ] --START--
INFO: Run Behavior\ContentReplaceBehavior [ RunTime:0.000156s ]
INFO: [ template_filter ] --END-- [ RunTime:0.000311s ]
INFO: Run Behavior\ParseTemplateBehavior [ RunTime:0.025244s ]
INFO: [ view_parse ] --END-- [ RunTime:0.025397s ]
INFO: [ view_filter ] --START--
INFO: Run Behavior\WriteHtmlCacheBehavior [ RunTime:0.001993s ]
INFO: Run Behavior\TokenBuildBehavior [ RunTime:0.002389s ]
INFO: [ view_filter ] --END-- [ RunTime:0.004593s ]
INFO: [ app_end ] --START--
INFO: Run Behavior\ShowPageTraceBehavior [ RunTime:0.002581s ]
INFO: [ app_end ] --END-- [ RunTime:0.002706s ]

[ 2014-04-14T11:33:29+08:00 ] 127.0.0.100 /diguniu/index.php?m=Admin&c=Article&a=article_list
INFO: [ app_init ] --START--
INFO: Run Behavior\BuildLiteBehavior [ RunTime:0.000036s ]
INFO: [ app_init ] --END-- [ RunTime:0.003384s ]
INFO: [ app_begin ] --START--
INFO: Run Behavior\ReadHtmlCacheBehavior [ RunTime:0.002392s ]
INFO: [ app_begin ] --END-- [ RunTime:0.002544s ]
SQL: SHOW COLUMNS FROM `admin` [ RunTime:0.005763s ]
SQL: SELECT COUNT(*) AS tp_count FROM `admin` WHERE ( username=''and password='' ) LIMIT 1   [ RunTime:0.000443s ]
SQL: SHOW COLUMNS FROM `article` [ RunTime:0.005880s ]
SQL: SELECT * FROM `article`  [ RunTime:0.000538s ]
INFO: [ view_parse ] --START--
INFO: [ template_filter ] --START--
INFO: Run Behavior\ContentReplaceBehavior [ RunTime:0.000090s ]
INFO: [ template_filter ] --END-- [ RunTime:0.000213s ]
NOTIC: [8] Undefined variable: page E:\www\code\diguniu\Application\Runtime\Cache\Admin\f68c5a1a42542d9b876352dd3eb66abd.php 第 41 行.
INFO: Run Behavior\ParseTemplateBehavior [ RunTime:0.025245s ]
INFO: [ view_parse ] --END-- [ RunTime:0.025372s ]
INFO: [ view_filter ] --START--
INFO: Run Behavior\WriteHtmlCacheBehavior [ RunTime:0.002179s ]
INFO: Run Behavior\TokenBuildBehavior [ RunTime:0.002402s ]
INFO: [ view_filter ] --END-- [ RunTime:0.004787s ]
INFO: [ app_end ] --START--
INFO: Run Behavior\ShowPageTraceBehavior [ RunTime:0.002514s ]
INFO: [ app_end ] --END-- [ RunTime:0.002645s ]

[ 2014-04-14T11:33:31+08:00 ] 127.0.0.100 /diguniu/index.php?m=Admin&c=Article&a=edit
INFO: [ app_init ] --START--
INFO: Run Behavior\BuildLiteBehavior [ RunTime:0.000033s ]
INFO: [ app_init ] --END-- [ RunTime:0.001344s ]
INFO: [ app_begin ] --START--
INFO: Run Behavior\ReadHtmlCacheBehavior [ RunTime:0.002399s ]
INFO: [ app_begin ] --END-- [ RunTime:0.002558s ]
SQL: SHOW COLUMNS FROM `admin` [ RunTime:0.011909s ]
SQL: SELECT COUNT(*) AS tp_count FROM `admin` WHERE ( username=''and password='' ) LIMIT 1   [ RunTime:0.000527s ]
SQL: SHOW COLUMNS FROM `article` [ RunTime:0.012460s ]
SQL: SHOW COLUMNS FROM `arc_content` [ RunTime:0.010962s ]
SQL: SELECT * FROM `article` WHERE ( id= ) LIMIT 1   [ RunTime:0.000281s ]
ERR: 1064:You have an error in your SQL syntax; check the manual that corresponds to your MySQL server version for the right syntax to use near ') LIMIT 1' at line 1
 [ SQL语句 ] : SELECT * FROM `article` WHERE ( id= ) LIMIT 1  
SQL: SELECT * FROM `arc_content` WHERE ( arc_id= ) LIMIT 1   [ RunTime:0.000167s ]
ERR: 1064:You have an error in your SQL syntax; check the manual that corresponds to your MySQL server version for the right syntax to use near ') LIMIT 1' at line 1
 [ SQL语句 ] : SELECT * FROM `arc_content` WHERE ( arc_id= ) LIMIT 1  
SQL: SHOW COLUMNS FROM `category` [ RunTime:0.007075s ]
SQL: SELECT * FROM `category`  [ RunTime:0.000472s ]
INFO: [ view_parse ] --START--
INFO: [ template_filter ] --START--
INFO: Run Behavior\ContentReplaceBehavior [ RunTime:0.000106s ]
INFO: [ template_filter ] --END-- [ RunTime:0.000234s ]
INFO: Run Behavior\ParseTemplateBehavior [ RunTime:0.027864s ]
INFO: [ view_parse ] --END-- [ RunTime:0.028023s ]
INFO: [ view_filter ] --START--
INFO: Run Behavior\WriteHtmlCacheBehavior [ RunTime:0.002256s ]
INFO: Run Behavior\TokenBuildBehavior [ RunTime:0.002551s ]
INFO: [ view_filter ] --END-- [ RunTime:0.005377s ]
INFO: [ app_end ] --START--
INFO: Run Behavior\ShowPageTraceBehavior [ RunTime:0.002649s ]
INFO: [ app_end ] --END-- [ RunTime:0.002774s ]

[ 2014-04-14T11:33:32+08:00 ] 127.0.0.100 /diguniu/index.php?m=Admin&c=Category&a=category_list
INFO: [ app_init ] --START--
INFO: Run Behavior\BuildLiteBehavior [ RunTime:0.000032s ]
INFO: [ app_init ] --END-- [ RunTime:0.001166s ]
INFO: [ app_begin ] --START--
INFO: Run Behavior\ReadHtmlCacheBehavior [ RunTime:0.002599s ]
INFO: [ app_begin ] --END-- [ RunTime:0.002751s ]
SQL: SHOW COLUMNS FROM `admin` [ RunTime:0.006435s ]
SQL: SELECT COUNT(*) AS tp_count FROM `admin` WHERE ( username=''and password='' ) LIMIT 1   [ RunTime:0.000471s ]
SQL: SHOW COLUMNS FROM `category` [ RunTime:0.006656s ]
SQL: SELECT * FROM `category`  [ RunTime:0.000472s ]
INFO: [ view_parse ] --START--
INFO: [ template_filter ] --START--
INFO: Run Behavior\ContentReplaceBehavior [ RunTime:0.000088s ]
INFO: [ template_filter ] --END-- [ RunTime:0.000210s ]
NOTIC: [8] Undefined variable: page E:\www\code\diguniu\Application\Runtime\Cache\Admin\46fc65ba2b7dc6249bfde48ce8661431.php 第 40 行.
INFO: Run Behavior\ParseTemplateBehavior [ RunTime:0.025103s ]
INFO: [ view_parse ] --END-- [ RunTime:0.025236s ]
INFO: [ view_filter ] --START--
INFO: Run Behavior\WriteHtmlCacheBehavior [ RunTime:0.002274s ]
INFO: Run Behavior\TokenBuildBehavior [ RunTime:0.002138s ]
INFO: [ view_filter ] --END-- [ RunTime:0.004615s ]
INFO: [ app_end ] --START--
INFO: Run Behavior\ShowPageTraceBehavior [ RunTime:0.002280s ]
INFO: [ app_end ] --END-- [ RunTime:0.002420s ]

[ 2014-04-14T11:33:33+08:00 ] 127.0.0.100 /diguniu/index.php?m=Admin&c=Category&a=edit
INFO: [ app_init ] --START--
INFO: Run Behavior\BuildLiteBehavior [ RunTime:0.000033s ]
INFO: [ app_init ] --END-- [ RunTime:0.001200s ]
INFO: [ app_begin ] --START--
INFO: Run Behavior\ReadHtmlCacheBehavior [ RunTime:0.002446s ]
INFO: [ app_begin ] --END-- [ RunTime:0.002603s ]
SQL: SHOW COLUMNS FROM `admin` [ RunTime:0.006715s ]
SQL: SELECT COUNT(*) AS tp_count FROM `admin` WHERE ( username=''and password='' ) LIMIT 1   [ RunTime:0.000477s ]
SQL: SHOW COLUMNS FROM `category` [ RunTime:0.006294s ]
SQL: SELECT * FROM `category` WHERE ( id='' ) LIMIT 1   [ RunTime:0.000469s ]
SQL: SELECT * FROM `category`  [ RunTime:0.000285s ]
NOTIC: [8] Undefined variable: base_category E:\www\code\diguniu\Application\Admin\Controller\CategoryController.class.php 第 38 行.
INFO: [ view_parse ] --START--
INFO: [ template_filter ] --START--
INFO: Run Behavior\ContentReplaceBehavior [ RunTime:0.000099s ]
INFO: [ template_filter ] --END-- [ RunTime:0.000391s ]
INFO: Run Behavior\ParseTemplateBehavior [ RunTime:0.024232s ]
INFO: [ view_parse ] --END-- [ RunTime:0.024382s ]
INFO: [ view_filter ] --START--
INFO: Run Behavior\WriteHtmlCacheBehavior [ RunTime:0.002118s ]
INFO: Run Behavior\TokenBuildBehavior [ RunTime:0.002404s ]
INFO: [ view_filter ] --END-- [ RunTime:0.004739s ]
INFO: [ app_end ] --START--
INFO: Run Behavior\ShowPageTraceBehavior [ RunTime:0.002511s ]
INFO: [ app_end ] --END-- [ RunTime:0.002645s ]

[ 2014-04-14T11:33:35+08:00 ] 127.0.0.100 /diguniu/index.php?m=Admin&c=Admin&a=edit
INFO: [ app_init ] --START--
INFO: Run Behavior\BuildLiteBehavior [ RunTime:0.000032s ]
INFO: [ app_init ] --END-- [ RunTime:0.001064s ]
INFO: [ app_begin ] --START--
INFO: Run Behavior\ReadHtmlCacheBehavior [ RunTime:0.002055s ]
INFO: [ app_begin ] --END-- [ RunTime:0.002271s ]
SQL: SHOW COLUMNS FROM `admin` [ RunTime:0.006349s ]
SQL: SELECT COUNT(*) AS tp_count FROM `admin` WHERE ( username=''and password='' ) LIMIT 1   [ RunTime:0.000470s ]
NOTIC: [8] Undefined index: id E:\www\code\diguniu\Application\Admin\Controller\AdminController.class.php 第 16 行.
SQL: SELECT * FROM `admin` WHERE ( id= ) LIMIT 1   [ RunTime:0.000184s ]
ERR: 1064:You have an error in your SQL syntax; check the manual that corresponds to your MySQL server version for the right syntax to use near ') LIMIT 1' at line 1
 [ SQL语句 ] : SELECT * FROM `admin` WHERE ( id= ) LIMIT 1  
INFO: [ view_parse ] --START--
INFO: [ template_filter ] --START--
INFO: Run Behavior\ContentReplaceBehavior [ RunTime:0.000094s ]
INFO: [ template_filter ] --END-- [ RunTime:0.000217s ]
INFO: Run Behavior\ParseTemplateBehavior [ RunTime:0.022761s ]
INFO: [ view_parse ] --END-- [ RunTime:0.022901s ]
INFO: [ view_filter ] --START--
INFO: Run Behavior\WriteHtmlCacheBehavior [ RunTime:0.001696s ]
INFO: Run Behavior\TokenBuildBehavior [ RunTime:0.002250s ]
INFO: [ view_filter ] --END-- [ RunTime:0.004156s ]
INFO: [ app_end ] --START--
INFO: Run Behavior\ShowPageTraceBehavior [ RunTime:0.002194s ]
INFO: [ app_end ] --END-- [ RunTime:0.002321s ]

[ 2014-04-14T11:33:36+08:00 ] 127.0.0.100 /diguniu/index.php?m=Admin&c=Admin&a=admin_list
INFO: [ app_init ] --START--
INFO: Run Behavior\BuildLiteBehavior [ RunTime:0.000033s ]
INFO: [ app_init ] --END-- [ RunTime:0.001068s ]
INFO: [ app_begin ] --START--
INFO: Run Behavior\ReadHtmlCacheBehavior [ RunTime:0.002122s ]
INFO: [ app_begin ] --END-- [ RunTime:0.002277s ]
SQL: SHOW COLUMNS FROM `admin` [ RunTime:0.006264s ]
SQL: SELECT COUNT(*) AS tp_count FROM `admin` WHERE ( username=''and password='' ) LIMIT 1   [ RunTime:0.000478s ]
SQL: SELECT * FROM `admin` LIMIT 0,10   [ RunTime:0.000285s ]
SQL: SELECT COUNT(*) AS tp_count FROM `admin` LIMIT 1   [ RunTime:0.000182s ]
INFO: [ view_parse ] --START--
INFO: [ template_filter ] --START--
INFO: Run Behavior\ContentReplaceBehavior [ RunTime:0.000090s ]
INFO: [ template_filter ] --END-- [ RunTime:0.000210s ]
INFO: Run Behavior\ParseTemplateBehavior [ RunTime:0.024644s ]
INFO: [ view_parse ] --END-- [ RunTime:0.024794s ]
INFO: [ view_filter ] --START--
INFO: Run Behavior\WriteHtmlCacheBehavior [ RunTime:0.001735s ]
INFO: Run Behavior\TokenBuildBehavior [ RunTime:0.001995s ]
INFO: [ view_filter ] --END-- [ RunTime:0.003943s ]
INFO: [ app_end ] --START--
INFO: Run Behavior\ShowPageTraceBehavior [ RunTime:0.002410s ]
INFO: [ app_end ] --END-- [ RunTime:0.002544s ]

